[0.153s] DEBUG:colcon:Command line arguments: ['/usr/bin/colcon', 'build', '--symlink-install']
[0.153s] DEBUG:colcon:Parsed command line arguments: Namespace(log_base=None, log_level=None, verb_name='build', build_base='build', install_base='install', merge_install=False, symlink_install=True, test_result_base=None, continue_on_error=False, executor='parallel', parallel_workers=12, event_handlers=None, ignore_user_meta=False, metas=['./colcon.meta'], base_paths=['.'], packages_ignore=None, packages_ignore_regex=None, paths=None, packages_up_to=None, packages_up_to_regex=None, packages_above=None, packages_above_and_dependencies=None, packages_above_depth=None, packages_select_by_dep=None, packages_skip_by_dep=None, packages_skip_up_to=None, packages_select_build_failed=False, packages_skip_build_finished=False, packages_select_test_failures=False, packages_skip_test_passed=False, packages_select=None, packages_skip=None, packages_select_regex=None, packages_skip_regex=None, packages_start=None, packages_end=None, allow_overriding=[], cmake_args=None, cmake_target=None, cmake_target_skip_unavailable=False, cmake_clean_cache=False, cmake_clean_first=False, cmake_force_configure=False, ament_cmake_args=None, catkin_cmake_args=None, catkin_skip_building_tests=False, mixin_files=None, mixin=None, verb_parser=<colcon_mixin.mixin.mixin_argument.MixinArgumentDecorator object at 0x7576d2801d30>, verb_extension=<colcon_core.verb.build.BuildVerb object at 0x7576d2939280>, main=<bound method BuildVerb.main of <colcon_core.verb.build.BuildVerb object at 0x7576d2939280>>, mixin_verb=('build',))
[0.196s] Level 1:colcon.colcon_core.package_discovery:discover_packages(colcon_meta) check parameters
[0.196s] Level 1:colcon.colcon_core.package_discovery:discover_packages(recursive) check parameters
[0.196s] Level 1:colcon.colcon_core.package_discovery:discover_packages(ignore) check parameters
[0.196s] Level 1:colcon.colcon_core.package_discovery:discover_packages(path) check parameters
[0.196s] Level 1:colcon.colcon_core.package_discovery:discover_packages(colcon_meta) discover
[0.196s] Level 1:colcon.colcon_core.package_discovery:discover_packages(recursive) discover
[0.196s] INFO:colcon.colcon_core.package_discovery:Crawling recursively for packages in '/home/poojit/spot_ws'
[0.196s] Level 1:colcon.colcon_core.package_identification:_identify(.) by extensions ['ignore', 'ignore_ament_install']
[0.197s] Level 1:colcon.colcon_core.package_identification:_identify(.) by extension 'ignore'
[0.197s] Level 1:colcon.colcon_core.package_identification:_identify(.) by extension 'ignore_ament_install'
[0.197s] Level 1:colcon.colcon_core.package_identification:_identify(.) by extensions ['colcon_pkg']
[0.197s] Level 1:colcon.colcon_core.package_identification:_identify(.) by extension 'colcon_pkg'
[0.197s] Level 1:colcon.colcon_core.package_identification:_identify(.) by extensions ['colcon_meta']
[0.197s] Level 1:colcon.colcon_core.package_identification:_identify(.) by extension 'colcon_meta'
[0.197s] Level 1:colcon.colcon_core.package_identification:_identify(.) by extensions ['ros']
[0.197s] Level 1:colcon.colcon_core.package_identification:_identify(.) by extension 'ros'
[0.215s] Level 1:colcon.colcon_core.package_identification:_identify(.) by extensions ['cmake', 'python']
[0.215s] Level 1:colcon.colcon_core.package_identification:_identify(.) by extension 'cmake'
[0.215s] Level 1:colcon.colcon_core.package_identification:_identify(.) by extension 'python'
[0.215s] Level 1:colcon.colcon_core.package_identification:_identify(.) by extensions ['python_setup_py']
[0.215s] Level 1:colcon.colcon_core.package_identification:_identify(.) by extension 'python_setup_py'
[0.215s] Level 1:colcon.colcon_core.package_identification:_identify(build) by extensions ['ignore', 'ignore_ament_install']
[0.216s] Level 1:colcon.colcon_core.package_identification:_identify(build) by extension 'ignore'
[0.216s] Level 1:colcon.colcon_core.package_identification:_identify(build) ignored
[0.216s] Level 1:colcon.colcon_core.package_identification:_identify(install) by extensions ['ignore', 'ignore_ament_install']
[0.216s] Level 1:colcon.colcon_core.package_identification:_identify(install) by extension 'ignore'
[0.216s] Level 1:colcon.colcon_core.package_identification:_identify(install) ignored
[0.216s] Level 1:colcon.colcon_core.package_identification:_identify(log) by extensions ['ignore', 'ignore_ament_install']
[0.216s] Level 1:colcon.colcon_core.package_identification:_identify(log) by extension 'ignore'
[0.216s] Level 1:colcon.colcon_core.package_identification:_identify(log) ignored
[0.216s] Level 1:colcon.colcon_core.package_identification:_identify(src) by extensions ['ignore', 'ignore_ament_install']
[0.216s] Level 1:colcon.colcon_core.package_identification:_identify(src) by extension 'ignore'
[0.216s] Level 1:colcon.colcon_core.package_identification:_identify(src) by extension 'ignore_ament_install'
[0.216s] Level 1:colcon.colcon_core.package_identification:_identify(src) by extensions ['colcon_pkg']
[0.216s] Level 1:colcon.colcon_core.package_identification:_identify(src) by extension 'colcon_pkg'
[0.216s] Level 1:colcon.colcon_core.package_identification:_identify(src) by extensions ['colcon_meta']
[0.216s] Level 1:colcon.colcon_core.package_identification:_identify(src) by extension 'colcon_meta'
[0.216s] Level 1:colcon.colcon_core.package_identification:_identify(src) by extensions ['ros']
[0.216s] Level 1:colcon.colcon_core.package_identification:_identify(src) by extension 'ros'
[0.216s] Level 1:colcon.colcon_core.package_identification:_identify(src) by extensions ['cmake', 'python']
[0.216s] Level 1:colcon.colcon_core.package_identification:_identify(src) by extension 'cmake'
[0.216s] Level 1:colcon.colcon_core.package_identification:_identify(src) by extension 'python'
[0.217s] Level 1:colcon.colcon_core.package_identification:_identify(src) by extensions ['python_setup_py']
[0.217s] Level 1:colcon.colcon_core.package_identification:_identify(src) by extension 'python_setup_py'
[0.217s] Level 1:colcon.colcon_core.package_identification:_identify(src/spot_gazebo) by extensions ['ignore', 'ignore_ament_install']
[0.217s] Level 1:colcon.colcon_core.package_identification:_identify(src/spot_gazebo) by extension 'ignore'
[0.217s] Level 1:colcon.colcon_core.package_identification:_identify(src/spot_gazebo) by extension 'ignore_ament_install'
[0.217s] Level 1:colcon.colcon_core.package_identification:_identify(src/spot_gazebo) by extensions ['colcon_pkg']
[0.217s] Level 1:colcon.colcon_core.package_identification:_identify(src/spot_gazebo) by extension 'colcon_pkg'
[0.217s] Level 1:colcon.colcon_core.package_identification:_identify(src/spot_gazebo) by extensions ['colcon_meta']
[0.217s] Level 1:colcon.colcon_core.package_identification:_identify(src/spot_gazebo) by extension 'colcon_meta'
[0.217s] Level 1:colcon.colcon_core.package_identification:_identify(src/spot_gazebo) by extensions ['ros']
[0.217s] Level 1:colcon.colcon_core.package_identification:_identify(src/spot_gazebo) by extension 'ros'
[0.217s] Level 1:colcon.colcon_core.package_identification:_identify(src/spot_gazebo) by extensions ['cmake', 'python']
[0.217s] Level 1:colcon.colcon_core.package_identification:_identify(src/spot_gazebo) by extension 'cmake'
[0.217s] Level 1:colcon.colcon_core.package_identification:_identify(src/spot_gazebo) by extension 'python'
[0.217s] Level 1:colcon.colcon_core.package_identification:_identify(src/spot_gazebo) by extensions ['python_setup_py']
[0.217s] Level 1:colcon.colcon_core.package_identification:_identify(src/spot_gazebo) by extension 'python_setup_py'
[0.217s] Level 1:colcon.colcon_core.package_identification:_identify(src/spot_gazebo/assets) by extensions ['ignore', 'ignore_ament_install']
[0.217s] Level 1:colcon.colcon_core.package_identification:_identify(src/spot_gazebo/assets) by extension 'ignore'
[0.217s] Level 1:colcon.colcon_core.package_identification:_identify(src/spot_gazebo/assets) by extension 'ignore_ament_install'
[0.217s] Level 1:colcon.colcon_core.package_identification:_identify(src/spot_gazebo/assets) by extensions ['colcon_pkg']
[0.217s] Level 1:colcon.colcon_core.package_identification:_identify(src/spot_gazebo/assets) by extension 'colcon_pkg'
[0.217s] Level 1:colcon.colcon_core.package_identification:_identify(src/spot_gazebo/assets) by extensions ['colcon_meta']
[0.217s] Level 1:colcon.colcon_core.package_identification:_identify(src/spot_gazebo/assets) by extension 'colcon_meta'
[0.217s] Level 1:colcon.colcon_core.package_identification:_identify(src/spot_gazebo/assets) by extensions ['ros']
[0.217s] Level 1:colcon.colcon_core.package_identification:_identify(src/spot_gazebo/assets) by extension 'ros'
[0.218s] Level 1:colcon.colcon_core.package_identification:_identify(src/spot_gazebo/assets) by extensions ['cmake', 'python']
[0.218s] Level 1:colcon.colcon_core.package_identification:_identify(src/spot_gazebo/assets) by extension 'cmake'
[0.218s] Level 1:colcon.colcon_core.package_identification:_identify(src/spot_gazebo/assets) by extension 'python'
[0.218s] Level 1:colcon.colcon_core.package_identification:_identify(src/spot_gazebo/assets) by extensions ['python_setup_py']
[0.218s] Level 1:colcon.colcon_core.package_identification:_identify(src/spot_gazebo/assets) by extension 'python_setup_py'
[0.218s] Level 1:colcon.colcon_core.package_identification:_identify(src/spot_gazebo/champ) by extensions ['ignore', 'ignore_ament_install']
[0.218s] Level 1:colcon.colcon_core.package_identification:_identify(src/spot_gazebo/champ) by extension 'ignore'
[0.218s] Level 1:colcon.colcon_core.package_identification:_identify(src/spot_gazebo/champ) by extension 'ignore_ament_install'
[0.218s] Level 1:colcon.colcon_core.package_identification:_identify(src/spot_gazebo/champ) by extensions ['colcon_pkg']
[0.218s] Level 1:colcon.colcon_core.package_identification:_identify(src/spot_gazebo/champ) by extension 'colcon_pkg'
[0.218s] Level 1:colcon.colcon_core.package_identification:_identify(src/spot_gazebo/champ) by extensions ['colcon_meta']
[0.218s] Level 1:colcon.colcon_core.package_identification:_identify(src/spot_gazebo/champ) by extension 'colcon_meta'
[0.218s] Level 1:colcon.colcon_core.package_identification:_identify(src/spot_gazebo/champ) by extensions ['ros']
[0.218s] Level 1:colcon.colcon_core.package_identification:_identify(src/spot_gazebo/champ) by extension 'ros'
[0.220s] DEBUG:colcon.colcon_core.package_identification:Package 'src/spot_gazebo/champ' with type 'ros.ament_cmake' and name 'champ'
[0.220s] Level 1:colcon.colcon_core.package_identification:_identify(src/spot_gazebo/champ_base) by extensions ['ignore', 'ignore_ament_install']
[0.220s] Level 1:colcon.colcon_core.package_identification:_identify(src/spot_gazebo/champ_base) by extension 'ignore'
[0.220s] Level 1:colcon.colcon_core.package_identification:_identify(src/spot_gazebo/champ_base) by extension 'ignore_ament_install'
[0.220s] Level 1:colcon.colcon_core.package_identification:_identify(src/spot_gazebo/champ_base) by extensions ['colcon_pkg']
[0.220s] Level 1:colcon.colcon_core.package_identification:_identify(src/spot_gazebo/champ_base) by extension 'colcon_pkg'
[0.220s] Level 1:colcon.colcon_core.package_identification:_identify(src/spot_gazebo/champ_base) by extensions ['colcon_meta']
[0.220s] Level 1:colcon.colcon_core.package_identification:_identify(src/spot_gazebo/champ_base) by extension 'colcon_meta'
[0.220s] Level 1:colcon.colcon_core.package_identification:_identify(src/spot_gazebo/champ_base) by extensions ['ros']
[0.220s] Level 1:colcon.colcon_core.package_identification:_identify(src/spot_gazebo/champ_base) by extension 'ros'
[0.221s] DEBUG:colcon.colcon_core.package_identification:Package 'src/spot_gazebo/champ_base' with type 'ros.ament_cmake' and name 'champ_base'
[0.221s] Level 1:colcon.colcon_core.package_identification:_identify(src/spot_gazebo/champ_config) by extensions ['ignore', 'ignore_ament_install']
[0.221s] Level 1:colcon.colcon_core.package_identification:_identify(src/spot_gazebo/champ_config) by extension 'ignore'
[0.221s] Level 1:colcon.colcon_core.package_identification:_identify(src/spot_gazebo/champ_config) by extension 'ignore_ament_install'
[0.221s] Level 1:colcon.colcon_core.package_identification:_identify(src/spot_gazebo/champ_config) by extensions ['colcon_pkg']
[0.221s] Level 1:colcon.colcon_core.package_identification:_identify(src/spot_gazebo/champ_config) by extension 'colcon_pkg'
[0.221s] Level 1:colcon.colcon_core.package_identification:_identify(src/spot_gazebo/champ_config) by extensions ['colcon_meta']
[0.221s] Level 1:colcon.colcon_core.package_identification:_identify(src/spot_gazebo/champ_config) by extension 'colcon_meta'
[0.221s] Level 1:colcon.colcon_core.package_identification:_identify(src/spot_gazebo/champ_config) by extensions ['ros']
[0.221s] Level 1:colcon.colcon_core.package_identification:_identify(src/spot_gazebo/champ_config) by extension 'ros'
[0.221s] DEBUG:colcon.colcon_core.package_identification:Package 'src/spot_gazebo/champ_config' with type 'ros.ament_cmake' and name 'champ_config'
[0.221s] Level 1:colcon.colcon_core.package_identification:_identify(src/spot_gazebo/champ_msgs) by extensions ['ignore', 'ignore_ament_install']
[0.222s] Level 1:colcon.colcon_core.package_identification:_identify(src/spot_gazebo/champ_msgs) by extension 'ignore'
[0.222s] Level 1:colcon.colcon_core.package_identification:_identify(src/spot_gazebo/champ_msgs) by extension 'ignore_ament_install'
[0.222s] Level 1:colcon.colcon_core.package_identification:_identify(src/spot_gazebo/champ_msgs) by extensions ['colcon_pkg']
[0.222s] Level 1:colcon.colcon_core.package_identification:_identify(src/spot_gazebo/champ_msgs) by extension 'colcon_pkg'
[0.222s] Level 1:colcon.colcon_core.package_identification:_identify(src/spot_gazebo/champ_msgs) by extensions ['colcon_meta']
[0.222s] Level 1:colcon.colcon_core.package_identification:_identify(src/spot_gazebo/champ_msgs) by extension 'colcon_meta'
[0.222s] Level 1:colcon.colcon_core.package_identification:_identify(src/spot_gazebo/champ_msgs) by extensions ['ros']
[0.222s] Level 1:colcon.colcon_core.package_identification:_identify(src/spot_gazebo/champ_msgs) by extension 'ros'
[0.222s] DEBUG:colcon.colcon_core.package_identification:Package 'src/spot_gazebo/champ_msgs' with type 'ros.ament_cmake' and name 'champ_msgs'
[0.222s] Level 1:colcon.colcon_core.package_identification:_identify(src/spot_gazebo/spot_bringup) by extensions ['ignore', 'ignore_ament_install']
[0.222s] Level 1:colcon.colcon_core.package_identification:_identify(src/spot_gazebo/spot_bringup) by extension 'ignore'
[0.222s] Level 1:colcon.colcon_core.package_identification:_identify(src/spot_gazebo/spot_bringup) by extension 'ignore_ament_install'
[0.223s] Level 1:colcon.colcon_core.package_identification:_identify(src/spot_gazebo/spot_bringup) by extensions ['colcon_pkg']
[0.223s] Level 1:colcon.colcon_core.package_identification:_identify(src/spot_gazebo/spot_bringup) by extension 'colcon_pkg'
[0.223s] Level 1:colcon.colcon_core.package_identification:_identify(src/spot_gazebo/spot_bringup) by extensions ['colcon_meta']
[0.223s] Level 1:colcon.colcon_core.package_identification:_identify(src/spot_gazebo/spot_bringup) by extension 'colcon_meta'
[0.223s] Level 1:colcon.colcon_core.package_identification:_identify(src/spot_gazebo/spot_bringup) by extensions ['ros']
[0.223s] Level 1:colcon.colcon_core.package_identification:_identify(src/spot_gazebo/spot_bringup) by extension 'ros'
[0.223s] DEBUG:colcon.colcon_core.package_identification:Package 'src/spot_gazebo/spot_bringup' with type 'ros.ament_python' and name 'spot_bringup'
[0.223s] Level 1:colcon.colcon_core.package_identification:_identify(src/spot_gazebo/spot_description) by extensions ['ignore', 'ignore_ament_install']
[0.223s] Level 1:colcon.colcon_core.package_identification:_identify(src/spot_gazebo/spot_description) by extension 'ignore'
[0.223s] Level 1:colcon.colcon_core.package_identification:_identify(src/spot_gazebo/spot_description) by extension 'ignore_ament_install'
[0.223s] Level 1:colcon.colcon_core.package_identification:_identify(src/spot_gazebo/spot_description) by extensions ['colcon_pkg']
[0.223s] Level 1:colcon.colcon_core.package_identification:_identify(src/spot_gazebo/spot_description) by extension 'colcon_pkg'
[0.223s] Level 1:colcon.colcon_core.package_identification:_identify(src/spot_gazebo/spot_description) by extensions ['colcon_meta']
[0.223s] Level 1:colcon.colcon_core.package_identification:_identify(src/spot_gazebo/spot_description) by extension 'colcon_meta'
[0.223s] Level 1:colcon.colcon_core.package_identification:_identify(src/spot_gazebo/spot_description) by extensions ['ros']
[0.223s] Level 1:colcon.colcon_core.package_identification:_identify(src/spot_gazebo/spot_description) by extension 'ros'
[0.224s] DEBUG:colcon.colcon_core.package_identification:Package 'src/spot_gazebo/spot_description' with type 'ros.ament_cmake' and name 'spot_description'
[0.224s] Level 1:colcon.colcon_core.package_identification:_identify(src/spot_gazebo/spot_gz) by extensions ['ignore', 'ignore_ament_install']
[0.224s] Level 1:colcon.colcon_core.package_identification:_identify(src/spot_gazebo/spot_gz) by extension 'ignore'
[0.224s] Level 1:colcon.colcon_core.package_identification:_identify(src/spot_gazebo/spot_gz) by extension 'ignore_ament_install'
[0.224s] Level 1:colcon.colcon_core.package_identification:_identify(src/spot_gazebo/spot_gz) by extensions ['colcon_pkg']
[0.224s] Level 1:colcon.colcon_core.package_identification:_identify(src/spot_gazebo/spot_gz) by extension 'colcon_pkg'
[0.224s] Level 1:colcon.colcon_core.package_identification:_identify(src/spot_gazebo/spot_gz) by extensions ['colcon_meta']
[0.224s] Level 1:colcon.colcon_core.package_identification:_identify(src/spot_gazebo/spot_gz) by extension 'colcon_meta'
[0.224s] Level 1:colcon.colcon_core.package_identification:_identify(src/spot_gazebo/spot_gz) by extensions ['ros']
[0.224s] Level 1:colcon.colcon_core.package_identification:_identify(src/spot_gazebo/spot_gz) by extension 'ros'
[0.224s] DEBUG:colcon.colcon_core.package_identification:Package 'src/spot_gazebo/spot_gz' with type 'ros.ament_cmake' and name 'spot_gz'
[0.224s] Level 1:colcon.colcon_core.package_discovery:discover_packages(recursive) using defaults
[0.224s] Level 1:colcon.colcon_core.package_discovery:discover_packages(ignore) discover
[0.225s] Level 1:colcon.colcon_core.package_discovery:discover_packages(ignore) using defaults
[0.225s] Level 1:colcon.colcon_core.package_discovery:discover_packages(path) discover
[0.225s] Level 1:colcon.colcon_core.package_discovery:discover_packages(path) using defaults
[0.259s] Level 1:colcon.colcon_core.package_discovery:discover_packages(prefix_path) check parameters
[0.260s] Level 1:colcon.colcon_core.package_discovery:discover_packages(prefix_path) discover
[0.263s] DEBUG:colcon.colcon_installed_package_information.package_discovery:Found 7 installed packages in /home/poojit/spot_ws/install
[0.264s] DEBUG:colcon.colcon_installed_package_information.package_discovery:Found 317 installed packages in /opt/ros/jazzy
[0.264s] Level 1:colcon.colcon_core.package_discovery:discover_packages(prefix_path) using defaults
[0.303s] Level 5:colcon.colcon_core.verb:set package 'champ' build argument 'cmake_args' from command line to 'None'
[0.303s] Level 5:colcon.colcon_core.verb:set package 'champ' build argument 'cmake_target' from command line to 'None'
[0.304s] Level 5:colcon.colcon_core.verb:set package 'champ' build argument 'cmake_target_skip_unavailable' from command line to 'False'
[0.304s] Level 5:colcon.colcon_core.verb:set package 'champ' build argument 'cmake_clean_cache' from command line to 'False'
[0.304s] Level 5:colcon.colcon_core.verb:set package 'champ' build argument 'cmake_clean_first' from command line to 'False'
[0.304s] Level 5:colcon.colcon_core.verb:set package 'champ' build argument 'cmake_force_configure' from command line to 'False'
[0.304s] Level 5:colcon.colcon_core.verb:set package 'champ' build argument 'ament_cmake_args' from command line to 'None'
[0.304s] Level 5:colcon.colcon_core.verb:set package 'champ' build argument 'catkin_cmake_args' from command line to 'None'
[0.304s] Level 5:colcon.colcon_core.verb:set package 'champ' build argument 'catkin_skip_building_tests' from command line to 'False'
[0.304s] DEBUG:colcon.colcon_core.verb:Building package 'champ' with the following arguments: {'ament_cmake_args': None, 'build_base': '/home/poojit/spot_ws/build/champ', 'catkin_cmake_args': None, 'catkin_skip_building_tests': False, 'cmake_args': None, 'cmake_clean_cache': False, 'cmake_clean_first': False, 'cmake_force_configure': False, 'cmake_target': None, 'cmake_target_skip_unavailable': False, 'install_base': '/home/poojit/spot_ws/install/champ', 'merge_install': False, 'path': '/home/poojit/spot_ws/src/spot_gazebo/champ', 'symlink_install': True, 'test_result_base': None}
[0.304s] Level 5:colcon.colcon_core.verb:set package 'champ_msgs' build argument 'cmake_args' from command line to 'None'
[0.304s] Level 5:colcon.colcon_core.verb:set package 'champ_msgs' build argument 'cmake_target' from command line to 'None'
[0.304s] Level 5:colcon.colcon_core.verb:set package 'champ_msgs' build argument 'cmake_target_skip_unavailable' from command line to 'False'
[0.304s] Level 5:colcon.colcon_core.verb:set package 'champ_msgs' build argument 'cmake_clean_cache' from command line to 'False'
[0.304s] Level 5:colcon.colcon_core.verb:set package 'champ_msgs' build argument 'cmake_clean_first' from command line to 'False'
[0.304s] Level 5:colcon.colcon_core.verb:set package 'champ_msgs' build argument 'cmake_force_configure' from command line to 'False'
[0.304s] Level 5:colcon.colcon_core.verb:set package 'champ_msgs' build argument 'ament_cmake_args' from command line to 'None'
[0.304s] Level 5:colcon.colcon_core.verb:set package 'champ_msgs' build argument 'catkin_cmake_args' from command line to 'None'
[0.304s] Level 5:colcon.colcon_core.verb:set package 'champ_msgs' build argument 'catkin_skip_building_tests' from command line to 'False'
[0.304s] DEBUG:colcon.colcon_core.verb:Building package 'champ_msgs' with the following arguments: {'ament_cmake_args': None, 'build_base': '/home/poojit/spot_ws/build/champ_msgs', 'catkin_cmake_args': None, 'catkin_skip_building_tests': False, 'cmake_args': None, 'cmake_clean_cache': False, 'cmake_clean_first': False, 'cmake_force_configure': False, 'cmake_target': None, 'cmake_target_skip_unavailable': False, 'install_base': '/home/poojit/spot_ws/install/champ_msgs', 'merge_install': False, 'path': '/home/poojit/spot_ws/src/spot_gazebo/champ_msgs', 'symlink_install': True, 'test_result_base': None}
[0.304s] Level 5:colcon.colcon_core.verb:set package 'spot_description' build argument 'cmake_args' from command line to 'None'
[0.304s] Level 5:colcon.colcon_core.verb:set package 'spot_description' build argument 'cmake_target' from command line to 'None'
[0.304s] Level 5:colcon.colcon_core.verb:set package 'spot_description' build argument 'cmake_target_skip_unavailable' from command line to 'False'
[0.304s] Level 5:colcon.colcon_core.verb:set package 'spot_description' build argument 'cmake_clean_cache' from command line to 'False'
[0.304s] Level 5:colcon.colcon_core.verb:set package 'spot_description' build argument 'cmake_clean_first' from command line to 'False'
[0.304s] Level 5:colcon.colcon_core.verb:set package 'spot_description' build argument 'cmake_force_configure' from command line to 'False'
[0.304s] Level 5:colcon.colcon_core.verb:set package 'spot_description' build argument 'ament_cmake_args' from command line to 'None'
[0.304s] Level 5:colcon.colcon_core.verb:set package 'spot_description' build argument 'catkin_cmake_args' from command line to 'None'
[0.304s] Level 5:colcon.colcon_core.verb:set package 'spot_description' build argument 'catkin_skip_building_tests' from command line to 'False'
[0.304s] DEBUG:colcon.colcon_core.verb:Building package 'spot_description' with the following arguments: {'ament_cmake_args': None, 'build_base': '/home/poojit/spot_ws/build/spot_description', 'catkin_cmake_args': None, 'catkin_skip_building_tests': False, 'cmake_args': None, 'cmake_clean_cache': False, 'cmake_clean_first': False, 'cmake_force_configure': False, 'cmake_target': None, 'cmake_target_skip_unavailable': False, 'install_base': '/home/poojit/spot_ws/install/spot_description', 'merge_install': False, 'path': '/home/poojit/spot_ws/src/spot_gazebo/spot_description', 'symlink_install': True, 'test_result_base': None}
[0.305s] Level 5:colcon.colcon_core.verb:set package 'champ_base' build argument 'cmake_args' from command line to 'None'
[0.305s] Level 5:colcon.colcon_core.verb:set package 'champ_base' build argument 'cmake_target' from command line to 'None'
[0.305s] Level 5:colcon.colcon_core.verb:set package 'champ_base' build argument 'cmake_target_skip_unavailable' from command line to 'False'
[0.305s] Level 5:colcon.colcon_core.verb:set package 'champ_base' build argument 'cmake_clean_cache' from command line to 'False'
[0.305s] Level 5:colcon.colcon_core.verb:set package 'champ_base' build argument 'cmake_clean_first' from command line to 'False'
[0.305s] Level 5:colcon.colcon_core.verb:set package 'champ_base' build argument 'cmake_force_configure' from command line to 'False'
[0.305s] Level 5:colcon.colcon_core.verb:set package 'champ_base' build argument 'ament_cmake_args' from command line to 'None'
[0.305s] Level 5:colcon.colcon_core.verb:set package 'champ_base' build argument 'catkin_cmake_args' from command line to 'None'
[0.305s] Level 5:colcon.colcon_core.verb:set package 'champ_base' build argument 'catkin_skip_building_tests' from command line to 'False'
[0.305s] DEBUG:colcon.colcon_core.verb:Building package 'champ_base' with the following arguments: {'ament_cmake_args': None, 'build_base': '/home/poojit/spot_ws/build/champ_base', 'catkin_cmake_args': None, 'catkin_skip_building_tests': False, 'cmake_args': None, 'cmake_clean_cache': False, 'cmake_clean_first': False, 'cmake_force_configure': False, 'cmake_target': None, 'cmake_target_skip_unavailable': False, 'install_base': '/home/poojit/spot_ws/install/champ_base', 'merge_install': False, 'path': '/home/poojit/spot_ws/src/spot_gazebo/champ_base', 'symlink_install': True, 'test_result_base': None}
[0.305s] Level 5:colcon.colcon_core.verb:set package 'spot_gz' build argument 'cmake_args' from command line to 'None'
[0.305s] Level 5:colcon.colcon_core.verb:set package 'spot_gz' build argument 'cmake_target' from command line to 'None'
[0.305s] Level 5:colcon.colcon_core.verb:set package 'spot_gz' build argument 'cmake_target_skip_unavailable' from command line to 'False'
[0.305s] Level 5:colcon.colcon_core.verb:set package 'spot_gz' build argument 'cmake_clean_cache' from command line to 'False'
[0.305s] Level 5:colcon.colcon_core.verb:set package 'spot_gz' build argument 'cmake_clean_first' from command line to 'False'
[0.305s] Level 5:colcon.colcon_core.verb:set package 'spot_gz' build argument 'cmake_force_configure' from command line to 'False'
[0.305s] Level 5:colcon.colcon_core.verb:set package 'spot_gz' build argument 'ament_cmake_args' from command line to 'None'
[0.305s] Level 5:colcon.colcon_core.verb:set package 'spot_gz' build argument 'catkin_cmake_args' from command line to 'None'
[0.305s] Level 5:colcon.colcon_core.verb:set package 'spot_gz' build argument 'catkin_skip_building_tests' from command line to 'False'
[0.305s] DEBUG:colcon.colcon_core.verb:Building package 'spot_gz' with the following arguments: {'ament_cmake_args': None, 'build_base': '/home/poojit/spot_ws/build/spot_gz', 'catkin_cmake_args': None, 'catkin_skip_building_tests': False, 'cmake_args': None, 'cmake_clean_cache': False, 'cmake_clean_first': False, 'cmake_force_configure': False, 'cmake_target': None, 'cmake_target_skip_unavailable': False, 'install_base': '/home/poojit/spot_ws/install/spot_gz', 'merge_install': False, 'path': '/home/poojit/spot_ws/src/spot_gazebo/spot_gz', 'symlink_install': True, 'test_result_base': None}
[0.305s] Level 5:colcon.colcon_core.verb:set package 'champ_config' build argument 'cmake_args' from command line to 'None'
[0.305s] Level 5:colcon.colcon_core.verb:set package 'champ_config' build argument 'cmake_target' from command line to 'None'
[0.305s] Level 5:colcon.colcon_core.verb:set package 'champ_config' build argument 'cmake_target_skip_unavailable' from command line to 'False'
[0.305s] Level 5:colcon.colcon_core.verb:set package 'champ_config' build argument 'cmake_clean_cache' from command line to 'False'
[0.305s] Level 5:colcon.colcon_core.verb:set package 'champ_config' build argument 'cmake_clean_first' from command line to 'False'
[0.305s] Level 5:colcon.colcon_core.verb:set package 'champ_config' build argument 'cmake_force_configure' from command line to 'False'
[0.305s] Level 5:colcon.colcon_core.verb:set package 'champ_config' build argument 'ament_cmake_args' from command line to 'None'
[0.305s] Level 5:colcon.colcon_core.verb:set package 'champ_config' build argument 'catkin_cmake_args' from command line to 'None'
[0.305s] Level 5:colcon.colcon_core.verb:set package 'champ_config' build argument 'catkin_skip_building_tests' from command line to 'False'
[0.305s] DEBUG:colcon.colcon_core.verb:Building package 'champ_config' with the following arguments: {'ament_cmake_args': None, 'build_base': '/home/poojit/spot_ws/build/champ_config', 'catkin_cmake_args': None, 'catkin_skip_building_tests': False, 'cmake_args': None, 'cmake_clean_cache': False, 'cmake_clean_first': False, 'cmake_force_configure': False, 'cmake_target': None, 'cmake_target_skip_unavailable': False, 'install_base': '/home/poojit/spot_ws/install/champ_config', 'merge_install': False, 'path': '/home/poojit/spot_ws/src/spot_gazebo/champ_config', 'symlink_install': True, 'test_result_base': None}
[0.306s] Level 5:colcon.colcon_core.verb:set package 'spot_bringup' build argument 'cmake_args' from command line to 'None'
[0.306s] Level 5:colcon.colcon_core.verb:set package 'spot_bringup' build argument 'cmake_target' from command line to 'None'
[0.306s] Level 5:colcon.colcon_core.verb:set package 'spot_bringup' build argument 'cmake_target_skip_unavailable' from command line to 'False'
[0.306s] Level 5:colcon.colcon_core.verb:set package 'spot_bringup' build argument 'cmake_clean_cache' from command line to 'False'
[0.306s] Level 5:colcon.colcon_core.verb:set package 'spot_bringup' build argument 'cmake_clean_first' from command line to 'False'
[0.306s] Level 5:colcon.colcon_core.verb:set package 'spot_bringup' build argument 'cmake_force_configure' from command line to 'False'
[0.306s] Level 5:colcon.colcon_core.verb:set package 'spot_bringup' build argument 'ament_cmake_args' from command line to 'None'
[0.306s] Level 5:colcon.colcon_core.verb:set package 'spot_bringup' build argument 'catkin_cmake_args' from command line to 'None'
[0.306s] Level 5:colcon.colcon_core.verb:set package 'spot_bringup' build argument 'catkin_skip_building_tests' from command line to 'False'
[0.306s] DEBUG:colcon.colcon_core.verb:Building package 'spot_bringup' with the following arguments: {'ament_cmake_args': None, 'build_base': '/home/poojit/spot_ws/build/spot_bringup', 'catkin_cmake_args': None, 'catkin_skip_building_tests': False, 'cmake_args': None, 'cmake_clean_cache': False, 'cmake_clean_first': False, 'cmake_force_configure': False, 'cmake_target': None, 'cmake_target_skip_unavailable': False, 'install_base': '/home/poojit/spot_ws/install/spot_bringup', 'merge_install': False, 'path': '/home/poojit/spot_ws/src/spot_gazebo/spot_bringup', 'symlink_install': True, 'test_result_base': None}
[0.306s] INFO:colcon.colcon_core.executor:Executing jobs using 'parallel' executor
[0.306s] DEBUG:colcon.colcon_parallel_executor.executor.parallel:run_until_complete
[0.307s] INFO:colcon.colcon_ros.task.ament_cmake.build:Building ROS package in '/home/poojit/spot_ws/src/spot_gazebo/champ' with build type 'ament_cmake'
[0.307s] INFO:colcon.colcon_cmake.task.cmake.build:Building CMake package in '/home/poojit/spot_ws/src/spot_gazebo/champ'
[0.311s] INFO:colcon.colcon_core.plugin_system:Skipping extension 'colcon_core.shell.bat': Not used on non-Windows systems
[0.311s] INFO:colcon.colcon_core.shell:Skip shell extension 'powershell' for command environment: Not usable outside of PowerShell
[0.311s] DEBUG:colcon.colcon_core.shell:Skip shell extension 'dsv' for command environment
[0.314s] INFO:colcon.colcon_ros.task.ament_cmake.build:Building ROS package in '/home/poojit/spot_ws/src/spot_gazebo/champ_msgs' with build type 'ament_cmake'
[0.314s] INFO:colcon.colcon_cmake.task.cmake.build:Building CMake package in '/home/poojit/spot_ws/src/spot_gazebo/champ_msgs'
[0.314s] INFO:colcon.colcon_core.shell:Skip shell extension 'powershell' for command environment: Not usable outside of PowerShell
[0.314s] DEBUG:colcon.colcon_core.shell:Skip shell extension 'dsv' for command environment
[0.317s] INFO:colcon.colcon_ros.task.ament_cmake.build:Building ROS package in '/home/poojit/spot_ws/src/spot_gazebo/spot_description' with build type 'ament_cmake'
[0.317s] INFO:colcon.colcon_cmake.task.cmake.build:Building CMake package in '/home/poojit/spot_ws/src/spot_gazebo/spot_description'
[0.317s] INFO:colcon.colcon_core.shell:Skip shell extension 'powershell' for command environment: Not usable outside of PowerShell
[0.317s] DEBUG:colcon.colcon_core.shell:Skip shell extension 'dsv' for command environment
[0.322s] DEBUG:colcon.colcon_core.event_handler.log_command:Invoking command in '/home/poojit/spot_ws/build/champ': CMAKE_PREFIX_PATH=${CMAKE_PREFIX_PATH}:/home/poojit/spot_ws/install/spot_bringup:/opt/ros/jazzy /usr/bin/cmake --build /home/poojit/spot_ws/build/champ -- -j12 -l12
[0.324s] DEBUG:colcon.colcon_core.event_handler.log_command:Invoking command in '/home/poojit/spot_ws/build/champ_msgs': CMAKE_PREFIX_PATH=${CMAKE_PREFIX_PATH}:/home/poojit/spot_ws/install/spot_bringup:/opt/ros/jazzy /usr/bin/cmake --build /home/poojit/spot_ws/build/champ_msgs -- -j12 -l12
[0.327s] DEBUG:colcon.colcon_core.event_handler.log_command:Invoking command in '/home/poojit/spot_ws/build/spot_description': CMAKE_PREFIX_PATH=${CMAKE_PREFIX_PATH}:/home/poojit/spot_ws/install/spot_bringup:/opt/ros/jazzy /usr/bin/cmake --build /home/poojit/spot_ws/build/spot_description -- -j12 -l12
[0.360s] DEBUG:colcon.colcon_core.event_handler.log_command:Invoked command in '/home/poojit/spot_ws/build/spot_description' returned '0': CMAKE_PREFIX_PATH=${CMAKE_PREFIX_PATH}:/home/poojit/spot_ws/install/spot_bringup:/opt/ros/jazzy /usr/bin/cmake --build /home/poojit/spot_ws/build/spot_description -- -j12 -l12
[0.371s] DEBUG:colcon.colcon_core.event_handler.log_command:Invoking command in '/home/poojit/spot_ws/build/spot_description': CMAKE_PREFIX_PATH=${CMAKE_PREFIX_PATH}:/home/poojit/spot_ws/install/spot_bringup:/opt/ros/jazzy /usr/bin/cmake --install /home/poojit/spot_ws/build/spot_description
[0.372s] DEBUG:colcon.colcon_core.event_handler.log_command:Invoked command in '/home/poojit/spot_ws/build/champ' returned '0': CMAKE_PREFIX_PATH=${CMAKE_PREFIX_PATH}:/home/poojit/spot_ws/install/spot_bringup:/opt/ros/jazzy /usr/bin/cmake --build /home/poojit/spot_ws/build/champ -- -j12 -l12
[0.373s] DEBUG:colcon.colcon_core.event_handler.log_command:Invoking command in '/home/poojit/spot_ws/build/champ': CMAKE_PREFIX_PATH=${CMAKE_PREFIX_PATH}:/home/poojit/spot_ws/install/spot_bringup:/opt/ros/jazzy /usr/bin/cmake --install /home/poojit/spot_ws/build/champ
[0.400s] Level 1:colcon.colcon_core.environment:create_environment_scripts_only(spot_description)
[0.401s] DEBUG:colcon.colcon_core.event_handler.log_command:Invoked command in '/home/poojit/spot_ws/build/spot_description' returned '0': CMAKE_PREFIX_PATH=${CMAKE_PREFIX_PATH}:/home/poojit/spot_ws/install/spot_bringup:/opt/ros/jazzy /usr/bin/cmake --install /home/poojit/spot_ws/build/spot_description
[0.407s] Level 1:colcon.colcon_core.environment:checking '/home/poojit/spot_ws/install/spot_description' for CMake module files
[0.408s] Level 1:colcon.colcon_core.environment:checking '/home/poojit/spot_ws/install/spot_description' for CMake config files
[0.409s] Level 1:colcon.colcon_core.shell:create_environment_hook('spot_description', 'cmake_prefix_path')
[0.409s] INFO:colcon.colcon_core.shell:Creating environment hook '/home/poojit/spot_ws/install/spot_description/share/spot_description/hook/cmake_prefix_path.ps1'
[0.410s] INFO:colcon.colcon_core.shell:Creating environment descriptor '/home/poojit/spot_ws/install/spot_description/share/spot_description/hook/cmake_prefix_path.dsv'
[0.411s] INFO:colcon.colcon_core.shell:Creating environment hook '/home/poojit/spot_ws/install/spot_description/share/spot_description/hook/cmake_prefix_path.sh'
[0.412s] Level 1:colcon.colcon_core.environment:checking '/home/poojit/spot_ws/install/spot_description/bin'
[0.412s] Level 1:colcon.colcon_core.environment:checking '/home/poojit/spot_ws/install/spot_description/lib/pkgconfig/spot_description.pc'
[0.412s] Level 1:colcon.colcon_core.environment:checking '/home/poojit/spot_ws/install/spot_description/lib/python3.12/site-packages'
[0.413s] Level 1:colcon.colcon_core.environment:checking '/home/poojit/spot_ws/install/spot_description/bin'
[0.413s] INFO:colcon.colcon_core.shell:Creating package script '/home/poojit/spot_ws/install/spot_description/share/spot_description/package.ps1'
[0.414s] INFO:colcon.colcon_core.shell:Creating package descriptor '/home/poojit/spot_ws/install/spot_description/share/spot_description/package.dsv'
[0.415s] INFO:colcon.colcon_core.shell:Creating package script '/home/poojit/spot_ws/install/spot_description/share/spot_description/package.sh'
[0.416s] INFO:colcon.colcon_core.shell:Creating package script '/home/poojit/spot_ws/install/spot_description/share/spot_description/package.bash'
[0.417s] INFO:colcon.colcon_core.shell:Creating package script '/home/poojit/spot_ws/install/spot_description/share/spot_description/package.zsh'
[0.418s] Level 1:colcon.colcon_core.environment:create_file_with_runtime_dependencies(/home/poojit/spot_ws/install/spot_description/share/colcon-core/packages/spot_description)
[0.419s] Level 1:colcon.colcon_core.environment:create_environment_scripts_only(spot_description)
[0.419s] Level 1:colcon.colcon_core.environment:checking '/home/poojit/spot_ws/install/spot_description' for CMake module files
[0.420s] Level 1:colcon.colcon_core.environment:checking '/home/poojit/spot_ws/install/spot_description' for CMake config files
[0.420s] Level 1:colcon.colcon_core.shell:create_environment_hook('spot_description', 'cmake_prefix_path')
[0.420s] INFO:colcon.colcon_core.shell:Creating environment hook '/home/poojit/spot_ws/install/spot_description/share/spot_description/hook/cmake_prefix_path.ps1'
[0.421s] INFO:colcon.colcon_core.shell:Creating environment descriptor '/home/poojit/spot_ws/install/spot_description/share/spot_description/hook/cmake_prefix_path.dsv'
[0.421s] INFO:colcon.colcon_core.shell:Creating environment hook '/home/poojit/spot_ws/install/spot_description/share/spot_description/hook/cmake_prefix_path.sh'
[0.422s] Level 1:colcon.colcon_core.environment:checking '/home/poojit/spot_ws/install/spot_description/bin'
[0.422s] Level 1:colcon.colcon_core.environment:checking '/home/poojit/spot_ws/install/spot_description/lib/pkgconfig/spot_description.pc'
[0.422s] Level 1:colcon.colcon_core.environment:checking '/home/poojit/spot_ws/install/spot_description/lib/python3.12/site-packages'
[0.423s] Level 1:colcon.colcon_core.environment:checking '/home/poojit/spot_ws/install/spot_description/bin'
[0.423s] INFO:colcon.colcon_core.shell:Creating package script '/home/poojit/spot_ws/install/spot_description/share/spot_description/package.ps1'
[0.424s] INFO:colcon.colcon_core.shell:Creating package descriptor '/home/poojit/spot_ws/install/spot_description/share/spot_description/package.dsv'
[0.424s] INFO:colcon.colcon_core.shell:Creating package script '/home/poojit/spot_ws/install/spot_description/share/spot_description/package.sh'
[0.425s] INFO:colcon.colcon_core.shell:Creating package script '/home/poojit/spot_ws/install/spot_description/share/spot_description/package.bash'
[0.426s] INFO:colcon.colcon_core.shell:Creating package script '/home/poojit/spot_ws/install/spot_description/share/spot_description/package.zsh'
[0.426s] Level 1:colcon.colcon_core.environment:create_file_with_runtime_dependencies(/home/poojit/spot_ws/install/spot_description/share/colcon-core/packages/spot_description)
[0.427s] INFO:colcon.colcon_ros.task.ament_cmake.build:Building ROS package in '/home/poojit/spot_ws/src/spot_gazebo/spot_gz' with build type 'ament_cmake'
[0.427s] INFO:colcon.colcon_cmake.task.cmake.build:Building CMake package in '/home/poojit/spot_ws/src/spot_gazebo/spot_gz'
[0.427s] INFO:colcon.colcon_core.shell:Skip shell extension 'powershell' for command environment: Not usable outside of PowerShell
[0.427s] DEBUG:colcon.colcon_core.shell:Skip shell extension 'dsv' for command environment
[0.434s] Level 1:colcon.colcon_core.environment:create_environment_scripts_only(champ)
[0.434s] Level 1:colcon.colcon_core.environment:checking '/home/poojit/spot_ws/install/champ' for CMake module files
[0.435s] DEBUG:colcon.colcon_core.event_handler.log_command:Invoked command in '/home/poojit/spot_ws/build/champ' returned '0': CMAKE_PREFIX_PATH=${CMAKE_PREFIX_PATH}:/home/poojit/spot_ws/install/spot_bringup:/opt/ros/jazzy /usr/bin/cmake --install /home/poojit/spot_ws/build/champ
[0.435s] Level 1:colcon.colcon_core.environment:checking '/home/poojit/spot_ws/install/champ' for CMake config files
[0.438s] Level 1:colcon.colcon_core.shell:create_environment_hook('champ', 'cmake_prefix_path')
[0.438s] INFO:colcon.colcon_core.shell:Creating environment hook '/home/poojit/spot_ws/install/champ/share/champ/hook/cmake_prefix_path.ps1'
[0.438s] INFO:colcon.colcon_core.shell:Creating environment descriptor '/home/poojit/spot_ws/install/champ/share/champ/hook/cmake_prefix_path.dsv'
[0.439s] INFO:colcon.colcon_core.shell:Creating environment hook '/home/poojit/spot_ws/install/champ/share/champ/hook/cmake_prefix_path.sh'
[0.440s] Level 1:colcon.colcon_core.environment:checking '/home/poojit/spot_ws/install/champ/bin'
[0.440s] Level 1:colcon.colcon_core.environment:checking '/home/poojit/spot_ws/install/champ/lib/pkgconfig/champ.pc'
[0.440s] Level 1:colcon.colcon_core.environment:checking '/home/poojit/spot_ws/install/champ/lib/python3.12/site-packages'
[0.441s] Level 1:colcon.colcon_core.environment:checking '/home/poojit/spot_ws/install/champ/bin'
[0.441s] INFO:colcon.colcon_core.shell:Creating package script '/home/poojit/spot_ws/install/champ/share/champ/package.ps1'
[0.442s] INFO:colcon.colcon_core.shell:Creating package descriptor '/home/poojit/spot_ws/install/champ/share/champ/package.dsv'
[0.442s] INFO:colcon.colcon_core.shell:Creating package script '/home/poojit/spot_ws/install/champ/share/champ/package.sh'
[0.443s] INFO:colcon.colcon_core.shell:Creating package script '/home/poojit/spot_ws/install/champ/share/champ/package.bash'
[0.443s] INFO:colcon.colcon_core.shell:Creating package script '/home/poojit/spot_ws/install/champ/share/champ/package.zsh'
[0.443s] Level 1:colcon.colcon_core.environment:create_file_with_runtime_dependencies(/home/poojit/spot_ws/install/champ/share/colcon-core/packages/champ)
[0.444s] Level 1:colcon.colcon_core.environment:create_environment_scripts_only(champ)
[0.444s] Level 1:colcon.colcon_core.environment:checking '/home/poojit/spot_ws/install/champ' for CMake module files
[0.444s] Level 1:colcon.colcon_core.environment:checking '/home/poojit/spot_ws/install/champ' for CMake config files
[0.445s] Level 1:colcon.colcon_core.shell:create_environment_hook('champ', 'cmake_prefix_path')
[0.445s] INFO:colcon.colcon_core.shell:Creating environment hook '/home/poojit/spot_ws/install/champ/share/champ/hook/cmake_prefix_path.ps1'
[0.446s] INFO:colcon.colcon_core.shell:Creating environment descriptor '/home/poojit/spot_ws/install/champ/share/champ/hook/cmake_prefix_path.dsv'
[0.446s] INFO:colcon.colcon_core.shell:Creating environment hook '/home/poojit/spot_ws/install/champ/share/champ/hook/cmake_prefix_path.sh'
[0.447s] Level 1:colcon.colcon_core.environment:checking '/home/poojit/spot_ws/install/champ/bin'
[0.447s] Level 1:colcon.colcon_core.environment:checking '/home/poojit/spot_ws/install/champ/lib/pkgconfig/champ.pc'
[0.447s] Level 1:colcon.colcon_core.environment:checking '/home/poojit/spot_ws/install/champ/lib/python3.12/site-packages'
[0.447s] Level 1:colcon.colcon_core.environment:checking '/home/poojit/spot_ws/install/champ/bin'
[0.448s] INFO:colcon.colcon_core.shell:Creating package script '/home/poojit/spot_ws/install/champ/share/champ/package.ps1'
[0.449s] INFO:colcon.colcon_core.shell:Creating package descriptor '/home/poojit/spot_ws/install/champ/share/champ/package.dsv'
[0.449s] INFO:colcon.colcon_core.shell:Creating package script '/home/poojit/spot_ws/install/champ/share/champ/package.sh'
[0.450s] INFO:colcon.colcon_core.shell:Creating package script '/home/poojit/spot_ws/install/champ/share/champ/package.bash'
[0.451s] INFO:colcon.colcon_core.shell:Creating package script '/home/poojit/spot_ws/install/champ/share/champ/package.zsh'
[0.451s] Level 1:colcon.colcon_core.environment:create_file_with_runtime_dependencies(/home/poojit/spot_ws/install/champ/share/colcon-core/packages/champ)
[0.454s] DEBUG:colcon.colcon_core.event_handler.log_command:Invoking command in '/home/poojit/spot_ws/build/spot_gz': CMAKE_PREFIX_PATH=/home/poojit/spot_ws/install/spot_description:/home/poojit/spot_ws/install/spot_gz:/opt/ros/jazzy/opt/gz_sim_vendor:/opt/ros/jazzy/opt/gz_sensors_vendor:/opt/ros/jazzy/opt/gz_physics_vendor:/opt/ros/jazzy/opt/sdformat_vendor:/opt/ros/jazzy/opt/gz_gui_vendor:/opt/ros/jazzy/opt/gz_transport_vendor:/opt/ros/jazzy/opt/gz_rendering_vendor:/opt/ros/jazzy/opt/gz_plugin_vendor:/opt/ros/jazzy/opt/gz_fuel_tools_vendor:/opt/ros/jazzy/opt/gz_msgs_vendor:/opt/ros/jazzy/opt/gz_common_vendor:/opt/ros/jazzy/opt/gz_math_vendor:/opt/ros/jazzy/opt/gz_utils_vendor:/opt/ros/jazzy/opt/gz_tools_vendor:/opt/ros/jazzy/opt/gz_ogre_next_vendor:/opt/ros/jazzy/opt/gz_dartsim_vendor:/opt/ros/jazzy/opt/gz_cmake_vendor:/home/poojit/spot_ws/install/spot_bringup:/opt/ros/jazzy GZ_SIM_RESOURCE_PATH=/home/poojit/spot_ws/install/spot_description/share/spot_description/models:${GZ_SIM_RESOURCE_PATH} /usr/bin/cmake --build /home/poojit/spot_ws/build/spot_gz -- -j12 -l12
[0.494s] DEBUG:colcon.colcon_core.event_handler.log_command:Invoked command in '/home/poojit/spot_ws/build/spot_gz' returned '0': CMAKE_PREFIX_PATH=/home/poojit/spot_ws/install/spot_description:/home/poojit/spot_ws/install/spot_gz:/opt/ros/jazzy/opt/gz_sim_vendor:/opt/ros/jazzy/opt/gz_sensors_vendor:/opt/ros/jazzy/opt/gz_physics_vendor:/opt/ros/jazzy/opt/sdformat_vendor:/opt/ros/jazzy/opt/gz_gui_vendor:/opt/ros/jazzy/opt/gz_transport_vendor:/opt/ros/jazzy/opt/gz_rendering_vendor:/opt/ros/jazzy/opt/gz_plugin_vendor:/opt/ros/jazzy/opt/gz_fuel_tools_vendor:/opt/ros/jazzy/opt/gz_msgs_vendor:/opt/ros/jazzy/opt/gz_common_vendor:/opt/ros/jazzy/opt/gz_math_vendor:/opt/ros/jazzy/opt/gz_utils_vendor:/opt/ros/jazzy/opt/gz_tools_vendor:/opt/ros/jazzy/opt/gz_ogre_next_vendor:/opt/ros/jazzy/opt/gz_dartsim_vendor:/opt/ros/jazzy/opt/gz_cmake_vendor:/home/poojit/spot_ws/install/spot_bringup:/opt/ros/jazzy GZ_SIM_RESOURCE_PATH=/home/poojit/spot_ws/install/spot_description/share/spot_description/models:${GZ_SIM_RESOURCE_PATH} /usr/bin/cmake --build /home/poojit/spot_ws/build/spot_gz -- -j12 -l12
[0.496s] DEBUG:colcon.colcon_core.event_handler.log_command:Invoking command in '/home/poojit/spot_ws/build/spot_gz': CMAKE_PREFIX_PATH=/home/poojit/spot_ws/install/spot_description:/home/poojit/spot_ws/install/spot_gz:/opt/ros/jazzy/opt/gz_sim_vendor:/opt/ros/jazzy/opt/gz_sensors_vendor:/opt/ros/jazzy/opt/gz_physics_vendor:/opt/ros/jazzy/opt/sdformat_vendor:/opt/ros/jazzy/opt/gz_gui_vendor:/opt/ros/jazzy/opt/gz_transport_vendor:/opt/ros/jazzy/opt/gz_rendering_vendor:/opt/ros/jazzy/opt/gz_plugin_vendor:/opt/ros/jazzy/opt/gz_fuel_tools_vendor:/opt/ros/jazzy/opt/gz_msgs_vendor:/opt/ros/jazzy/opt/gz_common_vendor:/opt/ros/jazzy/opt/gz_math_vendor:/opt/ros/jazzy/opt/gz_utils_vendor:/opt/ros/jazzy/opt/gz_tools_vendor:/opt/ros/jazzy/opt/gz_ogre_next_vendor:/opt/ros/jazzy/opt/gz_dartsim_vendor:/opt/ros/jazzy/opt/gz_cmake_vendor:/home/poojit/spot_ws/install/spot_bringup:/opt/ros/jazzy GZ_SIM_RESOURCE_PATH=/home/poojit/spot_ws/install/spot_description/share/spot_description/models:${GZ_SIM_RESOURCE_PATH} /usr/bin/cmake --install /home/poojit/spot_ws/build/spot_gz
[0.519s] Level 1:colcon.colcon_core.environment:create_environment_scripts_only(spot_gz)
[0.519s] Level 1:colcon.colcon_core.environment:checking '/home/poojit/spot_ws/install/spot_gz' for CMake module files
[0.520s] DEBUG:colcon.colcon_core.event_handler.log_command:Invoked command in '/home/poojit/spot_ws/build/spot_gz' returned '0': CMAKE_PREFIX_PATH=/home/poojit/spot_ws/install/spot_description:/home/poojit/spot_ws/install/spot_gz:/opt/ros/jazzy/opt/gz_sim_vendor:/opt/ros/jazzy/opt/gz_sensors_vendor:/opt/ros/jazzy/opt/gz_physics_vendor:/opt/ros/jazzy/opt/sdformat_vendor:/opt/ros/jazzy/opt/gz_gui_vendor:/opt/ros/jazzy/opt/gz_transport_vendor:/opt/ros/jazzy/opt/gz_rendering_vendor:/opt/ros/jazzy/opt/gz_plugin_vendor:/opt/ros/jazzy/opt/gz_fuel_tools_vendor:/opt/ros/jazzy/opt/gz_msgs_vendor:/opt/ros/jazzy/opt/gz_common_vendor:/opt/ros/jazzy/opt/gz_math_vendor:/opt/ros/jazzy/opt/gz_utils_vendor:/opt/ros/jazzy/opt/gz_tools_vendor:/opt/ros/jazzy/opt/gz_ogre_next_vendor:/opt/ros/jazzy/opt/gz_dartsim_vendor:/opt/ros/jazzy/opt/gz_cmake_vendor:/home/poojit/spot_ws/install/spot_bringup:/opt/ros/jazzy GZ_SIM_RESOURCE_PATH=/home/poojit/spot_ws/install/spot_description/share/spot_description/models:${GZ_SIM_RESOURCE_PATH} /usr/bin/cmake --install /home/poojit/spot_ws/build/spot_gz
[0.520s] Level 1:colcon.colcon_core.environment:checking '/home/poojit/spot_ws/install/spot_gz' for CMake config files
[0.521s] Level 1:colcon.colcon_core.shell:create_environment_hook('spot_gz', 'cmake_prefix_path')
[0.521s] INFO:colcon.colcon_core.shell:Creating environment hook '/home/poojit/spot_ws/install/spot_gz/share/spot_gz/hook/cmake_prefix_path.ps1'
[0.522s] INFO:colcon.colcon_core.shell:Creating environment descriptor '/home/poojit/spot_ws/install/spot_gz/share/spot_gz/hook/cmake_prefix_path.dsv'
[0.522s] INFO:colcon.colcon_core.shell:Creating environment hook '/home/poojit/spot_ws/install/spot_gz/share/spot_gz/hook/cmake_prefix_path.sh'
[0.522s] Level 1:colcon.colcon_core.environment:checking '/home/poojit/spot_ws/install/spot_gz/bin'
[0.522s] Level 1:colcon.colcon_core.environment:checking '/home/poojit/spot_ws/install/spot_gz/lib/pkgconfig/spot_gz.pc'
[0.523s] Level 1:colcon.colcon_core.environment:checking '/home/poojit/spot_ws/install/spot_gz/lib/python3.12/site-packages'
[0.523s] Level 1:colcon.colcon_core.environment:checking '/home/poojit/spot_ws/install/spot_gz/bin'
[0.523s] INFO:colcon.colcon_core.shell:Creating package script '/home/poojit/spot_ws/install/spot_gz/share/spot_gz/package.ps1'
[0.523s] INFO:colcon.colcon_core.shell:Creating package descriptor '/home/poojit/spot_ws/install/spot_gz/share/spot_gz/package.dsv'
[0.524s] INFO:colcon.colcon_core.shell:Creating package script '/home/poojit/spot_ws/install/spot_gz/share/spot_gz/package.sh'
[0.524s] INFO:colcon.colcon_core.shell:Creating package script '/home/poojit/spot_ws/install/spot_gz/share/spot_gz/package.bash'
[0.524s] INFO:colcon.colcon_core.shell:Creating package script '/home/poojit/spot_ws/install/spot_gz/share/spot_gz/package.zsh'
[0.525s] Level 1:colcon.colcon_core.environment:create_file_with_runtime_dependencies(/home/poojit/spot_ws/install/spot_gz/share/colcon-core/packages/spot_gz)
[0.525s] Level 1:colcon.colcon_core.environment:create_environment_scripts_only(spot_gz)
[0.525s] Level 1:colcon.colcon_core.environment:checking '/home/poojit/spot_ws/install/spot_gz' for CMake module files
[0.526s] Level 1:colcon.colcon_core.environment:checking '/home/poojit/spot_ws/install/spot_gz' for CMake config files
[0.526s] Level 1:colcon.colcon_core.shell:create_environment_hook('spot_gz', 'cmake_prefix_path')
[0.526s] INFO:colcon.colcon_core.shell:Creating environment hook '/home/poojit/spot_ws/install/spot_gz/share/spot_gz/hook/cmake_prefix_path.ps1'
[0.526s] INFO:colcon.colcon_core.shell:Creating environment descriptor '/home/poojit/spot_ws/install/spot_gz/share/spot_gz/hook/cmake_prefix_path.dsv'
[0.527s] INFO:colcon.colcon_core.shell:Creating environment hook '/home/poojit/spot_ws/install/spot_gz/share/spot_gz/hook/cmake_prefix_path.sh'
[0.527s] Level 1:colcon.colcon_core.environment:checking '/home/poojit/spot_ws/install/spot_gz/bin'
[0.527s] Level 1:colcon.colcon_core.environment:checking '/home/poojit/spot_ws/install/spot_gz/lib/pkgconfig/spot_gz.pc'
[0.528s] Level 1:colcon.colcon_core.environment:checking '/home/poojit/spot_ws/install/spot_gz/lib/python3.12/site-packages'
[0.528s] Level 1:colcon.colcon_core.environment:checking '/home/poojit/spot_ws/install/spot_gz/bin'
[0.528s] INFO:colcon.colcon_core.shell:Creating package script '/home/poojit/spot_ws/install/spot_gz/share/spot_gz/package.ps1'
[0.528s] INFO:colcon.colcon_core.shell:Creating package descriptor '/home/poojit/spot_ws/install/spot_gz/share/spot_gz/package.dsv'
[0.529s] INFO:colcon.colcon_core.shell:Creating package script '/home/poojit/spot_ws/install/spot_gz/share/spot_gz/package.sh'
[0.529s] INFO:colcon.colcon_core.shell:Creating package script '/home/poojit/spot_ws/install/spot_gz/share/spot_gz/package.bash'
[0.530s] INFO:colcon.colcon_core.shell:Creating package script '/home/poojit/spot_ws/install/spot_gz/share/spot_gz/package.zsh'
[0.530s] Level 1:colcon.colcon_core.environment:create_file_with_runtime_dependencies(/home/poojit/spot_ws/install/spot_gz/share/colcon-core/packages/spot_gz)
[0.530s] INFO:colcon.colcon_ros.task.ament_python.build:Building ROS package in '/home/poojit/spot_ws/src/spot_gazebo/spot_bringup' with build type 'ament_python'
[0.530s] Level 1:colcon.colcon_core.shell:create_environment_hook('spot_bringup', 'ament_prefix_path')
[0.530s] INFO:colcon.colcon_core.shell:Creating environment hook '/home/poojit/spot_ws/install/spot_bringup/share/spot_bringup/hook/ament_prefix_path.ps1'
[0.531s] INFO:colcon.colcon_core.shell:Creating environment descriptor '/home/poojit/spot_ws/install/spot_bringup/share/spot_bringup/hook/ament_prefix_path.dsv'
[0.532s] INFO:colcon.colcon_core.shell:Creating environment hook '/home/poojit/spot_ws/install/spot_bringup/share/spot_bringup/hook/ament_prefix_path.sh'
[0.532s] INFO:colcon.colcon_core.shell:Skip shell extension 'powershell' for command environment: Not usable outside of PowerShell
[0.532s] DEBUG:colcon.colcon_core.shell:Skip shell extension 'dsv' for command environment
[0.763s] INFO:colcon.colcon_core.task.python.build:Building Python package in '/home/poojit/spot_ws/src/spot_gazebo/spot_bringup'
[0.763s] INFO:colcon.colcon_core.shell:Skip shell extension 'powershell' for command environment: Not usable outside of PowerShell
[0.763s] DEBUG:colcon.colcon_core.shell:Skip shell extension 'dsv' for command environment
[0.766s] DEBUG:colcon.colcon_core.event_handler.log_command:Invoked command in '/home/poojit/spot_ws/build/champ_msgs' returned '0': CMAKE_PREFIX_PATH=${CMAKE_PREFIX_PATH}:/home/poojit/spot_ws/install/spot_bringup:/opt/ros/jazzy /usr/bin/cmake --build /home/poojit/spot_ws/build/champ_msgs -- -j12 -l12
[0.767s] DEBUG:colcon.colcon_core.event_handler.log_command:Invoking command in '/home/poojit/spot_ws/build/champ_msgs': CMAKE_PREFIX_PATH=${CMAKE_PREFIX_PATH}:/home/poojit/spot_ws/install/spot_bringup:/opt/ros/jazzy /usr/bin/cmake --install /home/poojit/spot_ws/build/champ_msgs
[0.852s] Level 1:colcon.colcon_core.environment:create_environment_scripts_only(champ_msgs)
[0.853s] Level 1:colcon.colcon_core.environment:checking '/home/poojit/spot_ws/install/champ_msgs' for CMake module files
[0.853s] DEBUG:colcon.colcon_core.event_handler.log_command:Invoked command in '/home/poojit/spot_ws/build/champ_msgs' returned '0': CMAKE_PREFIX_PATH=${CMAKE_PREFIX_PATH}:/home/poojit/spot_ws/install/spot_bringup:/opt/ros/jazzy /usr/bin/cmake --install /home/poojit/spot_ws/build/champ_msgs
[0.853s] Level 1:colcon.colcon_core.environment:checking '/home/poojit/spot_ws/install/champ_msgs' for CMake config files
[0.856s] Level 1:colcon.colcon_core.shell:create_environment_hook('champ_msgs', 'cmake_prefix_path')
[0.856s] INFO:colcon.colcon_core.shell:Creating environment hook '/home/poojit/spot_ws/install/champ_msgs/share/champ_msgs/hook/cmake_prefix_path.ps1'
[0.856s] INFO:colcon.colcon_core.shell:Creating environment descriptor '/home/poojit/spot_ws/install/champ_msgs/share/champ_msgs/hook/cmake_prefix_path.dsv'
[0.857s] INFO:colcon.colcon_core.shell:Creating environment hook '/home/poojit/spot_ws/install/champ_msgs/share/champ_msgs/hook/cmake_prefix_path.sh'
[0.857s] Level 1:colcon.colcon_core.environment:checking '/home/poojit/spot_ws/install/champ_msgs/lib'
[0.857s] Level 1:colcon.colcon_core.shell:create_environment_hook('champ_msgs', 'ld_library_path_lib')
[0.857s] INFO:colcon.colcon_core.shell:Creating environment hook '/home/poojit/spot_ws/install/champ_msgs/share/champ_msgs/hook/ld_library_path_lib.ps1'
[0.858s] INFO:colcon.colcon_core.shell:Creating environment descriptor '/home/poojit/spot_ws/install/champ_msgs/share/champ_msgs/hook/ld_library_path_lib.dsv'
[0.858s] INFO:colcon.colcon_core.shell:Creating environment hook '/home/poojit/spot_ws/install/champ_msgs/share/champ_msgs/hook/ld_library_path_lib.sh'
[0.858s] Level 1:colcon.colcon_core.environment:checking '/home/poojit/spot_ws/install/champ_msgs/bin'
[0.858s] Level 1:colcon.colcon_core.environment:checking '/home/poojit/spot_ws/install/champ_msgs/lib/pkgconfig/champ_msgs.pc'
[0.858s] Level 1:colcon.colcon_core.environment:checking '/home/poojit/spot_ws/install/champ_msgs/lib/python3.12/site-packages'
[0.858s] Level 1:colcon.colcon_core.shell:create_environment_hook('champ_msgs', 'pythonpath')
[0.859s] INFO:colcon.colcon_core.shell:Creating environment hook '/home/poojit/spot_ws/install/champ_msgs/share/champ_msgs/hook/pythonpath.ps1'
[0.859s] INFO:colcon.colcon_core.shell:Creating environment descriptor '/home/poojit/spot_ws/install/champ_msgs/share/champ_msgs/hook/pythonpath.dsv'
[0.859s] INFO:colcon.colcon_core.shell:Creating environment hook '/home/poojit/spot_ws/install/champ_msgs/share/champ_msgs/hook/pythonpath.sh'
[0.860s] Level 1:colcon.colcon_core.environment:checking '/home/poojit/spot_ws/install/champ_msgs/bin'
[0.860s] INFO:colcon.colcon_core.shell:Creating package script '/home/poojit/spot_ws/install/champ_msgs/share/champ_msgs/package.ps1'
[0.860s] INFO:colcon.colcon_core.shell:Creating package descriptor '/home/poojit/spot_ws/install/champ_msgs/share/champ_msgs/package.dsv'
[0.861s] INFO:colcon.colcon_core.shell:Creating package script '/home/poojit/spot_ws/install/champ_msgs/share/champ_msgs/package.sh'
[0.861s] INFO:colcon.colcon_core.shell:Creating package script '/home/poojit/spot_ws/install/champ_msgs/share/champ_msgs/package.bash'
[0.861s] INFO:colcon.colcon_core.shell:Creating package script '/home/poojit/spot_ws/install/champ_msgs/share/champ_msgs/package.zsh'
[0.861s] Level 1:colcon.colcon_core.environment:create_file_with_runtime_dependencies(/home/poojit/spot_ws/install/champ_msgs/share/colcon-core/packages/champ_msgs)
[0.862s] Level 1:colcon.colcon_core.environment:create_environment_scripts_only(champ_msgs)
[0.862s] Level 1:colcon.colcon_core.environment:checking '/home/poojit/spot_ws/install/champ_msgs' for CMake module files
[0.862s] Level 1:colcon.colcon_core.environment:checking '/home/poojit/spot_ws/install/champ_msgs' for CMake config files
[0.863s] Level 1:colcon.colcon_core.shell:create_environment_hook('champ_msgs', 'cmake_prefix_path')
[0.863s] INFO:colcon.colcon_core.shell:Creating environment hook '/home/poojit/spot_ws/install/champ_msgs/share/champ_msgs/hook/cmake_prefix_path.ps1'
[0.864s] INFO:colcon.colcon_core.shell:Creating environment descriptor '/home/poojit/spot_ws/install/champ_msgs/share/champ_msgs/hook/cmake_prefix_path.dsv'
[0.864s] INFO:colcon.colcon_core.shell:Creating environment hook '/home/poojit/spot_ws/install/champ_msgs/share/champ_msgs/hook/cmake_prefix_path.sh'
[0.864s] Level 1:colcon.colcon_core.environment:checking '/home/poojit/spot_ws/install/champ_msgs/lib'
[0.864s] Level 1:colcon.colcon_core.shell:create_environment_hook('champ_msgs', 'ld_library_path_lib')
[0.864s] INFO:colcon.colcon_core.shell:Creating environment hook '/home/poojit/spot_ws/install/champ_msgs/share/champ_msgs/hook/ld_library_path_lib.ps1'
[0.865s] INFO:colcon.colcon_core.shell:Creating environment descriptor '/home/poojit/spot_ws/install/champ_msgs/share/champ_msgs/hook/ld_library_path_lib.dsv'
[0.865s] INFO:colcon.colcon_core.shell:Creating environment hook '/home/poojit/spot_ws/install/champ_msgs/share/champ_msgs/hook/ld_library_path_lib.sh'
[0.865s] Level 1:colcon.colcon_core.environment:checking '/home/poojit/spot_ws/install/champ_msgs/bin'
[0.865s] Level 1:colcon.colcon_core.environment:checking '/home/poojit/spot_ws/install/champ_msgs/lib/pkgconfig/champ_msgs.pc'
[0.865s] Level 1:colcon.colcon_core.environment:checking '/home/poojit/spot_ws/install/champ_msgs/lib/python3.12/site-packages'
[0.865s] Level 1:colcon.colcon_core.shell:create_environment_hook('champ_msgs', 'pythonpath')
[0.866s] INFO:colcon.colcon_core.shell:Creating environment hook '/home/poojit/spot_ws/install/champ_msgs/share/champ_msgs/hook/pythonpath.ps1'
[0.866s] INFO:colcon.colcon_core.shell:Creating environment descriptor '/home/poojit/spot_ws/install/champ_msgs/share/champ_msgs/hook/pythonpath.dsv'
[0.866s] INFO:colcon.colcon_core.shell:Creating environment hook '/home/poojit/spot_ws/install/champ_msgs/share/champ_msgs/hook/pythonpath.sh'
[0.866s] Level 1:colcon.colcon_core.environment:checking '/home/poojit/spot_ws/install/champ_msgs/bin'
[0.867s] INFO:colcon.colcon_core.shell:Creating package script '/home/poojit/spot_ws/install/champ_msgs/share/champ_msgs/package.ps1'
[0.867s] INFO:colcon.colcon_core.shell:Creating package descriptor '/home/poojit/spot_ws/install/champ_msgs/share/champ_msgs/package.dsv'
[0.868s] INFO:colcon.colcon_core.shell:Creating package script '/home/poojit/spot_ws/install/champ_msgs/share/champ_msgs/package.sh'
[0.868s] INFO:colcon.colcon_core.shell:Creating package script '/home/poojit/spot_ws/install/champ_msgs/share/champ_msgs/package.bash'
[0.868s] INFO:colcon.colcon_core.shell:Creating package script '/home/poojit/spot_ws/install/champ_msgs/share/champ_msgs/package.zsh'
[0.869s] Level 1:colcon.colcon_core.environment:create_file_with_runtime_dependencies(/home/poojit/spot_ws/install/champ_msgs/share/colcon-core/packages/champ_msgs)
[0.869s] INFO:colcon.colcon_ros.task.ament_cmake.build:Building ROS package in '/home/poojit/spot_ws/src/spot_gazebo/champ_base' with build type 'ament_cmake'
[0.869s] INFO:colcon.colcon_cmake.task.cmake.build:Building CMake package in '/home/poojit/spot_ws/src/spot_gazebo/champ_base'
[0.869s] INFO:colcon.colcon_core.shell:Skip shell extension 'powershell' for command environment: Not usable outside of PowerShell
[0.869s] DEBUG:colcon.colcon_core.shell:Skip shell extension 'dsv' for command environment
[0.878s] DEBUG:colcon.colcon_core.event_handler.log_command:Invoking command in '/home/poojit/spot_ws/build/champ_base': AMENT_PREFIX_PATH=/home/poojit/spot_ws/install/champ_msgs:/home/poojit/spot_ws/install/champ:${AMENT_PREFIX_PATH} CMAKE_PREFIX_PATH=/home/poojit/spot_ws/install/champ_msgs:/home/poojit/spot_ws/install/champ:/home/poojit/spot_ws/install/spot_gz:/home/poojit/spot_ws/install/spot_description:/opt/ros/jazzy/opt/gz_sim_vendor:/opt/ros/jazzy/opt/gz_sensors_vendor:/opt/ros/jazzy/opt/gz_physics_vendor:/opt/ros/jazzy/opt/sdformat_vendor:/opt/ros/jazzy/opt/gz_gui_vendor:/opt/ros/jazzy/opt/gz_transport_vendor:/opt/ros/jazzy/opt/gz_rendering_vendor:/opt/ros/jazzy/opt/gz_plugin_vendor:/opt/ros/jazzy/opt/gz_fuel_tools_vendor:/opt/ros/jazzy/opt/gz_msgs_vendor:/opt/ros/jazzy/opt/gz_common_vendor:/opt/ros/jazzy/opt/gz_math_vendor:/opt/ros/jazzy/opt/gz_utils_vendor:/opt/ros/jazzy/opt/gz_tools_vendor:/opt/ros/jazzy/opt/gz_ogre_next_vendor:/opt/ros/jazzy/opt/gz_dartsim_vendor:/opt/ros/jazzy/opt/gz_cmake_vendor:/home/poojit/spot_ws/install/spot_bringup:/opt/ros/jazzy LD_LIBRARY_PATH=/home/poojit/spot_ws/install/champ_msgs/lib:${LD_LIBRARY_PATH} PYTHONPATH=/home/poojit/spot_ws/install/champ_msgs/lib/python3.12/site-packages:${PYTHONPATH} /usr/bin/cmake --build /home/poojit/spot_ws/build/champ_base -- -j12 -l12
[0.962s] DEBUG:colcon.colcon_core.event_handler.log_command:Invoked command in '/home/poojit/spot_ws/build/champ_base' returned '0': AMENT_PREFIX_PATH=/home/poojit/spot_ws/install/champ_msgs:/home/poojit/spot_ws/install/champ:${AMENT_PREFIX_PATH} CMAKE_PREFIX_PATH=/home/poojit/spot_ws/install/champ_msgs:/home/poojit/spot_ws/install/champ:/home/poojit/spot_ws/install/spot_gz:/home/poojit/spot_ws/install/spot_description:/opt/ros/jazzy/opt/gz_sim_vendor:/opt/ros/jazzy/opt/gz_sensors_vendor:/opt/ros/jazzy/opt/gz_physics_vendor:/opt/ros/jazzy/opt/sdformat_vendor:/opt/ros/jazzy/opt/gz_gui_vendor:/opt/ros/jazzy/opt/gz_transport_vendor:/opt/ros/jazzy/opt/gz_rendering_vendor:/opt/ros/jazzy/opt/gz_plugin_vendor:/opt/ros/jazzy/opt/gz_fuel_tools_vendor:/opt/ros/jazzy/opt/gz_msgs_vendor:/opt/ros/jazzy/opt/gz_common_vendor:/opt/ros/jazzy/opt/gz_math_vendor:/opt/ros/jazzy/opt/gz_utils_vendor:/opt/ros/jazzy/opt/gz_tools_vendor:/opt/ros/jazzy/opt/gz_ogre_next_vendor:/opt/ros/jazzy/opt/gz_dartsim_vendor:/opt/ros/jazzy/opt/gz_cmake_vendor:/home/poojit/spot_ws/install/spot_bringup:/opt/ros/jazzy LD_LIBRARY_PATH=/home/poojit/spot_ws/install/champ_msgs/lib:${LD_LIBRARY_PATH} PYTHONPATH=/home/poojit/spot_ws/install/champ_msgs/lib/python3.12/site-packages:${PYTHONPATH} /usr/bin/cmake --build /home/poojit/spot_ws/build/champ_base -- -j12 -l12
[0.963s] DEBUG:colcon.colcon_core.event_handler.log_command:Invoking command in '/home/poojit/spot_ws/build/champ_base': AMENT_PREFIX_PATH=/home/poojit/spot_ws/install/champ_msgs:/home/poojit/spot_ws/install/champ:${AMENT_PREFIX_PATH} CMAKE_PREFIX_PATH=/home/poojit/spot_ws/install/champ_msgs:/home/poojit/spot_ws/install/champ:/home/poojit/spot_ws/install/spot_gz:/home/poojit/spot_ws/install/spot_description:/opt/ros/jazzy/opt/gz_sim_vendor:/opt/ros/jazzy/opt/gz_sensors_vendor:/opt/ros/jazzy/opt/gz_physics_vendor:/opt/ros/jazzy/opt/sdformat_vendor:/opt/ros/jazzy/opt/gz_gui_vendor:/opt/ros/jazzy/opt/gz_transport_vendor:/opt/ros/jazzy/opt/gz_rendering_vendor:/opt/ros/jazzy/opt/gz_plugin_vendor:/opt/ros/jazzy/opt/gz_fuel_tools_vendor:/opt/ros/jazzy/opt/gz_msgs_vendor:/opt/ros/jazzy/opt/gz_common_vendor:/opt/ros/jazzy/opt/gz_math_vendor:/opt/ros/jazzy/opt/gz_utils_vendor:/opt/ros/jazzy/opt/gz_tools_vendor:/opt/ros/jazzy/opt/gz_ogre_next_vendor:/opt/ros/jazzy/opt/gz_dartsim_vendor:/opt/ros/jazzy/opt/gz_cmake_vendor:/home/poojit/spot_ws/install/spot_bringup:/opt/ros/jazzy LD_LIBRARY_PATH=/home/poojit/spot_ws/install/champ_msgs/lib:${LD_LIBRARY_PATH} PYTHONPATH=/home/poojit/spot_ws/install/champ_msgs/lib/python3.12/site-packages:${PYTHONPATH} /usr/bin/cmake --install /home/poojit/spot_ws/build/champ_base
[0.983s] Level 1:colcon.colcon_core.environment:create_environment_scripts_only(champ_base)
[0.984s] Level 1:colcon.colcon_core.environment:checking '/home/poojit/spot_ws/install/champ_base' for CMake module files
[0.984s] DEBUG:colcon.colcon_core.event_handler.log_command:Invoked command in '/home/poojit/spot_ws/build/champ_base' returned '0': AMENT_PREFIX_PATH=/home/poojit/spot_ws/install/champ_msgs:/home/poojit/spot_ws/install/champ:${AMENT_PREFIX_PATH} CMAKE_PREFIX_PATH=/home/poojit/spot_ws/install/champ_msgs:/home/poojit/spot_ws/install/champ:/home/poojit/spot_ws/install/spot_gz:/home/poojit/spot_ws/install/spot_description:/opt/ros/jazzy/opt/gz_sim_vendor:/opt/ros/jazzy/opt/gz_sensors_vendor:/opt/ros/jazzy/opt/gz_physics_vendor:/opt/ros/jazzy/opt/sdformat_vendor:/opt/ros/jazzy/opt/gz_gui_vendor:/opt/ros/jazzy/opt/gz_transport_vendor:/opt/ros/jazzy/opt/gz_rendering_vendor:/opt/ros/jazzy/opt/gz_plugin_vendor:/opt/ros/jazzy/opt/gz_fuel_tools_vendor:/opt/ros/jazzy/opt/gz_msgs_vendor:/opt/ros/jazzy/opt/gz_common_vendor:/opt/ros/jazzy/opt/gz_math_vendor:/opt/ros/jazzy/opt/gz_utils_vendor:/opt/ros/jazzy/opt/gz_tools_vendor:/opt/ros/jazzy/opt/gz_ogre_next_vendor:/opt/ros/jazzy/opt/gz_dartsim_vendor:/opt/ros/jazzy/opt/gz_cmake_vendor:/home/poojit/spot_ws/install/spot_bringup:/opt/ros/jazzy LD_LIBRARY_PATH=/home/poojit/spot_ws/install/champ_msgs/lib:${LD_LIBRARY_PATH} PYTHONPATH=/home/poojit/spot_ws/install/champ_msgs/lib/python3.12/site-packages:${PYTHONPATH} /usr/bin/cmake --install /home/poojit/spot_ws/build/champ_base
[0.984s] Level 1:colcon.colcon_core.environment:checking '/home/poojit/spot_ws/install/champ_base' for CMake config files
[0.986s] Level 1:colcon.colcon_core.shell:create_environment_hook('champ_base', 'cmake_prefix_path')
[0.986s] INFO:colcon.colcon_core.shell:Creating environment hook '/home/poojit/spot_ws/install/champ_base/share/champ_base/hook/cmake_prefix_path.ps1'
[0.986s] INFO:colcon.colcon_core.shell:Creating environment descriptor '/home/poojit/spot_ws/install/champ_base/share/champ_base/hook/cmake_prefix_path.dsv'
[0.986s] INFO:colcon.colcon_core.shell:Creating environment hook '/home/poojit/spot_ws/install/champ_base/share/champ_base/hook/cmake_prefix_path.sh'
[0.987s] Level 1:colcon.colcon_core.environment:checking '/home/poojit/spot_ws/install/champ_base/lib'
[0.987s] Level 1:colcon.colcon_core.shell:create_environment_hook('champ_base', 'ld_library_path_lib')
[0.987s] INFO:colcon.colcon_core.shell:Creating environment hook '/home/poojit/spot_ws/install/champ_base/share/champ_base/hook/ld_library_path_lib.ps1'
[0.987s] INFO:colcon.colcon_core.shell:Creating environment descriptor '/home/poojit/spot_ws/install/champ_base/share/champ_base/hook/ld_library_path_lib.dsv'
[0.988s] INFO:colcon.colcon_core.shell:Creating environment hook '/home/poojit/spot_ws/install/champ_base/share/champ_base/hook/ld_library_path_lib.sh'
[0.988s] Level 1:colcon.colcon_core.environment:checking '/home/poojit/spot_ws/install/champ_base/bin'
[0.988s] Level 1:colcon.colcon_core.shell:create_environment_hook('champ_base', 'path')
[0.988s] INFO:colcon.colcon_core.shell:Creating environment hook '/home/poojit/spot_ws/install/champ_base/share/champ_base/hook/path.ps1'
[0.988s] INFO:colcon.colcon_core.shell:Creating environment descriptor '/home/poojit/spot_ws/install/champ_base/share/champ_base/hook/path.dsv'
[0.989s] INFO:colcon.colcon_core.shell:Creating environment hook '/home/poojit/spot_ws/install/champ_base/share/champ_base/hook/path.sh'
[0.989s] Level 1:colcon.colcon_core.environment:checking '/home/poojit/spot_ws/install/champ_base/lib/pkgconfig/champ_base.pc'
[0.989s] Level 1:colcon.colcon_core.environment:checking '/home/poojit/spot_ws/install/champ_base/lib/python3.12/site-packages'
[0.989s] Level 1:colcon.colcon_core.environment:checking '/home/poojit/spot_ws/install/champ_base/bin'
[0.989s] Level 1:colcon.colcon_core.shell:create_environment_hook('champ_base', 'pythonscriptspath')
[0.990s] INFO:colcon.colcon_core.shell:Creating environment hook '/home/poojit/spot_ws/install/champ_base/share/champ_base/hook/pythonscriptspath.ps1'
[0.990s] INFO:colcon.colcon_core.shell:Creating environment descriptor '/home/poojit/spot_ws/install/champ_base/share/champ_base/hook/pythonscriptspath.dsv'
[0.990s] INFO:colcon.colcon_core.shell:Creating environment hook '/home/poojit/spot_ws/install/champ_base/share/champ_base/hook/pythonscriptspath.sh'
[0.991s] INFO:colcon.colcon_core.shell:Creating package script '/home/poojit/spot_ws/install/champ_base/share/champ_base/package.ps1'
[0.991s] INFO:colcon.colcon_core.shell:Creating package descriptor '/home/poojit/spot_ws/install/champ_base/share/champ_base/package.dsv'
[0.991s] INFO:colcon.colcon_core.shell:Creating package script '/home/poojit/spot_ws/install/champ_base/share/champ_base/package.sh'
[0.992s] INFO:colcon.colcon_core.shell:Creating package script '/home/poojit/spot_ws/install/champ_base/share/champ_base/package.bash'
[0.992s] INFO:colcon.colcon_core.shell:Creating package script '/home/poojit/spot_ws/install/champ_base/share/champ_base/package.zsh'
[0.992s] Level 1:colcon.colcon_core.environment:create_file_with_runtime_dependencies(/home/poojit/spot_ws/install/champ_base/share/colcon-core/packages/champ_base)
[0.993s] Level 1:colcon.colcon_core.environment:create_environment_scripts_only(champ_base)
[0.993s] Level 1:colcon.colcon_core.environment:checking '/home/poojit/spot_ws/install/champ_base' for CMake module files
[0.993s] Level 1:colcon.colcon_core.environment:checking '/home/poojit/spot_ws/install/champ_base' for CMake config files
[0.994s] Level 1:colcon.colcon_core.shell:create_environment_hook('champ_base', 'cmake_prefix_path')
[0.994s] INFO:colcon.colcon_core.shell:Creating environment hook '/home/poojit/spot_ws/install/champ_base/share/champ_base/hook/cmake_prefix_path.ps1'
[0.994s] INFO:colcon.colcon_core.shell:Creating environment descriptor '/home/poojit/spot_ws/install/champ_base/share/champ_base/hook/cmake_prefix_path.dsv'
[0.994s] INFO:colcon.colcon_core.shell:Creating environment hook '/home/poojit/spot_ws/install/champ_base/share/champ_base/hook/cmake_prefix_path.sh'
[0.995s] Level 1:colcon.colcon_core.environment:checking '/home/poojit/spot_ws/install/champ_base/lib'
[0.995s] Level 1:colcon.colcon_core.shell:create_environment_hook('champ_base', 'ld_library_path_lib')
[0.995s] INFO:colcon.colcon_core.shell:Creating environment hook '/home/poojit/spot_ws/install/champ_base/share/champ_base/hook/ld_library_path_lib.ps1'
[0.995s] INFO:colcon.colcon_core.shell:Creating environment descriptor '/home/poojit/spot_ws/install/champ_base/share/champ_base/hook/ld_library_path_lib.dsv'
[0.995s] INFO:colcon.colcon_core.shell:Creating environment hook '/home/poojit/spot_ws/install/champ_base/share/champ_base/hook/ld_library_path_lib.sh'
[0.996s] Level 1:colcon.colcon_core.environment:checking '/home/poojit/spot_ws/install/champ_base/bin'
[0.996s] Level 1:colcon.colcon_core.shell:create_environment_hook('champ_base', 'path')
[0.996s] INFO:colcon.colcon_core.shell:Creating environment hook '/home/poojit/spot_ws/install/champ_base/share/champ_base/hook/path.ps1'
[0.996s] INFO:colcon.colcon_core.shell:Creating environment descriptor '/home/poojit/spot_ws/install/champ_base/share/champ_base/hook/path.dsv'
[0.996s] INFO:colcon.colcon_core.shell:Creating environment hook '/home/poojit/spot_ws/install/champ_base/share/champ_base/hook/path.sh'
[0.997s] Level 1:colcon.colcon_core.environment:checking '/home/poojit/spot_ws/install/champ_base/lib/pkgconfig/champ_base.pc'
[0.997s] Level 1:colcon.colcon_core.environment:checking '/home/poojit/spot_ws/install/champ_base/lib/python3.12/site-packages'
[0.997s] Level 1:colcon.colcon_core.environment:checking '/home/poojit/spot_ws/install/champ_base/bin'
[0.997s] Level 1:colcon.colcon_core.shell:create_environment_hook('champ_base', 'pythonscriptspath')
[0.997s] INFO:colcon.colcon_core.shell:Creating environment hook '/home/poojit/spot_ws/install/champ_base/share/champ_base/hook/pythonscriptspath.ps1'
[0.997s] INFO:colcon.colcon_core.shell:Creating environment descriptor '/home/poojit/spot_ws/install/champ_base/share/champ_base/hook/pythonscriptspath.dsv'
[0.998s] INFO:colcon.colcon_core.shell:Creating environment hook '/home/poojit/spot_ws/install/champ_base/share/champ_base/hook/pythonscriptspath.sh'
[0.998s] INFO:colcon.colcon_core.shell:Creating package script '/home/poojit/spot_ws/install/champ_base/share/champ_base/package.ps1'
[0.999s] INFO:colcon.colcon_core.shell:Creating package descriptor '/home/poojit/spot_ws/install/champ_base/share/champ_base/package.dsv'
[0.999s] INFO:colcon.colcon_core.shell:Creating package script '/home/poojit/spot_ws/install/champ_base/share/champ_base/package.sh'
[1.000s] INFO:colcon.colcon_core.shell:Creating package script '/home/poojit/spot_ws/install/champ_base/share/champ_base/package.bash'
[1.000s] INFO:colcon.colcon_core.shell:Creating package script '/home/poojit/spot_ws/install/champ_base/share/champ_base/package.zsh'
[1.000s] Level 1:colcon.colcon_core.environment:create_file_with_runtime_dependencies(/home/poojit/spot_ws/install/champ_base/share/colcon-core/packages/champ_base)
[1.000s] INFO:colcon.colcon_ros.task.ament_cmake.build:Building ROS package in '/home/poojit/spot_ws/src/spot_gazebo/champ_config' with build type 'ament_cmake'
[1.000s] INFO:colcon.colcon_cmake.task.cmake.build:Building CMake package in '/home/poojit/spot_ws/src/spot_gazebo/champ_config'
[1.000s] INFO:colcon.colcon_core.shell:Skip shell extension 'powershell' for command environment: Not usable outside of PowerShell
[1.001s] DEBUG:colcon.colcon_core.shell:Skip shell extension 'dsv' for command environment
[1.010s] DEBUG:colcon.colcon_core.event_handler.log_command:Invoking command in '/home/poojit/spot_ws/build/champ_config': AMENT_PREFIX_PATH=/home/poojit/spot_ws/install/champ_base:/home/poojit/spot_ws/install/champ_msgs:/home/poojit/spot_ws/install/champ:${AMENT_PREFIX_PATH} CMAKE_PREFIX_PATH=/home/poojit/spot_ws/install/champ_base:/home/poojit/spot_ws/install/champ_msgs:/home/poojit/spot_ws/install/champ:/home/poojit/spot_ws/install/spot_gz:/home/poojit/spot_ws/install/spot_description:/opt/ros/jazzy/opt/gz_sim_vendor:/opt/ros/jazzy/opt/gz_sensors_vendor:/opt/ros/jazzy/opt/gz_physics_vendor:/opt/ros/jazzy/opt/sdformat_vendor:/opt/ros/jazzy/opt/gz_gui_vendor:/opt/ros/jazzy/opt/gz_transport_vendor:/opt/ros/jazzy/opt/gz_rendering_vendor:/opt/ros/jazzy/opt/gz_plugin_vendor:/opt/ros/jazzy/opt/gz_fuel_tools_vendor:/opt/ros/jazzy/opt/gz_msgs_vendor:/opt/ros/jazzy/opt/gz_common_vendor:/opt/ros/jazzy/opt/gz_math_vendor:/opt/ros/jazzy/opt/gz_utils_vendor:/opt/ros/jazzy/opt/gz_tools_vendor:/opt/ros/jazzy/opt/gz_ogre_next_vendor:/opt/ros/jazzy/opt/gz_dartsim_vendor:/opt/ros/jazzy/opt/gz_cmake_vendor:/home/poojit/spot_ws/install/spot_bringup:/opt/ros/jazzy LD_LIBRARY_PATH=/home/poojit/spot_ws/install/champ_base/lib:/home/poojit/spot_ws/install/champ_msgs/lib:${LD_LIBRARY_PATH} PATH=/home/poojit/spot_ws/install/champ_base/bin:${PATH} PYTHONPATH=/home/poojit/spot_ws/install/champ_msgs/lib/python3.12/site-packages:${PYTHONPATH} /usr/bin/cmake --build /home/poojit/spot_ws/build/champ_config -- -j12 -l12
[1.039s] DEBUG:colcon.colcon_core.event_handler.log_command:Invoked command in '/home/poojit/spot_ws/build/champ_config' returned '0': AMENT_PREFIX_PATH=/home/poojit/spot_ws/install/champ_base:/home/poojit/spot_ws/install/champ_msgs:/home/poojit/spot_ws/install/champ:${AMENT_PREFIX_PATH} CMAKE_PREFIX_PATH=/home/poojit/spot_ws/install/champ_base:/home/poojit/spot_ws/install/champ_msgs:/home/poojit/spot_ws/install/champ:/home/poojit/spot_ws/install/spot_gz:/home/poojit/spot_ws/install/spot_description:/opt/ros/jazzy/opt/gz_sim_vendor:/opt/ros/jazzy/opt/gz_sensors_vendor:/opt/ros/jazzy/opt/gz_physics_vendor:/opt/ros/jazzy/opt/sdformat_vendor:/opt/ros/jazzy/opt/gz_gui_vendor:/opt/ros/jazzy/opt/gz_transport_vendor:/opt/ros/jazzy/opt/gz_rendering_vendor:/opt/ros/jazzy/opt/gz_plugin_vendor:/opt/ros/jazzy/opt/gz_fuel_tools_vendor:/opt/ros/jazzy/opt/gz_msgs_vendor:/opt/ros/jazzy/opt/gz_common_vendor:/opt/ros/jazzy/opt/gz_math_vendor:/opt/ros/jazzy/opt/gz_utils_vendor:/opt/ros/jazzy/opt/gz_tools_vendor:/opt/ros/jazzy/opt/gz_ogre_next_vendor:/opt/ros/jazzy/opt/gz_dartsim_vendor:/opt/ros/jazzy/opt/gz_cmake_vendor:/home/poojit/spot_ws/install/spot_bringup:/opt/ros/jazzy LD_LIBRARY_PATH=/home/poojit/spot_ws/install/champ_base/lib:/home/poojit/spot_ws/install/champ_msgs/lib:${LD_LIBRARY_PATH} PATH=/home/poojit/spot_ws/install/champ_base/bin:${PATH} PYTHONPATH=/home/poojit/spot_ws/install/champ_msgs/lib/python3.12/site-packages:${PYTHONPATH} /usr/bin/cmake --build /home/poojit/spot_ws/build/champ_config -- -j12 -l12
[1.040s] DEBUG:colcon.colcon_core.event_handler.log_command:Invoking command in '/home/poojit/spot_ws/build/champ_config': AMENT_PREFIX_PATH=/home/poojit/spot_ws/install/champ_base:/home/poojit/spot_ws/install/champ_msgs:/home/poojit/spot_ws/install/champ:${AMENT_PREFIX_PATH} CMAKE_PREFIX_PATH=/home/poojit/spot_ws/install/champ_base:/home/poojit/spot_ws/install/champ_msgs:/home/poojit/spot_ws/install/champ:/home/poojit/spot_ws/install/spot_gz:/home/poojit/spot_ws/install/spot_description:/opt/ros/jazzy/opt/gz_sim_vendor:/opt/ros/jazzy/opt/gz_sensors_vendor:/opt/ros/jazzy/opt/gz_physics_vendor:/opt/ros/jazzy/opt/sdformat_vendor:/opt/ros/jazzy/opt/gz_gui_vendor:/opt/ros/jazzy/opt/gz_transport_vendor:/opt/ros/jazzy/opt/gz_rendering_vendor:/opt/ros/jazzy/opt/gz_plugin_vendor:/opt/ros/jazzy/opt/gz_fuel_tools_vendor:/opt/ros/jazzy/opt/gz_msgs_vendor:/opt/ros/jazzy/opt/gz_common_vendor:/opt/ros/jazzy/opt/gz_math_vendor:/opt/ros/jazzy/opt/gz_utils_vendor:/opt/ros/jazzy/opt/gz_tools_vendor:/opt/ros/jazzy/opt/gz_ogre_next_vendor:/opt/ros/jazzy/opt/gz_dartsim_vendor:/opt/ros/jazzy/opt/gz_cmake_vendor:/home/poojit/spot_ws/install/spot_bringup:/opt/ros/jazzy LD_LIBRARY_PATH=/home/poojit/spot_ws/install/champ_base/lib:/home/poojit/spot_ws/install/champ_msgs/lib:${LD_LIBRARY_PATH} PATH=/home/poojit/spot_ws/install/champ_base/bin:${PATH} PYTHONPATH=/home/poojit/spot_ws/install/champ_msgs/lib/python3.12/site-packages:${PYTHONPATH} /usr/bin/cmake --install /home/poojit/spot_ws/build/champ_config
[1.057s] Level 1:colcon.colcon_core.environment:create_environment_scripts_only(champ_config)
[1.058s] Level 1:colcon.colcon_core.environment:checking '/home/poojit/spot_ws/install/champ_config' for CMake module files
[1.058s] DEBUG:colcon.colcon_core.event_handler.log_command:Invoked command in '/home/poojit/spot_ws/build/champ_config' returned '0': AMENT_PREFIX_PATH=/home/poojit/spot_ws/install/champ_base:/home/poojit/spot_ws/install/champ_msgs:/home/poojit/spot_ws/install/champ:${AMENT_PREFIX_PATH} CMAKE_PREFIX_PATH=/home/poojit/spot_ws/install/champ_base:/home/poojit/spot_ws/install/champ_msgs:/home/poojit/spot_ws/install/champ:/home/poojit/spot_ws/install/spot_gz:/home/poojit/spot_ws/install/spot_description:/opt/ros/jazzy/opt/gz_sim_vendor:/opt/ros/jazzy/opt/gz_sensors_vendor:/opt/ros/jazzy/opt/gz_physics_vendor:/opt/ros/jazzy/opt/sdformat_vendor:/opt/ros/jazzy/opt/gz_gui_vendor:/opt/ros/jazzy/opt/gz_transport_vendor:/opt/ros/jazzy/opt/gz_rendering_vendor:/opt/ros/jazzy/opt/gz_plugin_vendor:/opt/ros/jazzy/opt/gz_fuel_tools_vendor:/opt/ros/jazzy/opt/gz_msgs_vendor:/opt/ros/jazzy/opt/gz_common_vendor:/opt/ros/jazzy/opt/gz_math_vendor:/opt/ros/jazzy/opt/gz_utils_vendor:/opt/ros/jazzy/opt/gz_tools_vendor:/opt/ros/jazzy/opt/gz_ogre_next_vendor:/opt/ros/jazzy/opt/gz_dartsim_vendor:/opt/ros/jazzy/opt/gz_cmake_vendor:/home/poojit/spot_ws/install/spot_bringup:/opt/ros/jazzy LD_LIBRARY_PATH=/home/poojit/spot_ws/install/champ_base/lib:/home/poojit/spot_ws/install/champ_msgs/lib:${LD_LIBRARY_PATH} PATH=/home/poojit/spot_ws/install/champ_base/bin:${PATH} PYTHONPATH=/home/poojit/spot_ws/install/champ_msgs/lib/python3.12/site-packages:${PYTHONPATH} /usr/bin/cmake --install /home/poojit/spot_ws/build/champ_config
[1.058s] Level 1:colcon.colcon_core.environment:checking '/home/poojit/spot_ws/install/champ_config' for CMake config files
[1.059s] Level 1:colcon.colcon_core.shell:create_environment_hook('champ_config', 'cmake_prefix_path')
[1.059s] INFO:colcon.colcon_core.shell:Creating environment hook '/home/poojit/spot_ws/install/champ_config/share/champ_config/hook/cmake_prefix_path.ps1'
[1.059s] INFO:colcon.colcon_core.shell:Creating environment descriptor '/home/poojit/spot_ws/install/champ_config/share/champ_config/hook/cmake_prefix_path.dsv'
[1.060s] INFO:colcon.colcon_core.shell:Creating environment hook '/home/poojit/spot_ws/install/champ_config/share/champ_config/hook/cmake_prefix_path.sh'
[1.060s] Level 1:colcon.colcon_core.environment:checking '/home/poojit/spot_ws/install/champ_config/bin'
[1.060s] Level 1:colcon.colcon_core.environment:checking '/home/poojit/spot_ws/install/champ_config/lib/pkgconfig/champ_config.pc'
[1.060s] Level 1:colcon.colcon_core.environment:checking '/home/poojit/spot_ws/install/champ_config/lib/python3.12/site-packages'
[1.060s] Level 1:colcon.colcon_core.environment:checking '/home/poojit/spot_ws/install/champ_config/bin'
[1.061s] INFO:colcon.colcon_core.shell:Creating package script '/home/poojit/spot_ws/install/champ_config/share/champ_config/package.ps1'
[1.061s] INFO:colcon.colcon_core.shell:Creating package descriptor '/home/poojit/spot_ws/install/champ_config/share/champ_config/package.dsv'
[1.061s] INFO:colcon.colcon_core.shell:Creating package script '/home/poojit/spot_ws/install/champ_config/share/champ_config/package.sh'
[1.061s] INFO:colcon.colcon_core.shell:Creating package script '/home/poojit/spot_ws/install/champ_config/share/champ_config/package.bash'
[1.062s] INFO:colcon.colcon_core.shell:Creating package script '/home/poojit/spot_ws/install/champ_config/share/champ_config/package.zsh'
[1.062s] Level 1:colcon.colcon_core.environment:create_file_with_runtime_dependencies(/home/poojit/spot_ws/install/champ_config/share/colcon-core/packages/champ_config)
[1.062s] Level 1:colcon.colcon_core.environment:create_environment_scripts_only(champ_config)
[1.062s] Level 1:colcon.colcon_core.environment:checking '/home/poojit/spot_ws/install/champ_config' for CMake module files
[1.063s] Level 1:colcon.colcon_core.environment:checking '/home/poojit/spot_ws/install/champ_config' for CMake config files
[1.063s] Level 1:colcon.colcon_core.shell:create_environment_hook('champ_config', 'cmake_prefix_path')
[1.063s] INFO:colcon.colcon_core.shell:Creating environment hook '/home/poojit/spot_ws/install/champ_config/share/champ_config/hook/cmake_prefix_path.ps1'
[1.063s] INFO:colcon.colcon_core.shell:Creating environment descriptor '/home/poojit/spot_ws/install/champ_config/share/champ_config/hook/cmake_prefix_path.dsv'
[1.064s] INFO:colcon.colcon_core.shell:Creating environment hook '/home/poojit/spot_ws/install/champ_config/share/champ_config/hook/cmake_prefix_path.sh'
[1.064s] Level 1:colcon.colcon_core.environment:checking '/home/poojit/spot_ws/install/champ_config/bin'
[1.064s] Level 1:colcon.colcon_core.environment:checking '/home/poojit/spot_ws/install/champ_config/lib/pkgconfig/champ_config.pc'
[1.064s] Level 1:colcon.colcon_core.environment:checking '/home/poojit/spot_ws/install/champ_config/lib/python3.12/site-packages'
[1.064s] Level 1:colcon.colcon_core.environment:checking '/home/poojit/spot_ws/install/champ_config/bin'
[1.065s] INFO:colcon.colcon_core.shell:Creating package script '/home/poojit/spot_ws/install/champ_config/share/champ_config/package.ps1'
[1.065s] INFO:colcon.colcon_core.shell:Creating package descriptor '/home/poojit/spot_ws/install/champ_config/share/champ_config/package.dsv'
[1.065s] INFO:colcon.colcon_core.shell:Creating package script '/home/poojit/spot_ws/install/champ_config/share/champ_config/package.sh'
[1.066s] INFO:colcon.colcon_core.shell:Creating package script '/home/poojit/spot_ws/install/champ_config/share/champ_config/package.bash'
[1.066s] INFO:colcon.colcon_core.shell:Creating package script '/home/poojit/spot_ws/install/champ_config/share/champ_config/package.zsh'
[1.066s] Level 1:colcon.colcon_core.environment:create_file_with_runtime_dependencies(/home/poojit/spot_ws/install/champ_config/share/colcon-core/packages/champ_config)
[1.430s] DEBUG:colcon.colcon_core.event_handler.log_command:Invoking command in '/home/poojit/spot_ws/build/spot_bringup': GZ_SIM_PLUGIN_PATH=/home/poojit/spot_ws/install/spot_gz/lib/spot_gz GZ_SIM_RESOURCE_PATH=/home/poojit/spot_ws/install/spot_description/share/spot_description/models:${GZ_SIM_RESOURCE_PATH} PYTHONPATH=/home/poojit/spot_ws/build/spot_bringup/prefix_override:/usr/lib/python3/dist-packages/colcon_core/task/python/colcon_distutils_commands:/home/poojit/spot_ws/install/spot_bringup/lib/python3.12/site-packages:${PYTHONPATH} /usr/bin/python3 -W ignore:setup.py install is deprecated -W ignore:easy_install command is deprecated setup.py develop --editable --build-directory /home/poojit/spot_ws/build/spot_bringup/build --no-deps symlink_data
[1.957s] Level 1:colcon.colcon_core.shell:create_environment_hook('spot_bringup', 'pythonpath_develop')
[1.957s] INFO:colcon.colcon_core.shell:Creating environment hook '/home/poojit/spot_ws/build/spot_bringup/share/spot_bringup/hook/pythonpath_develop.ps1'
[1.958s] DEBUG:colcon.colcon_core.event_handler.log_command:Invoked command in '/home/poojit/spot_ws/build/spot_bringup' returned '0': GZ_SIM_PLUGIN_PATH=/home/poojit/spot_ws/install/spot_gz/lib/spot_gz GZ_SIM_RESOURCE_PATH=/home/poojit/spot_ws/install/spot_description/share/spot_description/models:${GZ_SIM_RESOURCE_PATH} PYTHONPATH=/home/poojit/spot_ws/build/spot_bringup/prefix_override:/usr/lib/python3/dist-packages/colcon_core/task/python/colcon_distutils_commands:/home/poojit/spot_ws/install/spot_bringup/lib/python3.12/site-packages:${PYTHONPATH} /usr/bin/python3 -W ignore:setup.py install is deprecated -W ignore:easy_install command is deprecated setup.py develop --editable --build-directory /home/poojit/spot_ws/build/spot_bringup/build --no-deps symlink_data
[1.958s] INFO:colcon.colcon_core.shell:Creating environment descriptor '/home/poojit/spot_ws/build/spot_bringup/share/spot_bringup/hook/pythonpath_develop.dsv'
[1.958s] INFO:colcon.colcon_core.shell:Creating environment hook '/home/poojit/spot_ws/build/spot_bringup/share/spot_bringup/hook/pythonpath_develop.sh'
[1.959s] Level 1:colcon.colcon_core.environment:checking '/home/poojit/spot_ws/install/spot_bringup' for CMake module files
[1.959s] Level 1:colcon.colcon_core.environment:checking '/home/poojit/spot_ws/install/spot_bringup' for CMake config files
[1.961s] Level 1:colcon.colcon_core.environment:checking '/home/poojit/spot_ws/install/spot_bringup/lib'
[1.961s] Level 1:colcon.colcon_core.environment:checking '/home/poojit/spot_ws/install/spot_bringup/bin'
[1.961s] Level 1:colcon.colcon_core.environment:checking '/home/poojit/spot_ws/install/spot_bringup/lib/pkgconfig/spot_bringup.pc'
[1.961s] Level 1:colcon.colcon_core.environment:checking '/home/poojit/spot_ws/install/spot_bringup/lib/python3.12/site-packages'
[1.961s] Level 1:colcon.colcon_core.shell:create_environment_hook('spot_bringup', 'pythonpath')
[1.961s] INFO:colcon.colcon_core.shell:Creating environment hook '/home/poojit/spot_ws/install/spot_bringup/share/spot_bringup/hook/pythonpath.ps1'
[1.961s] INFO:colcon.colcon_core.shell:Creating environment descriptor '/home/poojit/spot_ws/install/spot_bringup/share/spot_bringup/hook/pythonpath.dsv'
[1.962s] INFO:colcon.colcon_core.shell:Creating environment hook '/home/poojit/spot_ws/install/spot_bringup/share/spot_bringup/hook/pythonpath.sh'
[1.962s] Level 1:colcon.colcon_core.environment:checking '/home/poojit/spot_ws/install/spot_bringup/bin'
[1.962s] Level 1:colcon.colcon_core.environment:create_environment_scripts_only(spot_bringup)
[1.962s] INFO:colcon.colcon_core.shell:Creating package script '/home/poojit/spot_ws/install/spot_bringup/share/spot_bringup/package.ps1'
[1.963s] INFO:colcon.colcon_core.shell:Creating package descriptor '/home/poojit/spot_ws/install/spot_bringup/share/spot_bringup/package.dsv'
[1.963s] INFO:colcon.colcon_core.shell:Creating package script '/home/poojit/spot_ws/install/spot_bringup/share/spot_bringup/package.sh'
[1.963s] INFO:colcon.colcon_core.shell:Creating package script '/home/poojit/spot_ws/install/spot_bringup/share/spot_bringup/package.bash'
[1.964s] INFO:colcon.colcon_core.shell:Creating package script '/home/poojit/spot_ws/install/spot_bringup/share/spot_bringup/package.zsh'
[1.964s] Level 1:colcon.colcon_core.environment:create_file_with_runtime_dependencies(/home/poojit/spot_ws/install/spot_bringup/share/colcon-core/packages/spot_bringup)
[1.964s] DEBUG:colcon.colcon_parallel_executor.executor.parallel:closing loop
[1.964s] DEBUG:colcon.colcon_parallel_executor.executor.parallel:loop closed
[1.964s] DEBUG:colcon.colcon_parallel_executor.executor.parallel:run_until_complete finished with '0'
[1.964s] DEBUG:colcon.colcon_core.event_reactor:joining thread
[1.973s] INFO:colcon.colcon_core.plugin_system:Skipping extension 'colcon_notification.desktop_notification.terminal_notifier': Not used on non-Darwin systems
[1.973s] INFO:colcon.colcon_core.plugin_system:Skipping extension 'colcon_notification.desktop_notification.win32': Not used on non-Windows systems
[1.973s] INFO:colcon.colcon_notification.desktop_notification:Sending desktop notification using 'notify2'
[2.002s] DEBUG:colcon.colcon_core.event_reactor:joined thread
[2.003s] INFO:colcon.colcon_core.shell:Creating prefix script '/home/poojit/spot_ws/install/local_setup.ps1'
[2.003s] INFO:colcon.colcon_core.shell:Creating prefix util module '/home/poojit/spot_ws/install/_local_setup_util_ps1.py'
[2.004s] INFO:colcon.colcon_core.shell:Creating prefix chain script '/home/poojit/spot_ws/install/setup.ps1'
[2.005s] INFO:colcon.colcon_core.shell:Creating prefix script '/home/poojit/spot_ws/install/local_setup.sh'
[2.006s] INFO:colcon.colcon_core.shell:Creating prefix util module '/home/poojit/spot_ws/install/_local_setup_util_sh.py'
[2.006s] INFO:colcon.colcon_core.shell:Creating prefix chain script '/home/poojit/spot_ws/install/setup.sh'
[2.007s] INFO:colcon.colcon_core.shell:Creating prefix script '/home/poojit/spot_ws/install/local_setup.bash'
[2.008s] INFO:colcon.colcon_core.shell:Creating prefix chain script '/home/poojit/spot_ws/install/setup.bash'
[2.008s] INFO:colcon.colcon_core.shell:Creating prefix script '/home/poojit/spot_ws/install/local_setup.zsh'
[2.009s] INFO:colcon.colcon_core.shell:Creating prefix chain script '/home/poojit/spot_ws/install/setup.zsh'
