-- Install configuration: ""
-- Execute custom install script
-- Up-to-date symlink: /home/poojit/spot_ws/install/champ_config/share/champ_config/config/gait/gait.yaml
-- Up-to-date symlink: /home/poojit/spot_ws/install/champ_config/share/champ_config/config/joints/joints.yaml
-- Up-to-date symlink: /home/poojit/spot_ws/install/champ_config/share/champ_config/config/links/links.yaml
-- Up-to-date symlink: /home/poojit/spot_ws/install/champ_config/share/ament_index/resource_index/package_run_dependencies/champ_config
-- Up-to-date symlink: /home/poojit/spot_ws/install/champ_config/share/ament_index/resource_index/parent_prefix_path/champ_config
-- Up-to-date symlink: /home/poojit/spot_ws/install/champ_config/share/champ_config/environment/ament_prefix_path.sh
-- Up-to-date symlink: /home/poojit/spot_ws/install/champ_config/share/champ_config/environment/ament_prefix_path.dsv
-- Up-to-date symlink: /home/poojit/spot_ws/install/champ_config/share/champ_config/environment/path.sh
-- Up-to-date symlink: /home/poojit/spot_ws/install/champ_config/share/champ_config/environment/path.dsv
-- Up-to-date symlink: /home/poojit/spot_ws/install/champ_config/share/champ_config/local_setup.bash
-- Up-to-date symlink: /home/poojit/spot_ws/install/champ_config/share/champ_config/local_setup.sh
-- Up-to-date symlink: /home/poojit/spot_ws/install/champ_config/share/champ_config/local_setup.zsh
-- Up-to-date symlink: /home/poojit/spot_ws/install/champ_config/share/champ_config/local_setup.dsv
-- Symlinking: /home/poojit/spot_ws/install/champ_config/share/champ_config/package.dsv
-- Up-to-date symlink: /home/poojit/spot_ws/install/champ_config/share/ament_index/resource_index/packages/champ_config
-- Up-to-date symlink: /home/poojit/spot_ws/install/champ_config/share/champ_config/cmake/champ_configConfig.cmake
-- Up-to-date symlink: /home/poojit/spot_ws/install/champ_config/share/champ_config/cmake/champ_configConfig-version.cmake
-- Up-to-date symlink: /home/poojit/spot_ws/install/champ_config/share/champ_config/package.xml
