[0.135s] DEBUG:colcon:Command line arguments: ['/usr/bin/colcon', 'build', '--symlink-install']
[0.135s] DEBUG:colcon:Parsed command line arguments: Namespace(log_base=None, log_level=None, verb_name='build', build_base='build', install_base='install', merge_install=False, symlink_install=True, test_result_base=None, continue_on_error=False, executor='parallel', parallel_workers=12, event_handlers=None, ignore_user_meta=False, metas=['./colcon.meta'], base_paths=['.'], packages_ignore=None, packages_ignore_regex=None, paths=None, packages_up_to=None, packages_up_to_regex=None, packages_above=None, packages_above_and_dependencies=None, packages_above_depth=None, packages_select_by_dep=None, packages_skip_by_dep=None, packages_skip_up_to=None, packages_select_build_failed=False, packages_skip_build_finished=False, packages_select_test_failures=False, packages_skip_test_passed=False, packages_select=None, packages_skip=None, packages_select_regex=None, packages_skip_regex=None, packages_start=None, packages_end=None, allow_overriding=[], cmake_args=None, cmake_target=None, cmake_target_skip_unavailable=False, cmake_clean_cache=False, cmake_clean_first=False, cmake_force_configure=False, ament_cmake_args=None, catkin_cmake_args=None, catkin_skip_building_tests=False, mixin_files=None, mixin=None, verb_parser=<colcon_mixin.mixin.mixin_argument.MixinArgumentDecorator object at 0x7e13bce0d9d0>, verb_extension=<colcon_core.verb.build.BuildVerb object at 0x7e13bd5dc530>, main=<bound method BuildVerb.main of <colcon_core.verb.build.BuildVerb object at 0x7e13bd5dc530>>, mixin_verb=('build',))
[0.166s] Level 1:colcon.colcon_core.package_discovery:discover_packages(colcon_meta) check parameters
[0.167s] Level 1:colcon.colcon_core.package_discovery:discover_packages(recursive) check parameters
[0.167s] Level 1:colcon.colcon_core.package_discovery:discover_packages(ignore) check parameters
[0.167s] Level 1:colcon.colcon_core.package_discovery:discover_packages(path) check parameters
[0.167s] Level 1:colcon.colcon_core.package_discovery:discover_packages(colcon_meta) discover
[0.167s] Level 1:colcon.colcon_core.package_discovery:discover_packages(recursive) discover
[0.167s] INFO:colcon.colcon_core.package_discovery:Crawling recursively for packages in '/home/poojit/spot_ws'
[0.167s] Level 1:colcon.colcon_core.package_identification:_identify(.) by extensions ['ignore', 'ignore_ament_install']
[0.167s] Level 1:colcon.colcon_core.package_identification:_identify(.) by extension 'ignore'
[0.167s] Level 1:colcon.colcon_core.package_identification:_identify(.) by extension 'ignore_ament_install'
[0.167s] Level 1:colcon.colcon_core.package_identification:_identify(.) by extensions ['colcon_pkg']
[0.167s] Level 1:colcon.colcon_core.package_identification:_identify(.) by extension 'colcon_pkg'
[0.167s] Level 1:colcon.colcon_core.package_identification:_identify(.) by extensions ['colcon_meta']
[0.167s] Level 1:colcon.colcon_core.package_identification:_identify(.) by extension 'colcon_meta'
[0.167s] Level 1:colcon.colcon_core.package_identification:_identify(.) by extensions ['ros']
[0.167s] Level 1:colcon.colcon_core.package_identification:_identify(.) by extension 'ros'
[0.185s] Level 1:colcon.colcon_core.package_identification:_identify(.) by extensions ['cmake', 'python']
[0.185s] Level 1:colcon.colcon_core.package_identification:_identify(.) by extension 'cmake'
[0.185s] Level 1:colcon.colcon_core.package_identification:_identify(.) by extension 'python'
[0.185s] Level 1:colcon.colcon_core.package_identification:_identify(.) by extensions ['python_setup_py']
[0.185s] Level 1:colcon.colcon_core.package_identification:_identify(.) by extension 'python_setup_py'
[0.185s] Level 1:colcon.colcon_core.package_identification:_identify(build) by extensions ['ignore', 'ignore_ament_install']
[0.185s] Level 1:colcon.colcon_core.package_identification:_identify(build) by extension 'ignore'
[0.185s] Level 1:colcon.colcon_core.package_identification:_identify(build) ignored
[0.185s] Level 1:colcon.colcon_core.package_identification:_identify(install) by extensions ['ignore', 'ignore_ament_install']
[0.185s] Level 1:colcon.colcon_core.package_identification:_identify(install) by extension 'ignore'
[0.185s] Level 1:colcon.colcon_core.package_identification:_identify(install) ignored
[0.185s] Level 1:colcon.colcon_core.package_identification:_identify(log) by extensions ['ignore', 'ignore_ament_install']
[0.186s] Level 1:colcon.colcon_core.package_identification:_identify(log) by extension 'ignore'
[0.186s] Level 1:colcon.colcon_core.package_identification:_identify(log) ignored
[0.186s] Level 1:colcon.colcon_core.package_identification:_identify(src) by extensions ['ignore', 'ignore_ament_install']
[0.186s] Level 1:colcon.colcon_core.package_identification:_identify(src) by extension 'ignore'
[0.186s] Level 1:colcon.colcon_core.package_identification:_identify(src) by extension 'ignore_ament_install'
[0.186s] Level 1:colcon.colcon_core.package_identification:_identify(src) by extensions ['colcon_pkg']
[0.186s] Level 1:colcon.colcon_core.package_identification:_identify(src) by extension 'colcon_pkg'
[0.186s] Level 1:colcon.colcon_core.package_identification:_identify(src) by extensions ['colcon_meta']
[0.186s] Level 1:colcon.colcon_core.package_identification:_identify(src) by extension 'colcon_meta'
[0.186s] Level 1:colcon.colcon_core.package_identification:_identify(src) by extensions ['ros']
[0.186s] Level 1:colcon.colcon_core.package_identification:_identify(src) by extension 'ros'
[0.186s] Level 1:colcon.colcon_core.package_identification:_identify(src) by extensions ['cmake', 'python']
[0.186s] Level 1:colcon.colcon_core.package_identification:_identify(src) by extension 'cmake'
[0.186s] Level 1:colcon.colcon_core.package_identification:_identify(src) by extension 'python'
[0.186s] Level 1:colcon.colcon_core.package_identification:_identify(src) by extensions ['python_setup_py']
[0.186s] Level 1:colcon.colcon_core.package_identification:_identify(src) by extension 'python_setup_py'
[0.186s] Level 1:colcon.colcon_core.package_identification:_identify(src/spot_gazebo) by extensions ['ignore', 'ignore_ament_install']
[0.186s] Level 1:colcon.colcon_core.package_identification:_identify(src/spot_gazebo) by extension 'ignore'
[0.186s] Level 1:colcon.colcon_core.package_identification:_identify(src/spot_gazebo) by extension 'ignore_ament_install'
[0.186s] Level 1:colcon.colcon_core.package_identification:_identify(src/spot_gazebo) by extensions ['colcon_pkg']
[0.186s] Level 1:colcon.colcon_core.package_identification:_identify(src/spot_gazebo) by extension 'colcon_pkg'
[0.186s] Level 1:colcon.colcon_core.package_identification:_identify(src/spot_gazebo) by extensions ['colcon_meta']
[0.186s] Level 1:colcon.colcon_core.package_identification:_identify(src/spot_gazebo) by extension 'colcon_meta'
[0.186s] Level 1:colcon.colcon_core.package_identification:_identify(src/spot_gazebo) by extensions ['ros']
[0.186s] Level 1:colcon.colcon_core.package_identification:_identify(src/spot_gazebo) by extension 'ros'
[0.186s] Level 1:colcon.colcon_core.package_identification:_identify(src/spot_gazebo) by extensions ['cmake', 'python']
[0.186s] Level 1:colcon.colcon_core.package_identification:_identify(src/spot_gazebo) by extension 'cmake'
[0.187s] Level 1:colcon.colcon_core.package_identification:_identify(src/spot_gazebo) by extension 'python'
[0.187s] Level 1:colcon.colcon_core.package_identification:_identify(src/spot_gazebo) by extensions ['python_setup_py']
[0.187s] Level 1:colcon.colcon_core.package_identification:_identify(src/spot_gazebo) by extension 'python_setup_py'
[0.187s] Level 1:colcon.colcon_core.package_identification:_identify(src/spot_gazebo/assets) by extensions ['ignore', 'ignore_ament_install']
[0.187s] Level 1:colcon.colcon_core.package_identification:_identify(src/spot_gazebo/assets) by extension 'ignore'
[0.187s] Level 1:colcon.colcon_core.package_identification:_identify(src/spot_gazebo/assets) by extension 'ignore_ament_install'
[0.187s] Level 1:colcon.colcon_core.package_identification:_identify(src/spot_gazebo/assets) by extensions ['colcon_pkg']
[0.187s] Level 1:colcon.colcon_core.package_identification:_identify(src/spot_gazebo/assets) by extension 'colcon_pkg'
[0.187s] Level 1:colcon.colcon_core.package_identification:_identify(src/spot_gazebo/assets) by extensions ['colcon_meta']
[0.187s] Level 1:colcon.colcon_core.package_identification:_identify(src/spot_gazebo/assets) by extension 'colcon_meta'
[0.187s] Level 1:colcon.colcon_core.package_identification:_identify(src/spot_gazebo/assets) by extensions ['ros']
[0.187s] Level 1:colcon.colcon_core.package_identification:_identify(src/spot_gazebo/assets) by extension 'ros'
[0.187s] Level 1:colcon.colcon_core.package_identification:_identify(src/spot_gazebo/assets) by extensions ['cmake', 'python']
[0.187s] Level 1:colcon.colcon_core.package_identification:_identify(src/spot_gazebo/assets) by extension 'cmake'
[0.187s] Level 1:colcon.colcon_core.package_identification:_identify(src/spot_gazebo/assets) by extension 'python'
[0.187s] Level 1:colcon.colcon_core.package_identification:_identify(src/spot_gazebo/assets) by extensions ['python_setup_py']
[0.187s] Level 1:colcon.colcon_core.package_identification:_identify(src/spot_gazebo/assets) by extension 'python_setup_py'
[0.187s] Level 1:colcon.colcon_core.package_identification:_identify(src/spot_gazebo/champ) by extensions ['ignore', 'ignore_ament_install']
[0.187s] Level 1:colcon.colcon_core.package_identification:_identify(src/spot_gazebo/champ) by extension 'ignore'
[0.187s] Level 1:colcon.colcon_core.package_identification:_identify(src/spot_gazebo/champ) by extension 'ignore_ament_install'
[0.187s] Level 1:colcon.colcon_core.package_identification:_identify(src/spot_gazebo/champ) by extensions ['colcon_pkg']
[0.187s] Level 1:colcon.colcon_core.package_identification:_identify(src/spot_gazebo/champ) by extension 'colcon_pkg'
[0.187s] Level 1:colcon.colcon_core.package_identification:_identify(src/spot_gazebo/champ) by extensions ['colcon_meta']
[0.187s] Level 1:colcon.colcon_core.package_identification:_identify(src/spot_gazebo/champ) by extension 'colcon_meta'
[0.187s] Level 1:colcon.colcon_core.package_identification:_identify(src/spot_gazebo/champ) by extensions ['ros']
[0.187s] Level 1:colcon.colcon_core.package_identification:_identify(src/spot_gazebo/champ) by extension 'ros'
[0.189s] DEBUG:colcon.colcon_core.package_identification:Package 'src/spot_gazebo/champ' with type 'ros.ament_cmake' and name 'champ'
[0.189s] Level 1:colcon.colcon_core.package_identification:_identify(src/spot_gazebo/champ_base) by extensions ['ignore', 'ignore_ament_install']
[0.189s] Level 1:colcon.colcon_core.package_identification:_identify(src/spot_gazebo/champ_base) by extension 'ignore'
[0.189s] Level 1:colcon.colcon_core.package_identification:_identify(src/spot_gazebo/champ_base) by extension 'ignore_ament_install'
[0.189s] Level 1:colcon.colcon_core.package_identification:_identify(src/spot_gazebo/champ_base) by extensions ['colcon_pkg']
[0.189s] Level 1:colcon.colcon_core.package_identification:_identify(src/spot_gazebo/champ_base) by extension 'colcon_pkg'
[0.189s] Level 1:colcon.colcon_core.package_identification:_identify(src/spot_gazebo/champ_base) by extensions ['colcon_meta']
[0.189s] Level 1:colcon.colcon_core.package_identification:_identify(src/spot_gazebo/champ_base) by extension 'colcon_meta'
[0.189s] Level 1:colcon.colcon_core.package_identification:_identify(src/spot_gazebo/champ_base) by extensions ['ros']
[0.189s] Level 1:colcon.colcon_core.package_identification:_identify(src/spot_gazebo/champ_base) by extension 'ros'
[0.190s] DEBUG:colcon.colcon_core.package_identification:Package 'src/spot_gazebo/champ_base' with type 'ros.ament_cmake' and name 'champ_base'
[0.190s] Level 1:colcon.colcon_core.package_identification:_identify(src/spot_gazebo/champ_config) by extensions ['ignore', 'ignore_ament_install']
[0.190s] Level 1:colcon.colcon_core.package_identification:_identify(src/spot_gazebo/champ_config) by extension 'ignore'
[0.190s] Level 1:colcon.colcon_core.package_identification:_identify(src/spot_gazebo/champ_config) by extension 'ignore_ament_install'
[0.190s] Level 1:colcon.colcon_core.package_identification:_identify(src/spot_gazebo/champ_config) by extensions ['colcon_pkg']
[0.190s] Level 1:colcon.colcon_core.package_identification:_identify(src/spot_gazebo/champ_config) by extension 'colcon_pkg'
[0.190s] Level 1:colcon.colcon_core.package_identification:_identify(src/spot_gazebo/champ_config) by extensions ['colcon_meta']
[0.190s] Level 1:colcon.colcon_core.package_identification:_identify(src/spot_gazebo/champ_config) by extension 'colcon_meta'
[0.191s] Level 1:colcon.colcon_core.package_identification:_identify(src/spot_gazebo/champ_config) by extensions ['ros']
[0.191s] Level 1:colcon.colcon_core.package_identification:_identify(src/spot_gazebo/champ_config) by extension 'ros'
[0.191s] DEBUG:colcon.colcon_core.package_identification:Package 'src/spot_gazebo/champ_config' with type 'ros.ament_cmake' and name 'champ_config'
[0.191s] Level 1:colcon.colcon_core.package_identification:_identify(src/spot_gazebo/champ_msgs) by extensions ['ignore', 'ignore_ament_install']
[0.191s] Level 1:colcon.colcon_core.package_identification:_identify(src/spot_gazebo/champ_msgs) by extension 'ignore'
[0.191s] Level 1:colcon.colcon_core.package_identification:_identify(src/spot_gazebo/champ_msgs) by extension 'ignore_ament_install'
[0.191s] Level 1:colcon.colcon_core.package_identification:_identify(src/spot_gazebo/champ_msgs) by extensions ['colcon_pkg']
[0.191s] Level 1:colcon.colcon_core.package_identification:_identify(src/spot_gazebo/champ_msgs) by extension 'colcon_pkg'
[0.191s] Level 1:colcon.colcon_core.package_identification:_identify(src/spot_gazebo/champ_msgs) by extensions ['colcon_meta']
[0.191s] Level 1:colcon.colcon_core.package_identification:_identify(src/spot_gazebo/champ_msgs) by extension 'colcon_meta'
[0.191s] Level 1:colcon.colcon_core.package_identification:_identify(src/spot_gazebo/champ_msgs) by extensions ['ros']
[0.191s] Level 1:colcon.colcon_core.package_identification:_identify(src/spot_gazebo/champ_msgs) by extension 'ros'
[0.192s] DEBUG:colcon.colcon_core.package_identification:Package 'src/spot_gazebo/champ_msgs' with type 'ros.ament_cmake' and name 'champ_msgs'
[0.192s] Level 1:colcon.colcon_core.package_identification:_identify(src/spot_gazebo/spot_bringup) by extensions ['ignore', 'ignore_ament_install']
[0.192s] Level 1:colcon.colcon_core.package_identification:_identify(src/spot_gazebo/spot_bringup) by extension 'ignore'
[0.192s] Level 1:colcon.colcon_core.package_identification:_identify(src/spot_gazebo/spot_bringup) by extension 'ignore_ament_install'
[0.192s] Level 1:colcon.colcon_core.package_identification:_identify(src/spot_gazebo/spot_bringup) by extensions ['colcon_pkg']
[0.192s] Level 1:colcon.colcon_core.package_identification:_identify(src/spot_gazebo/spot_bringup) by extension 'colcon_pkg'
[0.192s] Level 1:colcon.colcon_core.package_identification:_identify(src/spot_gazebo/spot_bringup) by extensions ['colcon_meta']
[0.192s] Level 1:colcon.colcon_core.package_identification:_identify(src/spot_gazebo/spot_bringup) by extension 'colcon_meta'
[0.192s] Level 1:colcon.colcon_core.package_identification:_identify(src/spot_gazebo/spot_bringup) by extensions ['ros']
[0.192s] Level 1:colcon.colcon_core.package_identification:_identify(src/spot_gazebo/spot_bringup) by extension 'ros'
[0.192s] DEBUG:colcon.colcon_core.package_identification:Package 'src/spot_gazebo/spot_bringup' with type 'ros.ament_python' and name 'spot_bringup'
[0.192s] Level 1:colcon.colcon_core.package_identification:_identify(src/spot_gazebo/spot_description) by extensions ['ignore', 'ignore_ament_install']
[0.193s] Level 1:colcon.colcon_core.package_identification:_identify(src/spot_gazebo/spot_description) by extension 'ignore'
[0.193s] Level 1:colcon.colcon_core.package_identification:_identify(src/spot_gazebo/spot_description) by extension 'ignore_ament_install'
[0.193s] Level 1:colcon.colcon_core.package_identification:_identify(src/spot_gazebo/spot_description) by extensions ['colcon_pkg']
[0.193s] Level 1:colcon.colcon_core.package_identification:_identify(src/spot_gazebo/spot_description) by extension 'colcon_pkg'
[0.193s] Level 1:colcon.colcon_core.package_identification:_identify(src/spot_gazebo/spot_description) by extensions ['colcon_meta']
[0.193s] Level 1:colcon.colcon_core.package_identification:_identify(src/spot_gazebo/spot_description) by extension 'colcon_meta'
[0.193s] Level 1:colcon.colcon_core.package_identification:_identify(src/spot_gazebo/spot_description) by extensions ['ros']
[0.193s] Level 1:colcon.colcon_core.package_identification:_identify(src/spot_gazebo/spot_description) by extension 'ros'
[0.193s] DEBUG:colcon.colcon_core.package_identification:Package 'src/spot_gazebo/spot_description' with type 'ros.ament_cmake' and name 'spot_description'
[0.193s] Level 1:colcon.colcon_core.package_identification:_identify(src/spot_gazebo/spot_gz) by extensions ['ignore', 'ignore_ament_install']
[0.193s] Level 1:colcon.colcon_core.package_identification:_identify(src/spot_gazebo/spot_gz) by extension 'ignore'
[0.193s] Level 1:colcon.colcon_core.package_identification:_identify(src/spot_gazebo/spot_gz) by extension 'ignore_ament_install'
[0.193s] Level 1:colcon.colcon_core.package_identification:_identify(src/spot_gazebo/spot_gz) by extensions ['colcon_pkg']
[0.193s] Level 1:colcon.colcon_core.package_identification:_identify(src/spot_gazebo/spot_gz) by extension 'colcon_pkg'
[0.193s] Level 1:colcon.colcon_core.package_identification:_identify(src/spot_gazebo/spot_gz) by extensions ['colcon_meta']
[0.193s] Level 1:colcon.colcon_core.package_identification:_identify(src/spot_gazebo/spot_gz) by extension 'colcon_meta'
[0.193s] Level 1:colcon.colcon_core.package_identification:_identify(src/spot_gazebo/spot_gz) by extensions ['ros']
[0.193s] Level 1:colcon.colcon_core.package_identification:_identify(src/spot_gazebo/spot_gz) by extension 'ros'
[0.194s] DEBUG:colcon.colcon_core.package_identification:Package 'src/spot_gazebo/spot_gz' with type 'ros.ament_cmake' and name 'spot_gz'
[0.194s] Level 1:colcon.colcon_core.package_discovery:discover_packages(recursive) using defaults
[0.194s] Level 1:colcon.colcon_core.package_discovery:discover_packages(ignore) discover
[0.194s] Level 1:colcon.colcon_core.package_discovery:discover_packages(ignore) using defaults
[0.194s] Level 1:colcon.colcon_core.package_discovery:discover_packages(path) discover
[0.194s] Level 1:colcon.colcon_core.package_discovery:discover_packages(path) using defaults
[0.225s] Level 1:colcon.colcon_core.package_discovery:discover_packages(prefix_path) check parameters
[0.225s] Level 1:colcon.colcon_core.package_discovery:discover_packages(prefix_path) discover
[0.228s] DEBUG:colcon.colcon_installed_package_information.package_discovery:Found 7 installed packages in /home/poojit/spot_ws/install
[0.229s] DEBUG:colcon.colcon_installed_package_information.package_discovery:Found 317 installed packages in /opt/ros/jazzy
[0.229s] Level 1:colcon.colcon_core.package_discovery:discover_packages(prefix_path) using defaults
[0.266s] Level 5:colcon.colcon_core.verb:set package 'champ' build argument 'cmake_args' from command line to 'None'
[0.266s] Level 5:colcon.colcon_core.verb:set package 'champ' build argument 'cmake_target' from command line to 'None'
[0.266s] Level 5:colcon.colcon_core.verb:set package 'champ' build argument 'cmake_target_skip_unavailable' from command line to 'False'
[0.266s] Level 5:colcon.colcon_core.verb:set package 'champ' build argument 'cmake_clean_cache' from command line to 'False'
[0.266s] Level 5:colcon.colcon_core.verb:set package 'champ' build argument 'cmake_clean_first' from command line to 'False'
[0.266s] Level 5:colcon.colcon_core.verb:set package 'champ' build argument 'cmake_force_configure' from command line to 'False'
[0.266s] Level 5:colcon.colcon_core.verb:set package 'champ' build argument 'ament_cmake_args' from command line to 'None'
[0.266s] Level 5:colcon.colcon_core.verb:set package 'champ' build argument 'catkin_cmake_args' from command line to 'None'
[0.266s] Level 5:colcon.colcon_core.verb:set package 'champ' build argument 'catkin_skip_building_tests' from command line to 'False'
[0.266s] DEBUG:colcon.colcon_core.verb:Building package 'champ' with the following arguments: {'ament_cmake_args': None, 'build_base': '/home/poojit/spot_ws/build/champ', 'catkin_cmake_args': None, 'catkin_skip_building_tests': False, 'cmake_args': None, 'cmake_clean_cache': False, 'cmake_clean_first': False, 'cmake_force_configure': False, 'cmake_target': None, 'cmake_target_skip_unavailable': False, 'install_base': '/home/poojit/spot_ws/install/champ', 'merge_install': False, 'path': '/home/poojit/spot_ws/src/spot_gazebo/champ', 'symlink_install': True, 'test_result_base': None}
[0.266s] Level 5:colcon.colcon_core.verb:set package 'champ_msgs' build argument 'cmake_args' from command line to 'None'
[0.266s] Level 5:colcon.colcon_core.verb:set package 'champ_msgs' build argument 'cmake_target' from command line to 'None'
[0.266s] Level 5:colcon.colcon_core.verb:set package 'champ_msgs' build argument 'cmake_target_skip_unavailable' from command line to 'False'
[0.266s] Level 5:colcon.colcon_core.verb:set package 'champ_msgs' build argument 'cmake_clean_cache' from command line to 'False'
[0.266s] Level 5:colcon.colcon_core.verb:set package 'champ_msgs' build argument 'cmake_clean_first' from command line to 'False'
[0.266s] Level 5:colcon.colcon_core.verb:set package 'champ_msgs' build argument 'cmake_force_configure' from command line to 'False'
[0.266s] Level 5:colcon.colcon_core.verb:set package 'champ_msgs' build argument 'ament_cmake_args' from command line to 'None'
[0.266s] Level 5:colcon.colcon_core.verb:set package 'champ_msgs' build argument 'catkin_cmake_args' from command line to 'None'
[0.266s] Level 5:colcon.colcon_core.verb:set package 'champ_msgs' build argument 'catkin_skip_building_tests' from command line to 'False'
[0.266s] DEBUG:colcon.colcon_core.verb:Building package 'champ_msgs' with the following arguments: {'ament_cmake_args': None, 'build_base': '/home/poojit/spot_ws/build/champ_msgs', 'catkin_cmake_args': None, 'catkin_skip_building_tests': False, 'cmake_args': None, 'cmake_clean_cache': False, 'cmake_clean_first': False, 'cmake_force_configure': False, 'cmake_target': None, 'cmake_target_skip_unavailable': False, 'install_base': '/home/poojit/spot_ws/install/champ_msgs', 'merge_install': False, 'path': '/home/poojit/spot_ws/src/spot_gazebo/champ_msgs', 'symlink_install': True, 'test_result_base': None}
[0.267s] Level 5:colcon.colcon_core.verb:set package 'spot_description' build argument 'cmake_args' from command line to 'None'
[0.267s] Level 5:colcon.colcon_core.verb:set package 'spot_description' build argument 'cmake_target' from command line to 'None'
[0.267s] Level 5:colcon.colcon_core.verb:set package 'spot_description' build argument 'cmake_target_skip_unavailable' from command line to 'False'
[0.267s] Level 5:colcon.colcon_core.verb:set package 'spot_description' build argument 'cmake_clean_cache' from command line to 'False'
[0.267s] Level 5:colcon.colcon_core.verb:set package 'spot_description' build argument 'cmake_clean_first' from command line to 'False'
[0.267s] Level 5:colcon.colcon_core.verb:set package 'spot_description' build argument 'cmake_force_configure' from command line to 'False'
[0.267s] Level 5:colcon.colcon_core.verb:set package 'spot_description' build argument 'ament_cmake_args' from command line to 'None'
[0.267s] Level 5:colcon.colcon_core.verb:set package 'spot_description' build argument 'catkin_cmake_args' from command line to 'None'
[0.267s] Level 5:colcon.colcon_core.verb:set package 'spot_description' build argument 'catkin_skip_building_tests' from command line to 'False'
[0.267s] DEBUG:colcon.colcon_core.verb:Building package 'spot_description' with the following arguments: {'ament_cmake_args': None, 'build_base': '/home/poojit/spot_ws/build/spot_description', 'catkin_cmake_args': None, 'catkin_skip_building_tests': False, 'cmake_args': None, 'cmake_clean_cache': False, 'cmake_clean_first': False, 'cmake_force_configure': False, 'cmake_target': None, 'cmake_target_skip_unavailable': False, 'install_base': '/home/poojit/spot_ws/install/spot_description', 'merge_install': False, 'path': '/home/poojit/spot_ws/src/spot_gazebo/spot_description', 'symlink_install': True, 'test_result_base': None}
[0.267s] Level 5:colcon.colcon_core.verb:set package 'champ_base' build argument 'cmake_args' from command line to 'None'
[0.267s] Level 5:colcon.colcon_core.verb:set package 'champ_base' build argument 'cmake_target' from command line to 'None'
[0.267s] Level 5:colcon.colcon_core.verb:set package 'champ_base' build argument 'cmake_target_skip_unavailable' from command line to 'False'
[0.267s] Level 5:colcon.colcon_core.verb:set package 'champ_base' build argument 'cmake_clean_cache' from command line to 'False'
[0.267s] Level 5:colcon.colcon_core.verb:set package 'champ_base' build argument 'cmake_clean_first' from command line to 'False'
[0.267s] Level 5:colcon.colcon_core.verb:set package 'champ_base' build argument 'cmake_force_configure' from command line to 'False'
[0.267s] Level 5:colcon.colcon_core.verb:set package 'champ_base' build argument 'ament_cmake_args' from command line to 'None'
[0.267s] Level 5:colcon.colcon_core.verb:set package 'champ_base' build argument 'catkin_cmake_args' from command line to 'None'
[0.267s] Level 5:colcon.colcon_core.verb:set package 'champ_base' build argument 'catkin_skip_building_tests' from command line to 'False'
[0.267s] DEBUG:colcon.colcon_core.verb:Building package 'champ_base' with the following arguments: {'ament_cmake_args': None, 'build_base': '/home/poojit/spot_ws/build/champ_base', 'catkin_cmake_args': None, 'catkin_skip_building_tests': False, 'cmake_args': None, 'cmake_clean_cache': False, 'cmake_clean_first': False, 'cmake_force_configure': False, 'cmake_target': None, 'cmake_target_skip_unavailable': False, 'install_base': '/home/poojit/spot_ws/install/champ_base', 'merge_install': False, 'path': '/home/poojit/spot_ws/src/spot_gazebo/champ_base', 'symlink_install': True, 'test_result_base': None}
[0.267s] Level 5:colcon.colcon_core.verb:set package 'spot_gz' build argument 'cmake_args' from command line to 'None'
[0.267s] Level 5:colcon.colcon_core.verb:set package 'spot_gz' build argument 'cmake_target' from command line to 'None'
[0.267s] Level 5:colcon.colcon_core.verb:set package 'spot_gz' build argument 'cmake_target_skip_unavailable' from command line to 'False'
[0.267s] Level 5:colcon.colcon_core.verb:set package 'spot_gz' build argument 'cmake_clean_cache' from command line to 'False'
[0.267s] Level 5:colcon.colcon_core.verb:set package 'spot_gz' build argument 'cmake_clean_first' from command line to 'False'
[0.267s] Level 5:colcon.colcon_core.verb:set package 'spot_gz' build argument 'cmake_force_configure' from command line to 'False'
[0.267s] Level 5:colcon.colcon_core.verb:set package 'spot_gz' build argument 'ament_cmake_args' from command line to 'None'
[0.267s] Level 5:colcon.colcon_core.verb:set package 'spot_gz' build argument 'catkin_cmake_args' from command line to 'None'
[0.267s] Level 5:colcon.colcon_core.verb:set package 'spot_gz' build argument 'catkin_skip_building_tests' from command line to 'False'
[0.268s] DEBUG:colcon.colcon_core.verb:Building package 'spot_gz' with the following arguments: {'ament_cmake_args': None, 'build_base': '/home/poojit/spot_ws/build/spot_gz', 'catkin_cmake_args': None, 'catkin_skip_building_tests': False, 'cmake_args': None, 'cmake_clean_cache': False, 'cmake_clean_first': False, 'cmake_force_configure': False, 'cmake_target': None, 'cmake_target_skip_unavailable': False, 'install_base': '/home/poojit/spot_ws/install/spot_gz', 'merge_install': False, 'path': '/home/poojit/spot_ws/src/spot_gazebo/spot_gz', 'symlink_install': True, 'test_result_base': None}
[0.268s] Level 5:colcon.colcon_core.verb:set package 'champ_config' build argument 'cmake_args' from command line to 'None'
[0.268s] Level 5:colcon.colcon_core.verb:set package 'champ_config' build argument 'cmake_target' from command line to 'None'
[0.268s] Level 5:colcon.colcon_core.verb:set package 'champ_config' build argument 'cmake_target_skip_unavailable' from command line to 'False'
[0.268s] Level 5:colcon.colcon_core.verb:set package 'champ_config' build argument 'cmake_clean_cache' from command line to 'False'
[0.268s] Level 5:colcon.colcon_core.verb:set package 'champ_config' build argument 'cmake_clean_first' from command line to 'False'
[0.268s] Level 5:colcon.colcon_core.verb:set package 'champ_config' build argument 'cmake_force_configure' from command line to 'False'
[0.268s] Level 5:colcon.colcon_core.verb:set package 'champ_config' build argument 'ament_cmake_args' from command line to 'None'
[0.268s] Level 5:colcon.colcon_core.verb:set package 'champ_config' build argument 'catkin_cmake_args' from command line to 'None'
[0.268s] Level 5:colcon.colcon_core.verb:set package 'champ_config' build argument 'catkin_skip_building_tests' from command line to 'False'
[0.268s] DEBUG:colcon.colcon_core.verb:Building package 'champ_config' with the following arguments: {'ament_cmake_args': None, 'build_base': '/home/poojit/spot_ws/build/champ_config', 'catkin_cmake_args': None, 'catkin_skip_building_tests': False, 'cmake_args': None, 'cmake_clean_cache': False, 'cmake_clean_first': False, 'cmake_force_configure': False, 'cmake_target': None, 'cmake_target_skip_unavailable': False, 'install_base': '/home/poojit/spot_ws/install/champ_config', 'merge_install': False, 'path': '/home/poojit/spot_ws/src/spot_gazebo/champ_config', 'symlink_install': True, 'test_result_base': None}
[0.268s] Level 5:colcon.colcon_core.verb:set package 'spot_bringup' build argument 'cmake_args' from command line to 'None'
[0.268s] Level 5:colcon.colcon_core.verb:set package 'spot_bringup' build argument 'cmake_target' from command line to 'None'
[0.268s] Level 5:colcon.colcon_core.verb:set package 'spot_bringup' build argument 'cmake_target_skip_unavailable' from command line to 'False'
[0.268s] Level 5:colcon.colcon_core.verb:set package 'spot_bringup' build argument 'cmake_clean_cache' from command line to 'False'
[0.268s] Level 5:colcon.colcon_core.verb:set package 'spot_bringup' build argument 'cmake_clean_first' from command line to 'False'
[0.268s] Level 5:colcon.colcon_core.verb:set package 'spot_bringup' build argument 'cmake_force_configure' from command line to 'False'
[0.268s] Level 5:colcon.colcon_core.verb:set package 'spot_bringup' build argument 'ament_cmake_args' from command line to 'None'
[0.268s] Level 5:colcon.colcon_core.verb:set package 'spot_bringup' build argument 'catkin_cmake_args' from command line to 'None'
[0.268s] Level 5:colcon.colcon_core.verb:set package 'spot_bringup' build argument 'catkin_skip_building_tests' from command line to 'False'
[0.268s] DEBUG:colcon.colcon_core.verb:Building package 'spot_bringup' with the following arguments: {'ament_cmake_args': None, 'build_base': '/home/poojit/spot_ws/build/spot_bringup', 'catkin_cmake_args': None, 'catkin_skip_building_tests': False, 'cmake_args': None, 'cmake_clean_cache': False, 'cmake_clean_first': False, 'cmake_force_configure': False, 'cmake_target': None, 'cmake_target_skip_unavailable': False, 'install_base': '/home/poojit/spot_ws/install/spot_bringup', 'merge_install': False, 'path': '/home/poojit/spot_ws/src/spot_gazebo/spot_bringup', 'symlink_install': True, 'test_result_base': None}
[0.268s] INFO:colcon.colcon_core.executor:Executing jobs using 'parallel' executor
[0.269s] DEBUG:colcon.colcon_parallel_executor.executor.parallel:run_until_complete
[0.269s] INFO:colcon.colcon_ros.task.ament_cmake.build:Building ROS package in '/home/poojit/spot_ws/src/spot_gazebo/champ' with build type 'ament_cmake'
[0.269s] INFO:colcon.colcon_cmake.task.cmake.build:Building CMake package in '/home/poojit/spot_ws/src/spot_gazebo/champ'
[0.272s] INFO:colcon.colcon_core.plugin_system:Skipping extension 'colcon_core.shell.bat': Not used on non-Windows systems
[0.272s] INFO:colcon.colcon_core.shell:Skip shell extension 'powershell' for command environment: Not usable outside of PowerShell
[0.272s] DEBUG:colcon.colcon_core.shell:Skip shell extension 'dsv' for command environment
[0.275s] INFO:colcon.colcon_ros.task.ament_cmake.build:Building ROS package in '/home/poojit/spot_ws/src/spot_gazebo/champ_msgs' with build type 'ament_cmake'
[0.275s] INFO:colcon.colcon_cmake.task.cmake.build:Building CMake package in '/home/poojit/spot_ws/src/spot_gazebo/champ_msgs'
[0.275s] INFO:colcon.colcon_core.shell:Skip shell extension 'powershell' for command environment: Not usable outside of PowerShell
[0.275s] DEBUG:colcon.colcon_core.shell:Skip shell extension 'dsv' for command environment
[0.278s] INFO:colcon.colcon_ros.task.ament_cmake.build:Building ROS package in '/home/poojit/spot_ws/src/spot_gazebo/spot_description' with build type 'ament_cmake'
[0.278s] INFO:colcon.colcon_cmake.task.cmake.build:Building CMake package in '/home/poojit/spot_ws/src/spot_gazebo/spot_description'
[0.278s] INFO:colcon.colcon_core.shell:Skip shell extension 'powershell' for command environment: Not usable outside of PowerShell
[0.278s] DEBUG:colcon.colcon_core.shell:Skip shell extension 'dsv' for command environment
[0.284s] DEBUG:colcon.colcon_core.event_handler.log_command:Invoking command in '/home/poojit/spot_ws/build/champ': CMAKE_PREFIX_PATH=${CMAKE_PREFIX_PATH}:/home/poojit/spot_ws/install/spot_bringup:/opt/ros/jazzy /usr/bin/cmake --build /home/poojit/spot_ws/build/champ -- -j12 -l12
[0.286s] DEBUG:colcon.colcon_core.event_handler.log_command:Invoking command in '/home/poojit/spot_ws/build/champ_msgs': CMAKE_PREFIX_PATH=${CMAKE_PREFIX_PATH}:/home/poojit/spot_ws/install/spot_bringup:/opt/ros/jazzy /usr/bin/cmake --build /home/poojit/spot_ws/build/champ_msgs -- -j12 -l12
[0.288s] DEBUG:colcon.colcon_core.event_handler.log_command:Invoking command in '/home/poojit/spot_ws/build/spot_description': CMAKE_PREFIX_PATH=${CMAKE_PREFIX_PATH}:/home/poojit/spot_ws/install/spot_bringup:/opt/ros/jazzy /usr/bin/cmake --build /home/poojit/spot_ws/build/spot_description -- -j12 -l12
[0.316s] DEBUG:colcon.colcon_core.event_handler.log_command:Invoked command in '/home/poojit/spot_ws/build/champ' returned '0': CMAKE_PREFIX_PATH=${CMAKE_PREFIX_PATH}:/home/poojit/spot_ws/install/spot_bringup:/opt/ros/jazzy /usr/bin/cmake --build /home/poojit/spot_ws/build/champ -- -j12 -l12
[0.324s] DEBUG:colcon.colcon_core.event_handler.log_command:Invoking command in '/home/poojit/spot_ws/build/champ': CMAKE_PREFIX_PATH=${CMAKE_PREFIX_PATH}:/home/poojit/spot_ws/install/spot_bringup:/opt/ros/jazzy /usr/bin/cmake --install /home/poojit/spot_ws/build/champ
[0.325s] DEBUG:colcon.colcon_core.event_handler.log_command:Invoked command in '/home/poojit/spot_ws/build/spot_description' returned '0': CMAKE_PREFIX_PATH=${CMAKE_PREFIX_PATH}:/home/poojit/spot_ws/install/spot_bringup:/opt/ros/jazzy /usr/bin/cmake --build /home/poojit/spot_ws/build/spot_description -- -j12 -l12
[0.326s] DEBUG:colcon.colcon_core.event_handler.log_command:Invoking command in '/home/poojit/spot_ws/build/spot_description': CMAKE_PREFIX_PATH=${CMAKE_PREFIX_PATH}:/home/poojit/spot_ws/install/spot_bringup:/opt/ros/jazzy /usr/bin/cmake --install /home/poojit/spot_ws/build/spot_description
[0.345s] Level 1:colcon.colcon_core.environment:create_environment_scripts_only(champ)
[0.346s] DEBUG:colcon.colcon_core.event_handler.log_command:Invoked command in '/home/poojit/spot_ws/build/champ' returned '0': CMAKE_PREFIX_PATH=${CMAKE_PREFIX_PATH}:/home/poojit/spot_ws/install/spot_bringup:/opt/ros/jazzy /usr/bin/cmake --install /home/poojit/spot_ws/build/champ
[0.350s] Level 1:colcon.colcon_core.environment:checking '/home/poojit/spot_ws/install/champ' for CMake module files
[0.351s] Level 1:colcon.colcon_core.environment:checking '/home/poojit/spot_ws/install/champ' for CMake config files
[0.351s] Level 1:colcon.colcon_core.shell:create_environment_hook('champ', 'cmake_prefix_path')
[0.351s] INFO:colcon.colcon_core.shell:Creating environment hook '/home/poojit/spot_ws/install/champ/share/champ/hook/cmake_prefix_path.ps1'
[0.352s] INFO:colcon.colcon_core.shell:Creating environment descriptor '/home/poojit/spot_ws/install/champ/share/champ/hook/cmake_prefix_path.dsv'
[0.352s] INFO:colcon.colcon_core.shell:Creating environment hook '/home/poojit/spot_ws/install/champ/share/champ/hook/cmake_prefix_path.sh'
[0.353s] Level 1:colcon.colcon_core.environment:checking '/home/poojit/spot_ws/install/champ/bin'
[0.353s] Level 1:colcon.colcon_core.environment:checking '/home/poojit/spot_ws/install/champ/lib/pkgconfig/champ.pc'
[0.353s] Level 1:colcon.colcon_core.environment:checking '/home/poojit/spot_ws/install/champ/lib/python3.12/site-packages'
[0.353s] Level 1:colcon.colcon_core.environment:checking '/home/poojit/spot_ws/install/champ/bin'
[0.353s] INFO:colcon.colcon_core.shell:Creating package script '/home/poojit/spot_ws/install/champ/share/champ/package.ps1'
[0.354s] INFO:colcon.colcon_core.shell:Creating package descriptor '/home/poojit/spot_ws/install/champ/share/champ/package.dsv'
[0.355s] INFO:colcon.colcon_core.shell:Creating package script '/home/poojit/spot_ws/install/champ/share/champ/package.sh'
[0.356s] INFO:colcon.colcon_core.shell:Creating package script '/home/poojit/spot_ws/install/champ/share/champ/package.bash'
[0.356s] INFO:colcon.colcon_core.shell:Creating package script '/home/poojit/spot_ws/install/champ/share/champ/package.zsh'
[0.357s] Level 1:colcon.colcon_core.environment:create_file_with_runtime_dependencies(/home/poojit/spot_ws/install/champ/share/colcon-core/packages/champ)
[0.357s] Level 1:colcon.colcon_core.environment:create_environment_scripts_only(champ)
[0.358s] Level 1:colcon.colcon_core.environment:checking '/home/poojit/spot_ws/install/champ' for CMake module files
[0.358s] Level 1:colcon.colcon_core.environment:checking '/home/poojit/spot_ws/install/champ' for CMake config files
[0.359s] Level 1:colcon.colcon_core.shell:create_environment_hook('champ', 'cmake_prefix_path')
[0.359s] INFO:colcon.colcon_core.shell:Creating environment hook '/home/poojit/spot_ws/install/champ/share/champ/hook/cmake_prefix_path.ps1'
[0.359s] INFO:colcon.colcon_core.shell:Creating environment descriptor '/home/poojit/spot_ws/install/champ/share/champ/hook/cmake_prefix_path.dsv'
[0.359s] INFO:colcon.colcon_core.shell:Creating environment hook '/home/poojit/spot_ws/install/champ/share/champ/hook/cmake_prefix_path.sh'
[0.360s] Level 1:colcon.colcon_core.environment:checking '/home/poojit/spot_ws/install/champ/bin'
[0.360s] Level 1:colcon.colcon_core.environment:checking '/home/poojit/spot_ws/install/champ/lib/pkgconfig/champ.pc'
[0.360s] Level 1:colcon.colcon_core.environment:checking '/home/poojit/spot_ws/install/champ/lib/python3.12/site-packages'
[0.361s] Level 1:colcon.colcon_core.environment:checking '/home/poojit/spot_ws/install/champ/bin'
[0.361s] INFO:colcon.colcon_core.shell:Creating package script '/home/poojit/spot_ws/install/champ/share/champ/package.ps1'
[0.361s] INFO:colcon.colcon_core.shell:Creating package descriptor '/home/poojit/spot_ws/install/champ/share/champ/package.dsv'
[0.362s] INFO:colcon.colcon_core.shell:Creating package script '/home/poojit/spot_ws/install/champ/share/champ/package.sh'
[0.362s] INFO:colcon.colcon_core.shell:Creating package script '/home/poojit/spot_ws/install/champ/share/champ/package.bash'
[0.362s] INFO:colcon.colcon_core.shell:Creating package script '/home/poojit/spot_ws/install/champ/share/champ/package.zsh'
[0.363s] Level 1:colcon.colcon_core.environment:create_file_with_runtime_dependencies(/home/poojit/spot_ws/install/champ/share/colcon-core/packages/champ)
[0.364s] Level 1:colcon.colcon_core.environment:create_environment_scripts_only(spot_description)
[0.364s] Level 1:colcon.colcon_core.environment:checking '/home/poojit/spot_ws/install/spot_description' for CMake module files
[0.365s] DEBUG:colcon.colcon_core.event_handler.log_command:Invoked command in '/home/poojit/spot_ws/build/spot_description' returned '0': CMAKE_PREFIX_PATH=${CMAKE_PREFIX_PATH}:/home/poojit/spot_ws/install/spot_bringup:/opt/ros/jazzy /usr/bin/cmake --install /home/poojit/spot_ws/build/spot_description
[0.365s] Level 1:colcon.colcon_core.environment:checking '/home/poojit/spot_ws/install/spot_description' for CMake config files
[0.366s] Level 1:colcon.colcon_core.shell:create_environment_hook('spot_description', 'cmake_prefix_path')
[0.366s] INFO:colcon.colcon_core.shell:Creating environment hook '/home/poojit/spot_ws/install/spot_description/share/spot_description/hook/cmake_prefix_path.ps1'
[0.367s] INFO:colcon.colcon_core.shell:Creating environment descriptor '/home/poojit/spot_ws/install/spot_description/share/spot_description/hook/cmake_prefix_path.dsv'
[0.367s] INFO:colcon.colcon_core.shell:Creating environment hook '/home/poojit/spot_ws/install/spot_description/share/spot_description/hook/cmake_prefix_path.sh'
[0.368s] Level 1:colcon.colcon_core.environment:checking '/home/poojit/spot_ws/install/spot_description/bin'
[0.368s] Level 1:colcon.colcon_core.environment:checking '/home/poojit/spot_ws/install/spot_description/lib/pkgconfig/spot_description.pc'
[0.368s] Level 1:colcon.colcon_core.environment:checking '/home/poojit/spot_ws/install/spot_description/lib/python3.12/site-packages'
[0.368s] Level 1:colcon.colcon_core.environment:checking '/home/poojit/spot_ws/install/spot_description/bin'
[0.368s] INFO:colcon.colcon_core.shell:Creating package script '/home/poojit/spot_ws/install/spot_description/share/spot_description/package.ps1'
[0.369s] INFO:colcon.colcon_core.shell:Creating package descriptor '/home/poojit/spot_ws/install/spot_description/share/spot_description/package.dsv'
[0.369s] INFO:colcon.colcon_core.shell:Creating package script '/home/poojit/spot_ws/install/spot_description/share/spot_description/package.sh'
[0.370s] INFO:colcon.colcon_core.shell:Creating package script '/home/poojit/spot_ws/install/spot_description/share/spot_description/package.bash'
[0.370s] INFO:colcon.colcon_core.shell:Creating package script '/home/poojit/spot_ws/install/spot_description/share/spot_description/package.zsh'
[0.370s] Level 1:colcon.colcon_core.environment:create_file_with_runtime_dependencies(/home/poojit/spot_ws/install/spot_description/share/colcon-core/packages/spot_description)
[0.371s] Level 1:colcon.colcon_core.environment:create_environment_scripts_only(spot_description)
[0.371s] Level 1:colcon.colcon_core.environment:checking '/home/poojit/spot_ws/install/spot_description' for CMake module files
[0.371s] Level 1:colcon.colcon_core.environment:checking '/home/poojit/spot_ws/install/spot_description' for CMake config files
[0.372s] Level 1:colcon.colcon_core.shell:create_environment_hook('spot_description', 'cmake_prefix_path')
[0.372s] INFO:colcon.colcon_core.shell:Creating environment hook '/home/poojit/spot_ws/install/spot_description/share/spot_description/hook/cmake_prefix_path.ps1'
[0.372s] INFO:colcon.colcon_core.shell:Creating environment descriptor '/home/poojit/spot_ws/install/spot_description/share/spot_description/hook/cmake_prefix_path.dsv'
[0.373s] INFO:colcon.colcon_core.shell:Creating environment hook '/home/poojit/spot_ws/install/spot_description/share/spot_description/hook/cmake_prefix_path.sh'
[0.373s] Level 1:colcon.colcon_core.environment:checking '/home/poojit/spot_ws/install/spot_description/bin'
[0.374s] Level 1:colcon.colcon_core.environment:checking '/home/poojit/spot_ws/install/spot_description/lib/pkgconfig/spot_description.pc'
[0.374s] Level 1:colcon.colcon_core.environment:checking '/home/poojit/spot_ws/install/spot_description/lib/python3.12/site-packages'
[0.374s] Level 1:colcon.colcon_core.environment:checking '/home/poojit/spot_ws/install/spot_description/bin'
[0.375s] INFO:colcon.colcon_core.shell:Creating package script '/home/poojit/spot_ws/install/spot_description/share/spot_description/package.ps1'
[0.376s] INFO:colcon.colcon_core.shell:Creating package descriptor '/home/poojit/spot_ws/install/spot_description/share/spot_description/package.dsv'
[0.376s] INFO:colcon.colcon_core.shell:Creating package script '/home/poojit/spot_ws/install/spot_description/share/spot_description/package.sh'
[0.377s] INFO:colcon.colcon_core.shell:Creating package script '/home/poojit/spot_ws/install/spot_description/share/spot_description/package.bash'
[0.377s] INFO:colcon.colcon_core.shell:Creating package script '/home/poojit/spot_ws/install/spot_description/share/spot_description/package.zsh'
[0.378s] Level 1:colcon.colcon_core.environment:create_file_with_runtime_dependencies(/home/poojit/spot_ws/install/spot_description/share/colcon-core/packages/spot_description)
[0.379s] INFO:colcon.colcon_ros.task.ament_cmake.build:Building ROS package in '/home/poojit/spot_ws/src/spot_gazebo/spot_gz' with build type 'ament_cmake'
[0.379s] INFO:colcon.colcon_cmake.task.cmake.build:Building CMake package in '/home/poojit/spot_ws/src/spot_gazebo/spot_gz'
[0.379s] INFO:colcon.colcon_core.shell:Skip shell extension 'powershell' for command environment: Not usable outside of PowerShell
[0.379s] DEBUG:colcon.colcon_core.shell:Skip shell extension 'dsv' for command environment
[0.387s] DEBUG:colcon.colcon_core.event_handler.log_command:Invoking command in '/home/poojit/spot_ws/build/spot_gz': CMAKE_PREFIX_PATH=/home/poojit/spot_ws/install/spot_description:/home/poojit/spot_ws/install/spot_gz:/opt/ros/jazzy/opt/gz_sim_vendor:/opt/ros/jazzy/opt/gz_sensors_vendor:/opt/ros/jazzy/opt/gz_physics_vendor:/opt/ros/jazzy/opt/sdformat_vendor:/opt/ros/jazzy/opt/gz_gui_vendor:/opt/ros/jazzy/opt/gz_transport_vendor:/opt/ros/jazzy/opt/gz_rendering_vendor:/opt/ros/jazzy/opt/gz_plugin_vendor:/opt/ros/jazzy/opt/gz_fuel_tools_vendor:/opt/ros/jazzy/opt/gz_msgs_vendor:/opt/ros/jazzy/opt/gz_common_vendor:/opt/ros/jazzy/opt/gz_math_vendor:/opt/ros/jazzy/opt/gz_utils_vendor:/opt/ros/jazzy/opt/gz_tools_vendor:/opt/ros/jazzy/opt/gz_ogre_next_vendor:/opt/ros/jazzy/opt/gz_dartsim_vendor:/opt/ros/jazzy/opt/gz_cmake_vendor:/home/poojit/spot_ws/install/spot_bringup:/opt/ros/jazzy GZ_SIM_RESOURCE_PATH=/home/poojit/spot_ws/install/spot_description/share/spot_description/models:${GZ_SIM_RESOURCE_PATH} /usr/bin/cmake --build /home/poojit/spot_ws/build/spot_gz -- -j12 -l12
[0.418s] DEBUG:colcon.colcon_core.event_handler.log_command:Invoked command in '/home/poojit/spot_ws/build/spot_gz' returned '0': CMAKE_PREFIX_PATH=/home/poojit/spot_ws/install/spot_description:/home/poojit/spot_ws/install/spot_gz:/opt/ros/jazzy/opt/gz_sim_vendor:/opt/ros/jazzy/opt/gz_sensors_vendor:/opt/ros/jazzy/opt/gz_physics_vendor:/opt/ros/jazzy/opt/sdformat_vendor:/opt/ros/jazzy/opt/gz_gui_vendor:/opt/ros/jazzy/opt/gz_transport_vendor:/opt/ros/jazzy/opt/gz_rendering_vendor:/opt/ros/jazzy/opt/gz_plugin_vendor:/opt/ros/jazzy/opt/gz_fuel_tools_vendor:/opt/ros/jazzy/opt/gz_msgs_vendor:/opt/ros/jazzy/opt/gz_common_vendor:/opt/ros/jazzy/opt/gz_math_vendor:/opt/ros/jazzy/opt/gz_utils_vendor:/opt/ros/jazzy/opt/gz_tools_vendor:/opt/ros/jazzy/opt/gz_ogre_next_vendor:/opt/ros/jazzy/opt/gz_dartsim_vendor:/opt/ros/jazzy/opt/gz_cmake_vendor:/home/poojit/spot_ws/install/spot_bringup:/opt/ros/jazzy GZ_SIM_RESOURCE_PATH=/home/poojit/spot_ws/install/spot_description/share/spot_description/models:${GZ_SIM_RESOURCE_PATH} /usr/bin/cmake --build /home/poojit/spot_ws/build/spot_gz -- -j12 -l12
[0.419s] DEBUG:colcon.colcon_core.event_handler.log_command:Invoking command in '/home/poojit/spot_ws/build/spot_gz': CMAKE_PREFIX_PATH=/home/poojit/spot_ws/install/spot_description:/home/poojit/spot_ws/install/spot_gz:/opt/ros/jazzy/opt/gz_sim_vendor:/opt/ros/jazzy/opt/gz_sensors_vendor:/opt/ros/jazzy/opt/gz_physics_vendor:/opt/ros/jazzy/opt/sdformat_vendor:/opt/ros/jazzy/opt/gz_gui_vendor:/opt/ros/jazzy/opt/gz_transport_vendor:/opt/ros/jazzy/opt/gz_rendering_vendor:/opt/ros/jazzy/opt/gz_plugin_vendor:/opt/ros/jazzy/opt/gz_fuel_tools_vendor:/opt/ros/jazzy/opt/gz_msgs_vendor:/opt/ros/jazzy/opt/gz_common_vendor:/opt/ros/jazzy/opt/gz_math_vendor:/opt/ros/jazzy/opt/gz_utils_vendor:/opt/ros/jazzy/opt/gz_tools_vendor:/opt/ros/jazzy/opt/gz_ogre_next_vendor:/opt/ros/jazzy/opt/gz_dartsim_vendor:/opt/ros/jazzy/opt/gz_cmake_vendor:/home/poojit/spot_ws/install/spot_bringup:/opt/ros/jazzy GZ_SIM_RESOURCE_PATH=/home/poojit/spot_ws/install/spot_description/share/spot_description/models:${GZ_SIM_RESOURCE_PATH} /usr/bin/cmake --install /home/poojit/spot_ws/build/spot_gz
[0.436s] Level 1:colcon.colcon_core.environment:create_environment_scripts_only(spot_gz)
[0.436s] Level 1:colcon.colcon_core.environment:checking '/home/poojit/spot_ws/install/spot_gz' for CMake module files
[0.437s] DEBUG:colcon.colcon_core.event_handler.log_command:Invoked command in '/home/poojit/spot_ws/build/spot_gz' returned '0': CMAKE_PREFIX_PATH=/home/poojit/spot_ws/install/spot_description:/home/poojit/spot_ws/install/spot_gz:/opt/ros/jazzy/opt/gz_sim_vendor:/opt/ros/jazzy/opt/gz_sensors_vendor:/opt/ros/jazzy/opt/gz_physics_vendor:/opt/ros/jazzy/opt/sdformat_vendor:/opt/ros/jazzy/opt/gz_gui_vendor:/opt/ros/jazzy/opt/gz_transport_vendor:/opt/ros/jazzy/opt/gz_rendering_vendor:/opt/ros/jazzy/opt/gz_plugin_vendor:/opt/ros/jazzy/opt/gz_fuel_tools_vendor:/opt/ros/jazzy/opt/gz_msgs_vendor:/opt/ros/jazzy/opt/gz_common_vendor:/opt/ros/jazzy/opt/gz_math_vendor:/opt/ros/jazzy/opt/gz_utils_vendor:/opt/ros/jazzy/opt/gz_tools_vendor:/opt/ros/jazzy/opt/gz_ogre_next_vendor:/opt/ros/jazzy/opt/gz_dartsim_vendor:/opt/ros/jazzy/opt/gz_cmake_vendor:/home/poojit/spot_ws/install/spot_bringup:/opt/ros/jazzy GZ_SIM_RESOURCE_PATH=/home/poojit/spot_ws/install/spot_description/share/spot_description/models:${GZ_SIM_RESOURCE_PATH} /usr/bin/cmake --install /home/poojit/spot_ws/build/spot_gz
[0.437s] Level 1:colcon.colcon_core.environment:checking '/home/poojit/spot_ws/install/spot_gz' for CMake config files
[0.437s] Level 1:colcon.colcon_core.shell:create_environment_hook('spot_gz', 'cmake_prefix_path')
[0.437s] INFO:colcon.colcon_core.shell:Creating environment hook '/home/poojit/spot_ws/install/spot_gz/share/spot_gz/hook/cmake_prefix_path.ps1'
[0.438s] INFO:colcon.colcon_core.shell:Creating environment descriptor '/home/poojit/spot_ws/install/spot_gz/share/spot_gz/hook/cmake_prefix_path.dsv'
[0.438s] INFO:colcon.colcon_core.shell:Creating environment hook '/home/poojit/spot_ws/install/spot_gz/share/spot_gz/hook/cmake_prefix_path.sh'
[0.439s] Level 1:colcon.colcon_core.environment:checking '/home/poojit/spot_ws/install/spot_gz/bin'
[0.439s] Level 1:colcon.colcon_core.environment:checking '/home/poojit/spot_ws/install/spot_gz/lib/pkgconfig/spot_gz.pc'
[0.439s] Level 1:colcon.colcon_core.environment:checking '/home/poojit/spot_ws/install/spot_gz/lib/python3.12/site-packages'
[0.439s] Level 1:colcon.colcon_core.environment:checking '/home/poojit/spot_ws/install/spot_gz/bin'
[0.439s] INFO:colcon.colcon_core.shell:Creating package script '/home/poojit/spot_ws/install/spot_gz/share/spot_gz/package.ps1'
[0.440s] INFO:colcon.colcon_core.shell:Creating package descriptor '/home/poojit/spot_ws/install/spot_gz/share/spot_gz/package.dsv'
[0.440s] INFO:colcon.colcon_core.shell:Creating package script '/home/poojit/spot_ws/install/spot_gz/share/spot_gz/package.sh'
[0.440s] INFO:colcon.colcon_core.shell:Creating package script '/home/poojit/spot_ws/install/spot_gz/share/spot_gz/package.bash'
[0.441s] INFO:colcon.colcon_core.shell:Creating package script '/home/poojit/spot_ws/install/spot_gz/share/spot_gz/package.zsh'
[0.441s] Level 1:colcon.colcon_core.environment:create_file_with_runtime_dependencies(/home/poojit/spot_ws/install/spot_gz/share/colcon-core/packages/spot_gz)
[0.441s] Level 1:colcon.colcon_core.environment:create_environment_scripts_only(spot_gz)
[0.442s] Level 1:colcon.colcon_core.environment:checking '/home/poojit/spot_ws/install/spot_gz' for CMake module files
[0.442s] Level 1:colcon.colcon_core.environment:checking '/home/poojit/spot_ws/install/spot_gz' for CMake config files
[0.442s] Level 1:colcon.colcon_core.shell:create_environment_hook('spot_gz', 'cmake_prefix_path')
[0.442s] INFO:colcon.colcon_core.shell:Creating environment hook '/home/poojit/spot_ws/install/spot_gz/share/spot_gz/hook/cmake_prefix_path.ps1'
[0.443s] INFO:colcon.colcon_core.shell:Creating environment descriptor '/home/poojit/spot_ws/install/spot_gz/share/spot_gz/hook/cmake_prefix_path.dsv'
[0.443s] INFO:colcon.colcon_core.shell:Creating environment hook '/home/poojit/spot_ws/install/spot_gz/share/spot_gz/hook/cmake_prefix_path.sh'
[0.444s] Level 1:colcon.colcon_core.environment:checking '/home/poojit/spot_ws/install/spot_gz/bin'
[0.444s] Level 1:colcon.colcon_core.environment:checking '/home/poojit/spot_ws/install/spot_gz/lib/pkgconfig/spot_gz.pc'
[0.444s] Level 1:colcon.colcon_core.environment:checking '/home/poojit/spot_ws/install/spot_gz/lib/python3.12/site-packages'
[0.444s] Level 1:colcon.colcon_core.environment:checking '/home/poojit/spot_ws/install/spot_gz/bin'
[0.444s] INFO:colcon.colcon_core.shell:Creating package script '/home/poojit/spot_ws/install/spot_gz/share/spot_gz/package.ps1'
[0.445s] INFO:colcon.colcon_core.shell:Creating package descriptor '/home/poojit/spot_ws/install/spot_gz/share/spot_gz/package.dsv'
[0.445s] INFO:colcon.colcon_core.shell:Creating package script '/home/poojit/spot_ws/install/spot_gz/share/spot_gz/package.sh'
[0.445s] INFO:colcon.colcon_core.shell:Creating package script '/home/poojit/spot_ws/install/spot_gz/share/spot_gz/package.bash'
[0.446s] INFO:colcon.colcon_core.shell:Creating package script '/home/poojit/spot_ws/install/spot_gz/share/spot_gz/package.zsh'
[0.446s] Level 1:colcon.colcon_core.environment:create_file_with_runtime_dependencies(/home/poojit/spot_ws/install/spot_gz/share/colcon-core/packages/spot_gz)
[0.447s] INFO:colcon.colcon_ros.task.ament_python.build:Building ROS package in '/home/poojit/spot_ws/src/spot_gazebo/spot_bringup' with build type 'ament_python'
[0.447s] Level 1:colcon.colcon_core.shell:create_environment_hook('spot_bringup', 'ament_prefix_path')
[0.447s] INFO:colcon.colcon_core.shell:Creating environment hook '/home/poojit/spot_ws/install/spot_bringup/share/spot_bringup/hook/ament_prefix_path.ps1'
[0.448s] INFO:colcon.colcon_core.shell:Creating environment descriptor '/home/poojit/spot_ws/install/spot_bringup/share/spot_bringup/hook/ament_prefix_path.dsv'
[0.448s] INFO:colcon.colcon_core.shell:Creating environment hook '/home/poojit/spot_ws/install/spot_bringup/share/spot_bringup/hook/ament_prefix_path.sh'
[0.449s] INFO:colcon.colcon_core.shell:Skip shell extension 'powershell' for command environment: Not usable outside of PowerShell
[0.449s] DEBUG:colcon.colcon_core.shell:Skip shell extension 'dsv' for command environment
[0.639s] INFO:colcon.colcon_core.task.python.build:Building Python package in '/home/poojit/spot_ws/src/spot_gazebo/spot_bringup'
[0.639s] INFO:colcon.colcon_core.shell:Skip shell extension 'powershell' for command environment: Not usable outside of PowerShell
[0.639s] DEBUG:colcon.colcon_core.shell:Skip shell extension 'dsv' for command environment
[0.649s] DEBUG:colcon.colcon_core.event_handler.log_command:Invoked command in '/home/poojit/spot_ws/build/champ_msgs' returned '0': CMAKE_PREFIX_PATH=${CMAKE_PREFIX_PATH}:/home/poojit/spot_ws/install/spot_bringup:/opt/ros/jazzy /usr/bin/cmake --build /home/poojit/spot_ws/build/champ_msgs -- -j12 -l12
[0.650s] DEBUG:colcon.colcon_core.event_handler.log_command:Invoking command in '/home/poojit/spot_ws/build/champ_msgs': CMAKE_PREFIX_PATH=${CMAKE_PREFIX_PATH}:/home/poojit/spot_ws/install/spot_bringup:/opt/ros/jazzy /usr/bin/cmake --install /home/poojit/spot_ws/build/champ_msgs
[0.725s] Level 1:colcon.colcon_core.environment:create_environment_scripts_only(champ_msgs)
[0.725s] Level 1:colcon.colcon_core.environment:checking '/home/poojit/spot_ws/install/champ_msgs' for CMake module files
[0.725s] DEBUG:colcon.colcon_core.event_handler.log_command:Invoked command in '/home/poojit/spot_ws/build/champ_msgs' returned '0': CMAKE_PREFIX_PATH=${CMAKE_PREFIX_PATH}:/home/poojit/spot_ws/install/spot_bringup:/opt/ros/jazzy /usr/bin/cmake --install /home/poojit/spot_ws/build/champ_msgs
[0.726s] Level 1:colcon.colcon_core.environment:checking '/home/poojit/spot_ws/install/champ_msgs' for CMake config files
[0.727s] Level 1:colcon.colcon_core.shell:create_environment_hook('champ_msgs', 'cmake_prefix_path')
[0.727s] INFO:colcon.colcon_core.shell:Creating environment hook '/home/poojit/spot_ws/install/champ_msgs/share/champ_msgs/hook/cmake_prefix_path.ps1'
[0.727s] INFO:colcon.colcon_core.shell:Creating environment descriptor '/home/poojit/spot_ws/install/champ_msgs/share/champ_msgs/hook/cmake_prefix_path.dsv'
[0.727s] INFO:colcon.colcon_core.shell:Creating environment hook '/home/poojit/spot_ws/install/champ_msgs/share/champ_msgs/hook/cmake_prefix_path.sh'
[0.728s] Level 1:colcon.colcon_core.environment:checking '/home/poojit/spot_ws/install/champ_msgs/lib'
[0.728s] Level 1:colcon.colcon_core.shell:create_environment_hook('champ_msgs', 'ld_library_path_lib')
[0.728s] INFO:colcon.colcon_core.shell:Creating environment hook '/home/poojit/spot_ws/install/champ_msgs/share/champ_msgs/hook/ld_library_path_lib.ps1'
[0.728s] INFO:colcon.colcon_core.shell:Creating environment descriptor '/home/poojit/spot_ws/install/champ_msgs/share/champ_msgs/hook/ld_library_path_lib.dsv'
[0.729s] INFO:colcon.colcon_core.shell:Creating environment hook '/home/poojit/spot_ws/install/champ_msgs/share/champ_msgs/hook/ld_library_path_lib.sh'
[0.729s] Level 1:colcon.colcon_core.environment:checking '/home/poojit/spot_ws/install/champ_msgs/bin'
[0.729s] Level 1:colcon.colcon_core.environment:checking '/home/poojit/spot_ws/install/champ_msgs/lib/pkgconfig/champ_msgs.pc'
[0.729s] Level 1:colcon.colcon_core.environment:checking '/home/poojit/spot_ws/install/champ_msgs/lib/python3.12/site-packages'
[0.729s] Level 1:colcon.colcon_core.shell:create_environment_hook('champ_msgs', 'pythonpath')
[0.729s] INFO:colcon.colcon_core.shell:Creating environment hook '/home/poojit/spot_ws/install/champ_msgs/share/champ_msgs/hook/pythonpath.ps1'
[0.730s] INFO:colcon.colcon_core.shell:Creating environment descriptor '/home/poojit/spot_ws/install/champ_msgs/share/champ_msgs/hook/pythonpath.dsv'
[0.730s] INFO:colcon.colcon_core.shell:Creating environment hook '/home/poojit/spot_ws/install/champ_msgs/share/champ_msgs/hook/pythonpath.sh'
[0.730s] Level 1:colcon.colcon_core.environment:checking '/home/poojit/spot_ws/install/champ_msgs/bin'
[0.731s] INFO:colcon.colcon_core.shell:Creating package script '/home/poojit/spot_ws/install/champ_msgs/share/champ_msgs/package.ps1'
[0.731s] INFO:colcon.colcon_core.shell:Creating package descriptor '/home/poojit/spot_ws/install/champ_msgs/share/champ_msgs/package.dsv'
[0.731s] INFO:colcon.colcon_core.shell:Creating package script '/home/poojit/spot_ws/install/champ_msgs/share/champ_msgs/package.sh'
[0.732s] INFO:colcon.colcon_core.shell:Creating package script '/home/poojit/spot_ws/install/champ_msgs/share/champ_msgs/package.bash'
[0.732s] INFO:colcon.colcon_core.shell:Creating package script '/home/poojit/spot_ws/install/champ_msgs/share/champ_msgs/package.zsh'
[0.732s] Level 1:colcon.colcon_core.environment:create_file_with_runtime_dependencies(/home/poojit/spot_ws/install/champ_msgs/share/colcon-core/packages/champ_msgs)
[0.733s] Level 1:colcon.colcon_core.environment:create_environment_scripts_only(champ_msgs)
[0.733s] Level 1:colcon.colcon_core.environment:checking '/home/poojit/spot_ws/install/champ_msgs' for CMake module files
[0.733s] Level 1:colcon.colcon_core.environment:checking '/home/poojit/spot_ws/install/champ_msgs' for CMake config files
[0.734s] Level 1:colcon.colcon_core.shell:create_environment_hook('champ_msgs', 'cmake_prefix_path')
[0.734s] INFO:colcon.colcon_core.shell:Creating environment hook '/home/poojit/spot_ws/install/champ_msgs/share/champ_msgs/hook/cmake_prefix_path.ps1'
[0.734s] INFO:colcon.colcon_core.shell:Creating environment descriptor '/home/poojit/spot_ws/install/champ_msgs/share/champ_msgs/hook/cmake_prefix_path.dsv'
[0.735s] INFO:colcon.colcon_core.shell:Creating environment hook '/home/poojit/spot_ws/install/champ_msgs/share/champ_msgs/hook/cmake_prefix_path.sh'
[0.735s] Level 1:colcon.colcon_core.environment:checking '/home/poojit/spot_ws/install/champ_msgs/lib'
[0.735s] Level 1:colcon.colcon_core.shell:create_environment_hook('champ_msgs', 'ld_library_path_lib')
[0.736s] INFO:colcon.colcon_core.shell:Creating environment hook '/home/poojit/spot_ws/install/champ_msgs/share/champ_msgs/hook/ld_library_path_lib.ps1'
[0.736s] INFO:colcon.colcon_core.shell:Creating environment descriptor '/home/poojit/spot_ws/install/champ_msgs/share/champ_msgs/hook/ld_library_path_lib.dsv'
[0.736s] INFO:colcon.colcon_core.shell:Creating environment hook '/home/poojit/spot_ws/install/champ_msgs/share/champ_msgs/hook/ld_library_path_lib.sh'
[0.737s] Level 1:colcon.colcon_core.environment:checking '/home/poojit/spot_ws/install/champ_msgs/bin'
[0.737s] Level 1:colcon.colcon_core.environment:checking '/home/poojit/spot_ws/install/champ_msgs/lib/pkgconfig/champ_msgs.pc'
[0.737s] Level 1:colcon.colcon_core.environment:checking '/home/poojit/spot_ws/install/champ_msgs/lib/python3.12/site-packages'
[0.737s] Level 1:colcon.colcon_core.shell:create_environment_hook('champ_msgs', 'pythonpath')
[0.737s] INFO:colcon.colcon_core.shell:Creating environment hook '/home/poojit/spot_ws/install/champ_msgs/share/champ_msgs/hook/pythonpath.ps1'
[0.738s] INFO:colcon.colcon_core.shell:Creating environment descriptor '/home/poojit/spot_ws/install/champ_msgs/share/champ_msgs/hook/pythonpath.dsv'
[0.738s] INFO:colcon.colcon_core.shell:Creating environment hook '/home/poojit/spot_ws/install/champ_msgs/share/champ_msgs/hook/pythonpath.sh'
[0.738s] Level 1:colcon.colcon_core.environment:checking '/home/poojit/spot_ws/install/champ_msgs/bin'
[0.739s] INFO:colcon.colcon_core.shell:Creating package script '/home/poojit/spot_ws/install/champ_msgs/share/champ_msgs/package.ps1'
[0.739s] INFO:colcon.colcon_core.shell:Creating package descriptor '/home/poojit/spot_ws/install/champ_msgs/share/champ_msgs/package.dsv'
[0.740s] INFO:colcon.colcon_core.shell:Creating package script '/home/poojit/spot_ws/install/champ_msgs/share/champ_msgs/package.sh'
[0.740s] INFO:colcon.colcon_core.shell:Creating package script '/home/poojit/spot_ws/install/champ_msgs/share/champ_msgs/package.bash'
[0.740s] INFO:colcon.colcon_core.shell:Creating package script '/home/poojit/spot_ws/install/champ_msgs/share/champ_msgs/package.zsh'
[0.741s] Level 1:colcon.colcon_core.environment:create_file_with_runtime_dependencies(/home/poojit/spot_ws/install/champ_msgs/share/colcon-core/packages/champ_msgs)
[0.741s] INFO:colcon.colcon_ros.task.ament_cmake.build:Building ROS package in '/home/poojit/spot_ws/src/spot_gazebo/champ_base' with build type 'ament_cmake'
[0.741s] INFO:colcon.colcon_cmake.task.cmake.build:Building CMake package in '/home/poojit/spot_ws/src/spot_gazebo/champ_base'
[0.741s] INFO:colcon.colcon_core.shell:Skip shell extension 'powershell' for command environment: Not usable outside of PowerShell
[0.741s] DEBUG:colcon.colcon_core.shell:Skip shell extension 'dsv' for command environment
[0.750s] DEBUG:colcon.colcon_core.event_handler.log_command:Invoking command in '/home/poojit/spot_ws/build/champ_base': AMENT_PREFIX_PATH=/home/poojit/spot_ws/install/champ_msgs:/home/poojit/spot_ws/install/champ:${AMENT_PREFIX_PATH} CMAKE_PREFIX_PATH=/home/poojit/spot_ws/install/champ_msgs:/home/poojit/spot_ws/install/champ:/home/poojit/spot_ws/install/spot_gz:/home/poojit/spot_ws/install/spot_description:/opt/ros/jazzy/opt/gz_sim_vendor:/opt/ros/jazzy/opt/gz_sensors_vendor:/opt/ros/jazzy/opt/gz_physics_vendor:/opt/ros/jazzy/opt/sdformat_vendor:/opt/ros/jazzy/opt/gz_gui_vendor:/opt/ros/jazzy/opt/gz_transport_vendor:/opt/ros/jazzy/opt/gz_rendering_vendor:/opt/ros/jazzy/opt/gz_plugin_vendor:/opt/ros/jazzy/opt/gz_fuel_tools_vendor:/opt/ros/jazzy/opt/gz_msgs_vendor:/opt/ros/jazzy/opt/gz_common_vendor:/opt/ros/jazzy/opt/gz_math_vendor:/opt/ros/jazzy/opt/gz_utils_vendor:/opt/ros/jazzy/opt/gz_tools_vendor:/opt/ros/jazzy/opt/gz_ogre_next_vendor:/opt/ros/jazzy/opt/gz_dartsim_vendor:/opt/ros/jazzy/opt/gz_cmake_vendor:/home/poojit/spot_ws/install/spot_bringup:/opt/ros/jazzy LD_LIBRARY_PATH=/home/poojit/spot_ws/install/champ_msgs/lib:${LD_LIBRARY_PATH} PYTHONPATH=/home/poojit/spot_ws/install/champ_msgs/lib/python3.12/site-packages:${PYTHONPATH} /usr/bin/cmake --build /home/poojit/spot_ws/build/champ_base -- -j12 -l12
[0.832s] DEBUG:colcon.colcon_core.event_handler.log_command:Invoked command in '/home/poojit/spot_ws/build/champ_base' returned '0': AMENT_PREFIX_PATH=/home/poojit/spot_ws/install/champ_msgs:/home/poojit/spot_ws/install/champ:${AMENT_PREFIX_PATH} CMAKE_PREFIX_PATH=/home/poojit/spot_ws/install/champ_msgs:/home/poojit/spot_ws/install/champ:/home/poojit/spot_ws/install/spot_gz:/home/poojit/spot_ws/install/spot_description:/opt/ros/jazzy/opt/gz_sim_vendor:/opt/ros/jazzy/opt/gz_sensors_vendor:/opt/ros/jazzy/opt/gz_physics_vendor:/opt/ros/jazzy/opt/sdformat_vendor:/opt/ros/jazzy/opt/gz_gui_vendor:/opt/ros/jazzy/opt/gz_transport_vendor:/opt/ros/jazzy/opt/gz_rendering_vendor:/opt/ros/jazzy/opt/gz_plugin_vendor:/opt/ros/jazzy/opt/gz_fuel_tools_vendor:/opt/ros/jazzy/opt/gz_msgs_vendor:/opt/ros/jazzy/opt/gz_common_vendor:/opt/ros/jazzy/opt/gz_math_vendor:/opt/ros/jazzy/opt/gz_utils_vendor:/opt/ros/jazzy/opt/gz_tools_vendor:/opt/ros/jazzy/opt/gz_ogre_next_vendor:/opt/ros/jazzy/opt/gz_dartsim_vendor:/opt/ros/jazzy/opt/gz_cmake_vendor:/home/poojit/spot_ws/install/spot_bringup:/opt/ros/jazzy LD_LIBRARY_PATH=/home/poojit/spot_ws/install/champ_msgs/lib:${LD_LIBRARY_PATH} PYTHONPATH=/home/poojit/spot_ws/install/champ_msgs/lib/python3.12/site-packages:${PYTHONPATH} /usr/bin/cmake --build /home/poojit/spot_ws/build/champ_base -- -j12 -l12
[0.833s] DEBUG:colcon.colcon_core.event_handler.log_command:Invoking command in '/home/poojit/spot_ws/build/champ_base': AMENT_PREFIX_PATH=/home/poojit/spot_ws/install/champ_msgs:/home/poojit/spot_ws/install/champ:${AMENT_PREFIX_PATH} CMAKE_PREFIX_PATH=/home/poojit/spot_ws/install/champ_msgs:/home/poojit/spot_ws/install/champ:/home/poojit/spot_ws/install/spot_gz:/home/poojit/spot_ws/install/spot_description:/opt/ros/jazzy/opt/gz_sim_vendor:/opt/ros/jazzy/opt/gz_sensors_vendor:/opt/ros/jazzy/opt/gz_physics_vendor:/opt/ros/jazzy/opt/sdformat_vendor:/opt/ros/jazzy/opt/gz_gui_vendor:/opt/ros/jazzy/opt/gz_transport_vendor:/opt/ros/jazzy/opt/gz_rendering_vendor:/opt/ros/jazzy/opt/gz_plugin_vendor:/opt/ros/jazzy/opt/gz_fuel_tools_vendor:/opt/ros/jazzy/opt/gz_msgs_vendor:/opt/ros/jazzy/opt/gz_common_vendor:/opt/ros/jazzy/opt/gz_math_vendor:/opt/ros/jazzy/opt/gz_utils_vendor:/opt/ros/jazzy/opt/gz_tools_vendor:/opt/ros/jazzy/opt/gz_ogre_next_vendor:/opt/ros/jazzy/opt/gz_dartsim_vendor:/opt/ros/jazzy/opt/gz_cmake_vendor:/home/poojit/spot_ws/install/spot_bringup:/opt/ros/jazzy LD_LIBRARY_PATH=/home/poojit/spot_ws/install/champ_msgs/lib:${LD_LIBRARY_PATH} PYTHONPATH=/home/poojit/spot_ws/install/champ_msgs/lib/python3.12/site-packages:${PYTHONPATH} /usr/bin/cmake --install /home/poojit/spot_ws/build/champ_base
[0.852s] Level 1:colcon.colcon_core.environment:create_environment_scripts_only(champ_base)
[0.852s] Level 1:colcon.colcon_core.environment:checking '/home/poojit/spot_ws/install/champ_base' for CMake module files
[0.852s] DEBUG:colcon.colcon_core.event_handler.log_command:Invoked command in '/home/poojit/spot_ws/build/champ_base' returned '0': AMENT_PREFIX_PATH=/home/poojit/spot_ws/install/champ_msgs:/home/poojit/spot_ws/install/champ:${AMENT_PREFIX_PATH} CMAKE_PREFIX_PATH=/home/poojit/spot_ws/install/champ_msgs:/home/poojit/spot_ws/install/champ:/home/poojit/spot_ws/install/spot_gz:/home/poojit/spot_ws/install/spot_description:/opt/ros/jazzy/opt/gz_sim_vendor:/opt/ros/jazzy/opt/gz_sensors_vendor:/opt/ros/jazzy/opt/gz_physics_vendor:/opt/ros/jazzy/opt/sdformat_vendor:/opt/ros/jazzy/opt/gz_gui_vendor:/opt/ros/jazzy/opt/gz_transport_vendor:/opt/ros/jazzy/opt/gz_rendering_vendor:/opt/ros/jazzy/opt/gz_plugin_vendor:/opt/ros/jazzy/opt/gz_fuel_tools_vendor:/opt/ros/jazzy/opt/gz_msgs_vendor:/opt/ros/jazzy/opt/gz_common_vendor:/opt/ros/jazzy/opt/gz_math_vendor:/opt/ros/jazzy/opt/gz_utils_vendor:/opt/ros/jazzy/opt/gz_tools_vendor:/opt/ros/jazzy/opt/gz_ogre_next_vendor:/opt/ros/jazzy/opt/gz_dartsim_vendor:/opt/ros/jazzy/opt/gz_cmake_vendor:/home/poojit/spot_ws/install/spot_bringup:/opt/ros/jazzy LD_LIBRARY_PATH=/home/poojit/spot_ws/install/champ_msgs/lib:${LD_LIBRARY_PATH} PYTHONPATH=/home/poojit/spot_ws/install/champ_msgs/lib/python3.12/site-packages:${PYTHONPATH} /usr/bin/cmake --install /home/poojit/spot_ws/build/champ_base
[0.852s] Level 1:colcon.colcon_core.environment:checking '/home/poojit/spot_ws/install/champ_base' for CMake config files
[0.853s] Level 1:colcon.colcon_core.shell:create_environment_hook('champ_base', 'cmake_prefix_path')
[0.853s] INFO:colcon.colcon_core.shell:Creating environment hook '/home/poojit/spot_ws/install/champ_base/share/champ_base/hook/cmake_prefix_path.ps1'
[0.853s] INFO:colcon.colcon_core.shell:Creating environment descriptor '/home/poojit/spot_ws/install/champ_base/share/champ_base/hook/cmake_prefix_path.dsv'
[0.853s] INFO:colcon.colcon_core.shell:Creating environment hook '/home/poojit/spot_ws/install/champ_base/share/champ_base/hook/cmake_prefix_path.sh'
[0.854s] Level 1:colcon.colcon_core.environment:checking '/home/poojit/spot_ws/install/champ_base/lib'
[0.854s] Level 1:colcon.colcon_core.shell:create_environment_hook('champ_base', 'ld_library_path_lib')
[0.854s] INFO:colcon.colcon_core.shell:Creating environment hook '/home/poojit/spot_ws/install/champ_base/share/champ_base/hook/ld_library_path_lib.ps1'
[0.854s] INFO:colcon.colcon_core.shell:Creating environment descriptor '/home/poojit/spot_ws/install/champ_base/share/champ_base/hook/ld_library_path_lib.dsv'
[0.855s] INFO:colcon.colcon_core.shell:Creating environment hook '/home/poojit/spot_ws/install/champ_base/share/champ_base/hook/ld_library_path_lib.sh'
[0.855s] Level 1:colcon.colcon_core.environment:checking '/home/poojit/spot_ws/install/champ_base/bin'
[0.855s] Level 1:colcon.colcon_core.shell:create_environment_hook('champ_base', 'path')
[0.855s] INFO:colcon.colcon_core.shell:Creating environment hook '/home/poojit/spot_ws/install/champ_base/share/champ_base/hook/path.ps1'
[0.855s] INFO:colcon.colcon_core.shell:Creating environment descriptor '/home/poojit/spot_ws/install/champ_base/share/champ_base/hook/path.dsv'
[0.856s] INFO:colcon.colcon_core.shell:Creating environment hook '/home/poojit/spot_ws/install/champ_base/share/champ_base/hook/path.sh'
[0.856s] Level 1:colcon.colcon_core.environment:checking '/home/poojit/spot_ws/install/champ_base/lib/pkgconfig/champ_base.pc'
[0.856s] Level 1:colcon.colcon_core.environment:checking '/home/poojit/spot_ws/install/champ_base/lib/python3.12/site-packages'
[0.856s] Level 1:colcon.colcon_core.environment:checking '/home/poojit/spot_ws/install/champ_base/bin'
[0.856s] Level 1:colcon.colcon_core.shell:create_environment_hook('champ_base', 'pythonscriptspath')
[0.856s] INFO:colcon.colcon_core.shell:Creating environment hook '/home/poojit/spot_ws/install/champ_base/share/champ_base/hook/pythonscriptspath.ps1'
[0.857s] INFO:colcon.colcon_core.shell:Creating environment descriptor '/home/poojit/spot_ws/install/champ_base/share/champ_base/hook/pythonscriptspath.dsv'
[0.857s] INFO:colcon.colcon_core.shell:Creating environment hook '/home/poojit/spot_ws/install/champ_base/share/champ_base/hook/pythonscriptspath.sh'
[0.857s] INFO:colcon.colcon_core.shell:Creating package script '/home/poojit/spot_ws/install/champ_base/share/champ_base/package.ps1'
[0.858s] INFO:colcon.colcon_core.shell:Creating package descriptor '/home/poojit/spot_ws/install/champ_base/share/champ_base/package.dsv'
[0.858s] INFO:colcon.colcon_core.shell:Creating package script '/home/poojit/spot_ws/install/champ_base/share/champ_base/package.sh'
[0.859s] INFO:colcon.colcon_core.shell:Creating package script '/home/poojit/spot_ws/install/champ_base/share/champ_base/package.bash'
[0.859s] INFO:colcon.colcon_core.shell:Creating package script '/home/poojit/spot_ws/install/champ_base/share/champ_base/package.zsh'
[0.859s] Level 1:colcon.colcon_core.environment:create_file_with_runtime_dependencies(/home/poojit/spot_ws/install/champ_base/share/colcon-core/packages/champ_base)
[0.860s] Level 1:colcon.colcon_core.environment:create_environment_scripts_only(champ_base)
[0.860s] Level 1:colcon.colcon_core.environment:checking '/home/poojit/spot_ws/install/champ_base' for CMake module files
[0.860s] Level 1:colcon.colcon_core.environment:checking '/home/poojit/spot_ws/install/champ_base' for CMake config files
[0.860s] Level 1:colcon.colcon_core.shell:create_environment_hook('champ_base', 'cmake_prefix_path')
[0.860s] INFO:colcon.colcon_core.shell:Creating environment hook '/home/poojit/spot_ws/install/champ_base/share/champ_base/hook/cmake_prefix_path.ps1'
[0.861s] INFO:colcon.colcon_core.shell:Creating environment descriptor '/home/poojit/spot_ws/install/champ_base/share/champ_base/hook/cmake_prefix_path.dsv'
[0.861s] INFO:colcon.colcon_core.shell:Creating environment hook '/home/poojit/spot_ws/install/champ_base/share/champ_base/hook/cmake_prefix_path.sh'
[0.861s] Level 1:colcon.colcon_core.environment:checking '/home/poojit/spot_ws/install/champ_base/lib'
[0.862s] Level 1:colcon.colcon_core.shell:create_environment_hook('champ_base', 'ld_library_path_lib')
[0.862s] INFO:colcon.colcon_core.shell:Creating environment hook '/home/poojit/spot_ws/install/champ_base/share/champ_base/hook/ld_library_path_lib.ps1'
[0.862s] INFO:colcon.colcon_core.shell:Creating environment descriptor '/home/poojit/spot_ws/install/champ_base/share/champ_base/hook/ld_library_path_lib.dsv'
[0.862s] INFO:colcon.colcon_core.shell:Creating environment hook '/home/poojit/spot_ws/install/champ_base/share/champ_base/hook/ld_library_path_lib.sh'
[0.862s] Level 1:colcon.colcon_core.environment:checking '/home/poojit/spot_ws/install/champ_base/bin'
[0.863s] Level 1:colcon.colcon_core.shell:create_environment_hook('champ_base', 'path')
[0.863s] INFO:colcon.colcon_core.shell:Creating environment hook '/home/poojit/spot_ws/install/champ_base/share/champ_base/hook/path.ps1'
[0.863s] INFO:colcon.colcon_core.shell:Creating environment descriptor '/home/poojit/spot_ws/install/champ_base/share/champ_base/hook/path.dsv'
[0.863s] INFO:colcon.colcon_core.shell:Creating environment hook '/home/poojit/spot_ws/install/champ_base/share/champ_base/hook/path.sh'
[0.863s] Level 1:colcon.colcon_core.environment:checking '/home/poojit/spot_ws/install/champ_base/lib/pkgconfig/champ_base.pc'
[0.864s] Level 1:colcon.colcon_core.environment:checking '/home/poojit/spot_ws/install/champ_base/lib/python3.12/site-packages'
[0.864s] Level 1:colcon.colcon_core.environment:checking '/home/poojit/spot_ws/install/champ_base/bin'
[0.864s] Level 1:colcon.colcon_core.shell:create_environment_hook('champ_base', 'pythonscriptspath')
[0.864s] INFO:colcon.colcon_core.shell:Creating environment hook '/home/poojit/spot_ws/install/champ_base/share/champ_base/hook/pythonscriptspath.ps1'
[0.864s] INFO:colcon.colcon_core.shell:Creating environment descriptor '/home/poojit/spot_ws/install/champ_base/share/champ_base/hook/pythonscriptspath.dsv'
[0.865s] INFO:colcon.colcon_core.shell:Creating environment hook '/home/poojit/spot_ws/install/champ_base/share/champ_base/hook/pythonscriptspath.sh'
[0.865s] INFO:colcon.colcon_core.shell:Creating package script '/home/poojit/spot_ws/install/champ_base/share/champ_base/package.ps1'
[0.866s] INFO:colcon.colcon_core.shell:Creating package descriptor '/home/poojit/spot_ws/install/champ_base/share/champ_base/package.dsv'
[0.866s] INFO:colcon.colcon_core.shell:Creating package script '/home/poojit/spot_ws/install/champ_base/share/champ_base/package.sh'
[0.866s] INFO:colcon.colcon_core.shell:Creating package script '/home/poojit/spot_ws/install/champ_base/share/champ_base/package.bash'
[0.867s] INFO:colcon.colcon_core.shell:Creating package script '/home/poojit/spot_ws/install/champ_base/share/champ_base/package.zsh'
[0.867s] Level 1:colcon.colcon_core.environment:create_file_with_runtime_dependencies(/home/poojit/spot_ws/install/champ_base/share/colcon-core/packages/champ_base)
[0.867s] INFO:colcon.colcon_ros.task.ament_cmake.build:Building ROS package in '/home/poojit/spot_ws/src/spot_gazebo/champ_config' with build type 'ament_cmake'
[0.867s] INFO:colcon.colcon_cmake.task.cmake.build:Building CMake package in '/home/poojit/spot_ws/src/spot_gazebo/champ_config'
[0.867s] INFO:colcon.colcon_core.shell:Skip shell extension 'powershell' for command environment: Not usable outside of PowerShell
[0.867s] DEBUG:colcon.colcon_core.shell:Skip shell extension 'dsv' for command environment
[0.877s] DEBUG:colcon.colcon_core.event_handler.log_command:Invoking command in '/home/poojit/spot_ws/build/champ_config': AMENT_PREFIX_PATH=/home/poojit/spot_ws/install/champ_base:/home/poojit/spot_ws/install/champ_msgs:/home/poojit/spot_ws/install/champ:${AMENT_PREFIX_PATH} CMAKE_PREFIX_PATH=/home/poojit/spot_ws/install/champ_base:/home/poojit/spot_ws/install/champ_msgs:/home/poojit/spot_ws/install/champ:/home/poojit/spot_ws/install/spot_gz:/home/poojit/spot_ws/install/spot_description:/opt/ros/jazzy/opt/gz_sim_vendor:/opt/ros/jazzy/opt/gz_sensors_vendor:/opt/ros/jazzy/opt/gz_physics_vendor:/opt/ros/jazzy/opt/sdformat_vendor:/opt/ros/jazzy/opt/gz_gui_vendor:/opt/ros/jazzy/opt/gz_transport_vendor:/opt/ros/jazzy/opt/gz_rendering_vendor:/opt/ros/jazzy/opt/gz_plugin_vendor:/opt/ros/jazzy/opt/gz_fuel_tools_vendor:/opt/ros/jazzy/opt/gz_msgs_vendor:/opt/ros/jazzy/opt/gz_common_vendor:/opt/ros/jazzy/opt/gz_math_vendor:/opt/ros/jazzy/opt/gz_utils_vendor:/opt/ros/jazzy/opt/gz_tools_vendor:/opt/ros/jazzy/opt/gz_ogre_next_vendor:/opt/ros/jazzy/opt/gz_dartsim_vendor:/opt/ros/jazzy/opt/gz_cmake_vendor:/home/poojit/spot_ws/install/spot_bringup:/opt/ros/jazzy LD_LIBRARY_PATH=/home/poojit/spot_ws/install/champ_base/lib:/home/poojit/spot_ws/install/champ_msgs/lib:${LD_LIBRARY_PATH} PATH=/home/poojit/spot_ws/install/champ_base/bin:${PATH} PYTHONPATH=/home/poojit/spot_ws/install/champ_msgs/lib/python3.12/site-packages:${PYTHONPATH} /usr/bin/cmake --build /home/poojit/spot_ws/build/champ_config -- -j12 -l12
[0.908s] DEBUG:colcon.colcon_core.event_handler.log_command:Invoked command in '/home/poojit/spot_ws/build/champ_config' returned '0': AMENT_PREFIX_PATH=/home/poojit/spot_ws/install/champ_base:/home/poojit/spot_ws/install/champ_msgs:/home/poojit/spot_ws/install/champ:${AMENT_PREFIX_PATH} CMAKE_PREFIX_PATH=/home/poojit/spot_ws/install/champ_base:/home/poojit/spot_ws/install/champ_msgs:/home/poojit/spot_ws/install/champ:/home/poojit/spot_ws/install/spot_gz:/home/poojit/spot_ws/install/spot_description:/opt/ros/jazzy/opt/gz_sim_vendor:/opt/ros/jazzy/opt/gz_sensors_vendor:/opt/ros/jazzy/opt/gz_physics_vendor:/opt/ros/jazzy/opt/sdformat_vendor:/opt/ros/jazzy/opt/gz_gui_vendor:/opt/ros/jazzy/opt/gz_transport_vendor:/opt/ros/jazzy/opt/gz_rendering_vendor:/opt/ros/jazzy/opt/gz_plugin_vendor:/opt/ros/jazzy/opt/gz_fuel_tools_vendor:/opt/ros/jazzy/opt/gz_msgs_vendor:/opt/ros/jazzy/opt/gz_common_vendor:/opt/ros/jazzy/opt/gz_math_vendor:/opt/ros/jazzy/opt/gz_utils_vendor:/opt/ros/jazzy/opt/gz_tools_vendor:/opt/ros/jazzy/opt/gz_ogre_next_vendor:/opt/ros/jazzy/opt/gz_dartsim_vendor:/opt/ros/jazzy/opt/gz_cmake_vendor:/home/poojit/spot_ws/install/spot_bringup:/opt/ros/jazzy LD_LIBRARY_PATH=/home/poojit/spot_ws/install/champ_base/lib:/home/poojit/spot_ws/install/champ_msgs/lib:${LD_LIBRARY_PATH} PATH=/home/poojit/spot_ws/install/champ_base/bin:${PATH} PYTHONPATH=/home/poojit/spot_ws/install/champ_msgs/lib/python3.12/site-packages:${PYTHONPATH} /usr/bin/cmake --build /home/poojit/spot_ws/build/champ_config -- -j12 -l12
[0.908s] DEBUG:colcon.colcon_core.event_handler.log_command:Invoking command in '/home/poojit/spot_ws/build/champ_config': AMENT_PREFIX_PATH=/home/poojit/spot_ws/install/champ_base:/home/poojit/spot_ws/install/champ_msgs:/home/poojit/spot_ws/install/champ:${AMENT_PREFIX_PATH} CMAKE_PREFIX_PATH=/home/poojit/spot_ws/install/champ_base:/home/poojit/spot_ws/install/champ_msgs:/home/poojit/spot_ws/install/champ:/home/poojit/spot_ws/install/spot_gz:/home/poojit/spot_ws/install/spot_description:/opt/ros/jazzy/opt/gz_sim_vendor:/opt/ros/jazzy/opt/gz_sensors_vendor:/opt/ros/jazzy/opt/gz_physics_vendor:/opt/ros/jazzy/opt/sdformat_vendor:/opt/ros/jazzy/opt/gz_gui_vendor:/opt/ros/jazzy/opt/gz_transport_vendor:/opt/ros/jazzy/opt/gz_rendering_vendor:/opt/ros/jazzy/opt/gz_plugin_vendor:/opt/ros/jazzy/opt/gz_fuel_tools_vendor:/opt/ros/jazzy/opt/gz_msgs_vendor:/opt/ros/jazzy/opt/gz_common_vendor:/opt/ros/jazzy/opt/gz_math_vendor:/opt/ros/jazzy/opt/gz_utils_vendor:/opt/ros/jazzy/opt/gz_tools_vendor:/opt/ros/jazzy/opt/gz_ogre_next_vendor:/opt/ros/jazzy/opt/gz_dartsim_vendor:/opt/ros/jazzy/opt/gz_cmake_vendor:/home/poojit/spot_ws/install/spot_bringup:/opt/ros/jazzy LD_LIBRARY_PATH=/home/poojit/spot_ws/install/champ_base/lib:/home/poojit/spot_ws/install/champ_msgs/lib:${LD_LIBRARY_PATH} PATH=/home/poojit/spot_ws/install/champ_base/bin:${PATH} PYTHONPATH=/home/poojit/spot_ws/install/champ_msgs/lib/python3.12/site-packages:${PYTHONPATH} /usr/bin/cmake --install /home/poojit/spot_ws/build/champ_config
[0.925s] Level 1:colcon.colcon_core.environment:create_environment_scripts_only(champ_config)
[0.925s] Level 1:colcon.colcon_core.environment:checking '/home/poojit/spot_ws/install/champ_config' for CMake module files
[0.925s] DEBUG:colcon.colcon_core.event_handler.log_command:Invoked command in '/home/poojit/spot_ws/build/champ_config' returned '0': AMENT_PREFIX_PATH=/home/poojit/spot_ws/install/champ_base:/home/poojit/spot_ws/install/champ_msgs:/home/poojit/spot_ws/install/champ:${AMENT_PREFIX_PATH} CMAKE_PREFIX_PATH=/home/poojit/spot_ws/install/champ_base:/home/poojit/spot_ws/install/champ_msgs:/home/poojit/spot_ws/install/champ:/home/poojit/spot_ws/install/spot_gz:/home/poojit/spot_ws/install/spot_description:/opt/ros/jazzy/opt/gz_sim_vendor:/opt/ros/jazzy/opt/gz_sensors_vendor:/opt/ros/jazzy/opt/gz_physics_vendor:/opt/ros/jazzy/opt/sdformat_vendor:/opt/ros/jazzy/opt/gz_gui_vendor:/opt/ros/jazzy/opt/gz_transport_vendor:/opt/ros/jazzy/opt/gz_rendering_vendor:/opt/ros/jazzy/opt/gz_plugin_vendor:/opt/ros/jazzy/opt/gz_fuel_tools_vendor:/opt/ros/jazzy/opt/gz_msgs_vendor:/opt/ros/jazzy/opt/gz_common_vendor:/opt/ros/jazzy/opt/gz_math_vendor:/opt/ros/jazzy/opt/gz_utils_vendor:/opt/ros/jazzy/opt/gz_tools_vendor:/opt/ros/jazzy/opt/gz_ogre_next_vendor:/opt/ros/jazzy/opt/gz_dartsim_vendor:/opt/ros/jazzy/opt/gz_cmake_vendor:/home/poojit/spot_ws/install/spot_bringup:/opt/ros/jazzy LD_LIBRARY_PATH=/home/poojit/spot_ws/install/champ_base/lib:/home/poojit/spot_ws/install/champ_msgs/lib:${LD_LIBRARY_PATH} PATH=/home/poojit/spot_ws/install/champ_base/bin:${PATH} PYTHONPATH=/home/poojit/spot_ws/install/champ_msgs/lib/python3.12/site-packages:${PYTHONPATH} /usr/bin/cmake --install /home/poojit/spot_ws/build/champ_config
[0.926s] Level 1:colcon.colcon_core.environment:checking '/home/poojit/spot_ws/install/champ_config' for CMake config files
[0.926s] Level 1:colcon.colcon_core.shell:create_environment_hook('champ_config', 'cmake_prefix_path')
[0.926s] INFO:colcon.colcon_core.shell:Creating environment hook '/home/poojit/spot_ws/install/champ_config/share/champ_config/hook/cmake_prefix_path.ps1'
[0.926s] INFO:colcon.colcon_core.shell:Creating environment descriptor '/home/poojit/spot_ws/install/champ_config/share/champ_config/hook/cmake_prefix_path.dsv'
[0.927s] INFO:colcon.colcon_core.shell:Creating environment hook '/home/poojit/spot_ws/install/champ_config/share/champ_config/hook/cmake_prefix_path.sh'
[0.927s] Level 1:colcon.colcon_core.environment:checking '/home/poojit/spot_ws/install/champ_config/bin'
[0.927s] Level 1:colcon.colcon_core.environment:checking '/home/poojit/spot_ws/install/champ_config/lib/pkgconfig/champ_config.pc'
[0.927s] Level 1:colcon.colcon_core.environment:checking '/home/poojit/spot_ws/install/champ_config/lib/python3.12/site-packages'
[0.928s] Level 1:colcon.colcon_core.environment:checking '/home/poojit/spot_ws/install/champ_config/bin'
[0.928s] INFO:colcon.colcon_core.shell:Creating package script '/home/poojit/spot_ws/install/champ_config/share/champ_config/package.ps1'
[0.928s] INFO:colcon.colcon_core.shell:Creating package descriptor '/home/poojit/spot_ws/install/champ_config/share/champ_config/package.dsv'
[0.928s] INFO:colcon.colcon_core.shell:Creating package script '/home/poojit/spot_ws/install/champ_config/share/champ_config/package.sh'
[0.929s] INFO:colcon.colcon_core.shell:Creating package script '/home/poojit/spot_ws/install/champ_config/share/champ_config/package.bash'
[0.929s] INFO:colcon.colcon_core.shell:Creating package script '/home/poojit/spot_ws/install/champ_config/share/champ_config/package.zsh'
[0.929s] Level 1:colcon.colcon_core.environment:create_file_with_runtime_dependencies(/home/poojit/spot_ws/install/champ_config/share/colcon-core/packages/champ_config)
[0.930s] Level 1:colcon.colcon_core.environment:create_environment_scripts_only(champ_config)
[0.930s] Level 1:colcon.colcon_core.environment:checking '/home/poojit/spot_ws/install/champ_config' for CMake module files
[0.930s] Level 1:colcon.colcon_core.environment:checking '/home/poojit/spot_ws/install/champ_config' for CMake config files
[0.930s] Level 1:colcon.colcon_core.shell:create_environment_hook('champ_config', 'cmake_prefix_path')
[0.930s] INFO:colcon.colcon_core.shell:Creating environment hook '/home/poojit/spot_ws/install/champ_config/share/champ_config/hook/cmake_prefix_path.ps1'
[0.931s] INFO:colcon.colcon_core.shell:Creating environment descriptor '/home/poojit/spot_ws/install/champ_config/share/champ_config/hook/cmake_prefix_path.dsv'
[0.931s] INFO:colcon.colcon_core.shell:Creating environment hook '/home/poojit/spot_ws/install/champ_config/share/champ_config/hook/cmake_prefix_path.sh'
[0.931s] Level 1:colcon.colcon_core.environment:checking '/home/poojit/spot_ws/install/champ_config/bin'
[0.931s] Level 1:colcon.colcon_core.environment:checking '/home/poojit/spot_ws/install/champ_config/lib/pkgconfig/champ_config.pc'
[0.932s] Level 1:colcon.colcon_core.environment:checking '/home/poojit/spot_ws/install/champ_config/lib/python3.12/site-packages'
[0.932s] Level 1:colcon.colcon_core.environment:checking '/home/poojit/spot_ws/install/champ_config/bin'
[0.932s] INFO:colcon.colcon_core.shell:Creating package script '/home/poojit/spot_ws/install/champ_config/share/champ_config/package.ps1'
[0.932s] INFO:colcon.colcon_core.shell:Creating package descriptor '/home/poojit/spot_ws/install/champ_config/share/champ_config/package.dsv'
[0.933s] INFO:colcon.colcon_core.shell:Creating package script '/home/poojit/spot_ws/install/champ_config/share/champ_config/package.sh'
[0.933s] INFO:colcon.colcon_core.shell:Creating package script '/home/poojit/spot_ws/install/champ_config/share/champ_config/package.bash'
[0.933s] INFO:colcon.colcon_core.shell:Creating package script '/home/poojit/spot_ws/install/champ_config/share/champ_config/package.zsh'
[0.934s] Level 1:colcon.colcon_core.environment:create_file_with_runtime_dependencies(/home/poojit/spot_ws/install/champ_config/share/colcon-core/packages/champ_config)
[1.256s] DEBUG:colcon.colcon_core.event_handler.log_command:Invoking command in '/home/poojit/spot_ws/build/spot_bringup': GZ_SIM_PLUGIN_PATH=/home/poojit/spot_ws/install/spot_gz/lib/spot_gz GZ_SIM_RESOURCE_PATH=/home/poojit/spot_ws/install/spot_description/share/spot_description/models:${GZ_SIM_RESOURCE_PATH} PYTHONPATH=/home/poojit/spot_ws/build/spot_bringup/prefix_override:/usr/lib/python3/dist-packages/colcon_core/task/python/colcon_distutils_commands:/home/poojit/spot_ws/install/spot_bringup/lib/python3.12/site-packages:${PYTHONPATH} /usr/bin/python3 -W ignore:setup.py install is deprecated -W ignore:easy_install command is deprecated setup.py develop --editable --build-directory /home/poojit/spot_ws/build/spot_bringup/build --no-deps symlink_data
[1.813s] Level 1:colcon.colcon_core.shell:create_environment_hook('spot_bringup', 'pythonpath_develop')
[1.813s] INFO:colcon.colcon_core.shell:Creating environment hook '/home/poojit/spot_ws/build/spot_bringup/share/spot_bringup/hook/pythonpath_develop.ps1'
[1.814s] DEBUG:colcon.colcon_core.event_handler.log_command:Invoked command in '/home/poojit/spot_ws/build/spot_bringup' returned '0': GZ_SIM_PLUGIN_PATH=/home/poojit/spot_ws/install/spot_gz/lib/spot_gz GZ_SIM_RESOURCE_PATH=/home/poojit/spot_ws/install/spot_description/share/spot_description/models:${GZ_SIM_RESOURCE_PATH} PYTHONPATH=/home/poojit/spot_ws/build/spot_bringup/prefix_override:/usr/lib/python3/dist-packages/colcon_core/task/python/colcon_distutils_commands:/home/poojit/spot_ws/install/spot_bringup/lib/python3.12/site-packages:${PYTHONPATH} /usr/bin/python3 -W ignore:setup.py install is deprecated -W ignore:easy_install command is deprecated setup.py develop --editable --build-directory /home/poojit/spot_ws/build/spot_bringup/build --no-deps symlink_data
[1.814s] INFO:colcon.colcon_core.shell:Creating environment descriptor '/home/poojit/spot_ws/build/spot_bringup/share/spot_bringup/hook/pythonpath_develop.dsv'
[1.814s] INFO:colcon.colcon_core.shell:Creating environment hook '/home/poojit/spot_ws/build/spot_bringup/share/spot_bringup/hook/pythonpath_develop.sh'
[1.815s] Level 1:colcon.colcon_core.environment:checking '/home/poojit/spot_ws/install/spot_bringup' for CMake module files
[1.815s] Level 1:colcon.colcon_core.environment:checking '/home/poojit/spot_ws/install/spot_bringup' for CMake config files
[1.815s] Level 1:colcon.colcon_core.environment:checking '/home/poojit/spot_ws/install/spot_bringup/lib'
[1.815s] Level 1:colcon.colcon_core.environment:checking '/home/poojit/spot_ws/install/spot_bringup/bin'
[1.815s] Level 1:colcon.colcon_core.environment:checking '/home/poojit/spot_ws/install/spot_bringup/lib/pkgconfig/spot_bringup.pc'
[1.816s] Level 1:colcon.colcon_core.environment:checking '/home/poojit/spot_ws/install/spot_bringup/lib/python3.12/site-packages'
[1.816s] Level 1:colcon.colcon_core.shell:create_environment_hook('spot_bringup', 'pythonpath')
[1.816s] INFO:colcon.colcon_core.shell:Creating environment hook '/home/poojit/spot_ws/install/spot_bringup/share/spot_bringup/hook/pythonpath.ps1'
[1.816s] INFO:colcon.colcon_core.shell:Creating environment descriptor '/home/poojit/spot_ws/install/spot_bringup/share/spot_bringup/hook/pythonpath.dsv'
[1.816s] INFO:colcon.colcon_core.shell:Creating environment hook '/home/poojit/spot_ws/install/spot_bringup/share/spot_bringup/hook/pythonpath.sh'
[1.817s] Level 1:colcon.colcon_core.environment:checking '/home/poojit/spot_ws/install/spot_bringup/bin'
[1.817s] Level 1:colcon.colcon_core.environment:create_environment_scripts_only(spot_bringup)
[1.817s] INFO:colcon.colcon_core.shell:Creating package script '/home/poojit/spot_ws/install/spot_bringup/share/spot_bringup/package.ps1'
[1.817s] INFO:colcon.colcon_core.shell:Creating package descriptor '/home/poojit/spot_ws/install/spot_bringup/share/spot_bringup/package.dsv'
[1.818s] INFO:colcon.colcon_core.shell:Creating package script '/home/poojit/spot_ws/install/spot_bringup/share/spot_bringup/package.sh'
[1.818s] INFO:colcon.colcon_core.shell:Creating package script '/home/poojit/spot_ws/install/spot_bringup/share/spot_bringup/package.bash'
[1.818s] INFO:colcon.colcon_core.shell:Creating package script '/home/poojit/spot_ws/install/spot_bringup/share/spot_bringup/package.zsh'
[1.818s] Level 1:colcon.colcon_core.environment:create_file_with_runtime_dependencies(/home/poojit/spot_ws/install/spot_bringup/share/colcon-core/packages/spot_bringup)
[1.819s] DEBUG:colcon.colcon_parallel_executor.executor.parallel:closing loop
[1.819s] DEBUG:colcon.colcon_parallel_executor.executor.parallel:loop closed
[1.819s] DEBUG:colcon.colcon_parallel_executor.executor.parallel:run_until_complete finished with '0'
[1.819s] DEBUG:colcon.colcon_core.event_reactor:joining thread
[1.826s] INFO:colcon.colcon_core.plugin_system:Skipping extension 'colcon_notification.desktop_notification.terminal_notifier': Not used on non-Darwin systems
[1.826s] INFO:colcon.colcon_core.plugin_system:Skipping extension 'colcon_notification.desktop_notification.win32': Not used on non-Windows systems
[1.826s] INFO:colcon.colcon_notification.desktop_notification:Sending desktop notification using 'notify2'
[1.845s] DEBUG:colcon.colcon_core.event_reactor:joined thread
[1.846s] INFO:colcon.colcon_core.shell:Creating prefix script '/home/poojit/spot_ws/install/local_setup.ps1'
[1.846s] INFO:colcon.colcon_core.shell:Creating prefix util module '/home/poojit/spot_ws/install/_local_setup_util_ps1.py'
[1.847s] INFO:colcon.colcon_core.shell:Creating prefix chain script '/home/poojit/spot_ws/install/setup.ps1'
[1.848s] INFO:colcon.colcon_core.shell:Creating prefix script '/home/poojit/spot_ws/install/local_setup.sh'
[1.848s] INFO:colcon.colcon_core.shell:Creating prefix util module '/home/poojit/spot_ws/install/_local_setup_util_sh.py'
[1.849s] INFO:colcon.colcon_core.shell:Creating prefix chain script '/home/poojit/spot_ws/install/setup.sh'
[1.850s] INFO:colcon.colcon_core.shell:Creating prefix script '/home/poojit/spot_ws/install/local_setup.bash'
[1.850s] INFO:colcon.colcon_core.shell:Creating prefix chain script '/home/poojit/spot_ws/install/setup.bash'
[1.851s] INFO:colcon.colcon_core.shell:Creating prefix script '/home/poojit/spot_ws/install/local_setup.zsh'
[1.851s] INFO:colcon.colcon_core.shell:Creating prefix chain script '/home/poojit/spot_ws/install/setup.zsh'
