-- The C compiler identification is GNU 13.3.0
-- The CXX compiler identification is GNU 13.3.0
-- Detecting C compiler ABI info
-- Detecting C compiler ABI info - done
-- Check for working C compiler: /usr/bin/cc - skipped
-- Detecting C compile features
-- Detecting C compile features - done
-- Detecting CXX compiler ABI info
-- Detecting CXX compiler ABI info - done
-- Check for working CXX compiler: /usr/bin/c++ - skipped
-- Detecting CXX compile features
-- Detecting CXX compile features - done
-- Found ament_cmake: 2.5.4 (/opt/ros/jazzy/share/ament_cmake/cmake)
-- Found Python3: /usr/bin/python3 (found version "3.12.3") found components: Interpreter 
-- Override CMake install command with custom implementation using symlinks instead of copying resources
-- Found rclcpp: 28.1.11 (/opt/ros/jazzy/share/rclcpp/cmake)
-- Found rosidl_generator_c: 4.6.6 (/opt/ros/jazzy/share/rosidl_generator_c/cmake)
-- Found rosidl_generator_cpp: 4.6.6 (/opt/ros/jazzy/share/rosidl_generator_cpp/cmake)
-- Using all available rosidl_typesupport_c: rosidl_typesupport_fastrtps_c;rosidl_typesupport_introspection_c
-- Using all available rosidl_typesupport_cpp: rosidl_typesupport_fastrtps_cpp;rosidl_typesupport_introspection_cpp
-- Found rmw_implementation_cmake: 7.3.2 (/opt/ros/jazzy/share/rmw_implementation_cmake/cmake)
-- Found rmw_fastrtps_cpp: 8.4.3 (/opt/ros/jazzy/share/rmw_fastrtps_cpp/cmake)
-- Found OpenSSL: /usr/lib/x86_64-linux-gnu/libcrypto.so (found version "3.0.13")  
-- Found FastRTPS: /opt/ros/jazzy/include (Required is at least version "2.13") 
-- Using RMW implementation 'rmw_fastrtps_cpp' as default
-- Found ament_lint_auto: 0.17.3 (/opt/ros/jazzy/share/ament_lint_auto/cmake)
-- Configuring done (0.9s)
-- Generating done (0.0s)
-- Build files have been written to: /home/poojit/spot_ws/build/champ
-- Install configuration: ""
-- Execute custom install script
-- Symlinking: /home/poojit/spot_ws/install/champ/include/champ/LICENSE
-- Symlinking: /home/poojit/spot_ws/install/champ/include/champ/README.md
-- Symlinking: /home/poojit/spot_ws/install/champ/include/champ/bla/basic_linear_algebra.h
-- Symlinking: /home/poojit/spot_ws/install/champ/include/champ/bla/memory_delegate.h
-- Symlinking: /home/poojit/spot_ws/install/champ/include/champ/body_controller/body_controller.h
-- Symlinking: /home/poojit/spot_ws/install/champ/include/champ/geometry/geometry.h
-- Symlinking: /home/poojit/spot_ws/install/champ/include/champ/kinematics/kinematics.h
-- Symlinking: /home/poojit/spot_ws/install/champ/include/champ/leg_controller/leg_controller.h
-- Symlinking: /home/poojit/spot_ws/install/champ/include/champ/leg_controller/phase_generator.h
-- Symlinking: /home/poojit/spot_ws/install/champ/include/champ/leg_controller/trajectory_planner.h
-- Symlinking: /home/poojit/spot_ws/install/champ/include/champ/macros/macros.h
-- Symlinking: /home/poojit/spot_ws/install/champ/include/champ/odometry/odometry.h
-- Symlinking: /home/poojit/spot_ws/install/champ/include/champ/quadruped_base/quadruped_base.h
-- Symlinking: /home/poojit/spot_ws/install/champ/include/champ/quadruped_base/quadruped_components.h
-- Symlinking: /home/poojit/spot_ws/install/champ/include/champ/quadruped_base/quadruped_joint.h
-- Symlinking: /home/poojit/spot_ws/install/champ/include/champ/quadruped_base/quadruped_leg.h
-- Symlinking: /home/poojit/spot_ws/install/champ/include/champ/utils/urdf_loader.h
-- Symlinking: /home/poojit/spot_ws/install/champ/include/champ/utils/xmlrpc_helpers.h
-- Symlinking: /home/poojit/spot_ws/install/champ/share/ament_index/resource_index/package_run_dependencies/champ
-- Symlinking: /home/poojit/spot_ws/install/champ/share/ament_index/resource_index/parent_prefix_path/champ
-- Symlinking: /home/poojit/spot_ws/install/champ/share/champ/environment/ament_prefix_path.sh
-- Symlinking: /home/poojit/spot_ws/install/champ/share/champ/environment/ament_prefix_path.dsv
-- Symlinking: /home/poojit/spot_ws/install/champ/share/champ/environment/path.sh
-- Symlinking: /home/poojit/spot_ws/install/champ/share/champ/environment/path.dsv
-- Symlinking: /home/poojit/spot_ws/install/champ/share/champ/local_setup.bash
-- Symlinking: /home/poojit/spot_ws/install/champ/share/champ/local_setup.sh
-- Symlinking: /home/poojit/spot_ws/install/champ/share/champ/local_setup.zsh
-- Symlinking: /home/poojit/spot_ws/install/champ/share/champ/local_setup.dsv
-- Symlinking: /home/poojit/spot_ws/install/champ/share/champ/package.dsv
-- Symlinking: /home/poojit/spot_ws/install/champ/share/ament_index/resource_index/packages/champ
-- Symlinking: /home/poojit/spot_ws/install/champ/share/champ/cmake/ament_cmake_export_include_directories-extras.cmake
-- Symlinking: /home/poojit/spot_ws/install/champ/share/champ/cmake/champConfig.cmake
-- Symlinking: /home/poojit/spot_ws/install/champ/share/champ/cmake/champConfig-version.cmake
-- Symlinking: /home/poojit/spot_ws/install/champ/share/champ/package.xml
