running develop
running egg_info
creating spot_bringup.egg-info
writing spot_bringup.egg-info/PKG-INFO
writing dependency_links to spot_bringup.egg-info/dependency_links.txt
writing requirements to spot_bringup.egg-info/requires.txt
writing top-level names to spot_bringup.egg-info/top_level.txt
writing manifest file 'spot_bringup.egg-info/SOURCES.txt'
reading manifest file 'spot_bringup.egg-info/SOURCES.txt'
writing manifest file 'spot_bringup.egg-info/SOURCES.txt'
running build_ext
Creating /home/poojit/spot_ws/install/spot_bringup/lib/python3.12/site-packages/spot-bringup.egg-link (link to .)

Installed /home/poojit/spot_ws/build/spot_bringup
running symlink_data
creating /home/poojit/spot_ws/install/spot_bringup/share/ament_index
creating /home/poojit/spot_ws/install/spot_bringup/share/ament_index/resource_index
creating /home/poojit/spot_ws/install/spot_bringup/share/ament_index/resource_index/packages
symbolically linking /home/poojit/spot_ws/build/spot_bringup/resource/spot_bringup -> /home/poojit/spot_ws/install/spot_bringup/share/ament_index/resource_index/packages
symbolically linking /home/poojit/spot_ws/build/spot_bringup/package.xml -> /home/poojit/spot_ws/install/spot_bringup/share/spot_bringup
creating /home/poojit/spot_ws/install/spot_bringup/share/spot_bringup/launch
symbolically linking /home/poojit/spot_ws/build/spot_bringup/launch/spot.gz.launch.py -> /home/poojit/spot_ws/install/spot_bringup/share/spot_bringup/launch
creating /home/poojit/spot_ws/install/spot_bringup/share/spot_bringup/config
symbolically linking /home/poojit/spot_ws/build/spot_bringup/config/spot_bridge.yaml -> /home/poojit/spot_ws/install/spot_bringup/share/spot_bringup/config
