[0.766s] Invoking command in '/home/poojit/spot_ws/build/spot_bringup': AMENT_PREFIX_PATH=/home/poojit/spot_ws/install/spot_gz:/home/poojit/spot_ws/install/spot_description:${AMENT_PREFIX_PATH} CMAKE_PREFIX_PATH=/home/poojit/spot_ws/install/spot_gz:/home/poojit/spot_ws/install/spot_description:${CMAKE_PREFIX_PATH} GZ_SIM_PLUGIN_PATH=/home/poojit/spot_ws/install/spot_gz/lib/spot_gz GZ_SIM_RESOURCE_PATH=/home/poojit/spot_ws/install/spot_gz/share/spot_gz/worlds:/home/poojit/spot_ws/install/spot_description/share/spot_description/models:${GZ_SIM_RESOURCE_PATH} PYTHONPATH=/home/poojit/spot_ws/build/spot_bringup/prefix_override:/usr/lib/python3/dist-packages/colcon_core/task/python/colcon_distutils_commands:/home/poojit/spot_ws/install/spot_bringup/lib/python3.12/site-packages:${PYTHONPATH} /usr/bin/python3 -W ignore:setup.py install is deprecated -W ignore:easy_install command is deprecated setup.py develop --editable --build-directory /home/poojit/spot_ws/build/spot_bringup/build --no-deps symlink_data
[1.070s] running develop
[1.248s] running egg_info
[1.248s] creating spot_bringup.egg-info
[1.265s] writing spot_bringup.egg-info/PKG-INFO
[1.265s] writing dependency_links to spot_bringup.egg-info/dependency_links.txt
[1.266s] writing requirements to spot_bringup.egg-info/requires.txt
[1.266s] writing top-level names to spot_bringup.egg-info/top_level.txt
[1.266s] writing manifest file 'spot_bringup.egg-info/SOURCES.txt'
[1.283s] reading manifest file 'spot_bringup.egg-info/SOURCES.txt'
[1.284s] writing manifest file 'spot_bringup.egg-info/SOURCES.txt'
[1.301s] running build_ext
[1.323s] Creating /home/poojit/spot_ws/install/spot_bringup/lib/python3.12/site-packages/spot-bringup.egg-link (link to .)
[1.323s] 
[1.323s] Installed /home/poojit/spot_ws/build/spot_bringup
[1.323s] running symlink_data
[1.323s] creating /home/poojit/spot_ws/install/spot_bringup/share/ament_index
[1.323s] creating /home/poojit/spot_ws/install/spot_bringup/share/ament_index/resource_index
[1.324s] creating /home/poojit/spot_ws/install/spot_bringup/share/ament_index/resource_index/packages
[1.324s] symbolically linking /home/poojit/spot_ws/build/spot_bringup/resource/spot_bringup -> /home/poojit/spot_ws/install/spot_bringup/share/ament_index/resource_index/packages
[1.324s] symbolically linking /home/poojit/spot_ws/build/spot_bringup/package.xml -> /home/poojit/spot_ws/install/spot_bringup/share/spot_bringup
[1.324s] creating /home/poojit/spot_ws/install/spot_bringup/share/spot_bringup/launch
[1.324s] symbolically linking /home/poojit/spot_ws/build/spot_bringup/launch/spot.gz.launch.py -> /home/poojit/spot_ws/install/spot_bringup/share/spot_bringup/launch
[1.324s] creating /home/poojit/spot_ws/install/spot_bringup/share/spot_bringup/config
[1.324s] symbolically linking /home/poojit/spot_ws/build/spot_bringup/config/spot_bridge.yaml -> /home/poojit/spot_ws/install/spot_bringup/share/spot_bringup/config
[1.348s] Invoked command in '/home/poojit/spot_ws/build/spot_bringup' returned '0': AMENT_PREFIX_PATH=/home/poojit/spot_ws/install/spot_gz:/home/poojit/spot_ws/install/spot_description:${AMENT_PREFIX_PATH} CMAKE_PREFIX_PATH=/home/poojit/spot_ws/install/spot_gz:/home/poojit/spot_ws/install/spot_description:${CMAKE_PREFIX_PATH} GZ_SIM_PLUGIN_PATH=/home/poojit/spot_ws/install/spot_gz/lib/spot_gz GZ_SIM_RESOURCE_PATH=/home/poojit/spot_ws/install/spot_gz/share/spot_gz/worlds:/home/poojit/spot_ws/install/spot_description/share/spot_description/models:${GZ_SIM_RESOURCE_PATH} PYTHONPATH=/home/poojit/spot_ws/build/spot_bringup/prefix_override:/usr/lib/python3/dist-packages/colcon_core/task/python/colcon_distutils_commands:/home/poojit/spot_ws/install/spot_bringup/lib/python3.12/site-packages:${PYTHONPATH} /usr/bin/python3 -W ignore:setup.py install is deprecated -W ignore:easy_install command is deprecated setup.py develop --editable --build-directory /home/poojit/spot_ws/build/spot_bringup/build --no-deps symlink_data
