[0.009s] Invoking command in '/home/poojit/spot_ws/build/champ_base': AMENT_PREFIX_PATH=/home/poojit/spot_ws/install/champ_msgs:/home/poojit/spot_ws/install/champ:${AMENT_PREFIX_PATH} CMAKE_PREFIX_PATH=/home/poojit/spot_ws/install/champ_msgs:/home/poojit/spot_ws/install/champ:/home/poojit/spot_ws/install/spot_gz:/home/poojit/spot_ws/install/spot_description:/opt/ros/jazzy/opt/gz_sim_vendor:/opt/ros/jazzy/opt/gz_sensors_vendor:/opt/ros/jazzy/opt/gz_physics_vendor:/opt/ros/jazzy/opt/sdformat_vendor:/opt/ros/jazzy/opt/gz_gui_vendor:/opt/ros/jazzy/opt/gz_transport_vendor:/opt/ros/jazzy/opt/gz_rendering_vendor:/opt/ros/jazzy/opt/gz_plugin_vendor:/opt/ros/jazzy/opt/gz_fuel_tools_vendor:/opt/ros/jazzy/opt/gz_msgs_vendor:/opt/ros/jazzy/opt/gz_common_vendor:/opt/ros/jazzy/opt/gz_math_vendor:/opt/ros/jazzy/opt/gz_utils_vendor:/opt/ros/jazzy/opt/gz_tools_vendor:/opt/ros/jazzy/opt/gz_ogre_next_vendor:/opt/ros/jazzy/opt/gz_dartsim_vendor:/opt/ros/jazzy/opt/gz_cmake_vendor:/home/poojit/spot_ws/install/spot_bringup:/opt/ros/jazzy LD_LIBRARY_PATH=/home/poojit/spot_ws/install/champ_msgs/lib:${LD_LIBRARY_PATH} PYTHONPATH=/home/poojit/spot_ws/install/champ_msgs/lib/python3.12/site-packages:${PYTHONPATH} /usr/bin/cmake --build /home/poojit/spot_ws/build/champ_base -- -j12 -l12
[0.057s] [ 50%] Built target quadruped_controller
[0.057s] [ 50%] Built target message_relay
[0.057s] [ 50%] Built target state_estimation
[0.081s] [100%] Built target quadruped_controller_node
[0.082s] [100%] Built target message_relay_node
[0.082s] [100%] Built target state_estimation_node
[0.090s] Invoked command in '/home/poojit/spot_ws/build/champ_base' returned '0': AMENT_PREFIX_PATH=/home/poojit/spot_ws/install/champ_msgs:/home/poojit/spot_ws/install/champ:${AMENT_PREFIX_PATH} CMAKE_PREFIX_PATH=/home/poojit/spot_ws/install/champ_msgs:/home/poojit/spot_ws/install/champ:/home/poojit/spot_ws/install/spot_gz:/home/poojit/spot_ws/install/spot_description:/opt/ros/jazzy/opt/gz_sim_vendor:/opt/ros/jazzy/opt/gz_sensors_vendor:/opt/ros/jazzy/opt/gz_physics_vendor:/opt/ros/jazzy/opt/sdformat_vendor:/opt/ros/jazzy/opt/gz_gui_vendor:/opt/ros/jazzy/opt/gz_transport_vendor:/opt/ros/jazzy/opt/gz_rendering_vendor:/opt/ros/jazzy/opt/gz_plugin_vendor:/opt/ros/jazzy/opt/gz_fuel_tools_vendor:/opt/ros/jazzy/opt/gz_msgs_vendor:/opt/ros/jazzy/opt/gz_common_vendor:/opt/ros/jazzy/opt/gz_math_vendor:/opt/ros/jazzy/opt/gz_utils_vendor:/opt/ros/jazzy/opt/gz_tools_vendor:/opt/ros/jazzy/opt/gz_ogre_next_vendor:/opt/ros/jazzy/opt/gz_dartsim_vendor:/opt/ros/jazzy/opt/gz_cmake_vendor:/home/poojit/spot_ws/install/spot_bringup:/opt/ros/jazzy LD_LIBRARY_PATH=/home/poojit/spot_ws/install/champ_msgs/lib:${LD_LIBRARY_PATH} PYTHONPATH=/home/poojit/spot_ws/install/champ_msgs/lib/python3.12/site-packages:${PYTHONPATH} /usr/bin/cmake --build /home/poojit/spot_ws/build/champ_base -- -j12 -l12
[0.091s] Invoking command in '/home/poojit/spot_ws/build/champ_base': AMENT_PREFIX_PATH=/home/poojit/spot_ws/install/champ_msgs:/home/poojit/spot_ws/install/champ:${AMENT_PREFIX_PATH} CMAKE_PREFIX_PATH=/home/poojit/spot_ws/install/champ_msgs:/home/poojit/spot_ws/install/champ:/home/poojit/spot_ws/install/spot_gz:/home/poojit/spot_ws/install/spot_description:/opt/ros/jazzy/opt/gz_sim_vendor:/opt/ros/jazzy/opt/gz_sensors_vendor:/opt/ros/jazzy/opt/gz_physics_vendor:/opt/ros/jazzy/opt/sdformat_vendor:/opt/ros/jazzy/opt/gz_gui_vendor:/opt/ros/jazzy/opt/gz_transport_vendor:/opt/ros/jazzy/opt/gz_rendering_vendor:/opt/ros/jazzy/opt/gz_plugin_vendor:/opt/ros/jazzy/opt/gz_fuel_tools_vendor:/opt/ros/jazzy/opt/gz_msgs_vendor:/opt/ros/jazzy/opt/gz_common_vendor:/opt/ros/jazzy/opt/gz_math_vendor:/opt/ros/jazzy/opt/gz_utils_vendor:/opt/ros/jazzy/opt/gz_tools_vendor:/opt/ros/jazzy/opt/gz_ogre_next_vendor:/opt/ros/jazzy/opt/gz_dartsim_vendor:/opt/ros/jazzy/opt/gz_cmake_vendor:/home/poojit/spot_ws/install/spot_bringup:/opt/ros/jazzy LD_LIBRARY_PATH=/home/poojit/spot_ws/install/champ_msgs/lib:${LD_LIBRARY_PATH} PYTHONPATH=/home/poojit/spot_ws/install/champ_msgs/lib/python3.12/site-packages:${PYTHONPATH} /usr/bin/cmake --install /home/poojit/spot_ws/build/champ_base
[0.097s] -- Install configuration: ""
[0.098s] -- Execute custom install script
[0.098s] -- Up-to-date symlink: /home/poojit/spot_ws/install/champ_base/share/champ_base/config/ekf/base_to_footprint.yaml
[0.098s] -- Up-to-date symlink: /home/poojit/spot_ws/install/champ_base/share/champ_base/config/ekf/footprint_to_odom.yaml
[0.098s] -- Up-to-date symlink: /home/poojit/spot_ws/install/champ_base/share/champ_base/config/velocity_smoother/velocity_smoother.yaml
[0.098s] -- Up-to-date symlink: /home/poojit/spot_ws/install/champ_base/lib/libquadruped_controller.so
[0.099s] -- Up-to-date symlink: /home/poojit/spot_ws/install/champ_base/bin/quadruped_controller_node
[0.099s] -- Up-to-date symlink: /home/poojit/spot_ws/install/champ_base/lib/libmessage_relay.so
[0.099s] -- Up-to-date symlink: /home/poojit/spot_ws/install/champ_base/bin/message_relay_node
[0.099s] -- Up-to-date symlink: /home/poojit/spot_ws/install/champ_base/lib/libstate_estimation.so
[0.099s] -- Up-to-date symlink: /home/poojit/spot_ws/install/champ_base/bin/state_estimation_node
[0.099s] -- Up-to-date symlink: /home/poojit/spot_ws/install/champ_base/lib/champ_base/quadruped_controller_node
[0.099s] -- Up-to-date symlink: /home/poojit/spot_ws/install/champ_base/lib/champ_base/message_relay_node
[0.100s] -- Up-to-date symlink: /home/poojit/spot_ws/install/champ_base/lib/champ_base/state_estimation_node
[0.100s] -- Up-to-date symlink: /home/poojit/spot_ws/install/champ_base/share/ament_index/resource_index/package_run_dependencies/champ_base
[0.100s] -- Up-to-date symlink: /home/poojit/spot_ws/install/champ_base/share/ament_index/resource_index/parent_prefix_path/champ_base
[0.100s] -- Up-to-date symlink: /home/poojit/spot_ws/install/champ_base/share/champ_base/environment/ament_prefix_path.sh
[0.100s] -- Up-to-date symlink: /home/poojit/spot_ws/install/champ_base/share/champ_base/environment/ament_prefix_path.dsv
[0.100s] -- Up-to-date symlink: /home/poojit/spot_ws/install/champ_base/share/champ_base/environment/path.sh
[0.100s] -- Up-to-date symlink: /home/poojit/spot_ws/install/champ_base/share/champ_base/environment/path.dsv
[0.101s] -- Up-to-date symlink: /home/poojit/spot_ws/install/champ_base/share/champ_base/local_setup.bash
[0.101s] -- Up-to-date symlink: /home/poojit/spot_ws/install/champ_base/share/champ_base/local_setup.sh
[0.101s] -- Up-to-date symlink: /home/poojit/spot_ws/install/champ_base/share/champ_base/local_setup.zsh
[0.101s] -- Up-to-date symlink: /home/poojit/spot_ws/install/champ_base/share/champ_base/local_setup.dsv
[0.101s] -- Symlinking: /home/poojit/spot_ws/install/champ_base/share/champ_base/package.dsv
[0.108s] -- Up-to-date symlink: /home/poojit/spot_ws/install/champ_base/share/ament_index/resource_index/packages/champ_base
[0.108s] -- Up-to-date symlink: /home/poojit/spot_ws/install/champ_base/share/champ_base/cmake/ament_cmake_export_include_directories-extras.cmake
[0.108s] -- Up-to-date symlink: /home/poojit/spot_ws/install/champ_base/share/champ_base/cmake/ament_cmake_export_dependencies-extras.cmake
[0.109s] -- Up-to-date symlink: /home/poojit/spot_ws/install/champ_base/share/champ_base/cmake/champ_baseConfig.cmake
[0.109s] -- Up-to-date symlink: /home/poojit/spot_ws/install/champ_base/share/champ_base/cmake/champ_baseConfig-version.cmake
[0.109s] -- Up-to-date symlink: /home/poojit/spot_ws/install/champ_base/share/champ_base/package.xml
[0.110s] Invoked command in '/home/poojit/spot_ws/build/champ_base' returned '0': AMENT_PREFIX_PATH=/home/poojit/spot_ws/install/champ_msgs:/home/poojit/spot_ws/install/champ:${AMENT_PREFIX_PATH} CMAKE_PREFIX_PATH=/home/poojit/spot_ws/install/champ_msgs:/home/poojit/spot_ws/install/champ:/home/poojit/spot_ws/install/spot_gz:/home/poojit/spot_ws/install/spot_description:/opt/ros/jazzy/opt/gz_sim_vendor:/opt/ros/jazzy/opt/gz_sensors_vendor:/opt/ros/jazzy/opt/gz_physics_vendor:/opt/ros/jazzy/opt/sdformat_vendor:/opt/ros/jazzy/opt/gz_gui_vendor:/opt/ros/jazzy/opt/gz_transport_vendor:/opt/ros/jazzy/opt/gz_rendering_vendor:/opt/ros/jazzy/opt/gz_plugin_vendor:/opt/ros/jazzy/opt/gz_fuel_tools_vendor:/opt/ros/jazzy/opt/gz_msgs_vendor:/opt/ros/jazzy/opt/gz_common_vendor:/opt/ros/jazzy/opt/gz_math_vendor:/opt/ros/jazzy/opt/gz_utils_vendor:/opt/ros/jazzy/opt/gz_tools_vendor:/opt/ros/jazzy/opt/gz_ogre_next_vendor:/opt/ros/jazzy/opt/gz_dartsim_vendor:/opt/ros/jazzy/opt/gz_cmake_vendor:/home/poojit/spot_ws/install/spot_bringup:/opt/ros/jazzy LD_LIBRARY_PATH=/home/poojit/spot_ws/install/champ_msgs/lib:${LD_LIBRARY_PATH} PYTHONPATH=/home/poojit/spot_ws/install/champ_msgs/lib/python3.12/site-packages:${PYTHONPATH} /usr/bin/cmake --install /home/poojit/spot_ws/build/champ_base
