-- Install configuration: ""
-- Execute custom install script
-- Up-to-date symlink: /home/poojit/spot_ws/install/spot_description/share/spot_description/models/spot/meshes/PPV4_Sim_Base.STL
-- Up-to-date symlink: /home/poojit/spot_ws/install/spot_description/share/spot_description/models/spot/meshes/birdcage.STL
-- Up-to-date symlink: /home/poojit/spot_ws/install/spot_description/share/spot_description/models/spot/meshes/body.dae
-- Up-to-date symlink: /home/poojit/spot_ws/install/spot_description/share/spot_description/models/spot/meshes/body_collision.stl
-- Up-to-date symlink: /home/poojit/spot_ws/install/spot_description/share/spot_description/models/spot/meshes/front_left_hip.dae
-- Up-to-date symlink: /home/poojit/spot_ws/install/spot_description/share/spot_description/models/spot/meshes/front_left_hip_collision.stl
-- Up-to-date symlink: /home/poojit/spot_ws/install/spot_description/share/spot_description/models/spot/meshes/front_left_lower_leg.dae
-- Up-to-date symlink: /home/poojit/spot_ws/install/spot_description/share/spot_description/models/spot/meshes/front_left_lower_leg_collision.stl
-- Up-to-date symlink: /home/poojit/spot_ws/install/spot_description/share/spot_description/models/spot/meshes/front_left_upper_leg.dae
-- Up-to-date symlink: /home/poojit/spot_ws/install/spot_description/share/spot_description/models/spot/meshes/front_left_upper_leg_collision.stl
-- Up-to-date symlink: /home/poojit/spot_ws/install/spot_description/share/spot_description/models/spot/meshes/front_right_hip.dae
-- Up-to-date symlink: /home/poojit/spot_ws/install/spot_description/share/spot_description/models/spot/meshes/front_right_hip_collision.stl
-- Up-to-date symlink: /home/poojit/spot_ws/install/spot_description/share/spot_description/models/spot/meshes/front_right_lower_leg.dae
-- Up-to-date symlink: /home/poojit/spot_ws/install/spot_description/share/spot_description/models/spot/meshes/front_right_lower_leg_collision.stl
-- Up-to-date symlink: /home/poojit/spot_ws/install/spot_description/share/spot_description/models/spot/meshes/front_right_upper_leg.dae
-- Up-to-date symlink: /home/poojit/spot_ws/install/spot_description/share/spot_description/models/spot/meshes/front_right_upper_leg_collision.stl
-- Up-to-date symlink: /home/poojit/spot_ws/install/spot_description/share/spot_description/models/spot/meshes/lidar_3d_v1.dae
-- Up-to-date symlink: /home/poojit/spot_ws/install/spot_description/share/spot_description/models/spot/meshes/lidar_3d_v1.jpg
-- Up-to-date symlink: /home/poojit/spot_ws/install/spot_description/share/spot_description/models/spot/meshes/rear_left_hip.dae
-- Up-to-date symlink: /home/poojit/spot_ws/install/spot_description/share/spot_description/models/spot/meshes/rear_left_hip_collision.stl
-- Up-to-date symlink: /home/poojit/spot_ws/install/spot_description/share/spot_description/models/spot/meshes/rear_left_lower_leg.dae
-- Up-to-date symlink: /home/poojit/spot_ws/install/spot_description/share/spot_description/models/spot/meshes/rear_left_lower_leg_collision.stl
-- Up-to-date symlink: /home/poojit/spot_ws/install/spot_description/share/spot_description/models/spot/meshes/rear_left_upper_leg.dae
-- Up-to-date symlink: /home/poojit/spot_ws/install/spot_description/share/spot_description/models/spot/meshes/rear_left_upper_leg_collision.stl
-- Up-to-date symlink: /home/poojit/spot_ws/install/spot_description/share/spot_description/models/spot/meshes/rear_right_hip.dae
-- Up-to-date symlink: /home/poojit/spot_ws/install/spot_description/share/spot_description/models/spot/meshes/rear_right_hip_collision.stl
-- Up-to-date symlink: /home/poojit/spot_ws/install/spot_description/share/spot_description/models/spot/meshes/rear_right_lower_leg.dae
-- Up-to-date symlink: /home/poojit/spot_ws/install/spot_description/share/spot_description/models/spot/meshes/rear_right_lower_leg_collision.stl
-- Up-to-date symlink: /home/poojit/spot_ws/install/spot_description/share/spot_description/models/spot/meshes/rear_right_upper_leg.dae
-- Up-to-date symlink: /home/poojit/spot_ws/install/spot_description/share/spot_description/models/spot/meshes/rear_right_upper_leg_collision.stl
-- Up-to-date symlink: /home/poojit/spot_ws/install/spot_description/share/spot_description/models/spot/meshes/sensor_payload_link.STL
-- Up-to-date symlink: /home/poojit/spot_ws/install/spot_description/share/spot_description/models/spot/meshes/spot_mat.png
-- Up-to-date symlink: /home/poojit/spot_ws/install/spot_description/share/spot_description/models/spot/meshes/spot_payload.stl
-- Up-to-date symlink: /home/poojit/spot_ws/install/spot_description/share/spot_description/models/spot/model.config
-- Up-to-date symlink: /home/poojit/spot_ws/install/spot_description/share/spot_description/models/spot/model.sdf
-- Up-to-date symlink: /home/poojit/spot_ws/install/spot_description/share/spot_description/models/spot/model.urdf
-- Up-to-date symlink: /home/poojit/spot_ws/install/spot_description/share/spot_description/environment/spot_description.dsv
-- Up-to-date symlink: /home/poojit/spot_ws/install/spot_description/share/spot_description/environment/spot_description.sh
-- Up-to-date symlink: /home/poojit/spot_ws/install/spot_description/share/ament_index/resource_index/package_run_dependencies/spot_description
-- Up-to-date symlink: /home/poojit/spot_ws/install/spot_description/share/ament_index/resource_index/parent_prefix_path/spot_description
-- Up-to-date symlink: /home/poojit/spot_ws/install/spot_description/share/spot_description/environment/ament_prefix_path.sh
-- Up-to-date symlink: /home/poojit/spot_ws/install/spot_description/share/spot_description/environment/ament_prefix_path.dsv
-- Up-to-date symlink: /home/poojit/spot_ws/install/spot_description/share/spot_description/environment/path.sh
-- Up-to-date symlink: /home/poojit/spot_ws/install/spot_description/share/spot_description/environment/path.dsv
-- Up-to-date symlink: /home/poojit/spot_ws/install/spot_description/share/spot_description/local_setup.bash
-- Up-to-date symlink: /home/poojit/spot_ws/install/spot_description/share/spot_description/local_setup.sh
-- Up-to-date symlink: /home/poojit/spot_ws/install/spot_description/share/spot_description/local_setup.zsh
-- Up-to-date symlink: /home/poojit/spot_ws/install/spot_description/share/spot_description/local_setup.dsv
-- Symlinking: /home/poojit/spot_ws/install/spot_description/share/spot_description/package.dsv
-- Up-to-date symlink: /home/poojit/spot_ws/install/spot_description/share/ament_index/resource_index/packages/spot_description
-- Up-to-date symlink: /home/poojit/spot_ws/install/spot_description/share/spot_description/cmake/spot_descriptionConfig.cmake
-- Up-to-date symlink: /home/poojit/spot_ws/install/spot_description/share/spot_description/cmake/spot_descriptionConfig-version.cmake
-- Up-to-date symlink: /home/poojit/spot_ws/install/spot_description/share/spot_description/package.xml
