[0.008s] Invoking command in '/home/poojit/spot_ws/build/champ_config': AMENT_PREFIX_PATH=/home/poojit/spot_ws/install/champ_base:/home/poojit/spot_ws/install/champ_msgs:/home/poojit/spot_ws/install/champ:${AMENT_PREFIX_PATH} CMAKE_PREFIX_PATH=/home/poojit/spot_ws/install/champ_base:/home/poojit/spot_ws/install/champ_msgs:/home/poojit/spot_ws/install/champ:/home/poojit/spot_ws/install/spot_gz:/home/poojit/spot_ws/install/spot_description:/opt/ros/jazzy/opt/gz_sim_vendor:/opt/ros/jazzy/opt/gz_sensors_vendor:/opt/ros/jazzy/opt/gz_physics_vendor:/opt/ros/jazzy/opt/sdformat_vendor:/opt/ros/jazzy/opt/gz_gui_vendor:/opt/ros/jazzy/opt/gz_transport_vendor:/opt/ros/jazzy/opt/gz_rendering_vendor:/opt/ros/jazzy/opt/gz_plugin_vendor:/opt/ros/jazzy/opt/gz_fuel_tools_vendor:/opt/ros/jazzy/opt/gz_msgs_vendor:/opt/ros/jazzy/opt/gz_common_vendor:/opt/ros/jazzy/opt/gz_math_vendor:/opt/ros/jazzy/opt/gz_utils_vendor:/opt/ros/jazzy/opt/gz_tools_vendor:/opt/ros/jazzy/opt/gz_ogre_next_vendor:/opt/ros/jazzy/opt/gz_dartsim_vendor:/opt/ros/jazzy/opt/gz_cmake_vendor:/home/poojit/spot_ws/install/spot_bringup:/opt/ros/jazzy LD_LIBRARY_PATH=/home/poojit/spot_ws/install/champ_base/lib:/home/poojit/spot_ws/install/champ_msgs/lib:${LD_LIBRARY_PATH} PATH=/home/poojit/spot_ws/install/champ_base/bin:${PATH} PYTHONPATH=/home/poojit/spot_ws/install/champ_msgs/lib/python3.12/site-packages:${PYTHONPATH} /usr/bin/cmake /home/poojit/spot_ws/src/spot_gazebo/champ_config -DAMENT_CMAKE_SYMLINK_INSTALL=1 -DCMAKE_INSTALL_PREFIX=/home/poojit/spot_ws/install/champ_config
[0.048s] -- The C compiler identification is GNU 13.3.0
[0.088s] -- The CXX compiler identification is GNU 13.3.0
[0.099s] -- Detecting C compiler ABI info
[0.178s] -- Detecting C compiler ABI info - done
[0.188s] -- Check for working C compiler: /usr/bin/cc - skipped
[0.188s] -- Detecting C compile features
[0.189s] -- Detecting C compile features - done
[0.197s] -- Detecting CXX compiler ABI info
[0.278s] -- Detecting CXX compiler ABI info - done
[0.286s] -- Check for working CXX compiler: /usr/bin/c++ - skipped
[0.286s] -- Detecting CXX compile features
[0.287s] -- Detecting CXX compile features - done
[0.290s] -- Found ament_cmake: 2.5.4 (/opt/ros/jazzy/share/ament_cmake/cmake)
[0.406s] -- Found Python3: /usr/bin/python3 (found version "3.12.3") found components: Interpreter 
[0.461s] -- Override CMake install command with custom implementation using symlinks instead of copying resources
[0.561s] -- Configuring done (0.5s)
[0.563s] -- Generating done (0.0s)
[0.564s] -- Build files have been written to: /home/poojit/spot_ws/build/champ_config
[0.568s] Invoked command in '/home/poojit/spot_ws/build/champ_config' returned '0': AMENT_PREFIX_PATH=/home/poojit/spot_ws/install/champ_base:/home/poojit/spot_ws/install/champ_msgs:/home/poojit/spot_ws/install/champ:${AMENT_PREFIX_PATH} CMAKE_PREFIX_PATH=/home/poojit/spot_ws/install/champ_base:/home/poojit/spot_ws/install/champ_msgs:/home/poojit/spot_ws/install/champ:/home/poojit/spot_ws/install/spot_gz:/home/poojit/spot_ws/install/spot_description:/opt/ros/jazzy/opt/gz_sim_vendor:/opt/ros/jazzy/opt/gz_sensors_vendor:/opt/ros/jazzy/opt/gz_physics_vendor:/opt/ros/jazzy/opt/sdformat_vendor:/opt/ros/jazzy/opt/gz_gui_vendor:/opt/ros/jazzy/opt/gz_transport_vendor:/opt/ros/jazzy/opt/gz_rendering_vendor:/opt/ros/jazzy/opt/gz_plugin_vendor:/opt/ros/jazzy/opt/gz_fuel_tools_vendor:/opt/ros/jazzy/opt/gz_msgs_vendor:/opt/ros/jazzy/opt/gz_common_vendor:/opt/ros/jazzy/opt/gz_math_vendor:/opt/ros/jazzy/opt/gz_utils_vendor:/opt/ros/jazzy/opt/gz_tools_vendor:/opt/ros/jazzy/opt/gz_ogre_next_vendor:/opt/ros/jazzy/opt/gz_dartsim_vendor:/opt/ros/jazzy/opt/gz_cmake_vendor:/home/poojit/spot_ws/install/spot_bringup:/opt/ros/jazzy LD_LIBRARY_PATH=/home/poojit/spot_ws/install/champ_base/lib:/home/poojit/spot_ws/install/champ_msgs/lib:${LD_LIBRARY_PATH} PATH=/home/poojit/spot_ws/install/champ_base/bin:${PATH} PYTHONPATH=/home/poojit/spot_ws/install/champ_msgs/lib/python3.12/site-packages:${PYTHONPATH} /usr/bin/cmake /home/poojit/spot_ws/src/spot_gazebo/champ_config -DAMENT_CMAKE_SYMLINK_INSTALL=1 -DCMAKE_INSTALL_PREFIX=/home/poojit/spot_ws/install/champ_config
[0.569s] Invoking command in '/home/poojit/spot_ws/build/champ_config': AMENT_PREFIX_PATH=/home/poojit/spot_ws/install/champ_base:/home/poojit/spot_ws/install/champ_msgs:/home/poojit/spot_ws/install/champ:${AMENT_PREFIX_PATH} CMAKE_PREFIX_PATH=/home/poojit/spot_ws/install/champ_base:/home/poojit/spot_ws/install/champ_msgs:/home/poojit/spot_ws/install/champ:/home/poojit/spot_ws/install/spot_gz:/home/poojit/spot_ws/install/spot_description:/opt/ros/jazzy/opt/gz_sim_vendor:/opt/ros/jazzy/opt/gz_sensors_vendor:/opt/ros/jazzy/opt/gz_physics_vendor:/opt/ros/jazzy/opt/sdformat_vendor:/opt/ros/jazzy/opt/gz_gui_vendor:/opt/ros/jazzy/opt/gz_transport_vendor:/opt/ros/jazzy/opt/gz_rendering_vendor:/opt/ros/jazzy/opt/gz_plugin_vendor:/opt/ros/jazzy/opt/gz_fuel_tools_vendor:/opt/ros/jazzy/opt/gz_msgs_vendor:/opt/ros/jazzy/opt/gz_common_vendor:/opt/ros/jazzy/opt/gz_math_vendor:/opt/ros/jazzy/opt/gz_utils_vendor:/opt/ros/jazzy/opt/gz_tools_vendor:/opt/ros/jazzy/opt/gz_ogre_next_vendor:/opt/ros/jazzy/opt/gz_dartsim_vendor:/opt/ros/jazzy/opt/gz_cmake_vendor:/home/poojit/spot_ws/install/spot_bringup:/opt/ros/jazzy LD_LIBRARY_PATH=/home/poojit/spot_ws/install/champ_base/lib:/home/poojit/spot_ws/install/champ_msgs/lib:${LD_LIBRARY_PATH} PATH=/home/poojit/spot_ws/install/champ_base/bin:${PATH} PYTHONPATH=/home/poojit/spot_ws/install/champ_msgs/lib/python3.12/site-packages:${PYTHONPATH} /usr/bin/cmake --build /home/poojit/spot_ws/build/champ_config -- -j12 -l12
[0.597s] Invoked command in '/home/poojit/spot_ws/build/champ_config' returned '0': AMENT_PREFIX_PATH=/home/poojit/spot_ws/install/champ_base:/home/poojit/spot_ws/install/champ_msgs:/home/poojit/spot_ws/install/champ:${AMENT_PREFIX_PATH} CMAKE_PREFIX_PATH=/home/poojit/spot_ws/install/champ_base:/home/poojit/spot_ws/install/champ_msgs:/home/poojit/spot_ws/install/champ:/home/poojit/spot_ws/install/spot_gz:/home/poojit/spot_ws/install/spot_description:/opt/ros/jazzy/opt/gz_sim_vendor:/opt/ros/jazzy/opt/gz_sensors_vendor:/opt/ros/jazzy/opt/gz_physics_vendor:/opt/ros/jazzy/opt/sdformat_vendor:/opt/ros/jazzy/opt/gz_gui_vendor:/opt/ros/jazzy/opt/gz_transport_vendor:/opt/ros/jazzy/opt/gz_rendering_vendor:/opt/ros/jazzy/opt/gz_plugin_vendor:/opt/ros/jazzy/opt/gz_fuel_tools_vendor:/opt/ros/jazzy/opt/gz_msgs_vendor:/opt/ros/jazzy/opt/gz_common_vendor:/opt/ros/jazzy/opt/gz_math_vendor:/opt/ros/jazzy/opt/gz_utils_vendor:/opt/ros/jazzy/opt/gz_tools_vendor:/opt/ros/jazzy/opt/gz_ogre_next_vendor:/opt/ros/jazzy/opt/gz_dartsim_vendor:/opt/ros/jazzy/opt/gz_cmake_vendor:/home/poojit/spot_ws/install/spot_bringup:/opt/ros/jazzy LD_LIBRARY_PATH=/home/poojit/spot_ws/install/champ_base/lib:/home/poojit/spot_ws/install/champ_msgs/lib:${LD_LIBRARY_PATH} PATH=/home/poojit/spot_ws/install/champ_base/bin:${PATH} PYTHONPATH=/home/poojit/spot_ws/install/champ_msgs/lib/python3.12/site-packages:${PYTHONPATH} /usr/bin/cmake --build /home/poojit/spot_ws/build/champ_config -- -j12 -l12
[0.597s] Invoking command in '/home/poojit/spot_ws/build/champ_config': AMENT_PREFIX_PATH=/home/poojit/spot_ws/install/champ_base:/home/poojit/spot_ws/install/champ_msgs:/home/poojit/spot_ws/install/champ:${AMENT_PREFIX_PATH} CMAKE_PREFIX_PATH=/home/poojit/spot_ws/install/champ_base:/home/poojit/spot_ws/install/champ_msgs:/home/poojit/spot_ws/install/champ:/home/poojit/spot_ws/install/spot_gz:/home/poojit/spot_ws/install/spot_description:/opt/ros/jazzy/opt/gz_sim_vendor:/opt/ros/jazzy/opt/gz_sensors_vendor:/opt/ros/jazzy/opt/gz_physics_vendor:/opt/ros/jazzy/opt/sdformat_vendor:/opt/ros/jazzy/opt/gz_gui_vendor:/opt/ros/jazzy/opt/gz_transport_vendor:/opt/ros/jazzy/opt/gz_rendering_vendor:/opt/ros/jazzy/opt/gz_plugin_vendor:/opt/ros/jazzy/opt/gz_fuel_tools_vendor:/opt/ros/jazzy/opt/gz_msgs_vendor:/opt/ros/jazzy/opt/gz_common_vendor:/opt/ros/jazzy/opt/gz_math_vendor:/opt/ros/jazzy/opt/gz_utils_vendor:/opt/ros/jazzy/opt/gz_tools_vendor:/opt/ros/jazzy/opt/gz_ogre_next_vendor:/opt/ros/jazzy/opt/gz_dartsim_vendor:/opt/ros/jazzy/opt/gz_cmake_vendor:/home/poojit/spot_ws/install/spot_bringup:/opt/ros/jazzy LD_LIBRARY_PATH=/home/poojit/spot_ws/install/champ_base/lib:/home/poojit/spot_ws/install/champ_msgs/lib:${LD_LIBRARY_PATH} PATH=/home/poojit/spot_ws/install/champ_base/bin:${PATH} PYTHONPATH=/home/poojit/spot_ws/install/champ_msgs/lib/python3.12/site-packages:${PYTHONPATH} /usr/bin/cmake --install /home/poojit/spot_ws/build/champ_config
[0.603s] -- Install configuration: ""
[0.604s] -- Execute custom install script
[0.604s] -- Symlinking: /home/poojit/spot_ws/install/champ_config/share/champ_config/config/gait/gait.yaml
[0.611s] -- Symlinking: /home/poojit/spot_ws/install/champ_config/share/champ_config/config/joints/joints.yaml
[0.618s] -- Symlinking: /home/poojit/spot_ws/install/champ_config/share/champ_config/config/links/links.yaml
[0.624s] -- Symlinking: /home/poojit/spot_ws/install/champ_config/share/ament_index/resource_index/package_run_dependencies/champ_config
[0.631s] -- Symlinking: /home/poojit/spot_ws/install/champ_config/share/ament_index/resource_index/parent_prefix_path/champ_config
[0.637s] -- Symlinking: /home/poojit/spot_ws/install/champ_config/share/champ_config/environment/ament_prefix_path.sh
[0.643s] -- Symlinking: /home/poojit/spot_ws/install/champ_config/share/champ_config/environment/ament_prefix_path.dsv
[0.650s] -- Symlinking: /home/poojit/spot_ws/install/champ_config/share/champ_config/environment/path.sh
[0.656s] -- Symlinking: /home/poojit/spot_ws/install/champ_config/share/champ_config/environment/path.dsv
[0.662s] -- Symlinking: /home/poojit/spot_ws/install/champ_config/share/champ_config/local_setup.bash
[0.668s] -- Symlinking: /home/poojit/spot_ws/install/champ_config/share/champ_config/local_setup.sh
[0.675s] -- Symlinking: /home/poojit/spot_ws/install/champ_config/share/champ_config/local_setup.zsh
[0.681s] -- Symlinking: /home/poojit/spot_ws/install/champ_config/share/champ_config/local_setup.dsv
[0.687s] -- Symlinking: /home/poojit/spot_ws/install/champ_config/share/champ_config/package.dsv
[0.693s] -- Symlinking: /home/poojit/spot_ws/install/champ_config/share/ament_index/resource_index/packages/champ_config
[0.700s] -- Symlinking: /home/poojit/spot_ws/install/champ_config/share/champ_config/cmake/champ_configConfig.cmake
[0.707s] -- Symlinking: /home/poojit/spot_ws/install/champ_config/share/champ_config/cmake/champ_configConfig-version.cmake
[0.713s] -- Symlinking: /home/poojit/spot_ws/install/champ_config/share/champ_config/package.xml
[0.721s] Invoked command in '/home/poojit/spot_ws/build/champ_config' returned '0': AMENT_PREFIX_PATH=/home/poojit/spot_ws/install/champ_base:/home/poojit/spot_ws/install/champ_msgs:/home/poojit/spot_ws/install/champ:${AMENT_PREFIX_PATH} CMAKE_PREFIX_PATH=/home/poojit/spot_ws/install/champ_base:/home/poojit/spot_ws/install/champ_msgs:/home/poojit/spot_ws/install/champ:/home/poojit/spot_ws/install/spot_gz:/home/poojit/spot_ws/install/spot_description:/opt/ros/jazzy/opt/gz_sim_vendor:/opt/ros/jazzy/opt/gz_sensors_vendor:/opt/ros/jazzy/opt/gz_physics_vendor:/opt/ros/jazzy/opt/sdformat_vendor:/opt/ros/jazzy/opt/gz_gui_vendor:/opt/ros/jazzy/opt/gz_transport_vendor:/opt/ros/jazzy/opt/gz_rendering_vendor:/opt/ros/jazzy/opt/gz_plugin_vendor:/opt/ros/jazzy/opt/gz_fuel_tools_vendor:/opt/ros/jazzy/opt/gz_msgs_vendor:/opt/ros/jazzy/opt/gz_common_vendor:/opt/ros/jazzy/opt/gz_math_vendor:/opt/ros/jazzy/opt/gz_utils_vendor:/opt/ros/jazzy/opt/gz_tools_vendor:/opt/ros/jazzy/opt/gz_ogre_next_vendor:/opt/ros/jazzy/opt/gz_dartsim_vendor:/opt/ros/jazzy/opt/gz_cmake_vendor:/home/poojit/spot_ws/install/spot_bringup:/opt/ros/jazzy LD_LIBRARY_PATH=/home/poojit/spot_ws/install/champ_base/lib:/home/poojit/spot_ws/install/champ_msgs/lib:${LD_LIBRARY_PATH} PATH=/home/poojit/spot_ws/install/champ_base/bin:${PATH} PYTHONPATH=/home/poojit/spot_ws/install/champ_msgs/lib/python3.12/site-packages:${PYTHONPATH} /usr/bin/cmake --install /home/poojit/spot_ws/build/champ_config
