-- The C compiler identification is GNU 13.3.0
-- The CXX compiler identification is GNU 13.3.0
-- Detecting C compiler ABI info
-- Detecting C compiler ABI info - done
-- Check for working C compiler: /usr/bin/cc - skipped
-- Detecting C compile features
-- Detecting C compile features - done
-- Detecting CXX compiler ABI info
-- Detecting CXX compiler ABI info - done
-- Check for working CXX compiler: /usr/bin/c++ - skipped
-- Detecting CXX compile features
-- Detecting CXX compile features - done
-- Found ament_cmake: 2.5.4 (/opt/ros/jazzy/share/ament_cmake/cmake)
-- Found Python3: /usr/bin/python3 (found version "3.12.3") found components: Interpreter 
-- Override CMake install command with custom implementation using symlinks instead of copying resources
-- Found rosidl_default_generators: 1.6.0 (/opt/ros/jazzy/share/rosidl_default_generators/cmake)
-- Using all available rosidl_typesupport_c: rosidl_typesupport_fastrtps_c;rosidl_typesupport_introspection_c
-- Using all available rosidl_typesupport_cpp: rosidl_typesupport_fastrtps_cpp;rosidl_typesupport_introspection_cpp
-- Found rosidl_adapter: 4.6.6 (/opt/ros/jazzy/share/rosidl_adapter/cmake)
-- Found std_msgs: 5.3.6 (/opt/ros/jazzy/share/std_msgs/cmake)
-- Found geometry_msgs: 5.3.6 (/opt/ros/jazzy/share/geometry_msgs/cmake)
-- Found ament_cmake_ros: 0.12.0 (/opt/ros/jazzy/share/ament_cmake_ros/cmake)
-- Using all available rosidl_typesupport_c: rosidl_typesupport_fastrtps_c;rosidl_typesupport_introspection_c
-- Using all available rosidl_typesupport_cpp: rosidl_typesupport_fastrtps_cpp;rosidl_typesupport_introspection_cpp
-- Found python_cmake_module: 0.11.1 (/opt/ros/jazzy/share/python_cmake_module/cmake)
-- Found PythonExtra: /usr/bin/python3  
-- Found Python3: /usr/bin/python3 (found version "3.12.3") found components: Interpreter Development NumPy Development.Module Development.Embed 
-- Found ament_lint_auto: 0.17.3 (/opt/ros/jazzy/share/ament_lint_auto/cmake)
-- Configuring done (2.7s)
-- Generating done (0.0s)
-- Build files have been written to: /home/poojit/spot_ws/build/champ_msgs
[  1%] [34m[1mGenerating type hashes for ROS interfaces[0m
[  1%] Built target ament_cmake_python_symlink_champ_msgs
running egg_info
creating champ_msgs.egg-info
[  1%] Built target champ_msgs__rosidl_generator_type_description
writing champ_msgs.egg-info/PKG-INFO
writing dependency_links to champ_msgs.egg-info/dependency_links.txt
writing top-level names to champ_msgs.egg-info/top_level.txt
writing manifest file 'champ_msgs.egg-info/SOURCES.txt'
[  2%] [34m[1mGenerating C code for ROS interfaces[0m
[  2%] [34m[1mGenerating C++ code for ROS interfaces[0m
reading manifest file 'champ_msgs.egg-info/SOURCES.txt'
writing manifest file 'champ_msgs.egg-info/SOURCES.txt'
[  2%] Built target ament_cmake_python_build_champ_msgs_egg
[  2%] Built target champ_msgs__cpp
[  3%] [32mBuilding C object CMakeFiles/champ_msgs__rosidl_generator_c.dir/rosidl_generator_c/champ_msgs/msg/detail/velocities__functions.c.o[0m
[  4%] [32mBuilding C object CMakeFiles/champ_msgs__rosidl_generator_c.dir/rosidl_generator_c/champ_msgs/msg/detail/velocities__description.c.o[0m
[  5%] [32mBuilding C object CMakeFiles/champ_msgs__rosidl_generator_c.dir/rosidl_generator_c/champ_msgs/msg/detail/velocities__type_support.c.o[0m
[  6%] [32mBuilding C object CMakeFiles/champ_msgs__rosidl_generator_c.dir/rosidl_generator_c/champ_msgs/msg/detail/pid__description.c.o[0m
[  7%] [32mBuilding C object CMakeFiles/champ_msgs__rosidl_generator_c.dir/rosidl_generator_c/champ_msgs/msg/detail/pid__functions.c.o[0m
[  6%] [32mBuilding C object CMakeFiles/champ_msgs__rosidl_generator_c.dir/rosidl_generator_c/champ_msgs/msg/detail/pid__type_support.c.o[0m
[  8%] [32mBuilding C object CMakeFiles/champ_msgs__rosidl_generator_c.dir/rosidl_generator_c/champ_msgs/msg/detail/imu__description.c.o[0m
[  9%] [32mBuilding C object CMakeFiles/champ_msgs__rosidl_generator_c.dir/rosidl_generator_c/champ_msgs/msg/detail/imu__functions.c.o[0m
[ 10%] [32mBuilding C object CMakeFiles/champ_msgs__rosidl_generator_c.dir/rosidl_generator_c/champ_msgs/msg/detail/imu__type_support.c.o[0m
[ 11%] [32mBuilding C object CMakeFiles/champ_msgs__rosidl_generator_c.dir/rosidl_generator_c/champ_msgs/msg/detail/point__description.c.o[0m
[ 12%] [32mBuilding C object CMakeFiles/champ_msgs__rosidl_generator_c.dir/rosidl_generator_c/champ_msgs/msg/detail/point__functions.c.o[0m
[ 13%] [32mBuilding C object CMakeFiles/champ_msgs__rosidl_generator_c.dir/rosidl_generator_c/champ_msgs/msg/detail/point__type_support.c.o[0m
[ 14%] [32mBuilding C object CMakeFiles/champ_msgs__rosidl_generator_c.dir/rosidl_generator_c/champ_msgs/msg/detail/point_array__functions.c.o[0m
[ 14%] [32mBuilding C object CMakeFiles/champ_msgs__rosidl_generator_c.dir/rosidl_generator_c/champ_msgs/msg/detail/point_array__description.c.o[0m
[ 15%] [32mBuilding C object CMakeFiles/champ_msgs__rosidl_generator_c.dir/rosidl_generator_c/champ_msgs/msg/detail/point_array__type_support.c.o[0m
[ 16%] [32mBuilding C object CMakeFiles/champ_msgs__rosidl_generator_c.dir/rosidl_generator_c/champ_msgs/msg/detail/joints__description.c.o[0m
[ 17%] [32mBuilding C object CMakeFiles/champ_msgs__rosidl_generator_c.dir/rosidl_generator_c/champ_msgs/msg/detail/joints__functions.c.o[0m
[ 19%] [32mBuilding C object CMakeFiles/champ_msgs__rosidl_generator_c.dir/rosidl_generator_c/champ_msgs/msg/detail/joints__type_support.c.o[0m
[ 19%] [32mBuilding C object CMakeFiles/champ_msgs__rosidl_generator_c.dir/rosidl_generator_c/champ_msgs/msg/detail/contacts__description.c.o[0m
[ 20%] [32mBuilding C object CMakeFiles/champ_msgs__rosidl_generator_c.dir/rosidl_generator_c/champ_msgs/msg/detail/contacts__functions.c.o[0m
[ 21%] [32mBuilding C object CMakeFiles/champ_msgs__rosidl_generator_c.dir/rosidl_generator_c/champ_msgs/msg/detail/contacts_stamped__description.c.o[0m
[ 21%] [32mBuilding C object CMakeFiles/champ_msgs__rosidl_generator_c.dir/rosidl_generator_c/champ_msgs/msg/detail/contacts__type_support.c.o[0m
[ 22%] [32mBuilding C object CMakeFiles/champ_msgs__rosidl_generator_c.dir/rosidl_generator_c/champ_msgs/msg/detail/contacts_stamped__functions.c.o[0m
[ 23%] [32mBuilding C object CMakeFiles/champ_msgs__rosidl_generator_c.dir/rosidl_generator_c/champ_msgs/msg/detail/contacts_stamped__type_support.c.o[0m
[ 24%] [32mBuilding C object CMakeFiles/champ_msgs__rosidl_generator_c.dir/rosidl_generator_c/champ_msgs/msg/detail/pose__description.c.o[0m
[ 25%] [32mBuilding C object CMakeFiles/champ_msgs__rosidl_generator_c.dir/rosidl_generator_c/champ_msgs/msg/detail/pose__functions.c.o[0m
[ 26%] [32mBuilding C object CMakeFiles/champ_msgs__rosidl_generator_c.dir/rosidl_generator_c/champ_msgs/msg/detail/pose__type_support.c.o[0m
[ 27%] [32m[1mLinking C shared library libchamp_msgs__rosidl_generator_c.so[0m
[ 27%] Built target champ_msgs__rosidl_generator_c
[ 29%] [34m[1mGenerating C type support dispatch for ROS interfaces[0m
[ 29%] [34m[1mGenerating C++ type support for eProsima Fast-RTPS[0m
[ 29%] [34m[1mGenerating C++ introspection for ROS interfaces[0m
[ 30%] [34m[1mGenerating C++ type support dispatch for ROS interfaces[0m
[ 31%] [34m[1mGenerating C type support for eProsima Fast-RTPS[0m
[ 32%] [34m[1mGenerating C introspection for ROS interfaces[0m
[ 36%] [32mBuilding CXX object CMakeFiles/champ_msgs__rosidl_typesupport_c.dir/rosidl_typesupport_c/champ_msgs/msg/pid__type_support.cpp.o[0m
[ 36%] [32mBuilding CXX object CMakeFiles/champ_msgs__rosidl_typesupport_c.dir/rosidl_typesupport_c/champ_msgs/msg/velocities__type_support.cpp.o[0m
[ 36%] [32mBuilding CXX object CMakeFiles/champ_msgs__rosidl_typesupport_c.dir/rosidl_typesupport_c/champ_msgs/msg/imu__type_support.cpp.o[0m
[ 36%] [32mBuilding CXX object CMakeFiles/champ_msgs__rosidl_typesupport_c.dir/rosidl_typesupport_c/champ_msgs/msg/point__type_support.cpp.o[0m
[ 36%] [32mBuilding CXX object CMakeFiles/champ_msgs__rosidl_typesupport_c.dir/rosidl_typesupport_c/champ_msgs/msg/joints__type_support.cpp.o[0m
[ 37%] [32mBuilding CXX object CMakeFiles/champ_msgs__rosidl_typesupport_c.dir/rosidl_typesupport_c/champ_msgs/msg/point_array__type_support.cpp.o[0m
[ 38%] [32mBuilding CXX object CMakeFiles/champ_msgs__rosidl_typesupport_c.dir/rosidl_typesupport_c/champ_msgs/msg/contacts__type_support.cpp.o[0m
[ 39%] [32mBuilding CXX object CMakeFiles/champ_msgs__rosidl_typesupport_cpp.dir/rosidl_typesupport_cpp/champ_msgs/msg/velocities__type_support.cpp.o[0m
[ 40%] [32mBuilding CXX object CMakeFiles/champ_msgs__rosidl_typesupport_c.dir/rosidl_typesupport_c/champ_msgs/msg/contacts_stamped__type_support.cpp.o[0m
[ 41%] [32mBuilding CXX object CMakeFiles/champ_msgs__rosidl_typesupport_cpp.dir/rosidl_typesupport_cpp/champ_msgs/msg/pid__type_support.cpp.o[0m
[ 42%] [32mBuilding CXX object CMakeFiles/champ_msgs__rosidl_typesupport_cpp.dir/rosidl_typesupport_cpp/champ_msgs/msg/imu__type_support.cpp.o[0m
[ 43%] [32mBuilding CXX object CMakeFiles/champ_msgs__rosidl_typesupport_c.dir/rosidl_typesupport_c/champ_msgs/msg/pose__type_support.cpp.o[0m
[ 43%] [32mBuilding CXX object CMakeFiles/champ_msgs__rosidl_typesupport_cpp.dir/rosidl_typesupport_cpp/champ_msgs/msg/point__type_support.cpp.o[0m
[ 44%] [32mBuilding CXX object CMakeFiles/champ_msgs__rosidl_typesupport_cpp.dir/rosidl_typesupport_cpp/champ_msgs/msg/point_array__type_support.cpp.o[0m
[ 45%] [32mBuilding CXX object CMakeFiles/champ_msgs__rosidl_typesupport_cpp.dir/rosidl_typesupport_cpp/champ_msgs/msg/joints__type_support.cpp.o[0m
[ 46%] [32m[1mLinking CXX shared library libchamp_msgs__rosidl_typesupport_c.so[0m
[ 47%] [32mBuilding CXX object CMakeFiles/champ_msgs__rosidl_typesupport_cpp.dir/rosidl_typesupport_cpp/champ_msgs/msg/contacts__type_support.cpp.o[0m
[ 47%] Built target champ_msgs__rosidl_typesupport_c
[ 48%] [32mBuilding CXX object CMakeFiles/champ_msgs__rosidl_typesupport_cpp.dir/rosidl_typesupport_cpp/champ_msgs/msg/contacts_stamped__type_support.cpp.o[0m
[ 49%] [32mBuilding CXX object CMakeFiles/champ_msgs__rosidl_typesupport_introspection_cpp.dir/rosidl_typesupport_introspection_cpp/champ_msgs/msg/detail/velocities__type_support.cpp.o[0m
[ 50%] [32mBuilding C object CMakeFiles/champ_msgs__rosidl_typesupport_introspection_c.dir/rosidl_typesupport_introspection_c/champ_msgs/msg/detail/velocities__type_support.c.o[0m
[ 51%] [32mBuilding C object CMakeFiles/champ_msgs__rosidl_typesupport_introspection_c.dir/rosidl_typesupport_introspection_c/champ_msgs/msg/detail/pid__type_support.c.o[0m
[ 51%] [32mBuilding C object CMakeFiles/champ_msgs__rosidl_typesupport_introspection_c.dir/rosidl_typesupport_introspection_c/champ_msgs/msg/detail/imu__type_support.c.o[0m
[ 52%] [32mBuilding C object CMakeFiles/champ_msgs__rosidl_typesupport_introspection_c.dir/rosidl_typesupport_introspection_c/champ_msgs/msg/detail/point__type_support.c.o[0m
[ 53%] [32mBuilding CXX object CMakeFiles/champ_msgs__rosidl_typesupport_introspection_cpp.dir/rosidl_typesupport_introspection_cpp/champ_msgs/msg/detail/pid__type_support.cpp.o[0m
[ 54%] [32mBuilding C object CMakeFiles/champ_msgs__rosidl_typesupport_introspection_c.dir/rosidl_typesupport_introspection_c/champ_msgs/msg/detail/point_array__type_support.c.o[0m
[ 55%] [32mBuilding CXX object CMakeFiles/champ_msgs__rosidl_typesupport_introspection_cpp.dir/rosidl_typesupport_introspection_cpp/champ_msgs/msg/detail/imu__type_support.cpp.o[0m
[ 56%] [32mBuilding CXX object CMakeFiles/champ_msgs__rosidl_typesupport_introspection_cpp.dir/rosidl_typesupport_introspection_cpp/champ_msgs/msg/detail/point__type_support.cpp.o[0m
[ 57%] [32mBuilding CXX object CMakeFiles/champ_msgs__rosidl_typesupport_introspection_cpp.dir/rosidl_typesupport_introspection_cpp/champ_msgs/msg/detail/point_array__type_support.cpp.o[0m
[ 58%] [32mBuilding CXX object CMakeFiles/champ_msgs__rosidl_typesupport_introspection_cpp.dir/rosidl_typesupport_introspection_cpp/champ_msgs/msg/detail/joints__type_support.cpp.o[0m
[ 59%] [32mBuilding CXX object CMakeFiles/champ_msgs__rosidl_typesupport_fastrtps_cpp.dir/rosidl_typesupport_fastrtps_cpp/champ_msgs/msg/detail/dds_fastrtps/velocities__type_support.cpp.o[0m
[ 60%] [32mBuilding CXX object CMakeFiles/champ_msgs__rosidl_typesupport_introspection_cpp.dir/rosidl_typesupport_introspection_cpp/champ_msgs/msg/detail/contacts__type_support.cpp.o[0m
[ 60%] [32mBuilding CXX object CMakeFiles/champ_msgs__rosidl_typesupport_fastrtps_c.dir/rosidl_typesupport_fastrtps_c/champ_msgs/msg/detail/velocities__type_support_c.cpp.o[0m
[ 61%] [32mBuilding C object CMakeFiles/champ_msgs__rosidl_typesupport_introspection_c.dir/rosidl_typesupport_introspection_c/champ_msgs/msg/detail/joints__type_support.c.o[0m
[ 61%] [32mBuilding CXX object CMakeFiles/champ_msgs__rosidl_typesupport_introspection_cpp.dir/rosidl_typesupport_introspection_cpp/champ_msgs/msg/detail/contacts_stamped__type_support.cpp.o[0m
[ 62%] [32mBuilding C object CMakeFiles/champ_msgs__rosidl_typesupport_introspection_c.dir/rosidl_typesupport_introspection_c/champ_msgs/msg/detail/contacts__type_support.c.o[0m
[ 63%] [32mBuilding CXX object CMakeFiles/champ_msgs__rosidl_typesupport_cpp.dir/rosidl_typesupport_cpp/champ_msgs/msg/pose__type_support.cpp.o[0m
[ 64%] [32mBuilding C object CMakeFiles/champ_msgs__rosidl_typesupport_introspection_c.dir/rosidl_typesupport_introspection_c/champ_msgs/msg/detail/contacts_stamped__type_support.c.o[0m
[ 65%] [32mBuilding CXX object CMakeFiles/champ_msgs__rosidl_typesupport_fastrtps_c.dir/rosidl_typesupport_fastrtps_c/champ_msgs/msg/detail/pid__type_support_c.cpp.o[0m
[ 66%] [32mBuilding C object CMakeFiles/champ_msgs__rosidl_typesupport_introspection_c.dir/rosidl_typesupport_introspection_c/champ_msgs/msg/detail/pose__type_support.c.o[0m
[ 67%] [32m[1mLinking C shared library libchamp_msgs__rosidl_typesupport_introspection_c.so[0m
[ 67%] Built target champ_msgs__rosidl_typesupport_introspection_c
[ 68%] [32mBuilding CXX object CMakeFiles/champ_msgs__rosidl_typesupport_fastrtps_c.dir/rosidl_typesupport_fastrtps_c/champ_msgs/msg/detail/imu__type_support_c.cpp.o[0m
[ 69%] [32mBuilding CXX object CMakeFiles/champ_msgs__rosidl_typesupport_fastrtps_cpp.dir/rosidl_typesupport_fastrtps_cpp/champ_msgs/msg/detail/dds_fastrtps/pid__type_support.cpp.o[0m
[ 70%] [32mBuilding CXX object CMakeFiles/champ_msgs__rosidl_typesupport_introspection_cpp.dir/rosidl_typesupport_introspection_cpp/champ_msgs/msg/detail/pose__type_support.cpp.o[0m
[ 71%] [32mBuilding CXX object CMakeFiles/champ_msgs__rosidl_typesupport_fastrtps_c.dir/rosidl_typesupport_fastrtps_c/champ_msgs/msg/detail/point__type_support_c.cpp.o[0m
[ 72%] [32mBuilding CXX object CMakeFiles/champ_msgs__rosidl_typesupport_fastrtps_c.dir/rosidl_typesupport_fastrtps_c/champ_msgs/msg/detail/point_array__type_support_c.cpp.o[0m
[ 73%] [32mBuilding CXX object CMakeFiles/champ_msgs__rosidl_typesupport_fastrtps_c.dir/rosidl_typesupport_fastrtps_c/champ_msgs/msg/detail/joints__type_support_c.cpp.o[0m
[ 74%] [32mBuilding CXX object CMakeFiles/champ_msgs__rosidl_typesupport_fastrtps_c.dir/rosidl_typesupport_fastrtps_c/champ_msgs/msg/detail/contacts__type_support_c.cpp.o[0m
[ 75%] [32m[1mLinking CXX shared library libchamp_msgs__rosidl_typesupport_cpp.so[0m
[ 76%] [32mBuilding CXX object CMakeFiles/champ_msgs__rosidl_typesupport_fastrtps_cpp.dir/rosidl_typesupport_fastrtps_cpp/champ_msgs/msg/detail/dds_fastrtps/imu__type_support.cpp.o[0m
[ 76%] Built target champ_msgs__rosidl_typesupport_cpp
[ 77%] [32mBuilding CXX object CMakeFiles/champ_msgs__rosidl_typesupport_fastrtps_cpp.dir/rosidl_typesupport_fastrtps_cpp/champ_msgs/msg/detail/dds_fastrtps/point__type_support.cpp.o[0m
[ 78%] [32mBuilding CXX object CMakeFiles/champ_msgs__rosidl_typesupport_fastrtps_c.dir/rosidl_typesupport_fastrtps_c/champ_msgs/msg/detail/contacts_stamped__type_support_c.cpp.o[0m
[ 79%] [32mBuilding CXX object CMakeFiles/champ_msgs__rosidl_typesupport_fastrtps_cpp.dir/rosidl_typesupport_fastrtps_cpp/champ_msgs/msg/detail/dds_fastrtps/point_array__type_support.cpp.o[0m
[ 79%] [32mBuilding CXX object CMakeFiles/champ_msgs__rosidl_typesupport_fastrtps_cpp.dir/rosidl_typesupport_fastrtps_cpp/champ_msgs/msg/detail/dds_fastrtps/joints__type_support.cpp.o[0m
[ 80%] [32m[1mLinking CXX shared library libchamp_msgs__rosidl_typesupport_introspection_cpp.so[0m
[ 81%] [32mBuilding CXX object CMakeFiles/champ_msgs__rosidl_typesupport_fastrtps_cpp.dir/rosidl_typesupport_fastrtps_cpp/champ_msgs/msg/detail/dds_fastrtps/contacts__type_support.cpp.o[0m
[ 81%] Built target champ_msgs__rosidl_typesupport_introspection_cpp
[ 82%] [32mBuilding CXX object CMakeFiles/champ_msgs__rosidl_typesupport_fastrtps_cpp.dir/rosidl_typesupport_fastrtps_cpp/champ_msgs/msg/detail/dds_fastrtps/contacts_stamped__type_support.cpp.o[0m
[ 82%] [32mBuilding CXX object CMakeFiles/champ_msgs__rosidl_typesupport_fastrtps_c.dir/rosidl_typesupport_fastrtps_c/champ_msgs/msg/detail/pose__type_support_c.cpp.o[0m
[ 83%] [32mBuilding CXX object CMakeFiles/champ_msgs__rosidl_typesupport_fastrtps_cpp.dir/rosidl_typesupport_fastrtps_cpp/champ_msgs/msg/detail/dds_fastrtps/pose__type_support.cpp.o[0m
[ 84%] [32m[1mLinking CXX shared library libchamp_msgs__rosidl_typesupport_fastrtps_c.so[0m
[ 84%] Built target champ_msgs__rosidl_typesupport_fastrtps_c
[ 85%] [32m[1mLinking CXX shared library libchamp_msgs__rosidl_typesupport_fastrtps_cpp.so[0m
[ 85%] Built target champ_msgs__rosidl_typesupport_fastrtps_cpp
[ 85%] Built target champ_msgs
[ 86%] [34m[1mGenerating Python code for ROS interfaces[0m
[ 86%] Built target champ_msgs__py
[ 89%] [32mBuilding C object CMakeFiles/champ_msgs__rosidl_generator_py.dir/rosidl_generator_py/champ_msgs/msg/_joints_s.c.o[0m
[ 89%] [32mBuilding C object CMakeFiles/champ_msgs__rosidl_generator_py.dir/rosidl_generator_py/champ_msgs/msg/_imu_s.c.o[0m
[ 89%] [32mBuilding C object CMakeFiles/champ_msgs__rosidl_generator_py.dir/rosidl_generator_py/champ_msgs/msg/_point_array_s.c.o[0m
[ 90%] [32mBuilding C object CMakeFiles/champ_msgs__rosidl_generator_py.dir/rosidl_generator_py/champ_msgs/msg/_velocities_s.c.o[0m
[ 90%] [32mBuilding C object CMakeFiles/champ_msgs__rosidl_generator_py.dir/rosidl_generator_py/champ_msgs/msg/_pid_s.c.o[0m
[ 91%] [32mBuilding C object CMakeFiles/champ_msgs__rosidl_generator_py.dir/rosidl_generator_py/champ_msgs/msg/_point_s.c.o[0m
[ 92%] [32mBuilding C object CMakeFiles/champ_msgs__rosidl_generator_py.dir/rosidl_generator_py/champ_msgs/msg/_contacts_s.c.o[0m
[ 94%] [32mBuilding C object CMakeFiles/champ_msgs__rosidl_generator_py.dir/rosidl_generator_py/champ_msgs/msg/_pose_s.c.o[0m
[ 94%] [32mBuilding C object CMakeFiles/champ_msgs__rosidl_generator_py.dir/rosidl_generator_py/champ_msgs/msg/_contacts_stamped_s.c.o[0m
[ 94%] [32m[1mLinking C shared library libchamp_msgs__rosidl_generator_py.so[0m
[ 94%] Built target champ_msgs__rosidl_generator_py
[ 97%] [32mBuilding C object CMakeFiles/champ_msgs_s__rosidl_typesupport_introspection_c.dir/rosidl_generator_py/champ_msgs/_champ_msgs_s.ep.rosidl_typesupport_introspection_c.c.o[0m
[ 97%] [32mBuilding C object CMakeFiles/champ_msgs_s__rosidl_typesupport_fastrtps_c.dir/rosidl_generator_py/champ_msgs/_champ_msgs_s.ep.rosidl_typesupport_fastrtps_c.c.o[0m
[ 97%] [32mBuilding C object CMakeFiles/champ_msgs_s__rosidl_typesupport_c.dir/rosidl_generator_py/champ_msgs/_champ_msgs_s.ep.rosidl_typesupport_c.c.o[0m
[ 98%] [32m[1mLinking C shared module rosidl_generator_py/champ_msgs/champ_msgs_s__rosidl_typesupport_introspection_c.so[0m
[100%] [32m[1mLinking C shared module rosidl_generator_py/champ_msgs/champ_msgs_s__rosidl_typesupport_fastrtps_c.so[0m
[100%] [32m[1mLinking C shared module rosidl_generator_py/champ_msgs/champ_msgs_s__rosidl_typesupport_c.so[0m
[100%] Built target champ_msgs_s__rosidl_typesupport_introspection_c
[100%] Built target champ_msgs_s__rosidl_typesupport_c
[100%] Built target champ_msgs_s__rosidl_typesupport_fastrtps_c
-- Install configuration: ""
-- Execute custom install script
-- Symlinking: /home/poojit/spot_ws/install/champ_msgs/share/ament_index/resource_index/rosidl_interfaces/champ_msgs
-- Symlinking: /home/poojit/spot_ws/install/champ_msgs/share/champ_msgs/msg/Velocities.json
-- Symlinking: /home/poojit/spot_ws/install/champ_msgs/share/champ_msgs/msg/PID.json
-- Symlinking: /home/poojit/spot_ws/install/champ_msgs/share/champ_msgs/msg/Imu.json
-- Symlinking: /home/poojit/spot_ws/install/champ_msgs/share/champ_msgs/msg/Point.json
-- Symlinking: /home/poojit/spot_ws/install/champ_msgs/share/champ_msgs/msg/PointArray.json
-- Symlinking: /home/poojit/spot_ws/install/champ_msgs/share/champ_msgs/msg/Joints.json
-- Symlinking: /home/poojit/spot_ws/install/champ_msgs/share/champ_msgs/msg/Contacts.json
-- Symlinking: /home/poojit/spot_ws/install/champ_msgs/share/champ_msgs/msg/ContactsStamped.json
-- Symlinking: /home/poojit/spot_ws/install/champ_msgs/share/champ_msgs/msg/Pose.json
-- Symlinking: /home/poojit/spot_ws/install/champ_msgs/include/champ_msgs/champ_msgs/msg/contacts.h
-- Symlinking: /home/poojit/spot_ws/install/champ_msgs/include/champ_msgs/champ_msgs/msg/contacts_stamped.h
-- Symlinking: /home/poojit/spot_ws/install/champ_msgs/include/champ_msgs/champ_msgs/msg/detail/contacts__functions.h
-- Symlinking: /home/poojit/spot_ws/install/champ_msgs/include/champ_msgs/champ_msgs/msg/detail/contacts__struct.h
-- Symlinking: /home/poojit/spot_ws/install/champ_msgs/include/champ_msgs/champ_msgs/msg/detail/contacts__type_support.h
-- Symlinking: /home/poojit/spot_ws/install/champ_msgs/include/champ_msgs/champ_msgs/msg/detail/contacts_stamped__functions.h
-- Symlinking: /home/poojit/spot_ws/install/champ_msgs/include/champ_msgs/champ_msgs/msg/detail/contacts_stamped__struct.h
-- Symlinking: /home/poojit/spot_ws/install/champ_msgs/include/champ_msgs/champ_msgs/msg/detail/contacts_stamped__type_support.h
-- Symlinking: /home/poojit/spot_ws/install/champ_msgs/include/champ_msgs/champ_msgs/msg/detail/imu__functions.h
-- Symlinking: /home/poojit/spot_ws/install/champ_msgs/include/champ_msgs/champ_msgs/msg/detail/imu__struct.h
-- Symlinking: /home/poojit/spot_ws/install/champ_msgs/include/champ_msgs/champ_msgs/msg/detail/imu__type_support.h
-- Symlinking: /home/poojit/spot_ws/install/champ_msgs/include/champ_msgs/champ_msgs/msg/detail/joints__functions.h
-- Symlinking: /home/poojit/spot_ws/install/champ_msgs/include/champ_msgs/champ_msgs/msg/detail/joints__struct.h
-- Symlinking: /home/poojit/spot_ws/install/champ_msgs/include/champ_msgs/champ_msgs/msg/detail/joints__type_support.h
-- Symlinking: /home/poojit/spot_ws/install/champ_msgs/include/champ_msgs/champ_msgs/msg/detail/pid__functions.h
-- Symlinking: /home/poojit/spot_ws/install/champ_msgs/include/champ_msgs/champ_msgs/msg/detail/pid__struct.h
-- Symlinking: /home/poojit/spot_ws/install/champ_msgs/include/champ_msgs/champ_msgs/msg/detail/pid__type_support.h
-- Symlinking: /home/poojit/spot_ws/install/champ_msgs/include/champ_msgs/champ_msgs/msg/detail/point__functions.h
-- Symlinking: /home/poojit/spot_ws/install/champ_msgs/include/champ_msgs/champ_msgs/msg/detail/point__struct.h
-- Symlinking: /home/poojit/spot_ws/install/champ_msgs/include/champ_msgs/champ_msgs/msg/detail/point__type_support.h
-- Symlinking: /home/poojit/spot_ws/install/champ_msgs/include/champ_msgs/champ_msgs/msg/detail/point_array__functions.h
-- Symlinking: /home/poojit/spot_ws/install/champ_msgs/include/champ_msgs/champ_msgs/msg/detail/point_array__struct.h
-- Symlinking: /home/poojit/spot_ws/install/champ_msgs/include/champ_msgs/champ_msgs/msg/detail/point_array__type_support.h
-- Symlinking: /home/poojit/spot_ws/install/champ_msgs/include/champ_msgs/champ_msgs/msg/detail/pose__functions.h
-- Symlinking: /home/poojit/spot_ws/install/champ_msgs/include/champ_msgs/champ_msgs/msg/detail/pose__struct.h
-- Symlinking: /home/poojit/spot_ws/install/champ_msgs/include/champ_msgs/champ_msgs/msg/detail/pose__type_support.h
-- Symlinking: /home/poojit/spot_ws/install/champ_msgs/include/champ_msgs/champ_msgs/msg/detail/velocities__functions.h
-- Symlinking: /home/poojit/spot_ws/install/champ_msgs/include/champ_msgs/champ_msgs/msg/detail/velocities__struct.h
-- Symlinking: /home/poojit/spot_ws/install/champ_msgs/include/champ_msgs/champ_msgs/msg/detail/velocities__type_support.h
-- Symlinking: /home/poojit/spot_ws/install/champ_msgs/include/champ_msgs/champ_msgs/msg/imu.h
-- Symlinking: /home/poojit/spot_ws/install/champ_msgs/include/champ_msgs/champ_msgs/msg/joints.h
-- Symlinking: /home/poojit/spot_ws/install/champ_msgs/include/champ_msgs/champ_msgs/msg/pid.h
-- Symlinking: /home/poojit/spot_ws/install/champ_msgs/include/champ_msgs/champ_msgs/msg/point.h
-- Symlinking: /home/poojit/spot_ws/install/champ_msgs/include/champ_msgs/champ_msgs/msg/point_array.h
-- Symlinking: /home/poojit/spot_ws/install/champ_msgs/include/champ_msgs/champ_msgs/msg/pose.h
-- Symlinking: /home/poojit/spot_ws/install/champ_msgs/include/champ_msgs/champ_msgs/msg/rosidl_generator_c__visibility_control.h
-- Symlinking: /home/poojit/spot_ws/install/champ_msgs/include/champ_msgs/champ_msgs/msg/velocities.h
-- Symlinking: /home/poojit/spot_ws/install/champ_msgs/share/champ_msgs/environment/library_path.sh
-- Symlinking: /home/poojit/spot_ws/install/champ_msgs/share/champ_msgs/environment/library_path.dsv
-- Symlinking: /home/poojit/spot_ws/install/champ_msgs/include/champ_msgs/champ_msgs/msg/detail/contacts__rosidl_typesupport_fastrtps_c.h
-- Symlinking: /home/poojit/spot_ws/install/champ_msgs/include/champ_msgs/champ_msgs/msg/detail/contacts_stamped__rosidl_typesupport_fastrtps_c.h
-- Symlinking: /home/poojit/spot_ws/install/champ_msgs/include/champ_msgs/champ_msgs/msg/detail/imu__rosidl_typesupport_fastrtps_c.h
-- Symlinking: /home/poojit/spot_ws/install/champ_msgs/include/champ_msgs/champ_msgs/msg/detail/joints__rosidl_typesupport_fastrtps_c.h
-- Symlinking: /home/poojit/spot_ws/install/champ_msgs/include/champ_msgs/champ_msgs/msg/detail/pid__rosidl_typesupport_fastrtps_c.h
-- Symlinking: /home/poojit/spot_ws/install/champ_msgs/include/champ_msgs/champ_msgs/msg/detail/point__rosidl_typesupport_fastrtps_c.h
-- Symlinking: /home/poojit/spot_ws/install/champ_msgs/include/champ_msgs/champ_msgs/msg/detail/point_array__rosidl_typesupport_fastrtps_c.h
-- Symlinking: /home/poojit/spot_ws/install/champ_msgs/include/champ_msgs/champ_msgs/msg/detail/pose__rosidl_typesupport_fastrtps_c.h
-- Symlinking: /home/poojit/spot_ws/install/champ_msgs/include/champ_msgs/champ_msgs/msg/detail/velocities__rosidl_typesupport_fastrtps_c.h
-- Symlinking: /home/poojit/spot_ws/install/champ_msgs/include/champ_msgs/champ_msgs/msg/rosidl_typesupport_fastrtps_c__visibility_control.h
-- Symlinking: /home/poojit/spot_ws/install/champ_msgs/include/champ_msgs/champ_msgs/msg/detail/contacts__rosidl_typesupport_introspection_c.h
-- Symlinking: /home/poojit/spot_ws/install/champ_msgs/include/champ_msgs/champ_msgs/msg/detail/contacts_stamped__rosidl_typesupport_introspection_c.h
-- Symlinking: /home/poojit/spot_ws/install/champ_msgs/include/champ_msgs/champ_msgs/msg/detail/imu__rosidl_typesupport_introspection_c.h
-- Symlinking: /home/poojit/spot_ws/install/champ_msgs/include/champ_msgs/champ_msgs/msg/detail/joints__rosidl_typesupport_introspection_c.h
-- Symlinking: /home/poojit/spot_ws/install/champ_msgs/include/champ_msgs/champ_msgs/msg/detail/pid__rosidl_typesupport_introspection_c.h
-- Symlinking: /home/poojit/spot_ws/install/champ_msgs/include/champ_msgs/champ_msgs/msg/detail/point__rosidl_typesupport_introspection_c.h
-- Symlinking: /home/poojit/spot_ws/install/champ_msgs/include/champ_msgs/champ_msgs/msg/detail/point_array__rosidl_typesupport_introspection_c.h
-- Symlinking: /home/poojit/spot_ws/install/champ_msgs/include/champ_msgs/champ_msgs/msg/detail/pose__rosidl_typesupport_introspection_c.h
-- Symlinking: /home/poojit/spot_ws/install/champ_msgs/include/champ_msgs/champ_msgs/msg/detail/velocities__rosidl_typesupport_introspection_c.h
-- Symlinking: /home/poojit/spot_ws/install/champ_msgs/include/champ_msgs/champ_msgs/msg/rosidl_typesupport_introspection_c__visibility_control.h
-- Symlinking: /home/poojit/spot_ws/install/champ_msgs/include/champ_msgs/champ_msgs/msg/contacts.hpp
-- Symlinking: /home/poojit/spot_ws/install/champ_msgs/include/champ_msgs/champ_msgs/msg/contacts_stamped.hpp
-- Symlinking: /home/poojit/spot_ws/install/champ_msgs/include/champ_msgs/champ_msgs/msg/detail/contacts__builder.hpp
-- Symlinking: /home/poojit/spot_ws/install/champ_msgs/include/champ_msgs/champ_msgs/msg/detail/contacts__struct.hpp
-- Symlinking: /home/poojit/spot_ws/install/champ_msgs/include/champ_msgs/champ_msgs/msg/detail/contacts__traits.hpp
-- Symlinking: /home/poojit/spot_ws/install/champ_msgs/include/champ_msgs/champ_msgs/msg/detail/contacts__type_support.hpp
-- Symlinking: /home/poojit/spot_ws/install/champ_msgs/include/champ_msgs/champ_msgs/msg/detail/contacts_stamped__builder.hpp
-- Symlinking: /home/poojit/spot_ws/install/champ_msgs/include/champ_msgs/champ_msgs/msg/detail/contacts_stamped__struct.hpp
-- Symlinking: /home/poojit/spot_ws/install/champ_msgs/include/champ_msgs/champ_msgs/msg/detail/contacts_stamped__traits.hpp
-- Symlinking: /home/poojit/spot_ws/install/champ_msgs/include/champ_msgs/champ_msgs/msg/detail/contacts_stamped__type_support.hpp
-- Symlinking: /home/poojit/spot_ws/install/champ_msgs/include/champ_msgs/champ_msgs/msg/detail/imu__builder.hpp
-- Symlinking: /home/poojit/spot_ws/install/champ_msgs/include/champ_msgs/champ_msgs/msg/detail/imu__struct.hpp
-- Symlinking: /home/poojit/spot_ws/install/champ_msgs/include/champ_msgs/champ_msgs/msg/detail/imu__traits.hpp
-- Symlinking: /home/poojit/spot_ws/install/champ_msgs/include/champ_msgs/champ_msgs/msg/detail/imu__type_support.hpp
-- Symlinking: /home/poojit/spot_ws/install/champ_msgs/include/champ_msgs/champ_msgs/msg/detail/joints__builder.hpp
-- Symlinking: /home/poojit/spot_ws/install/champ_msgs/include/champ_msgs/champ_msgs/msg/detail/joints__struct.hpp
-- Symlinking: /home/poojit/spot_ws/install/champ_msgs/include/champ_msgs/champ_msgs/msg/detail/joints__traits.hpp
-- Symlinking: /home/poojit/spot_ws/install/champ_msgs/include/champ_msgs/champ_msgs/msg/detail/joints__type_support.hpp
-- Symlinking: /home/poojit/spot_ws/install/champ_msgs/include/champ_msgs/champ_msgs/msg/detail/pid__builder.hpp
-- Symlinking: /home/poojit/spot_ws/install/champ_msgs/include/champ_msgs/champ_msgs/msg/detail/pid__struct.hpp
-- Symlinking: /home/poojit/spot_ws/install/champ_msgs/include/champ_msgs/champ_msgs/msg/detail/pid__traits.hpp
-- Symlinking: /home/poojit/spot_ws/install/champ_msgs/include/champ_msgs/champ_msgs/msg/detail/pid__type_support.hpp
-- Symlinking: /home/poojit/spot_ws/install/champ_msgs/include/champ_msgs/champ_msgs/msg/detail/point__builder.hpp
-- Symlinking: /home/poojit/spot_ws/install/champ_msgs/include/champ_msgs/champ_msgs/msg/detail/point__struct.hpp
-- Symlinking: /home/poojit/spot_ws/install/champ_msgs/include/champ_msgs/champ_msgs/msg/detail/point__traits.hpp
-- Symlinking: /home/poojit/spot_ws/install/champ_msgs/include/champ_msgs/champ_msgs/msg/detail/point__type_support.hpp
-- Symlinking: /home/poojit/spot_ws/install/champ_msgs/include/champ_msgs/champ_msgs/msg/detail/point_array__builder.hpp
-- Symlinking: /home/poojit/spot_ws/install/champ_msgs/include/champ_msgs/champ_msgs/msg/detail/point_array__struct.hpp
-- Symlinking: /home/poojit/spot_ws/install/champ_msgs/include/champ_msgs/champ_msgs/msg/detail/point_array__traits.hpp
-- Symlinking: /home/poojit/spot_ws/install/champ_msgs/include/champ_msgs/champ_msgs/msg/detail/point_array__type_support.hpp
-- Symlinking: /home/poojit/spot_ws/install/champ_msgs/include/champ_msgs/champ_msgs/msg/detail/pose__builder.hpp
-- Symlinking: /home/poojit/spot_ws/install/champ_msgs/include/champ_msgs/champ_msgs/msg/detail/pose__struct.hpp
-- Symlinking: /home/poojit/spot_ws/install/champ_msgs/include/champ_msgs/champ_msgs/msg/detail/pose__traits.hpp
-- Symlinking: /home/poojit/spot_ws/install/champ_msgs/include/champ_msgs/champ_msgs/msg/detail/pose__type_support.hpp
-- Symlinking: /home/poojit/spot_ws/install/champ_msgs/include/champ_msgs/champ_msgs/msg/detail/velocities__builder.hpp
-- Symlinking: /home/poojit/spot_ws/install/champ_msgs/include/champ_msgs/champ_msgs/msg/detail/velocities__struct.hpp
-- Symlinking: /home/poojit/spot_ws/install/champ_msgs/include/champ_msgs/champ_msgs/msg/detail/velocities__traits.hpp
-- Symlinking: /home/poojit/spot_ws/install/champ_msgs/include/champ_msgs/champ_msgs/msg/detail/velocities__type_support.hpp
-- Symlinking: /home/poojit/spot_ws/install/champ_msgs/include/champ_msgs/champ_msgs/msg/imu.hpp
-- Symlinking: /home/poojit/spot_ws/install/champ_msgs/include/champ_msgs/champ_msgs/msg/joints.hpp
-- Symlinking: /home/poojit/spot_ws/install/champ_msgs/include/champ_msgs/champ_msgs/msg/pid.hpp
-- Symlinking: /home/poojit/spot_ws/install/champ_msgs/include/champ_msgs/champ_msgs/msg/point.hpp
-- Symlinking: /home/poojit/spot_ws/install/champ_msgs/include/champ_msgs/champ_msgs/msg/point_array.hpp
-- Symlinking: /home/poojit/spot_ws/install/champ_msgs/include/champ_msgs/champ_msgs/msg/pose.hpp
-- Symlinking: /home/poojit/spot_ws/install/champ_msgs/include/champ_msgs/champ_msgs/msg/rosidl_generator_cpp__visibility_control.hpp
-- Symlinking: /home/poojit/spot_ws/install/champ_msgs/include/champ_msgs/champ_msgs/msg/velocities.hpp
-- Symlinking: /home/poojit/spot_ws/install/champ_msgs/include/champ_msgs/champ_msgs/msg/detail/contacts__rosidl_typesupport_fastrtps_cpp.hpp
-- Symlinking: /home/poojit/spot_ws/install/champ_msgs/include/champ_msgs/champ_msgs/msg/detail/contacts_stamped__rosidl_typesupport_fastrtps_cpp.hpp
-- Symlinking: /home/poojit/spot_ws/install/champ_msgs/include/champ_msgs/champ_msgs/msg/detail/imu__rosidl_typesupport_fastrtps_cpp.hpp
-- Symlinking: /home/poojit/spot_ws/install/champ_msgs/include/champ_msgs/champ_msgs/msg/detail/joints__rosidl_typesupport_fastrtps_cpp.hpp
-- Symlinking: /home/poojit/spot_ws/install/champ_msgs/include/champ_msgs/champ_msgs/msg/detail/pid__rosidl_typesupport_fastrtps_cpp.hpp
-- Symlinking: /home/poojit/spot_ws/install/champ_msgs/include/champ_msgs/champ_msgs/msg/detail/point__rosidl_typesupport_fastrtps_cpp.hpp
-- Symlinking: /home/poojit/spot_ws/install/champ_msgs/include/champ_msgs/champ_msgs/msg/detail/point_array__rosidl_typesupport_fastrtps_cpp.hpp
-- Symlinking: /home/poojit/spot_ws/install/champ_msgs/include/champ_msgs/champ_msgs/msg/detail/pose__rosidl_typesupport_fastrtps_cpp.hpp
-- Symlinking: /home/poojit/spot_ws/install/champ_msgs/include/champ_msgs/champ_msgs/msg/detail/velocities__rosidl_typesupport_fastrtps_cpp.hpp
-- Symlinking: /home/poojit/spot_ws/install/champ_msgs/include/champ_msgs/champ_msgs/msg/rosidl_typesupport_fastrtps_cpp__visibility_control.h
-- Symlinking: /home/poojit/spot_ws/install/champ_msgs/include/champ_msgs/champ_msgs/msg/detail/contacts__rosidl_typesupport_introspection_cpp.hpp
-- Symlinking: /home/poojit/spot_ws/install/champ_msgs/include/champ_msgs/champ_msgs/msg/detail/contacts_stamped__rosidl_typesupport_introspection_cpp.hpp
-- Symlinking: /home/poojit/spot_ws/install/champ_msgs/include/champ_msgs/champ_msgs/msg/detail/imu__rosidl_typesupport_introspection_cpp.hpp
-- Symlinking: /home/poojit/spot_ws/install/champ_msgs/include/champ_msgs/champ_msgs/msg/detail/joints__rosidl_typesupport_introspection_cpp.hpp
-- Symlinking: /home/poojit/spot_ws/install/champ_msgs/include/champ_msgs/champ_msgs/msg/detail/pid__rosidl_typesupport_introspection_cpp.hpp
-- Symlinking: /home/poojit/spot_ws/install/champ_msgs/include/champ_msgs/champ_msgs/msg/detail/point__rosidl_typesupport_introspection_cpp.hpp
-- Symlinking: /home/poojit/spot_ws/install/champ_msgs/include/champ_msgs/champ_msgs/msg/detail/point_array__rosidl_typesupport_introspection_cpp.hpp
-- Symlinking: /home/poojit/spot_ws/install/champ_msgs/include/champ_msgs/champ_msgs/msg/detail/pose__rosidl_typesupport_introspection_cpp.hpp
-- Symlinking: /home/poojit/spot_ws/install/champ_msgs/include/champ_msgs/champ_msgs/msg/detail/velocities__rosidl_typesupport_introspection_cpp.hpp
-- Symlinking: /home/poojit/spot_ws/install/champ_msgs/share/champ_msgs/environment/pythonpath.sh
-- Symlinking: /home/poojit/spot_ws/install/champ_msgs/share/champ_msgs/environment/pythonpath.dsv
-- Symlinking: /home/poojit/spot_ws/install/champ_msgs/lib/python3.12/site-packages/champ_msgs-0.1.0-py3.12.egg-info/PKG-INFO
-- Symlinking: /home/poojit/spot_ws/install/champ_msgs/lib/python3.12/site-packages/champ_msgs-0.1.0-py3.12.egg-info/SOURCES.txt
-- Symlinking: /home/poojit/spot_ws/install/champ_msgs/lib/python3.12/site-packages/champ_msgs-0.1.0-py3.12.egg-info/dependency_links.txt
-- Symlinking: /home/poojit/spot_ws/install/champ_msgs/lib/python3.12/site-packages/champ_msgs-0.1.0-py3.12.egg-info/top_level.txt
-- Symlinking: /home/poojit/spot_ws/install/champ_msgs/lib/python3.12/site-packages/champ_msgs/__init__.py
-- Symlinking: /home/poojit/spot_ws/install/champ_msgs/lib/python3.12/site-packages/champ_msgs/_champ_msgs_s.ep.rosidl_typesupport_c.c
-- Symlinking: /home/poojit/spot_ws/install/champ_msgs/lib/python3.12/site-packages/champ_msgs/_champ_msgs_s.ep.rosidl_typesupport_fastrtps_c.c
-- Symlinking: /home/poojit/spot_ws/install/champ_msgs/lib/python3.12/site-packages/champ_msgs/_champ_msgs_s.ep.rosidl_typesupport_introspection_c.c
-- Symlinking: /home/poojit/spot_ws/install/champ_msgs/lib/python3.12/site-packages/champ_msgs/champ_msgs_s__rosidl_typesupport_c.so
-- Symlinking: /home/poojit/spot_ws/install/champ_msgs/lib/python3.12/site-packages/champ_msgs/champ_msgs_s__rosidl_typesupport_fastrtps_c.so
-- Symlinking: /home/poojit/spot_ws/install/champ_msgs/lib/python3.12/site-packages/champ_msgs/champ_msgs_s__rosidl_typesupport_introspection_c.so
-- Symlinking: /home/poojit/spot_ws/install/champ_msgs/lib/python3.12/site-packages/champ_msgs/msg/__init__.py
-- Symlinking: /home/poojit/spot_ws/install/champ_msgs/lib/python3.12/site-packages/champ_msgs/msg/_contacts.py
-- Symlinking: /home/poojit/spot_ws/install/champ_msgs/lib/python3.12/site-packages/champ_msgs/msg/_contacts_s.c
-- Symlinking: /home/poojit/spot_ws/install/champ_msgs/lib/python3.12/site-packages/champ_msgs/msg/_contacts_stamped.py
-- Symlinking: /home/poojit/spot_ws/install/champ_msgs/lib/python3.12/site-packages/champ_msgs/msg/_contacts_stamped_s.c
-- Symlinking: /home/poojit/spot_ws/install/champ_msgs/lib/python3.12/site-packages/champ_msgs/msg/_imu.py
-- Symlinking: /home/poojit/spot_ws/install/champ_msgs/lib/python3.12/site-packages/champ_msgs/msg/_imu_s.c
-- Symlinking: /home/poojit/spot_ws/install/champ_msgs/lib/python3.12/site-packages/champ_msgs/msg/_joints.py
-- Symlinking: /home/poojit/spot_ws/install/champ_msgs/lib/python3.12/site-packages/champ_msgs/msg/_joints_s.c
-- Symlinking: /home/poojit/spot_ws/install/champ_msgs/lib/python3.12/site-packages/champ_msgs/msg/_pid.py
-- Symlinking: /home/poojit/spot_ws/install/champ_msgs/lib/python3.12/site-packages/champ_msgs/msg/_pid_s.c
-- Symlinking: /home/poojit/spot_ws/install/champ_msgs/lib/python3.12/site-packages/champ_msgs/msg/_point.py
-- Symlinking: /home/poojit/spot_ws/install/champ_msgs/lib/python3.12/site-packages/champ_msgs/msg/_point_array.py
-- Symlinking: /home/poojit/spot_ws/install/champ_msgs/lib/python3.12/site-packages/champ_msgs/msg/_point_array_s.c
-- Symlinking: /home/poojit/spot_ws/install/champ_msgs/lib/python3.12/site-packages/champ_msgs/msg/_point_s.c
-- Symlinking: /home/poojit/spot_ws/install/champ_msgs/lib/python3.12/site-packages/champ_msgs/msg/_pose.py
-- Symlinking: /home/poojit/spot_ws/install/champ_msgs/lib/python3.12/site-packages/champ_msgs/msg/_pose_s.c
-- Symlinking: /home/poojit/spot_ws/install/champ_msgs/lib/python3.12/site-packages/champ_msgs/msg/_velocities.py
-- Symlinking: /home/poojit/spot_ws/install/champ_msgs/lib/python3.12/site-packages/champ_msgs/msg/_velocities_s.c
-- Up-to-date symlink: /home/poojit/spot_ws/install/champ_msgs/lib/python3.12/site-packages/champ_msgs/champ_msgs_s__rosidl_typesupport_fastrtps_c.so
-- Up-to-date symlink: /home/poojit/spot_ws/install/champ_msgs/lib/python3.12/site-packages/champ_msgs/champ_msgs_s__rosidl_typesupport_introspection_c.so
-- Up-to-date symlink: /home/poojit/spot_ws/install/champ_msgs/lib/python3.12/site-packages/champ_msgs/champ_msgs_s__rosidl_typesupport_c.so
-- Symlinking: /home/poojit/spot_ws/install/champ_msgs/share/champ_msgs/msg/Velocities.idl
-- Symlinking: /home/poojit/spot_ws/install/champ_msgs/share/champ_msgs/msg/PID.idl
-- Symlinking: /home/poojit/spot_ws/install/champ_msgs/share/champ_msgs/msg/Imu.idl
-- Symlinking: /home/poojit/spot_ws/install/champ_msgs/share/champ_msgs/msg/Point.idl
-- Symlinking: /home/poojit/spot_ws/install/champ_msgs/share/champ_msgs/msg/PointArray.idl
-- Symlinking: /home/poojit/spot_ws/install/champ_msgs/share/champ_msgs/msg/Joints.idl
-- Symlinking: /home/poojit/spot_ws/install/champ_msgs/share/champ_msgs/msg/Contacts.idl
-- Symlinking: /home/poojit/spot_ws/install/champ_msgs/share/champ_msgs/msg/ContactsStamped.idl
-- Symlinking: /home/poojit/spot_ws/install/champ_msgs/share/champ_msgs/msg/Pose.idl
-- Symlinking: /home/poojit/spot_ws/install/champ_msgs/share/champ_msgs/msg/Velocities.msg
-- Symlinking: /home/poojit/spot_ws/install/champ_msgs/share/champ_msgs/msg/PID.msg
-- Symlinking: /home/poojit/spot_ws/install/champ_msgs/share/champ_msgs/msg/Imu.msg
-- Symlinking: /home/poojit/spot_ws/install/champ_msgs/share/champ_msgs/msg/Point.msg
-- Symlinking: /home/poojit/spot_ws/install/champ_msgs/share/champ_msgs/msg/PointArray.msg
-- Symlinking: /home/poojit/spot_ws/install/champ_msgs/share/champ_msgs/msg/Joints.msg
-- Symlinking: /home/poojit/spot_ws/install/champ_msgs/share/champ_msgs/msg/Contacts.msg
-- Symlinking: /home/poojit/spot_ws/install/champ_msgs/share/champ_msgs/msg/ContactsStamped.msg
-- Symlinking: /home/poojit/spot_ws/install/champ_msgs/share/champ_msgs/msg/Pose.msg
-- Symlinking: /home/poojit/spot_ws/install/champ_msgs/share/ament_index/resource_index/package_run_dependencies/champ_msgs
-- Symlinking: /home/poojit/spot_ws/install/champ_msgs/share/ament_index/resource_index/parent_prefix_path/champ_msgs
-- Symlinking: /home/poojit/spot_ws/install/champ_msgs/share/champ_msgs/environment/ament_prefix_path.sh
-- Symlinking: /home/poojit/spot_ws/install/champ_msgs/share/champ_msgs/environment/ament_prefix_path.dsv
-- Symlinking: /home/poojit/spot_ws/install/champ_msgs/share/champ_msgs/environment/path.sh
-- Symlinking: /home/poojit/spot_ws/install/champ_msgs/share/champ_msgs/environment/path.dsv
-- Symlinking: /home/poojit/spot_ws/install/champ_msgs/share/champ_msgs/local_setup.bash
-- Symlinking: /home/poojit/spot_ws/install/champ_msgs/share/champ_msgs/local_setup.sh
-- Symlinking: /home/poojit/spot_ws/install/champ_msgs/share/champ_msgs/local_setup.zsh
-- Symlinking: /home/poojit/spot_ws/install/champ_msgs/share/champ_msgs/local_setup.dsv
-- Symlinking: /home/poojit/spot_ws/install/champ_msgs/share/champ_msgs/package.dsv
-- Symlinking: /home/poojit/spot_ws/install/champ_msgs/share/ament_index/resource_index/packages/champ_msgs
-- Symlinking: /home/poojit/spot_ws/install/champ_msgs/share/champ_msgs/cmake/rosidl_cmake-extras.cmake
-- Symlinking: /home/poojit/spot_ws/install/champ_msgs/share/champ_msgs/cmake/ament_cmake_export_dependencies-extras.cmake
-- Symlinking: /home/poojit/spot_ws/install/champ_msgs/share/champ_msgs/cmake/ament_cmake_export_include_directories-extras.cmake
-- Symlinking: /home/poojit/spot_ws/install/champ_msgs/share/champ_msgs/cmake/ament_cmake_export_libraries-extras.cmake
-- Symlinking: /home/poojit/spot_ws/install/champ_msgs/share/champ_msgs/cmake/ament_cmake_export_targets-extras.cmake
-- Symlinking: /home/poojit/spot_ws/install/champ_msgs/share/champ_msgs/cmake/rosidl_cmake_export_typesupport_targets-extras.cmake
-- Symlinking: /home/poojit/spot_ws/install/champ_msgs/share/champ_msgs/cmake/rosidl_cmake_export_typesupport_libraries-extras.cmake
-- Symlinking: /home/poojit/spot_ws/install/champ_msgs/share/champ_msgs/cmake/champ_msgsConfig.cmake
-- Symlinking: /home/poojit/spot_ws/install/champ_msgs/share/champ_msgs/cmake/champ_msgsConfig-version.cmake
-- Symlinking: /home/poojit/spot_ws/install/champ_msgs/share/champ_msgs/package.xml
-- Installing: /home/poojit/spot_ws/install/champ_msgs/lib/libchamp_msgs__rosidl_generator_c.so
-- Set non-toolchain portion of runtime path of "/home/poojit/spot_ws/install/champ_msgs/lib/libchamp_msgs__rosidl_generator_c.so" to ""
-- Installing: /home/poojit/spot_ws/install/champ_msgs/lib/libchamp_msgs__rosidl_typesupport_fastrtps_c.so
-- Set non-toolchain portion of runtime path of "/home/poojit/spot_ws/install/champ_msgs/lib/libchamp_msgs__rosidl_typesupport_fastrtps_c.so" to ""
-- Installing: /home/poojit/spot_ws/install/champ_msgs/lib/libchamp_msgs__rosidl_typesupport_introspection_c.so
-- Set non-toolchain portion of runtime path of "/home/poojit/spot_ws/install/champ_msgs/lib/libchamp_msgs__rosidl_typesupport_introspection_c.so" to ""
-- Installing: /home/poojit/spot_ws/install/champ_msgs/lib/libchamp_msgs__rosidl_typesupport_c.so
-- Set non-toolchain portion of runtime path of "/home/poojit/spot_ws/install/champ_msgs/lib/libchamp_msgs__rosidl_typesupport_c.so" to ""
-- Installing: /home/poojit/spot_ws/install/champ_msgs/lib/libchamp_msgs__rosidl_typesupport_fastrtps_cpp.so
-- Set non-toolchain portion of runtime path of "/home/poojit/spot_ws/install/champ_msgs/lib/libchamp_msgs__rosidl_typesupport_fastrtps_cpp.so" to ""
-- Installing: /home/poojit/spot_ws/install/champ_msgs/lib/libchamp_msgs__rosidl_typesupport_introspection_cpp.so
-- Set non-toolchain portion of runtime path of "/home/poojit/spot_ws/install/champ_msgs/lib/libchamp_msgs__rosidl_typesupport_introspection_cpp.so" to ""
-- Installing: /home/poojit/spot_ws/install/champ_msgs/lib/libchamp_msgs__rosidl_typesupport_cpp.so
-- Set non-toolchain portion of runtime path of "/home/poojit/spot_ws/install/champ_msgs/lib/libchamp_msgs__rosidl_typesupport_cpp.so" to ""
Listing '/home/poojit/spot_ws/install/champ_msgs/lib/python3.12/site-packages/champ_msgs'...
Compiling '/home/poojit/spot_ws/install/champ_msgs/lib/python3.12/site-packages/champ_msgs/__init__.py'...
Listing '/home/poojit/spot_ws/install/champ_msgs/lib/python3.12/site-packages/champ_msgs/msg'...
Compiling '/home/poojit/spot_ws/install/champ_msgs/lib/python3.12/site-packages/champ_msgs/msg/__init__.py'...
Compiling '/home/poojit/spot_ws/install/champ_msgs/lib/python3.12/site-packages/champ_msgs/msg/_contacts.py'...
Compiling '/home/poojit/spot_ws/install/champ_msgs/lib/python3.12/site-packages/champ_msgs/msg/_contacts_stamped.py'...
Compiling '/home/poojit/spot_ws/install/champ_msgs/lib/python3.12/site-packages/champ_msgs/msg/_imu.py'...
Compiling '/home/poojit/spot_ws/install/champ_msgs/lib/python3.12/site-packages/champ_msgs/msg/_joints.py'...
Compiling '/home/poojit/spot_ws/install/champ_msgs/lib/python3.12/site-packages/champ_msgs/msg/_pid.py'...
Compiling '/home/poojit/spot_ws/install/champ_msgs/lib/python3.12/site-packages/champ_msgs/msg/_point.py'...
Compiling '/home/poojit/spot_ws/install/champ_msgs/lib/python3.12/site-packages/champ_msgs/msg/_point_array.py'...
Compiling '/home/poojit/spot_ws/install/champ_msgs/lib/python3.12/site-packages/champ_msgs/msg/_pose.py'...
Compiling '/home/poojit/spot_ws/install/champ_msgs/lib/python3.12/site-packages/champ_msgs/msg/_velocities.py'...
-- Installing: /home/poojit/spot_ws/install/champ_msgs/lib/libchamp_msgs__rosidl_generator_py.so
-- Set non-toolchain portion of runtime path of "/home/poojit/spot_ws/install/champ_msgs/lib/libchamp_msgs__rosidl_generator_py.so" to ""
-- Installing: /home/poojit/spot_ws/install/champ_msgs/share/champ_msgs/cmake/export_champ_msgs__rosidl_generator_cExport.cmake
-- Installing: /home/poojit/spot_ws/install/champ_msgs/share/champ_msgs/cmake/export_champ_msgs__rosidl_generator_cExport-noconfig.cmake
-- Installing: /home/poojit/spot_ws/install/champ_msgs/share/champ_msgs/cmake/export_champ_msgs__rosidl_typesupport_fastrtps_cExport.cmake
-- Installing: /home/poojit/spot_ws/install/champ_msgs/share/champ_msgs/cmake/export_champ_msgs__rosidl_typesupport_fastrtps_cExport-noconfig.cmake
-- Installing: /home/poojit/spot_ws/install/champ_msgs/share/champ_msgs/cmake/champ_msgs__rosidl_typesupport_introspection_cExport.cmake
-- Installing: /home/poojit/spot_ws/install/champ_msgs/share/champ_msgs/cmake/champ_msgs__rosidl_typesupport_introspection_cExport-noconfig.cmake
-- Installing: /home/poojit/spot_ws/install/champ_msgs/share/champ_msgs/cmake/champ_msgs__rosidl_typesupport_cExport.cmake
-- Installing: /home/poojit/spot_ws/install/champ_msgs/share/champ_msgs/cmake/champ_msgs__rosidl_typesupport_cExport-noconfig.cmake
-- Installing: /home/poojit/spot_ws/install/champ_msgs/share/champ_msgs/cmake/export_champ_msgs__rosidl_generator_cppExport.cmake
-- Installing: /home/poojit/spot_ws/install/champ_msgs/share/champ_msgs/cmake/export_champ_msgs__rosidl_typesupport_fastrtps_cppExport.cmake
-- Installing: /home/poojit/spot_ws/install/champ_msgs/share/champ_msgs/cmake/export_champ_msgs__rosidl_typesupport_fastrtps_cppExport-noconfig.cmake
-- Installing: /home/poojit/spot_ws/install/champ_msgs/share/champ_msgs/cmake/champ_msgs__rosidl_typesupport_introspection_cppExport.cmake
-- Installing: /home/poojit/spot_ws/install/champ_msgs/share/champ_msgs/cmake/champ_msgs__rosidl_typesupport_introspection_cppExport-noconfig.cmake
-- Installing: /home/poojit/spot_ws/install/champ_msgs/share/champ_msgs/cmake/champ_msgs__rosidl_typesupport_cppExport.cmake
-- Installing: /home/poojit/spot_ws/install/champ_msgs/share/champ_msgs/cmake/champ_msgs__rosidl_typesupport_cppExport-noconfig.cmake
-- Installing: /home/poojit/spot_ws/install/champ_msgs/share/champ_msgs/cmake/export_champ_msgs__rosidl_generator_pyExport.cmake
-- Installing: /home/poojit/spot_ws/install/champ_msgs/share/champ_msgs/cmake/export_champ_msgs__rosidl_generator_pyExport-noconfig.cmake
