-- The C compiler identification is GNU 13.3.0
-- The CXX compiler identification is GNU 13.3.0
-- Detecting C compiler ABI info
-- Detecting C compiler ABI info - done
-- Check for working C compiler: /usr/bin/cc - skipped
-- Detecting C compile features
-- Detecting C compile features - done
-- Detecting CXX compiler ABI info
-- Detecting CXX compiler ABI info - done
-- Check for working CXX compiler: /usr/bin/c++ - skipped
-- Detecting CXX compile features
-- Detecting CXX compile features - done
-- Found ament_cmake: 2.5.4 (/opt/ros/jazzy/share/ament_cmake/cmake)
-- Found Python3: /usr/bin/python3 (found version "3.12.3") found components: Interpreter 
-- Override CMake install command with custom implementation using symlinks instead of copying resources
-- Found spot_description: 0.0.0 (/home/poojit/spot_ws/install/spot_description/share/spot_description/cmake)
-- Found ament_lint_auto: 0.17.3 (/opt/ros/jazzy/share/ament_lint_auto/cmake)
-- Configuring done (0.5s)
-- Generating done (0.0s)
-- Build files have been written to: /home/poojit/spot_ws/build/spot_gz
-- Install configuration: ""
-- Execute custom install script
-- Symlinking: /home/poojit/spot_ws/install/spot_gz/share/spot_gz/worlds/empty.sdf
-- Symlinking: /home/poojit/spot_ws/install/spot_gz/share/spot_gz/environment/spot_gz.dsv
-- Symlinking: /home/poojit/spot_ws/install/spot_gz/share/spot_gz/environment/spot_gz.sh
-- Symlinking: /home/poojit/spot_ws/install/spot_gz/share/ament_index/resource_index/package_run_dependencies/spot_gz
-- Symlinking: /home/poojit/spot_ws/install/spot_gz/share/ament_index/resource_index/parent_prefix_path/spot_gz
-- Symlinking: /home/poojit/spot_ws/install/spot_gz/share/spot_gz/environment/ament_prefix_path.sh
-- Symlinking: /home/poojit/spot_ws/install/spot_gz/share/spot_gz/environment/ament_prefix_path.dsv
-- Symlinking: /home/poojit/spot_ws/install/spot_gz/share/spot_gz/environment/path.sh
-- Symlinking: /home/poojit/spot_ws/install/spot_gz/share/spot_gz/environment/path.dsv
-- Symlinking: /home/poojit/spot_ws/install/spot_gz/share/spot_gz/local_setup.bash
-- Symlinking: /home/poojit/spot_ws/install/spot_gz/share/spot_gz/local_setup.sh
-- Symlinking: /home/poojit/spot_ws/install/spot_gz/share/spot_gz/local_setup.zsh
-- Symlinking: /home/poojit/spot_ws/install/spot_gz/share/spot_gz/local_setup.dsv
-- Symlinking: /home/poojit/spot_ws/install/spot_gz/share/spot_gz/package.dsv
-- Symlinking: /home/poojit/spot_ws/install/spot_gz/share/ament_index/resource_index/packages/spot_gz
-- Symlinking: /home/poojit/spot_ws/install/spot_gz/share/spot_gz/cmake/spot_gzConfig.cmake
-- Symlinking: /home/poojit/spot_ws/install/spot_gz/share/spot_gz/cmake/spot_gzConfig-version.cmake
-- Symlinking: /home/poojit/spot_ws/install/spot_gz/share/spot_gz/package.xml
