[0.005s] Invoking command in '/home/poojit/spot_ws/build/spot_gz': AMENT_PREFIX_PATH=/home/poojit/spot_ws/install/spot_description:${AMENT_PREFIX_PATH} CMAKE_PREFIX_PATH=/home/poojit/spot_ws/install/spot_description:/opt/ros/jazzy/opt/gz_sim_vendor:/opt/ros/jazzy/opt/gz_sensors_vendor:/opt/ros/jazzy/opt/gz_physics_vendor:/opt/ros/jazzy/opt/sdformat_vendor:/opt/ros/jazzy/opt/gz_gui_vendor:/opt/ros/jazzy/opt/gz_transport_vendor:/opt/ros/jazzy/opt/gz_rendering_vendor:/opt/ros/jazzy/opt/gz_plugin_vendor:/opt/ros/jazzy/opt/gz_fuel_tools_vendor:/opt/ros/jazzy/opt/gz_msgs_vendor:/opt/ros/jazzy/opt/gz_common_vendor:/opt/ros/jazzy/opt/gz_math_vendor:/opt/ros/jazzy/opt/gz_utils_vendor:/opt/ros/jazzy/opt/gz_tools_vendor:/opt/ros/jazzy/opt/gz_ogre_next_vendor:/opt/ros/jazzy/opt/gz_dartsim_vendor:/opt/ros/jazzy/opt/gz_cmake_vendor:/opt/ros/jazzy GZ_SIM_RESOURCE_PATH=/home/poojit/spot_ws/install/spot_description/share/spot_description/models:${GZ_SIM_RESOURCE_PATH} /usr/bin/cmake /home/poojit/spot_ws/src/spot_gazebo/spot_gz -DAMENT_CMAKE_SYMLINK_INSTALL=1 -DCMAKE_INSTALL_PREFIX=/home/poojit/spot_ws/install/spot_gz
[0.045s] -- The C compiler identification is GNU 13.3.0
[0.086s] -- The CXX compiler identification is GNU 13.3.0
[0.097s] -- Detecting C compiler ABI info
[0.159s] -- Detecting C compiler ABI info - done
[0.166s] -- Check for working C compiler: /usr/bin/cc - skipped
[0.167s] -- Detecting C compile features
[0.167s] -- Detecting C compile features - done
[0.173s] -- Detecting CXX compiler ABI info
[0.244s] -- Detecting CXX compiler ABI info - done
[0.252s] -- Check for working CXX compiler: /usr/bin/c++ - skipped
[0.252s] -- Detecting CXX compile features
[0.253s] -- Detecting CXX compile features - done
[0.255s] -- Found ament_cmake: 2.5.4 (/opt/ros/jazzy/share/ament_cmake/cmake)
[0.377s] -- Found Python3: /usr/bin/python3 (found version "3.12.3") found components: Interpreter 
[0.435s] -- Override CMake install command with custom implementation using symlinks instead of copying resources
[0.466s] -- Found spot_description: 0.0.0 (/home/poojit/spot_ws/install/spot_description/share/spot_description/cmake)
[0.468s] -- Found ament_lint_auto: 0.17.3 (/opt/ros/jazzy/share/ament_lint_auto/cmake)
[0.541s] -- Configuring done (0.5s)
[0.543s] -- Generating done (0.0s)
[0.544s] -- Build files have been written to: /home/poojit/spot_ws/build/spot_gz
[0.548s] Invoked command in '/home/poojit/spot_ws/build/spot_gz' returned '0': AMENT_PREFIX_PATH=/home/poojit/spot_ws/install/spot_description:${AMENT_PREFIX_PATH} CMAKE_PREFIX_PATH=/home/poojit/spot_ws/install/spot_description:/opt/ros/jazzy/opt/gz_sim_vendor:/opt/ros/jazzy/opt/gz_sensors_vendor:/opt/ros/jazzy/opt/gz_physics_vendor:/opt/ros/jazzy/opt/sdformat_vendor:/opt/ros/jazzy/opt/gz_gui_vendor:/opt/ros/jazzy/opt/gz_transport_vendor:/opt/ros/jazzy/opt/gz_rendering_vendor:/opt/ros/jazzy/opt/gz_plugin_vendor:/opt/ros/jazzy/opt/gz_fuel_tools_vendor:/opt/ros/jazzy/opt/gz_msgs_vendor:/opt/ros/jazzy/opt/gz_common_vendor:/opt/ros/jazzy/opt/gz_math_vendor:/opt/ros/jazzy/opt/gz_utils_vendor:/opt/ros/jazzy/opt/gz_tools_vendor:/opt/ros/jazzy/opt/gz_ogre_next_vendor:/opt/ros/jazzy/opt/gz_dartsim_vendor:/opt/ros/jazzy/opt/gz_cmake_vendor:/opt/ros/jazzy GZ_SIM_RESOURCE_PATH=/home/poojit/spot_ws/install/spot_description/share/spot_description/models:${GZ_SIM_RESOURCE_PATH} /usr/bin/cmake /home/poojit/spot_ws/src/spot_gazebo/spot_gz -DAMENT_CMAKE_SYMLINK_INSTALL=1 -DCMAKE_INSTALL_PREFIX=/home/poojit/spot_ws/install/spot_gz
[0.548s] Invoking command in '/home/poojit/spot_ws/build/spot_gz': AMENT_PREFIX_PATH=/home/poojit/spot_ws/install/spot_description:${AMENT_PREFIX_PATH} CMAKE_PREFIX_PATH=/home/poojit/spot_ws/install/spot_description:/opt/ros/jazzy/opt/gz_sim_vendor:/opt/ros/jazzy/opt/gz_sensors_vendor:/opt/ros/jazzy/opt/gz_physics_vendor:/opt/ros/jazzy/opt/sdformat_vendor:/opt/ros/jazzy/opt/gz_gui_vendor:/opt/ros/jazzy/opt/gz_transport_vendor:/opt/ros/jazzy/opt/gz_rendering_vendor:/opt/ros/jazzy/opt/gz_plugin_vendor:/opt/ros/jazzy/opt/gz_fuel_tools_vendor:/opt/ros/jazzy/opt/gz_msgs_vendor:/opt/ros/jazzy/opt/gz_common_vendor:/opt/ros/jazzy/opt/gz_math_vendor:/opt/ros/jazzy/opt/gz_utils_vendor:/opt/ros/jazzy/opt/gz_tools_vendor:/opt/ros/jazzy/opt/gz_ogre_next_vendor:/opt/ros/jazzy/opt/gz_dartsim_vendor:/opt/ros/jazzy/opt/gz_cmake_vendor:/opt/ros/jazzy GZ_SIM_RESOURCE_PATH=/home/poojit/spot_ws/install/spot_description/share/spot_description/models:${GZ_SIM_RESOURCE_PATH} /usr/bin/cmake --build /home/poojit/spot_ws/build/spot_gz -- -j12 -l12
[0.577s] Invoked command in '/home/poojit/spot_ws/build/spot_gz' returned '0': AMENT_PREFIX_PATH=/home/poojit/spot_ws/install/spot_description:${AMENT_PREFIX_PATH} CMAKE_PREFIX_PATH=/home/poojit/spot_ws/install/spot_description:/opt/ros/jazzy/opt/gz_sim_vendor:/opt/ros/jazzy/opt/gz_sensors_vendor:/opt/ros/jazzy/opt/gz_physics_vendor:/opt/ros/jazzy/opt/sdformat_vendor:/opt/ros/jazzy/opt/gz_gui_vendor:/opt/ros/jazzy/opt/gz_transport_vendor:/opt/ros/jazzy/opt/gz_rendering_vendor:/opt/ros/jazzy/opt/gz_plugin_vendor:/opt/ros/jazzy/opt/gz_fuel_tools_vendor:/opt/ros/jazzy/opt/gz_msgs_vendor:/opt/ros/jazzy/opt/gz_common_vendor:/opt/ros/jazzy/opt/gz_math_vendor:/opt/ros/jazzy/opt/gz_utils_vendor:/opt/ros/jazzy/opt/gz_tools_vendor:/opt/ros/jazzy/opt/gz_ogre_next_vendor:/opt/ros/jazzy/opt/gz_dartsim_vendor:/opt/ros/jazzy/opt/gz_cmake_vendor:/opt/ros/jazzy GZ_SIM_RESOURCE_PATH=/home/poojit/spot_ws/install/spot_description/share/spot_description/models:${GZ_SIM_RESOURCE_PATH} /usr/bin/cmake --build /home/poojit/spot_ws/build/spot_gz -- -j12 -l12
[0.577s] Invoking command in '/home/poojit/spot_ws/build/spot_gz': AMENT_PREFIX_PATH=/home/poojit/spot_ws/install/spot_description:${AMENT_PREFIX_PATH} CMAKE_PREFIX_PATH=/home/poojit/spot_ws/install/spot_description:/opt/ros/jazzy/opt/gz_sim_vendor:/opt/ros/jazzy/opt/gz_sensors_vendor:/opt/ros/jazzy/opt/gz_physics_vendor:/opt/ros/jazzy/opt/sdformat_vendor:/opt/ros/jazzy/opt/gz_gui_vendor:/opt/ros/jazzy/opt/gz_transport_vendor:/opt/ros/jazzy/opt/gz_rendering_vendor:/opt/ros/jazzy/opt/gz_plugin_vendor:/opt/ros/jazzy/opt/gz_fuel_tools_vendor:/opt/ros/jazzy/opt/gz_msgs_vendor:/opt/ros/jazzy/opt/gz_common_vendor:/opt/ros/jazzy/opt/gz_math_vendor:/opt/ros/jazzy/opt/gz_utils_vendor:/opt/ros/jazzy/opt/gz_tools_vendor:/opt/ros/jazzy/opt/gz_ogre_next_vendor:/opt/ros/jazzy/opt/gz_dartsim_vendor:/opt/ros/jazzy/opt/gz_cmake_vendor:/opt/ros/jazzy GZ_SIM_RESOURCE_PATH=/home/poojit/spot_ws/install/spot_description/share/spot_description/models:${GZ_SIM_RESOURCE_PATH} /usr/bin/cmake --install /home/poojit/spot_ws/build/spot_gz
[0.583s] -- Install configuration: ""
[0.583s] -- Execute custom install script
[0.584s] -- Symlinking: /home/poojit/spot_ws/install/spot_gz/share/spot_gz/worlds/empty.sdf
[0.590s] -- Symlinking: /home/poojit/spot_ws/install/spot_gz/share/spot_gz/environment/spot_gz.dsv
[0.597s] -- Symlinking: /home/poojit/spot_ws/install/spot_gz/share/spot_gz/environment/spot_gz.sh
[0.604s] -- Symlinking: /home/poojit/spot_ws/install/spot_gz/share/ament_index/resource_index/package_run_dependencies/spot_gz
[0.610s] -- Symlinking: /home/poojit/spot_ws/install/spot_gz/share/ament_index/resource_index/parent_prefix_path/spot_gz
[0.617s] -- Symlinking: /home/poojit/spot_ws/install/spot_gz/share/spot_gz/environment/ament_prefix_path.sh
[0.624s] -- Symlinking: /home/poojit/spot_ws/install/spot_gz/share/spot_gz/environment/ament_prefix_path.dsv
[0.630s] -- Symlinking: /home/poojit/spot_ws/install/spot_gz/share/spot_gz/environment/path.sh
[0.636s] -- Symlinking: /home/poojit/spot_ws/install/spot_gz/share/spot_gz/environment/path.dsv
[0.643s] -- Symlinking: /home/poojit/spot_ws/install/spot_gz/share/spot_gz/local_setup.bash
[0.650s] -- Symlinking: /home/poojit/spot_ws/install/spot_gz/share/spot_gz/local_setup.sh
[0.656s] -- Symlinking: /home/poojit/spot_ws/install/spot_gz/share/spot_gz/local_setup.zsh
[0.663s] -- Symlinking: /home/poojit/spot_ws/install/spot_gz/share/spot_gz/local_setup.dsv
[0.669s] -- Symlinking: /home/poojit/spot_ws/install/spot_gz/share/spot_gz/package.dsv
[0.676s] -- Symlinking: /home/poojit/spot_ws/install/spot_gz/share/ament_index/resource_index/packages/spot_gz
[0.682s] -- Symlinking: /home/poojit/spot_ws/install/spot_gz/share/spot_gz/cmake/spot_gzConfig.cmake
[0.689s] -- Symlinking: /home/poojit/spot_ws/install/spot_gz/share/spot_gz/cmake/spot_gzConfig-version.cmake
[0.695s] -- Symlinking: /home/poojit/spot_ws/install/spot_gz/share/spot_gz/package.xml
[0.703s] Invoked command in '/home/poojit/spot_ws/build/spot_gz' returned '0': AMENT_PREFIX_PATH=/home/poojit/spot_ws/install/spot_description:${AMENT_PREFIX_PATH} CMAKE_PREFIX_PATH=/home/poojit/spot_ws/install/spot_description:/opt/ros/jazzy/opt/gz_sim_vendor:/opt/ros/jazzy/opt/gz_sensors_vendor:/opt/ros/jazzy/opt/gz_physics_vendor:/opt/ros/jazzy/opt/sdformat_vendor:/opt/ros/jazzy/opt/gz_gui_vendor:/opt/ros/jazzy/opt/gz_transport_vendor:/opt/ros/jazzy/opt/gz_rendering_vendor:/opt/ros/jazzy/opt/gz_plugin_vendor:/opt/ros/jazzy/opt/gz_fuel_tools_vendor:/opt/ros/jazzy/opt/gz_msgs_vendor:/opt/ros/jazzy/opt/gz_common_vendor:/opt/ros/jazzy/opt/gz_math_vendor:/opt/ros/jazzy/opt/gz_utils_vendor:/opt/ros/jazzy/opt/gz_tools_vendor:/opt/ros/jazzy/opt/gz_ogre_next_vendor:/opt/ros/jazzy/opt/gz_dartsim_vendor:/opt/ros/jazzy/opt/gz_cmake_vendor:/opt/ros/jazzy GZ_SIM_RESOURCE_PATH=/home/poojit/spot_ws/install/spot_description/share/spot_description/models:${GZ_SIM_RESOURCE_PATH} /usr/bin/cmake --install /home/poojit/spot_ws/build/spot_gz
