[0.027s] Invoking command in '/home/poojit/spot_ws/build/spot_gz': CMAKE_PREFIX_PATH=/home/poojit/spot_ws/install/spot_description:/home/poojit/spot_ws/install/spot_gz:/opt/ros/jazzy/opt/gz_sim_vendor:/opt/ros/jazzy/opt/gz_sensors_vendor:/opt/ros/jazzy/opt/gz_physics_vendor:/opt/ros/jazzy/opt/sdformat_vendor:/opt/ros/jazzy/opt/gz_gui_vendor:/opt/ros/jazzy/opt/gz_transport_vendor:/opt/ros/jazzy/opt/gz_rendering_vendor:/opt/ros/jazzy/opt/gz_plugin_vendor:/opt/ros/jazzy/opt/gz_fuel_tools_vendor:/opt/ros/jazzy/opt/gz_msgs_vendor:/opt/ros/jazzy/opt/gz_common_vendor:/opt/ros/jazzy/opt/gz_math_vendor:/opt/ros/jazzy/opt/gz_utils_vendor:/opt/ros/jazzy/opt/gz_tools_vendor:/opt/ros/jazzy/opt/gz_ogre_next_vendor:/opt/ros/jazzy/opt/gz_dartsim_vendor:/opt/ros/jazzy/opt/gz_cmake_vendor:/home/poojit/spot_ws/install/spot_bringup:/opt/ros/jazzy GZ_SIM_RESOURCE_PATH=/home/poojit/spot_ws/install/spot_description/share/spot_description/models:${GZ_SIM_RESOURCE_PATH} /usr/bin/cmake --build /home/poojit/spot_ws/build/spot_gz -- -j12 -l12
[0.066s] Invoked command in '/home/poojit/spot_ws/build/spot_gz' returned '0': CMAKE_PREFIX_PATH=/home/poojit/spot_ws/install/spot_description:/home/poojit/spot_ws/install/spot_gz:/opt/ros/jazzy/opt/gz_sim_vendor:/opt/ros/jazzy/opt/gz_sensors_vendor:/opt/ros/jazzy/opt/gz_physics_vendor:/opt/ros/jazzy/opt/sdformat_vendor:/opt/ros/jazzy/opt/gz_gui_vendor:/opt/ros/jazzy/opt/gz_transport_vendor:/opt/ros/jazzy/opt/gz_rendering_vendor:/opt/ros/jazzy/opt/gz_plugin_vendor:/opt/ros/jazzy/opt/gz_fuel_tools_vendor:/opt/ros/jazzy/opt/gz_msgs_vendor:/opt/ros/jazzy/opt/gz_common_vendor:/opt/ros/jazzy/opt/gz_math_vendor:/opt/ros/jazzy/opt/gz_utils_vendor:/opt/ros/jazzy/opt/gz_tools_vendor:/opt/ros/jazzy/opt/gz_ogre_next_vendor:/opt/ros/jazzy/opt/gz_dartsim_vendor:/opt/ros/jazzy/opt/gz_cmake_vendor:/home/poojit/spot_ws/install/spot_bringup:/opt/ros/jazzy GZ_SIM_RESOURCE_PATH=/home/poojit/spot_ws/install/spot_description/share/spot_description/models:${GZ_SIM_RESOURCE_PATH} /usr/bin/cmake --build /home/poojit/spot_ws/build/spot_gz -- -j12 -l12
[0.068s] Invoking command in '/home/poojit/spot_ws/build/spot_gz': CMAKE_PREFIX_PATH=/home/poojit/spot_ws/install/spot_description:/home/poojit/spot_ws/install/spot_gz:/opt/ros/jazzy/opt/gz_sim_vendor:/opt/ros/jazzy/opt/gz_sensors_vendor:/opt/ros/jazzy/opt/gz_physics_vendor:/opt/ros/jazzy/opt/sdformat_vendor:/opt/ros/jazzy/opt/gz_gui_vendor:/opt/ros/jazzy/opt/gz_transport_vendor:/opt/ros/jazzy/opt/gz_rendering_vendor:/opt/ros/jazzy/opt/gz_plugin_vendor:/opt/ros/jazzy/opt/gz_fuel_tools_vendor:/opt/ros/jazzy/opt/gz_msgs_vendor:/opt/ros/jazzy/opt/gz_common_vendor:/opt/ros/jazzy/opt/gz_math_vendor:/opt/ros/jazzy/opt/gz_utils_vendor:/opt/ros/jazzy/opt/gz_tools_vendor:/opt/ros/jazzy/opt/gz_ogre_next_vendor:/opt/ros/jazzy/opt/gz_dartsim_vendor:/opt/ros/jazzy/opt/gz_cmake_vendor:/home/poojit/spot_ws/install/spot_bringup:/opt/ros/jazzy GZ_SIM_RESOURCE_PATH=/home/poojit/spot_ws/install/spot_description/share/spot_description/models:${GZ_SIM_RESOURCE_PATH} /usr/bin/cmake --install /home/poojit/spot_ws/build/spot_gz
[0.076s] -- Install configuration: ""
[0.076s] -- Execute custom install script
[0.077s] -- Up-to-date symlink: /home/poojit/spot_ws/install/spot_gz/share/spot_gz/worlds/empty.sdf
[0.077s] -- Up-to-date symlink: /home/poojit/spot_ws/install/spot_gz/share/spot_gz/environment/spot_gz.dsv
[0.077s] -- Up-to-date symlink: /home/poojit/spot_ws/install/spot_gz/share/spot_gz/environment/spot_gz.sh
[0.077s] -- Up-to-date symlink: /home/poojit/spot_ws/install/spot_gz/share/ament_index/resource_index/package_run_dependencies/spot_gz
[0.078s] -- Up-to-date symlink: /home/poojit/spot_ws/install/spot_gz/share/ament_index/resource_index/parent_prefix_path/spot_gz
[0.078s] -- Up-to-date symlink: /home/poojit/spot_ws/install/spot_gz/share/spot_gz/environment/ament_prefix_path.sh
[0.078s] -- Up-to-date symlink: /home/poojit/spot_ws/install/spot_gz/share/spot_gz/environment/ament_prefix_path.dsv
[0.079s] -- Up-to-date symlink: /home/poojit/spot_ws/install/spot_gz/share/spot_gz/environment/path.sh
[0.079s] -- Up-to-date symlink: /home/poojit/spot_ws/install/spot_gz/share/spot_gz/environment/path.dsv
[0.079s] -- Up-to-date symlink: /home/poojit/spot_ws/install/spot_gz/share/spot_gz/local_setup.bash
[0.079s] -- Up-to-date symlink: /home/poojit/spot_ws/install/spot_gz/share/spot_gz/local_setup.sh
[0.079s] -- Up-to-date symlink: /home/poojit/spot_ws/install/spot_gz/share/spot_gz/local_setup.zsh
[0.079s] -- Up-to-date symlink: /home/poojit/spot_ws/install/spot_gz/share/spot_gz/local_setup.dsv
[0.080s] -- Symlinking: /home/poojit/spot_ws/install/spot_gz/share/spot_gz/package.dsv
[0.089s] -- Up-to-date symlink: /home/poojit/spot_ws/install/spot_gz/share/ament_index/resource_index/packages/spot_gz
[0.090s] -- Up-to-date symlink: /home/poojit/spot_ws/install/spot_gz/share/spot_gz/cmake/spot_gzConfig.cmake
[0.090s] -- Up-to-date symlink: /home/poojit/spot_ws/install/spot_gz/share/spot_gz/cmake/spot_gzConfig-version.cmake
[0.090s] -- Up-to-date symlink: /home/poojit/spot_ws/install/spot_gz/share/spot_gz/package.xml
[0.092s] Invoked command in '/home/poojit/spot_ws/build/spot_gz' returned '0': CMAKE_PREFIX_PATH=/home/poojit/spot_ws/install/spot_description:/home/poojit/spot_ws/install/spot_gz:/opt/ros/jazzy/opt/gz_sim_vendor:/opt/ros/jazzy/opt/gz_sensors_vendor:/opt/ros/jazzy/opt/gz_physics_vendor:/opt/ros/jazzy/opt/sdformat_vendor:/opt/ros/jazzy/opt/gz_gui_vendor:/opt/ros/jazzy/opt/gz_transport_vendor:/opt/ros/jazzy/opt/gz_rendering_vendor:/opt/ros/jazzy/opt/gz_plugin_vendor:/opt/ros/jazzy/opt/gz_fuel_tools_vendor:/opt/ros/jazzy/opt/gz_msgs_vendor:/opt/ros/jazzy/opt/gz_common_vendor:/opt/ros/jazzy/opt/gz_math_vendor:/opt/ros/jazzy/opt/gz_utils_vendor:/opt/ros/jazzy/opt/gz_tools_vendor:/opt/ros/jazzy/opt/gz_ogre_next_vendor:/opt/ros/jazzy/opt/gz_dartsim_vendor:/opt/ros/jazzy/opt/gz_cmake_vendor:/home/poojit/spot_ws/install/spot_bringup:/opt/ros/jazzy GZ_SIM_RESOURCE_PATH=/home/poojit/spot_ws/install/spot_description/share/spot_description/models:${GZ_SIM_RESOURCE_PATH} /usr/bin/cmake --install /home/poojit/spot_ws/build/spot_gz
