[0.007s] Invoking command in '/home/poojit/spot_ws/build/champ_base': AMENT_PREFIX_PATH=/home/poojit/spot_ws/install/champ_msgs:/home/poojit/spot_ws/install/champ:${AMENT_PREFIX_PATH} CMAKE_PREFIX_PATH=/home/poojit/spot_ws/install/champ_msgs:/home/poojit/spot_ws/install/champ:/home/poojit/spot_ws/install/spot_gz:/home/poojit/spot_ws/install/spot_description:/opt/ros/jazzy/opt/gz_sim_vendor:/opt/ros/jazzy/opt/gz_sensors_vendor:/opt/ros/jazzy/opt/gz_physics_vendor:/opt/ros/jazzy/opt/sdformat_vendor:/opt/ros/jazzy/opt/gz_gui_vendor:/opt/ros/jazzy/opt/gz_transport_vendor:/opt/ros/jazzy/opt/gz_rendering_vendor:/opt/ros/jazzy/opt/gz_plugin_vendor:/opt/ros/jazzy/opt/gz_fuel_tools_vendor:/opt/ros/jazzy/opt/gz_msgs_vendor:/opt/ros/jazzy/opt/gz_common_vendor:/opt/ros/jazzy/opt/gz_math_vendor:/opt/ros/jazzy/opt/gz_utils_vendor:/opt/ros/jazzy/opt/gz_tools_vendor:/opt/ros/jazzy/opt/gz_ogre_next_vendor:/opt/ros/jazzy/opt/gz_dartsim_vendor:/opt/ros/jazzy/opt/gz_cmake_vendor:/home/poojit/spot_ws/install/spot_bringup:/opt/ros/jazzy LD_LIBRARY_PATH=/home/poojit/spot_ws/install/champ_msgs/lib:${LD_LIBRARY_PATH} PYTHONPATH=/home/poojit/spot_ws/install/champ_msgs/lib/python3.12/site-packages:${PYTHONPATH} /usr/bin/cmake /home/poojit/spot_ws/src/spot_gazebo/champ_base -DAMENT_CMAKE_SYMLINK_INSTALL=1 -DCMAKE_INSTALL_PREFIX=/home/poojit/spot_ws/install/champ_base
[0.047s] -- The C compiler identification is GNU 13.3.0
[0.090s] -- The CXX compiler identification is GNU 13.3.0
[0.101s] -- Detecting C compiler ABI info
[0.162s] -- Detecting C compiler ABI info - done
[0.170s] -- Check for working C compiler: /usr/bin/cc - skipped
[0.170s] -- Detecting C compile features
[0.170s] -- Detecting C compile features - done
[0.177s] -- Detecting CXX compiler ABI info
[0.248s] -- Detecting CXX compiler ABI info - done
[0.257s] -- Check for working CXX compiler: /usr/bin/c++ - skipped
[0.257s] -- Detecting CXX compile features
[0.257s] -- Detecting CXX compile features - done
[0.260s] -- Found ament_cmake: 2.5.4 (/opt/ros/jazzy/share/ament_cmake/cmake)
[0.375s] -- Found Python3: /usr/bin/python3 (found version "3.12.3") found components: Interpreter 
[0.430s] -- Override CMake install command with custom implementation using symlinks instead of copying resources
[0.464s] -- Found rclcpp: 28.1.11 (/opt/ros/jazzy/share/rclcpp/cmake)
[0.503s] -- Found rosidl_generator_c: 4.6.6 (/opt/ros/jazzy/share/rosidl_generator_c/cmake)
[0.516s] -- Found rosidl_generator_cpp: 4.6.6 (/opt/ros/jazzy/share/rosidl_generator_cpp/cmake)
[0.531s] -- Using all available rosidl_typesupport_c: rosidl_typesupport_fastrtps_c;rosidl_typesupport_introspection_c
[0.549s] -- Using all available rosidl_typesupport_cpp: rosidl_typesupport_fastrtps_cpp;rosidl_typesupport_introspection_cpp
[0.619s] -- Found rmw_implementation_cmake: 7.3.2 (/opt/ros/jazzy/share/rmw_implementation_cmake/cmake)
[0.622s] -- Found rmw_fastrtps_cpp: 8.4.3 (/opt/ros/jazzy/share/rmw_fastrtps_cpp/cmake)
[0.685s] -- Found OpenSSL: /usr/lib/x86_64-linux-gnu/libcrypto.so (found version "3.0.13")  
[0.702s] -- Found FastRTPS: /opt/ros/jazzy/include (Required is at least version "2.13") 
[0.719s] -- Using RMW implementation 'rmw_fastrtps_cpp' as default
[0.789s] -- Found rclpy: 7.1.5 (/opt/ros/jazzy/share/rclpy/cmake)
[0.789s] -- Found champ_msgs: 0.1.0 (/home/poojit/spot_ws/install/champ_msgs/share/champ_msgs/cmake)
[0.836s] -- Found visualization_msgs: 5.3.6 (/opt/ros/jazzy/share/visualization_msgs/cmake)
[0.889s] -- Found trajectory_msgs: 5.3.6 (/opt/ros/jazzy/share/trajectory_msgs/cmake)
[0.911s] -- Found nav_msgs: 5.3.6 (/opt/ros/jazzy/share/nav_msgs/cmake)
[0.936s] -- Found tf2_ros: 0.36.14 (/opt/ros/jazzy/share/tf2_ros/cmake)
[1.066s] -- Found urdf: 2.10.0 (/opt/ros/jazzy/share/urdf/cmake)
[1.087s] -- Found champ: 0.1.0 (/home/poojit/spot_ws/install/champ/share/champ/cmake)
[1.180s] -- Configuring done (1.2s)
[1.217s] -- Generating done (0.0s)
[1.227s] -- Build files have been written to: /home/poojit/spot_ws/build/champ_base
[1.236s] Invoked command in '/home/poojit/spot_ws/build/champ_base' returned '0': AMENT_PREFIX_PATH=/home/poojit/spot_ws/install/champ_msgs:/home/poojit/spot_ws/install/champ:${AMENT_PREFIX_PATH} CMAKE_PREFIX_PATH=/home/poojit/spot_ws/install/champ_msgs:/home/poojit/spot_ws/install/champ:/home/poojit/spot_ws/install/spot_gz:/home/poojit/spot_ws/install/spot_description:/opt/ros/jazzy/opt/gz_sim_vendor:/opt/ros/jazzy/opt/gz_sensors_vendor:/opt/ros/jazzy/opt/gz_physics_vendor:/opt/ros/jazzy/opt/sdformat_vendor:/opt/ros/jazzy/opt/gz_gui_vendor:/opt/ros/jazzy/opt/gz_transport_vendor:/opt/ros/jazzy/opt/gz_rendering_vendor:/opt/ros/jazzy/opt/gz_plugin_vendor:/opt/ros/jazzy/opt/gz_fuel_tools_vendor:/opt/ros/jazzy/opt/gz_msgs_vendor:/opt/ros/jazzy/opt/gz_common_vendor:/opt/ros/jazzy/opt/gz_math_vendor:/opt/ros/jazzy/opt/gz_utils_vendor:/opt/ros/jazzy/opt/gz_tools_vendor:/opt/ros/jazzy/opt/gz_ogre_next_vendor:/opt/ros/jazzy/opt/gz_dartsim_vendor:/opt/ros/jazzy/opt/gz_cmake_vendor:/home/poojit/spot_ws/install/spot_bringup:/opt/ros/jazzy LD_LIBRARY_PATH=/home/poojit/spot_ws/install/champ_msgs/lib:${LD_LIBRARY_PATH} PYTHONPATH=/home/poojit/spot_ws/install/champ_msgs/lib/python3.12/site-packages:${PYTHONPATH} /usr/bin/cmake /home/poojit/spot_ws/src/spot_gazebo/champ_base -DAMENT_CMAKE_SYMLINK_INSTALL=1 -DCMAKE_INSTALL_PREFIX=/home/poojit/spot_ws/install/champ_base
[1.237s] Invoking command in '/home/poojit/spot_ws/build/champ_base': AMENT_PREFIX_PATH=/home/poojit/spot_ws/install/champ_msgs:/home/poojit/spot_ws/install/champ:${AMENT_PREFIX_PATH} CMAKE_PREFIX_PATH=/home/poojit/spot_ws/install/champ_msgs:/home/poojit/spot_ws/install/champ:/home/poojit/spot_ws/install/spot_gz:/home/poojit/spot_ws/install/spot_description:/opt/ros/jazzy/opt/gz_sim_vendor:/opt/ros/jazzy/opt/gz_sensors_vendor:/opt/ros/jazzy/opt/gz_physics_vendor:/opt/ros/jazzy/opt/sdformat_vendor:/opt/ros/jazzy/opt/gz_gui_vendor:/opt/ros/jazzy/opt/gz_transport_vendor:/opt/ros/jazzy/opt/gz_rendering_vendor:/opt/ros/jazzy/opt/gz_plugin_vendor:/opt/ros/jazzy/opt/gz_fuel_tools_vendor:/opt/ros/jazzy/opt/gz_msgs_vendor:/opt/ros/jazzy/opt/gz_common_vendor:/opt/ros/jazzy/opt/gz_math_vendor:/opt/ros/jazzy/opt/gz_utils_vendor:/opt/ros/jazzy/opt/gz_tools_vendor:/opt/ros/jazzy/opt/gz_ogre_next_vendor:/opt/ros/jazzy/opt/gz_dartsim_vendor:/opt/ros/jazzy/opt/gz_cmake_vendor:/home/poojit/spot_ws/install/spot_bringup:/opt/ros/jazzy LD_LIBRARY_PATH=/home/poojit/spot_ws/install/champ_msgs/lib:${LD_LIBRARY_PATH} PYTHONPATH=/home/poojit/spot_ws/install/champ_msgs/lib/python3.12/site-packages:${PYTHONPATH} /usr/bin/cmake --build /home/poojit/spot_ws/build/champ_base -- -j12 -l12
[1.277s] [ 25%] [32mBuilding CXX object CMakeFiles/state_estimation.dir/src/state_estimation.cpp.o[0m
[1.277s] [ 25%] [32mBuilding CXX object CMakeFiles/message_relay.dir/src/message_relay.cpp.o[0m
[1.277s] [ 25%] [32mBuilding CXX object CMakeFiles/quadruped_controller.dir/src/quadruped_controller.cpp.o[0m
[12.195s] [ 33%] [32m[1mLinking CXX shared library libquadruped_controller.so[0m
[12.679s] [ 33%] Built target quadruped_controller
[12.699s] [ 41%] [32mBuilding CXX object CMakeFiles/quadruped_controller_node.dir/src/quadruped_controller_node.cpp.o[0m
[15.735s] [ 50%] [32m[1mLinking CXX shared library libmessage_relay.so[0m
[16.089s] [ 58%] [32m[1mLinking CXX executable quadruped_controller_node[0m
[16.346s] [ 58%] Built target message_relay
[16.367s] [ 66%] [32mBuilding CXX object CMakeFiles/message_relay_node.dir/src/message_relay_node.cpp.o[0m
[16.396s] [ 66%] Built target quadruped_controller_node
[17.479s] [ 75%] [32m[1mLinking CXX shared library libstate_estimation.so[0m
[18.076s] [ 75%] Built target state_estimation
[18.093s] [ 83%] [32mBuilding CXX object CMakeFiles/state_estimation_node.dir/src/state_estimation_node.cpp.o[0m
[19.328s] [ 91%] [32m[1mLinking CXX executable message_relay_node[0m
[19.652s] [ 91%] Built target message_relay_node
[22.313s] [100%] [32m[1mLinking CXX executable state_estimation_node[0m
[22.608s] [100%] Built target state_estimation_node
[22.616s] Invoked command in '/home/poojit/spot_ws/build/champ_base' returned '0': AMENT_PREFIX_PATH=/home/poojit/spot_ws/install/champ_msgs:/home/poojit/spot_ws/install/champ:${AMENT_PREFIX_PATH} CMAKE_PREFIX_PATH=/home/poojit/spot_ws/install/champ_msgs:/home/poojit/spot_ws/install/champ:/home/poojit/spot_ws/install/spot_gz:/home/poojit/spot_ws/install/spot_description:/opt/ros/jazzy/opt/gz_sim_vendor:/opt/ros/jazzy/opt/gz_sensors_vendor:/opt/ros/jazzy/opt/gz_physics_vendor:/opt/ros/jazzy/opt/sdformat_vendor:/opt/ros/jazzy/opt/gz_gui_vendor:/opt/ros/jazzy/opt/gz_transport_vendor:/opt/ros/jazzy/opt/gz_rendering_vendor:/opt/ros/jazzy/opt/gz_plugin_vendor:/opt/ros/jazzy/opt/gz_fuel_tools_vendor:/opt/ros/jazzy/opt/gz_msgs_vendor:/opt/ros/jazzy/opt/gz_common_vendor:/opt/ros/jazzy/opt/gz_math_vendor:/opt/ros/jazzy/opt/gz_utils_vendor:/opt/ros/jazzy/opt/gz_tools_vendor:/opt/ros/jazzy/opt/gz_ogre_next_vendor:/opt/ros/jazzy/opt/gz_dartsim_vendor:/opt/ros/jazzy/opt/gz_cmake_vendor:/home/poojit/spot_ws/install/spot_bringup:/opt/ros/jazzy LD_LIBRARY_PATH=/home/poojit/spot_ws/install/champ_msgs/lib:${LD_LIBRARY_PATH} PYTHONPATH=/home/poojit/spot_ws/install/champ_msgs/lib/python3.12/site-packages:${PYTHONPATH} /usr/bin/cmake --build /home/poojit/spot_ws/build/champ_base -- -j12 -l12
[22.617s] Invoking command in '/home/poojit/spot_ws/build/champ_base': AMENT_PREFIX_PATH=/home/poojit/spot_ws/install/champ_msgs:/home/poojit/spot_ws/install/champ:${AMENT_PREFIX_PATH} CMAKE_PREFIX_PATH=/home/poojit/spot_ws/install/champ_msgs:/home/poojit/spot_ws/install/champ:/home/poojit/spot_ws/install/spot_gz:/home/poojit/spot_ws/install/spot_description:/opt/ros/jazzy/opt/gz_sim_vendor:/opt/ros/jazzy/opt/gz_sensors_vendor:/opt/ros/jazzy/opt/gz_physics_vendor:/opt/ros/jazzy/opt/sdformat_vendor:/opt/ros/jazzy/opt/gz_gui_vendor:/opt/ros/jazzy/opt/gz_transport_vendor:/opt/ros/jazzy/opt/gz_rendering_vendor:/opt/ros/jazzy/opt/gz_plugin_vendor:/opt/ros/jazzy/opt/gz_fuel_tools_vendor:/opt/ros/jazzy/opt/gz_msgs_vendor:/opt/ros/jazzy/opt/gz_common_vendor:/opt/ros/jazzy/opt/gz_math_vendor:/opt/ros/jazzy/opt/gz_utils_vendor:/opt/ros/jazzy/opt/gz_tools_vendor:/opt/ros/jazzy/opt/gz_ogre_next_vendor:/opt/ros/jazzy/opt/gz_dartsim_vendor:/opt/ros/jazzy/opt/gz_cmake_vendor:/home/poojit/spot_ws/install/spot_bringup:/opt/ros/jazzy LD_LIBRARY_PATH=/home/poojit/spot_ws/install/champ_msgs/lib:${LD_LIBRARY_PATH} PYTHONPATH=/home/poojit/spot_ws/install/champ_msgs/lib/python3.12/site-packages:${PYTHONPATH} /usr/bin/cmake --install /home/poojit/spot_ws/build/champ_base
[22.623s] -- Install configuration: ""
[22.623s] -- Execute custom install script
[22.623s] -- Symlinking: /home/poojit/spot_ws/install/champ_base/share/champ_base/config/ekf/base_to_footprint.yaml
[22.630s] -- Symlinking: /home/poojit/spot_ws/install/champ_base/share/champ_base/config/ekf/footprint_to_odom.yaml
[22.637s] -- Symlinking: /home/poojit/spot_ws/install/champ_base/share/champ_base/config/velocity_smoother/velocity_smoother.yaml
[22.643s] -- Symlinking: /home/poojit/spot_ws/install/champ_base/lib/libquadruped_controller.so
[22.650s] -- Symlinking: /home/poojit/spot_ws/install/champ_base/bin/quadruped_controller_node
[22.657s] -- Symlinking: /home/poojit/spot_ws/install/champ_base/lib/libmessage_relay.so
[22.664s] -- Symlinking: /home/poojit/spot_ws/install/champ_base/bin/message_relay_node
[22.670s] -- Symlinking: /home/poojit/spot_ws/install/champ_base/lib/libstate_estimation.so
[22.677s] -- Symlinking: /home/poojit/spot_ws/install/champ_base/bin/state_estimation_node
[22.684s] -- Symlinking: /home/poojit/spot_ws/install/champ_base/lib/champ_base/quadruped_controller_node
[22.691s] -- Symlinking: /home/poojit/spot_ws/install/champ_base/lib/champ_base/message_relay_node
[22.698s] -- Symlinking: /home/poojit/spot_ws/install/champ_base/lib/champ_base/state_estimation_node
[22.705s] -- Symlinking: /home/poojit/spot_ws/install/champ_base/share/ament_index/resource_index/package_run_dependencies/champ_base
[22.713s] -- Symlinking: /home/poojit/spot_ws/install/champ_base/share/ament_index/resource_index/parent_prefix_path/champ_base
[22.720s] -- Symlinking: /home/poojit/spot_ws/install/champ_base/share/champ_base/environment/ament_prefix_path.sh
[22.727s] -- Symlinking: /home/poojit/spot_ws/install/champ_base/share/champ_base/environment/ament_prefix_path.dsv
[22.734s] -- Symlinking: /home/poojit/spot_ws/install/champ_base/share/champ_base/environment/path.sh
[22.741s] -- Symlinking: /home/poojit/spot_ws/install/champ_base/share/champ_base/environment/path.dsv
[22.747s] -- Symlinking: /home/poojit/spot_ws/install/champ_base/share/champ_base/local_setup.bash
[22.753s] -- Symlinking: /home/poojit/spot_ws/install/champ_base/share/champ_base/local_setup.sh
[22.760s] -- Symlinking: /home/poojit/spot_ws/install/champ_base/share/champ_base/local_setup.zsh
[22.766s] -- Symlinking: /home/poojit/spot_ws/install/champ_base/share/champ_base/local_setup.dsv
[22.772s] -- Symlinking: /home/poojit/spot_ws/install/champ_base/share/champ_base/package.dsv
[22.778s] -- Symlinking: /home/poojit/spot_ws/install/champ_base/share/ament_index/resource_index/packages/champ_base
[22.785s] -- Symlinking: /home/poojit/spot_ws/install/champ_base/share/champ_base/cmake/ament_cmake_export_include_directories-extras.cmake
[22.791s] -- Symlinking: /home/poojit/spot_ws/install/champ_base/share/champ_base/cmake/ament_cmake_export_dependencies-extras.cmake
[22.797s] -- Symlinking: /home/poojit/spot_ws/install/champ_base/share/champ_base/cmake/champ_baseConfig.cmake
[22.803s] -- Symlinking: /home/poojit/spot_ws/install/champ_base/share/champ_base/cmake/champ_baseConfig-version.cmake
[22.809s] -- Symlinking: /home/poojit/spot_ws/install/champ_base/share/champ_base/package.xml
[22.817s] Invoked command in '/home/poojit/spot_ws/build/champ_base' returned '0': AMENT_PREFIX_PATH=/home/poojit/spot_ws/install/champ_msgs:/home/poojit/spot_ws/install/champ:${AMENT_PREFIX_PATH} CMAKE_PREFIX_PATH=/home/poojit/spot_ws/install/champ_msgs:/home/poojit/spot_ws/install/champ:/home/poojit/spot_ws/install/spot_gz:/home/poojit/spot_ws/install/spot_description:/opt/ros/jazzy/opt/gz_sim_vendor:/opt/ros/jazzy/opt/gz_sensors_vendor:/opt/ros/jazzy/opt/gz_physics_vendor:/opt/ros/jazzy/opt/sdformat_vendor:/opt/ros/jazzy/opt/gz_gui_vendor:/opt/ros/jazzy/opt/gz_transport_vendor:/opt/ros/jazzy/opt/gz_rendering_vendor:/opt/ros/jazzy/opt/gz_plugin_vendor:/opt/ros/jazzy/opt/gz_fuel_tools_vendor:/opt/ros/jazzy/opt/gz_msgs_vendor:/opt/ros/jazzy/opt/gz_common_vendor:/opt/ros/jazzy/opt/gz_math_vendor:/opt/ros/jazzy/opt/gz_utils_vendor:/opt/ros/jazzy/opt/gz_tools_vendor:/opt/ros/jazzy/opt/gz_ogre_next_vendor:/opt/ros/jazzy/opt/gz_dartsim_vendor:/opt/ros/jazzy/opt/gz_cmake_vendor:/home/poojit/spot_ws/install/spot_bringup:/opt/ros/jazzy LD_LIBRARY_PATH=/home/poojit/spot_ws/install/champ_msgs/lib:${LD_LIBRARY_PATH} PYTHONPATH=/home/poojit/spot_ws/install/champ_msgs/lib/python3.12/site-packages:${PYTHONPATH} /usr/bin/cmake --install /home/poojit/spot_ws/build/champ_base
