[0.138s] DEBUG:colcon:Command line arguments: ['/usr/bin/colcon', 'build', '--symlink-install', '--packages-up-to', 'spot_bringup']
[0.138s] DEBUG:colcon:Parsed command line arguments: Namespace(log_base=None, log_level=None, verb_name='build', build_base='build', install_base='install', merge_install=False, symlink_install=True, test_result_base=None, continue_on_error=False, executor='parallel', parallel_workers=12, event_handlers=None, ignore_user_meta=False, metas=['./colcon.meta'], base_paths=['.'], packages_ignore=None, packages_ignore_regex=None, paths=None, packages_up_to=['spot_bringup'], packages_up_to_regex=None, packages_above=None, packages_above_and_dependencies=None, packages_above_depth=None, packages_select_by_dep=None, packages_skip_by_dep=None, packages_skip_up_to=None, packages_select_build_failed=False, packages_skip_build_finished=False, packages_select_test_failures=False, packages_skip_test_passed=False, packages_select=None, packages_skip=None, packages_select_regex=None, packages_skip_regex=None, packages_start=None, packages_end=None, allow_overriding=[], cmake_args=None, cmake_target=None, cmake_target_skip_unavailable=False, cmake_clean_cache=False, cmake_clean_first=False, cmake_force_configure=False, ament_cmake_args=None, catkin_cmake_args=None, catkin_skip_building_tests=False, mixin_files=None, mixin=None, verb_parser=<colcon_mixin.mixin.mixin_argument.MixinArgumentDecorator object at 0x7f681e20d610>, verb_extension=<colcon_core.verb.build.BuildVerb object at 0x7f681e20dd00>, main=<bound method BuildVerb.main of <colcon_core.verb.build.BuildVerb object at 0x7f681e20dd00>>, mixin_verb=('build',))
[0.170s] Level 1:colcon.colcon_core.package_discovery:discover_packages(colcon_meta) check parameters
[0.170s] Level 1:colcon.colcon_core.package_discovery:discover_packages(recursive) check parameters
[0.170s] Level 1:colcon.colcon_core.package_discovery:discover_packages(ignore) check parameters
[0.170s] Level 1:colcon.colcon_core.package_discovery:discover_packages(path) check parameters
[0.170s] Level 1:colcon.colcon_core.package_discovery:discover_packages(colcon_meta) discover
[0.170s] Level 1:colcon.colcon_core.package_discovery:discover_packages(recursive) discover
[0.170s] INFO:colcon.colcon_core.package_discovery:Crawling recursively for packages in '/home/poojit/spot_ws'
[0.170s] Level 1:colcon.colcon_core.package_identification:_identify(.) by extensions ['ignore', 'ignore_ament_install']
[0.170s] Level 1:colcon.colcon_core.package_identification:_identify(.) by extension 'ignore'
[0.170s] Level 1:colcon.colcon_core.package_identification:_identify(.) by extension 'ignore_ament_install'
[0.170s] Level 1:colcon.colcon_core.package_identification:_identify(.) by extensions ['colcon_pkg']
[0.170s] Level 1:colcon.colcon_core.package_identification:_identify(.) by extension 'colcon_pkg'
[0.170s] Level 1:colcon.colcon_core.package_identification:_identify(.) by extensions ['colcon_meta']
[0.170s] Level 1:colcon.colcon_core.package_identification:_identify(.) by extension 'colcon_meta'
[0.170s] Level 1:colcon.colcon_core.package_identification:_identify(.) by extensions ['ros']
[0.171s] Level 1:colcon.colcon_core.package_identification:_identify(.) by extension 'ros'
[0.189s] Level 1:colcon.colcon_core.package_identification:_identify(.) by extensions ['cmake', 'python']
[0.189s] Level 1:colcon.colcon_core.package_identification:_identify(.) by extension 'cmake'
[0.189s] Level 1:colcon.colcon_core.package_identification:_identify(.) by extension 'python'
[0.189s] Level 1:colcon.colcon_core.package_identification:_identify(.) by extensions ['python_setup_py']
[0.189s] Level 1:colcon.colcon_core.package_identification:_identify(.) by extension 'python_setup_py'
[0.189s] Level 1:colcon.colcon_core.package_identification:_identify(build) by extensions ['ignore', 'ignore_ament_install']
[0.189s] Level 1:colcon.colcon_core.package_identification:_identify(build) by extension 'ignore'
[0.189s] Level 1:colcon.colcon_core.package_identification:_identify(build) ignored
[0.189s] Level 1:colcon.colcon_core.package_identification:_identify(install) by extensions ['ignore', 'ignore_ament_install']
[0.189s] Level 1:colcon.colcon_core.package_identification:_identify(install) by extension 'ignore'
[0.189s] Level 1:colcon.colcon_core.package_identification:_identify(install) ignored
[0.189s] Level 1:colcon.colcon_core.package_identification:_identify(log) by extensions ['ignore', 'ignore_ament_install']
[0.189s] Level 1:colcon.colcon_core.package_identification:_identify(log) by extension 'ignore'
[0.189s] Level 1:colcon.colcon_core.package_identification:_identify(log) ignored
[0.189s] Level 1:colcon.colcon_core.package_identification:_identify(src) by extensions ['ignore', 'ignore_ament_install']
[0.189s] Level 1:colcon.colcon_core.package_identification:_identify(src) by extension 'ignore'
[0.190s] Level 1:colcon.colcon_core.package_identification:_identify(src) by extension 'ignore_ament_install'
[0.190s] Level 1:colcon.colcon_core.package_identification:_identify(src) by extensions ['colcon_pkg']
[0.190s] Level 1:colcon.colcon_core.package_identification:_identify(src) by extension 'colcon_pkg'
[0.190s] Level 1:colcon.colcon_core.package_identification:_identify(src) by extensions ['colcon_meta']
[0.190s] Level 1:colcon.colcon_core.package_identification:_identify(src) by extension 'colcon_meta'
[0.190s] Level 1:colcon.colcon_core.package_identification:_identify(src) by extensions ['ros']
[0.190s] Level 1:colcon.colcon_core.package_identification:_identify(src) by extension 'ros'
[0.190s] Level 1:colcon.colcon_core.package_identification:_identify(src) by extensions ['cmake', 'python']
[0.190s] Level 1:colcon.colcon_core.package_identification:_identify(src) by extension 'cmake'
[0.190s] Level 1:colcon.colcon_core.package_identification:_identify(src) by extension 'python'
[0.190s] Level 1:colcon.colcon_core.package_identification:_identify(src) by extensions ['python_setup_py']
[0.190s] Level 1:colcon.colcon_core.package_identification:_identify(src) by extension 'python_setup_py'
[0.190s] Level 1:colcon.colcon_core.package_identification:_identify(src/spot_gazebo) by extensions ['ignore', 'ignore_ament_install']
[0.190s] Level 1:colcon.colcon_core.package_identification:_identify(src/spot_gazebo) by extension 'ignore'
[0.190s] Level 1:colcon.colcon_core.package_identification:_identify(src/spot_gazebo) by extension 'ignore_ament_install'
[0.190s] Level 1:colcon.colcon_core.package_identification:_identify(src/spot_gazebo) by extensions ['colcon_pkg']
[0.190s] Level 1:colcon.colcon_core.package_identification:_identify(src/spot_gazebo) by extension 'colcon_pkg'
[0.190s] Level 1:colcon.colcon_core.package_identification:_identify(src/spot_gazebo) by extensions ['colcon_meta']
[0.190s] Level 1:colcon.colcon_core.package_identification:_identify(src/spot_gazebo) by extension 'colcon_meta'
[0.190s] Level 1:colcon.colcon_core.package_identification:_identify(src/spot_gazebo) by extensions ['ros']
[0.190s] Level 1:colcon.colcon_core.package_identification:_identify(src/spot_gazebo) by extension 'ros'
[0.190s] Level 1:colcon.colcon_core.package_identification:_identify(src/spot_gazebo) by extensions ['cmake', 'python']
[0.190s] Level 1:colcon.colcon_core.package_identification:_identify(src/spot_gazebo) by extension 'cmake'
[0.190s] Level 1:colcon.colcon_core.package_identification:_identify(src/spot_gazebo) by extension 'python'
[0.190s] Level 1:colcon.colcon_core.package_identification:_identify(src/spot_gazebo) by extensions ['python_setup_py']
[0.190s] Level 1:colcon.colcon_core.package_identification:_identify(src/spot_gazebo) by extension 'python_setup_py'
[0.191s] Level 1:colcon.colcon_core.package_identification:_identify(src/spot_gazebo/assets) by extensions ['ignore', 'ignore_ament_install']
[0.191s] Level 1:colcon.colcon_core.package_identification:_identify(src/spot_gazebo/assets) by extension 'ignore'
[0.191s] Level 1:colcon.colcon_core.package_identification:_identify(src/spot_gazebo/assets) by extension 'ignore_ament_install'
[0.191s] Level 1:colcon.colcon_core.package_identification:_identify(src/spot_gazebo/assets) by extensions ['colcon_pkg']
[0.191s] Level 1:colcon.colcon_core.package_identification:_identify(src/spot_gazebo/assets) by extension 'colcon_pkg'
[0.191s] Level 1:colcon.colcon_core.package_identification:_identify(src/spot_gazebo/assets) by extensions ['colcon_meta']
[0.191s] Level 1:colcon.colcon_core.package_identification:_identify(src/spot_gazebo/assets) by extension 'colcon_meta'
[0.191s] Level 1:colcon.colcon_core.package_identification:_identify(src/spot_gazebo/assets) by extensions ['ros']
[0.191s] Level 1:colcon.colcon_core.package_identification:_identify(src/spot_gazebo/assets) by extension 'ros'
[0.191s] Level 1:colcon.colcon_core.package_identification:_identify(src/spot_gazebo/assets) by extensions ['cmake', 'python']
[0.191s] Level 1:colcon.colcon_core.package_identification:_identify(src/spot_gazebo/assets) by extension 'cmake'
[0.191s] Level 1:colcon.colcon_core.package_identification:_identify(src/spot_gazebo/assets) by extension 'python'
[0.191s] Level 1:colcon.colcon_core.package_identification:_identify(src/spot_gazebo/assets) by extensions ['python_setup_py']
[0.191s] Level 1:colcon.colcon_core.package_identification:_identify(src/spot_gazebo/assets) by extension 'python_setup_py'
[0.191s] Level 1:colcon.colcon_core.package_identification:_identify(src/spot_gazebo/champ) by extensions ['ignore', 'ignore_ament_install']
[0.191s] Level 1:colcon.colcon_core.package_identification:_identify(src/spot_gazebo/champ) by extension 'ignore'
[0.191s] Level 1:colcon.colcon_core.package_identification:_identify(src/spot_gazebo/champ) by extension 'ignore_ament_install'
[0.191s] Level 1:colcon.colcon_core.package_identification:_identify(src/spot_gazebo/champ) by extensions ['colcon_pkg']
[0.191s] Level 1:colcon.colcon_core.package_identification:_identify(src/spot_gazebo/champ) by extension 'colcon_pkg'
[0.191s] Level 1:colcon.colcon_core.package_identification:_identify(src/spot_gazebo/champ) by extensions ['colcon_meta']
[0.191s] Level 1:colcon.colcon_core.package_identification:_identify(src/spot_gazebo/champ) by extension 'colcon_meta'
[0.191s] Level 1:colcon.colcon_core.package_identification:_identify(src/spot_gazebo/champ) by extensions ['ros']
[0.191s] Level 1:colcon.colcon_core.package_identification:_identify(src/spot_gazebo/champ) by extension 'ros'
[0.193s] DEBUG:colcon.colcon_core.package_identification:Package 'src/spot_gazebo/champ' with type 'ros.ament_cmake' and name 'champ'
[0.193s] Level 1:colcon.colcon_core.package_identification:_identify(src/spot_gazebo/champ_base) by extensions ['ignore', 'ignore_ament_install']
[0.193s] Level 1:colcon.colcon_core.package_identification:_identify(src/spot_gazebo/champ_base) by extension 'ignore'
[0.193s] Level 1:colcon.colcon_core.package_identification:_identify(src/spot_gazebo/champ_base) by extension 'ignore_ament_install'
[0.193s] Level 1:colcon.colcon_core.package_identification:_identify(src/spot_gazebo/champ_base) by extensions ['colcon_pkg']
[0.193s] Level 1:colcon.colcon_core.package_identification:_identify(src/spot_gazebo/champ_base) by extension 'colcon_pkg'
[0.193s] Level 1:colcon.colcon_core.package_identification:_identify(src/spot_gazebo/champ_base) by extensions ['colcon_meta']
[0.193s] Level 1:colcon.colcon_core.package_identification:_identify(src/spot_gazebo/champ_base) by extension 'colcon_meta'
[0.193s] Level 1:colcon.colcon_core.package_identification:_identify(src/spot_gazebo/champ_base) by extensions ['ros']
[0.193s] Level 1:colcon.colcon_core.package_identification:_identify(src/spot_gazebo/champ_base) by extension 'ros'
[0.194s] DEBUG:colcon.colcon_core.package_identification:Package 'src/spot_gazebo/champ_base' with type 'ros.ament_cmake' and name 'champ_base'
[0.194s] Level 1:colcon.colcon_core.package_identification:_identify(src/spot_gazebo/champ_config) by extensions ['ignore', 'ignore_ament_install']
[0.194s] Level 1:colcon.colcon_core.package_identification:_identify(src/spot_gazebo/champ_config) by extension 'ignore'
[0.194s] Level 1:colcon.colcon_core.package_identification:_identify(src/spot_gazebo/champ_config) by extension 'ignore_ament_install'
[0.194s] Level 1:colcon.colcon_core.package_identification:_identify(src/spot_gazebo/champ_config) by extensions ['colcon_pkg']
[0.194s] Level 1:colcon.colcon_core.package_identification:_identify(src/spot_gazebo/champ_config) by extension 'colcon_pkg'
[0.194s] Level 1:colcon.colcon_core.package_identification:_identify(src/spot_gazebo/champ_config) by extensions ['colcon_meta']
[0.194s] Level 1:colcon.colcon_core.package_identification:_identify(src/spot_gazebo/champ_config) by extension 'colcon_meta'
[0.194s] Level 1:colcon.colcon_core.package_identification:_identify(src/spot_gazebo/champ_config) by extensions ['ros']
[0.194s] Level 1:colcon.colcon_core.package_identification:_identify(src/spot_gazebo/champ_config) by extension 'ros'
[0.195s] DEBUG:colcon.colcon_core.package_identification:Package 'src/spot_gazebo/champ_config' with type 'ros.ament_cmake' and name 'champ_config'
[0.195s] Level 1:colcon.colcon_core.package_identification:_identify(src/spot_gazebo/champ_msgs) by extensions ['ignore', 'ignore_ament_install']
[0.195s] Level 1:colcon.colcon_core.package_identification:_identify(src/spot_gazebo/champ_msgs) by extension 'ignore'
[0.195s] Level 1:colcon.colcon_core.package_identification:_identify(src/spot_gazebo/champ_msgs) by extension 'ignore_ament_install'
[0.195s] Level 1:colcon.colcon_core.package_identification:_identify(src/spot_gazebo/champ_msgs) by extensions ['colcon_pkg']
[0.195s] Level 1:colcon.colcon_core.package_identification:_identify(src/spot_gazebo/champ_msgs) by extension 'colcon_pkg'
[0.195s] Level 1:colcon.colcon_core.package_identification:_identify(src/spot_gazebo/champ_msgs) by extensions ['colcon_meta']
[0.195s] Level 1:colcon.colcon_core.package_identification:_identify(src/spot_gazebo/champ_msgs) by extension 'colcon_meta'
[0.195s] Level 1:colcon.colcon_core.package_identification:_identify(src/spot_gazebo/champ_msgs) by extensions ['ros']
[0.195s] Level 1:colcon.colcon_core.package_identification:_identify(src/spot_gazebo/champ_msgs) by extension 'ros'
[0.196s] DEBUG:colcon.colcon_core.package_identification:Package 'src/spot_gazebo/champ_msgs' with type 'ros.ament_cmake' and name 'champ_msgs'
[0.196s] Level 1:colcon.colcon_core.package_identification:_identify(src/spot_gazebo/spot_bringup) by extensions ['ignore', 'ignore_ament_install']
[0.196s] Level 1:colcon.colcon_core.package_identification:_identify(src/spot_gazebo/spot_bringup) by extension 'ignore'
[0.196s] Level 1:colcon.colcon_core.package_identification:_identify(src/spot_gazebo/spot_bringup) by extension 'ignore_ament_install'
[0.196s] Level 1:colcon.colcon_core.package_identification:_identify(src/spot_gazebo/spot_bringup) by extensions ['colcon_pkg']
[0.196s] Level 1:colcon.colcon_core.package_identification:_identify(src/spot_gazebo/spot_bringup) by extension 'colcon_pkg'
[0.196s] Level 1:colcon.colcon_core.package_identification:_identify(src/spot_gazebo/spot_bringup) by extensions ['colcon_meta']
[0.196s] Level 1:colcon.colcon_core.package_identification:_identify(src/spot_gazebo/spot_bringup) by extension 'colcon_meta'
[0.196s] Level 1:colcon.colcon_core.package_identification:_identify(src/spot_gazebo/spot_bringup) by extensions ['ros']
[0.196s] Level 1:colcon.colcon_core.package_identification:_identify(src/spot_gazebo/spot_bringup) by extension 'ros'
[0.196s] DEBUG:colcon.colcon_core.package_identification:Package 'src/spot_gazebo/spot_bringup' with type 'ros.ament_python' and name 'spot_bringup'
[0.196s] Level 1:colcon.colcon_core.package_identification:_identify(src/spot_gazebo/spot_description) by extensions ['ignore', 'ignore_ament_install']
[0.196s] Level 1:colcon.colcon_core.package_identification:_identify(src/spot_gazebo/spot_description) by extension 'ignore'
[0.197s] Level 1:colcon.colcon_core.package_identification:_identify(src/spot_gazebo/spot_description) by extension 'ignore_ament_install'
[0.197s] Level 1:colcon.colcon_core.package_identification:_identify(src/spot_gazebo/spot_description) by extensions ['colcon_pkg']
[0.197s] Level 1:colcon.colcon_core.package_identification:_identify(src/spot_gazebo/spot_description) by extension 'colcon_pkg'
[0.197s] Level 1:colcon.colcon_core.package_identification:_identify(src/spot_gazebo/spot_description) by extensions ['colcon_meta']
[0.197s] Level 1:colcon.colcon_core.package_identification:_identify(src/spot_gazebo/spot_description) by extension 'colcon_meta'
[0.197s] Level 1:colcon.colcon_core.package_identification:_identify(src/spot_gazebo/spot_description) by extensions ['ros']
[0.197s] Level 1:colcon.colcon_core.package_identification:_identify(src/spot_gazebo/spot_description) by extension 'ros'
[0.197s] DEBUG:colcon.colcon_core.package_identification:Package 'src/spot_gazebo/spot_description' with type 'ros.ament_cmake' and name 'spot_description'
[0.197s] Level 1:colcon.colcon_core.package_identification:_identify(src/spot_gazebo/spot_gz) by extensions ['ignore', 'ignore_ament_install']
[0.197s] Level 1:colcon.colcon_core.package_identification:_identify(src/spot_gazebo/spot_gz) by extension 'ignore'
[0.197s] Level 1:colcon.colcon_core.package_identification:_identify(src/spot_gazebo/spot_gz) by extension 'ignore_ament_install'
[0.197s] Level 1:colcon.colcon_core.package_identification:_identify(src/spot_gazebo/spot_gz) by extensions ['colcon_pkg']
[0.197s] Level 1:colcon.colcon_core.package_identification:_identify(src/spot_gazebo/spot_gz) by extension 'colcon_pkg'
[0.197s] Level 1:colcon.colcon_core.package_identification:_identify(src/spot_gazebo/spot_gz) by extensions ['colcon_meta']
[0.197s] Level 1:colcon.colcon_core.package_identification:_identify(src/spot_gazebo/spot_gz) by extension 'colcon_meta'
[0.197s] Level 1:colcon.colcon_core.package_identification:_identify(src/spot_gazebo/spot_gz) by extensions ['ros']
[0.197s] Level 1:colcon.colcon_core.package_identification:_identify(src/spot_gazebo/spot_gz) by extension 'ros'
[0.198s] DEBUG:colcon.colcon_core.package_identification:Package 'src/spot_gazebo/spot_gz' with type 'ros.ament_cmake' and name 'spot_gz'
[0.198s] Level 1:colcon.colcon_core.package_discovery:discover_packages(recursive) using defaults
[0.198s] Level 1:colcon.colcon_core.package_discovery:discover_packages(ignore) discover
[0.198s] Level 1:colcon.colcon_core.package_discovery:discover_packages(ignore) using defaults
[0.198s] Level 1:colcon.colcon_core.package_discovery:discover_packages(path) discover
[0.198s] Level 1:colcon.colcon_core.package_discovery:discover_packages(path) using defaults
[0.230s] INFO:colcon.colcon_core.package_selection:Skipping package 'champ_config' in 'src/spot_gazebo/champ_config'
[0.230s] INFO:colcon.colcon_core.package_selection:Skipping package 'champ_base' in 'src/spot_gazebo/champ_base'
[0.230s] INFO:colcon.colcon_core.package_selection:Skipping package 'champ_msgs' in 'src/spot_gazebo/champ_msgs'
[0.230s] INFO:colcon.colcon_core.package_selection:Skipping package 'champ' in 'src/spot_gazebo/champ'
[0.230s] Level 1:colcon.colcon_core.package_discovery:discover_packages(prefix_path) check parameters
[0.230s] Level 1:colcon.colcon_core.package_discovery:discover_packages(prefix_path) discover
[0.233s] DEBUG:colcon.colcon_installed_package_information.package_discovery:Found 317 installed packages in /opt/ros/jazzy
[0.234s] Level 1:colcon.colcon_core.package_discovery:discover_packages(prefix_path) using defaults
[0.271s] Level 5:colcon.colcon_core.verb:set package 'spot_description' build argument 'cmake_args' from command line to 'None'
[0.271s] Level 5:colcon.colcon_core.verb:set package 'spot_description' build argument 'cmake_target' from command line to 'None'
[0.271s] Level 5:colcon.colcon_core.verb:set package 'spot_description' build argument 'cmake_target_skip_unavailable' from command line to 'False'
[0.271s] Level 5:colcon.colcon_core.verb:set package 'spot_description' build argument 'cmake_clean_cache' from command line to 'False'
[0.271s] Level 5:colcon.colcon_core.verb:set package 'spot_description' build argument 'cmake_clean_first' from command line to 'False'
[0.271s] Level 5:colcon.colcon_core.verb:set package 'spot_description' build argument 'cmake_force_configure' from command line to 'False'
[0.271s] Level 5:colcon.colcon_core.verb:set package 'spot_description' build argument 'ament_cmake_args' from command line to 'None'
[0.271s] Level 5:colcon.colcon_core.verb:set package 'spot_description' build argument 'catkin_cmake_args' from command line to 'None'
[0.271s] Level 5:colcon.colcon_core.verb:set package 'spot_description' build argument 'catkin_skip_building_tests' from command line to 'False'
[0.271s] DEBUG:colcon.colcon_core.verb:Building package 'spot_description' with the following arguments: {'ament_cmake_args': None, 'build_base': '/home/poojit/spot_ws/build/spot_description', 'catkin_cmake_args': None, 'catkin_skip_building_tests': False, 'cmake_args': None, 'cmake_clean_cache': False, 'cmake_clean_first': False, 'cmake_force_configure': False, 'cmake_target': None, 'cmake_target_skip_unavailable': False, 'install_base': '/home/poojit/spot_ws/install/spot_description', 'merge_install': False, 'path': '/home/poojit/spot_ws/src/spot_gazebo/spot_description', 'symlink_install': True, 'test_result_base': None}
[0.271s] Level 5:colcon.colcon_core.verb:set package 'spot_gz' build argument 'cmake_args' from command line to 'None'
[0.271s] Level 5:colcon.colcon_core.verb:set package 'spot_gz' build argument 'cmake_target' from command line to 'None'
[0.271s] Level 5:colcon.colcon_core.verb:set package 'spot_gz' build argument 'cmake_target_skip_unavailable' from command line to 'False'
[0.271s] Level 5:colcon.colcon_core.verb:set package 'spot_gz' build argument 'cmake_clean_cache' from command line to 'False'
[0.271s] Level 5:colcon.colcon_core.verb:set package 'spot_gz' build argument 'cmake_clean_first' from command line to 'False'
[0.271s] Level 5:colcon.colcon_core.verb:set package 'spot_gz' build argument 'cmake_force_configure' from command line to 'False'
[0.271s] Level 5:colcon.colcon_core.verb:set package 'spot_gz' build argument 'ament_cmake_args' from command line to 'None'
[0.271s] Level 5:colcon.colcon_core.verb:set package 'spot_gz' build argument 'catkin_cmake_args' from command line to 'None'
[0.271s] Level 5:colcon.colcon_core.verb:set package 'spot_gz' build argument 'catkin_skip_building_tests' from command line to 'False'
[0.271s] DEBUG:colcon.colcon_core.verb:Building package 'spot_gz' with the following arguments: {'ament_cmake_args': None, 'build_base': '/home/poojit/spot_ws/build/spot_gz', 'catkin_cmake_args': None, 'catkin_skip_building_tests': False, 'cmake_args': None, 'cmake_clean_cache': False, 'cmake_clean_first': False, 'cmake_force_configure': False, 'cmake_target': None, 'cmake_target_skip_unavailable': False, 'install_base': '/home/poojit/spot_ws/install/spot_gz', 'merge_install': False, 'path': '/home/poojit/spot_ws/src/spot_gazebo/spot_gz', 'symlink_install': True, 'test_result_base': None}
[0.272s] Level 5:colcon.colcon_core.verb:set package 'spot_bringup' build argument 'cmake_args' from command line to 'None'
[0.272s] Level 5:colcon.colcon_core.verb:set package 'spot_bringup' build argument 'cmake_target' from command line to 'None'
[0.272s] Level 5:colcon.colcon_core.verb:set package 'spot_bringup' build argument 'cmake_target_skip_unavailable' from command line to 'False'
[0.272s] Level 5:colcon.colcon_core.verb:set package 'spot_bringup' build argument 'cmake_clean_cache' from command line to 'False'
[0.272s] Level 5:colcon.colcon_core.verb:set package 'spot_bringup' build argument 'cmake_clean_first' from command line to 'False'
[0.272s] Level 5:colcon.colcon_core.verb:set package 'spot_bringup' build argument 'cmake_force_configure' from command line to 'False'
[0.272s] Level 5:colcon.colcon_core.verb:set package 'spot_bringup' build argument 'ament_cmake_args' from command line to 'None'
[0.272s] Level 5:colcon.colcon_core.verb:set package 'spot_bringup' build argument 'catkin_cmake_args' from command line to 'None'
[0.272s] Level 5:colcon.colcon_core.verb:set package 'spot_bringup' build argument 'catkin_skip_building_tests' from command line to 'False'
[0.272s] DEBUG:colcon.colcon_core.verb:Building package 'spot_bringup' with the following arguments: {'ament_cmake_args': None, 'build_base': '/home/poojit/spot_ws/build/spot_bringup', 'catkin_cmake_args': None, 'catkin_skip_building_tests': False, 'cmake_args': None, 'cmake_clean_cache': False, 'cmake_clean_first': False, 'cmake_force_configure': False, 'cmake_target': None, 'cmake_target_skip_unavailable': False, 'install_base': '/home/poojit/spot_ws/install/spot_bringup', 'merge_install': False, 'path': '/home/poojit/spot_ws/src/spot_gazebo/spot_bringup', 'symlink_install': True, 'test_result_base': None}
[0.272s] INFO:colcon.colcon_core.executor:Executing jobs using 'parallel' executor
[0.272s] DEBUG:colcon.colcon_parallel_executor.executor.parallel:run_until_complete
[0.272s] INFO:colcon.colcon_ros.task.ament_cmake.build:Building ROS package in '/home/poojit/spot_ws/src/spot_gazebo/spot_description' with build type 'ament_cmake'
[0.272s] INFO:colcon.colcon_cmake.task.cmake.build:Building CMake package in '/home/poojit/spot_ws/src/spot_gazebo/spot_description'
[0.276s] INFO:colcon.colcon_core.plugin_system:Skipping extension 'colcon_core.shell.bat': Not used on non-Windows systems
[0.276s] INFO:colcon.colcon_core.shell:Skip shell extension 'powershell' for command environment: Not usable outside of PowerShell
[0.276s] DEBUG:colcon.colcon_core.shell:Skip shell extension 'dsv' for command environment
[0.281s] DEBUG:colcon.colcon_core.event_handler.log_command:Invoking command in '/home/poojit/spot_ws/build/spot_description': CMAKE_PREFIX_PATH=${CMAKE_PREFIX_PATH}:/opt/ros/jazzy /usr/bin/cmake /home/poojit/spot_ws/src/spot_gazebo/spot_description -DAMENT_CMAKE_SYMLINK_INSTALL=1 -DCMAKE_INSTALL_PREFIX=/home/poojit/spot_ws/install/spot_description
[0.837s] DEBUG:colcon.colcon_core.event_handler.log_command:Invoked command in '/home/poojit/spot_ws/build/spot_description' returned '0': CMAKE_PREFIX_PATH=${CMAKE_PREFIX_PATH}:/opt/ros/jazzy /usr/bin/cmake /home/poojit/spot_ws/src/spot_gazebo/spot_description -DAMENT_CMAKE_SYMLINK_INSTALL=1 -DCMAKE_INSTALL_PREFIX=/home/poojit/spot_ws/install/spot_description
[0.837s] DEBUG:colcon.colcon_core.event_handler.log_command:Invoking command in '/home/poojit/spot_ws/build/spot_description': CMAKE_PREFIX_PATH=${CMAKE_PREFIX_PATH}:/opt/ros/jazzy /usr/bin/cmake --build /home/poojit/spot_ws/build/spot_description -- -j12 -l12
[0.868s] DEBUG:colcon.colcon_core.event_handler.log_command:Invoked command in '/home/poojit/spot_ws/build/spot_description' returned '0': CMAKE_PREFIX_PATH=${CMAKE_PREFIX_PATH}:/opt/ros/jazzy /usr/bin/cmake --build /home/poojit/spot_ws/build/spot_description -- -j12 -l12
[0.875s] DEBUG:colcon.colcon_core.event_handler.log_command:Invoking command in '/home/poojit/spot_ws/build/spot_description': CMAKE_PREFIX_PATH=${CMAKE_PREFIX_PATH}:/opt/ros/jazzy /usr/bin/cmake --install /home/poojit/spot_ws/build/spot_description
[1.241s] Level 1:colcon.colcon_core.environment:create_environment_scripts_only(spot_description)
[1.242s] DEBUG:colcon.colcon_core.event_handler.log_command:Invoked command in '/home/poojit/spot_ws/build/spot_description' returned '0': CMAKE_PREFIX_PATH=${CMAKE_PREFIX_PATH}:/opt/ros/jazzy /usr/bin/cmake --install /home/poojit/spot_ws/build/spot_description
[1.245s] Level 1:colcon.colcon_core.environment:checking '/home/poojit/spot_ws/install/spot_description' for CMake module files
[1.245s] Level 1:colcon.colcon_core.environment:checking '/home/poojit/spot_ws/install/spot_description' for CMake config files
[1.245s] Level 1:colcon.colcon_core.shell:create_environment_hook('spot_description', 'cmake_prefix_path')
[1.245s] INFO:colcon.colcon_core.shell:Creating environment hook '/home/poojit/spot_ws/install/spot_description/share/spot_description/hook/cmake_prefix_path.ps1'
[1.246s] INFO:colcon.colcon_core.shell:Creating environment descriptor '/home/poojit/spot_ws/install/spot_description/share/spot_description/hook/cmake_prefix_path.dsv'
[1.246s] INFO:colcon.colcon_core.shell:Creating environment hook '/home/poojit/spot_ws/install/spot_description/share/spot_description/hook/cmake_prefix_path.sh'
[1.246s] Level 1:colcon.colcon_core.environment:checking '/home/poojit/spot_ws/install/spot_description/bin'
[1.246s] Level 1:colcon.colcon_core.environment:checking '/home/poojit/spot_ws/install/spot_description/lib/pkgconfig/spot_description.pc'
[1.247s] Level 1:colcon.colcon_core.environment:checking '/home/poojit/spot_ws/install/spot_description/lib/python3.12/site-packages'
[1.247s] Level 1:colcon.colcon_core.environment:checking '/home/poojit/spot_ws/install/spot_description/bin'
[1.247s] INFO:colcon.colcon_core.shell:Creating package script '/home/poojit/spot_ws/install/spot_description/share/spot_description/package.ps1'
[1.247s] INFO:colcon.colcon_core.shell:Creating package descriptor '/home/poojit/spot_ws/install/spot_description/share/spot_description/package.dsv'
[1.248s] INFO:colcon.colcon_core.shell:Creating package script '/home/poojit/spot_ws/install/spot_description/share/spot_description/package.sh'
[1.248s] INFO:colcon.colcon_core.shell:Creating package script '/home/poojit/spot_ws/install/spot_description/share/spot_description/package.bash'
[1.249s] INFO:colcon.colcon_core.shell:Creating package script '/home/poojit/spot_ws/install/spot_description/share/spot_description/package.zsh'
[1.249s] Level 1:colcon.colcon_core.environment:create_file_with_runtime_dependencies(/home/poojit/spot_ws/install/spot_description/share/colcon-core/packages/spot_description)
[1.249s] Level 1:colcon.colcon_core.environment:create_environment_scripts_only(spot_description)
[1.250s] Level 1:colcon.colcon_core.environment:checking '/home/poojit/spot_ws/install/spot_description' for CMake module files
[1.250s] Level 1:colcon.colcon_core.environment:checking '/home/poojit/spot_ws/install/spot_description' for CMake config files
[1.250s] Level 1:colcon.colcon_core.shell:create_environment_hook('spot_description', 'cmake_prefix_path')
[1.250s] INFO:colcon.colcon_core.shell:Creating environment hook '/home/poojit/spot_ws/install/spot_description/share/spot_description/hook/cmake_prefix_path.ps1'
[1.250s] INFO:colcon.colcon_core.shell:Creating environment descriptor '/home/poojit/spot_ws/install/spot_description/share/spot_description/hook/cmake_prefix_path.dsv'
[1.251s] INFO:colcon.colcon_core.shell:Creating environment hook '/home/poojit/spot_ws/install/spot_description/share/spot_description/hook/cmake_prefix_path.sh'
[1.251s] Level 1:colcon.colcon_core.environment:checking '/home/poojit/spot_ws/install/spot_description/bin'
[1.251s] Level 1:colcon.colcon_core.environment:checking '/home/poojit/spot_ws/install/spot_description/lib/pkgconfig/spot_description.pc'
[1.251s] Level 1:colcon.colcon_core.environment:checking '/home/poojit/spot_ws/install/spot_description/lib/python3.12/site-packages'
[1.251s] Level 1:colcon.colcon_core.environment:checking '/home/poojit/spot_ws/install/spot_description/bin'
[1.251s] INFO:colcon.colcon_core.shell:Creating package script '/home/poojit/spot_ws/install/spot_description/share/spot_description/package.ps1'
[1.252s] INFO:colcon.colcon_core.shell:Creating package descriptor '/home/poojit/spot_ws/install/spot_description/share/spot_description/package.dsv'
[1.252s] INFO:colcon.colcon_core.shell:Creating package script '/home/poojit/spot_ws/install/spot_description/share/spot_description/package.sh'
[1.252s] INFO:colcon.colcon_core.shell:Creating package script '/home/poojit/spot_ws/install/spot_description/share/spot_description/package.bash'
[1.253s] INFO:colcon.colcon_core.shell:Creating package script '/home/poojit/spot_ws/install/spot_description/share/spot_description/package.zsh'
[1.253s] Level 1:colcon.colcon_core.environment:create_file_with_runtime_dependencies(/home/poojit/spot_ws/install/spot_description/share/colcon-core/packages/spot_description)
[1.253s] INFO:colcon.colcon_ros.task.ament_cmake.build:Building ROS package in '/home/poojit/spot_ws/src/spot_gazebo/spot_gz' with build type 'ament_cmake'
[1.253s] INFO:colcon.colcon_cmake.task.cmake.build:Building CMake package in '/home/poojit/spot_ws/src/spot_gazebo/spot_gz'
[1.253s] INFO:colcon.colcon_core.shell:Skip shell extension 'powershell' for command environment: Not usable outside of PowerShell
[1.253s] DEBUG:colcon.colcon_core.shell:Skip shell extension 'dsv' for command environment
[1.259s] DEBUG:colcon.colcon_core.event_handler.log_command:Invoking command in '/home/poojit/spot_ws/build/spot_gz': AMENT_PREFIX_PATH=/home/poojit/spot_ws/install/spot_description:${AMENT_PREFIX_PATH} CMAKE_PREFIX_PATH=/home/poojit/spot_ws/install/spot_description:/opt/ros/jazzy/opt/gz_sim_vendor:/opt/ros/jazzy/opt/gz_sensors_vendor:/opt/ros/jazzy/opt/gz_physics_vendor:/opt/ros/jazzy/opt/sdformat_vendor:/opt/ros/jazzy/opt/gz_gui_vendor:/opt/ros/jazzy/opt/gz_transport_vendor:/opt/ros/jazzy/opt/gz_rendering_vendor:/opt/ros/jazzy/opt/gz_plugin_vendor:/opt/ros/jazzy/opt/gz_fuel_tools_vendor:/opt/ros/jazzy/opt/gz_msgs_vendor:/opt/ros/jazzy/opt/gz_common_vendor:/opt/ros/jazzy/opt/gz_math_vendor:/opt/ros/jazzy/opt/gz_utils_vendor:/opt/ros/jazzy/opt/gz_tools_vendor:/opt/ros/jazzy/opt/gz_ogre_next_vendor:/opt/ros/jazzy/opt/gz_dartsim_vendor:/opt/ros/jazzy/opt/gz_cmake_vendor:/opt/ros/jazzy GZ_SIM_RESOURCE_PATH=/home/poojit/spot_ws/install/spot_description/share/spot_description/models:${GZ_SIM_RESOURCE_PATH} /usr/bin/cmake /home/poojit/spot_ws/src/spot_gazebo/spot_gz -DAMENT_CMAKE_SYMLINK_INSTALL=1 -DCMAKE_INSTALL_PREFIX=/home/poojit/spot_ws/install/spot_gz
[1.802s] DEBUG:colcon.colcon_core.event_handler.log_command:Invoked command in '/home/poojit/spot_ws/build/spot_gz' returned '0': AMENT_PREFIX_PATH=/home/poojit/spot_ws/install/spot_description:${AMENT_PREFIX_PATH} CMAKE_PREFIX_PATH=/home/poojit/spot_ws/install/spot_description:/opt/ros/jazzy/opt/gz_sim_vendor:/opt/ros/jazzy/opt/gz_sensors_vendor:/opt/ros/jazzy/opt/gz_physics_vendor:/opt/ros/jazzy/opt/sdformat_vendor:/opt/ros/jazzy/opt/gz_gui_vendor:/opt/ros/jazzy/opt/gz_transport_vendor:/opt/ros/jazzy/opt/gz_rendering_vendor:/opt/ros/jazzy/opt/gz_plugin_vendor:/opt/ros/jazzy/opt/gz_fuel_tools_vendor:/opt/ros/jazzy/opt/gz_msgs_vendor:/opt/ros/jazzy/opt/gz_common_vendor:/opt/ros/jazzy/opt/gz_math_vendor:/opt/ros/jazzy/opt/gz_utils_vendor:/opt/ros/jazzy/opt/gz_tools_vendor:/opt/ros/jazzy/opt/gz_ogre_next_vendor:/opt/ros/jazzy/opt/gz_dartsim_vendor:/opt/ros/jazzy/opt/gz_cmake_vendor:/opt/ros/jazzy GZ_SIM_RESOURCE_PATH=/home/poojit/spot_ws/install/spot_description/share/spot_description/models:${GZ_SIM_RESOURCE_PATH} /usr/bin/cmake /home/poojit/spot_ws/src/spot_gazebo/spot_gz -DAMENT_CMAKE_SYMLINK_INSTALL=1 -DCMAKE_INSTALL_PREFIX=/home/poojit/spot_ws/install/spot_gz
[1.802s] DEBUG:colcon.colcon_core.event_handler.log_command:Invoking command in '/home/poojit/spot_ws/build/spot_gz': AMENT_PREFIX_PATH=/home/poojit/spot_ws/install/spot_description:${AMENT_PREFIX_PATH} CMAKE_PREFIX_PATH=/home/poojit/spot_ws/install/spot_description:/opt/ros/jazzy/opt/gz_sim_vendor:/opt/ros/jazzy/opt/gz_sensors_vendor:/opt/ros/jazzy/opt/gz_physics_vendor:/opt/ros/jazzy/opt/sdformat_vendor:/opt/ros/jazzy/opt/gz_gui_vendor:/opt/ros/jazzy/opt/gz_transport_vendor:/opt/ros/jazzy/opt/gz_rendering_vendor:/opt/ros/jazzy/opt/gz_plugin_vendor:/opt/ros/jazzy/opt/gz_fuel_tools_vendor:/opt/ros/jazzy/opt/gz_msgs_vendor:/opt/ros/jazzy/opt/gz_common_vendor:/opt/ros/jazzy/opt/gz_math_vendor:/opt/ros/jazzy/opt/gz_utils_vendor:/opt/ros/jazzy/opt/gz_tools_vendor:/opt/ros/jazzy/opt/gz_ogre_next_vendor:/opt/ros/jazzy/opt/gz_dartsim_vendor:/opt/ros/jazzy/opt/gz_cmake_vendor:/opt/ros/jazzy GZ_SIM_RESOURCE_PATH=/home/poojit/spot_ws/install/spot_description/share/spot_description/models:${GZ_SIM_RESOURCE_PATH} /usr/bin/cmake --build /home/poojit/spot_ws/build/spot_gz -- -j12 -l12
[1.831s] DEBUG:colcon.colcon_core.event_handler.log_command:Invoked command in '/home/poojit/spot_ws/build/spot_gz' returned '0': AMENT_PREFIX_PATH=/home/poojit/spot_ws/install/spot_description:${AMENT_PREFIX_PATH} CMAKE_PREFIX_PATH=/home/poojit/spot_ws/install/spot_description:/opt/ros/jazzy/opt/gz_sim_vendor:/opt/ros/jazzy/opt/gz_sensors_vendor:/opt/ros/jazzy/opt/gz_physics_vendor:/opt/ros/jazzy/opt/sdformat_vendor:/opt/ros/jazzy/opt/gz_gui_vendor:/opt/ros/jazzy/opt/gz_transport_vendor:/opt/ros/jazzy/opt/gz_rendering_vendor:/opt/ros/jazzy/opt/gz_plugin_vendor:/opt/ros/jazzy/opt/gz_fuel_tools_vendor:/opt/ros/jazzy/opt/gz_msgs_vendor:/opt/ros/jazzy/opt/gz_common_vendor:/opt/ros/jazzy/opt/gz_math_vendor:/opt/ros/jazzy/opt/gz_utils_vendor:/opt/ros/jazzy/opt/gz_tools_vendor:/opt/ros/jazzy/opt/gz_ogre_next_vendor:/opt/ros/jazzy/opt/gz_dartsim_vendor:/opt/ros/jazzy/opt/gz_cmake_vendor:/opt/ros/jazzy GZ_SIM_RESOURCE_PATH=/home/poojit/spot_ws/install/spot_description/share/spot_description/models:${GZ_SIM_RESOURCE_PATH} /usr/bin/cmake --build /home/poojit/spot_ws/build/spot_gz -- -j12 -l12
[1.831s] DEBUG:colcon.colcon_core.event_handler.log_command:Invoking command in '/home/poojit/spot_ws/build/spot_gz': AMENT_PREFIX_PATH=/home/poojit/spot_ws/install/spot_description:${AMENT_PREFIX_PATH} CMAKE_PREFIX_PATH=/home/poojit/spot_ws/install/spot_description:/opt/ros/jazzy/opt/gz_sim_vendor:/opt/ros/jazzy/opt/gz_sensors_vendor:/opt/ros/jazzy/opt/gz_physics_vendor:/opt/ros/jazzy/opt/sdformat_vendor:/opt/ros/jazzy/opt/gz_gui_vendor:/opt/ros/jazzy/opt/gz_transport_vendor:/opt/ros/jazzy/opt/gz_rendering_vendor:/opt/ros/jazzy/opt/gz_plugin_vendor:/opt/ros/jazzy/opt/gz_fuel_tools_vendor:/opt/ros/jazzy/opt/gz_msgs_vendor:/opt/ros/jazzy/opt/gz_common_vendor:/opt/ros/jazzy/opt/gz_math_vendor:/opt/ros/jazzy/opt/gz_utils_vendor:/opt/ros/jazzy/opt/gz_tools_vendor:/opt/ros/jazzy/opt/gz_ogre_next_vendor:/opt/ros/jazzy/opt/gz_dartsim_vendor:/opt/ros/jazzy/opt/gz_cmake_vendor:/opt/ros/jazzy GZ_SIM_RESOURCE_PATH=/home/poojit/spot_ws/install/spot_description/share/spot_description/models:${GZ_SIM_RESOURCE_PATH} /usr/bin/cmake --install /home/poojit/spot_ws/build/spot_gz
[1.956s] Level 1:colcon.colcon_core.environment:create_environment_scripts_only(spot_gz)
[1.957s] Level 1:colcon.colcon_core.environment:checking '/home/poojit/spot_ws/install/spot_gz' for CMake module files
[1.957s] DEBUG:colcon.colcon_core.event_handler.log_command:Invoked command in '/home/poojit/spot_ws/build/spot_gz' returned '0': AMENT_PREFIX_PATH=/home/poojit/spot_ws/install/spot_description:${AMENT_PREFIX_PATH} CMAKE_PREFIX_PATH=/home/poojit/spot_ws/install/spot_description:/opt/ros/jazzy/opt/gz_sim_vendor:/opt/ros/jazzy/opt/gz_sensors_vendor:/opt/ros/jazzy/opt/gz_physics_vendor:/opt/ros/jazzy/opt/sdformat_vendor:/opt/ros/jazzy/opt/gz_gui_vendor:/opt/ros/jazzy/opt/gz_transport_vendor:/opt/ros/jazzy/opt/gz_rendering_vendor:/opt/ros/jazzy/opt/gz_plugin_vendor:/opt/ros/jazzy/opt/gz_fuel_tools_vendor:/opt/ros/jazzy/opt/gz_msgs_vendor:/opt/ros/jazzy/opt/gz_common_vendor:/opt/ros/jazzy/opt/gz_math_vendor:/opt/ros/jazzy/opt/gz_utils_vendor:/opt/ros/jazzy/opt/gz_tools_vendor:/opt/ros/jazzy/opt/gz_ogre_next_vendor:/opt/ros/jazzy/opt/gz_dartsim_vendor:/opt/ros/jazzy/opt/gz_cmake_vendor:/opt/ros/jazzy GZ_SIM_RESOURCE_PATH=/home/poojit/spot_ws/install/spot_description/share/spot_description/models:${GZ_SIM_RESOURCE_PATH} /usr/bin/cmake --install /home/poojit/spot_ws/build/spot_gz
[1.957s] Level 1:colcon.colcon_core.environment:checking '/home/poojit/spot_ws/install/spot_gz' for CMake config files
[1.957s] Level 1:colcon.colcon_core.shell:create_environment_hook('spot_gz', 'cmake_prefix_path')
[1.958s] INFO:colcon.colcon_core.shell:Creating environment hook '/home/poojit/spot_ws/install/spot_gz/share/spot_gz/hook/cmake_prefix_path.ps1'
[1.958s] INFO:colcon.colcon_core.shell:Creating environment descriptor '/home/poojit/spot_ws/install/spot_gz/share/spot_gz/hook/cmake_prefix_path.dsv'
[1.958s] INFO:colcon.colcon_core.shell:Creating environment hook '/home/poojit/spot_ws/install/spot_gz/share/spot_gz/hook/cmake_prefix_path.sh'
[1.958s] Level 1:colcon.colcon_core.environment:checking '/home/poojit/spot_ws/install/spot_gz/bin'
[1.959s] Level 1:colcon.colcon_core.environment:checking '/home/poojit/spot_ws/install/spot_gz/lib/pkgconfig/spot_gz.pc'
[1.959s] Level 1:colcon.colcon_core.environment:checking '/home/poojit/spot_ws/install/spot_gz/lib/python3.12/site-packages'
[1.959s] Level 1:colcon.colcon_core.environment:checking '/home/poojit/spot_ws/install/spot_gz/bin'
[1.959s] INFO:colcon.colcon_core.shell:Creating package script '/home/poojit/spot_ws/install/spot_gz/share/spot_gz/package.ps1'
[1.959s] INFO:colcon.colcon_core.shell:Creating package descriptor '/home/poojit/spot_ws/install/spot_gz/share/spot_gz/package.dsv'
[1.960s] INFO:colcon.colcon_core.shell:Creating package script '/home/poojit/spot_ws/install/spot_gz/share/spot_gz/package.sh'
[1.960s] INFO:colcon.colcon_core.shell:Creating package script '/home/poojit/spot_ws/install/spot_gz/share/spot_gz/package.bash'
[1.960s] INFO:colcon.colcon_core.shell:Creating package script '/home/poojit/spot_ws/install/spot_gz/share/spot_gz/package.zsh'
[1.960s] Level 1:colcon.colcon_core.environment:create_file_with_runtime_dependencies(/home/poojit/spot_ws/install/spot_gz/share/colcon-core/packages/spot_gz)
[1.961s] Level 1:colcon.colcon_core.environment:create_environment_scripts_only(spot_gz)
[1.961s] Level 1:colcon.colcon_core.environment:checking '/home/poojit/spot_ws/install/spot_gz' for CMake module files
[1.961s] Level 1:colcon.colcon_core.environment:checking '/home/poojit/spot_ws/install/spot_gz' for CMake config files
[1.961s] Level 1:colcon.colcon_core.shell:create_environment_hook('spot_gz', 'cmake_prefix_path')
[1.961s] INFO:colcon.colcon_core.shell:Creating environment hook '/home/poojit/spot_ws/install/spot_gz/share/spot_gz/hook/cmake_prefix_path.ps1'
[1.962s] INFO:colcon.colcon_core.shell:Creating environment descriptor '/home/poojit/spot_ws/install/spot_gz/share/spot_gz/hook/cmake_prefix_path.dsv'
[1.962s] INFO:colcon.colcon_core.shell:Creating environment hook '/home/poojit/spot_ws/install/spot_gz/share/spot_gz/hook/cmake_prefix_path.sh'
[1.962s] Level 1:colcon.colcon_core.environment:checking '/home/poojit/spot_ws/install/spot_gz/bin'
[1.962s] Level 1:colcon.colcon_core.environment:checking '/home/poojit/spot_ws/install/spot_gz/lib/pkgconfig/spot_gz.pc'
[1.962s] Level 1:colcon.colcon_core.environment:checking '/home/poojit/spot_ws/install/spot_gz/lib/python3.12/site-packages'
[1.963s] Level 1:colcon.colcon_core.environment:checking '/home/poojit/spot_ws/install/spot_gz/bin'
[1.963s] INFO:colcon.colcon_core.shell:Creating package script '/home/poojit/spot_ws/install/spot_gz/share/spot_gz/package.ps1'
[1.963s] INFO:colcon.colcon_core.shell:Creating package descriptor '/home/poojit/spot_ws/install/spot_gz/share/spot_gz/package.dsv'
[1.963s] INFO:colcon.colcon_core.shell:Creating package script '/home/poojit/spot_ws/install/spot_gz/share/spot_gz/package.sh'
[1.964s] INFO:colcon.colcon_core.shell:Creating package script '/home/poojit/spot_ws/install/spot_gz/share/spot_gz/package.bash'
[1.964s] INFO:colcon.colcon_core.shell:Creating package script '/home/poojit/spot_ws/install/spot_gz/share/spot_gz/package.zsh'
[1.964s] Level 1:colcon.colcon_core.environment:create_file_with_runtime_dependencies(/home/poojit/spot_ws/install/spot_gz/share/colcon-core/packages/spot_gz)
[1.964s] INFO:colcon.colcon_ros.task.ament_python.build:Building ROS package in '/home/poojit/spot_ws/src/spot_gazebo/spot_bringup' with build type 'ament_python'
[1.965s] Level 1:colcon.colcon_core.shell:create_environment_hook('spot_bringup', 'ament_prefix_path')
[1.965s] INFO:colcon.colcon_core.shell:Creating environment hook '/home/poojit/spot_ws/install/spot_bringup/share/spot_bringup/hook/ament_prefix_path.ps1'
[1.965s] INFO:colcon.colcon_core.shell:Creating environment descriptor '/home/poojit/spot_ws/install/spot_bringup/share/spot_bringup/hook/ament_prefix_path.dsv'
[1.966s] INFO:colcon.colcon_core.shell:Creating environment hook '/home/poojit/spot_ws/install/spot_bringup/share/spot_bringup/hook/ament_prefix_path.sh'
[1.966s] INFO:colcon.colcon_core.shell:Skip shell extension 'powershell' for command environment: Not usable outside of PowerShell
[1.966s] DEBUG:colcon.colcon_core.shell:Skip shell extension 'dsv' for command environment
[2.153s] INFO:colcon.colcon_core.task.python.build:Building Python package in '/home/poojit/spot_ws/src/spot_gazebo/spot_bringup'
[2.153s] INFO:colcon.colcon_core.shell:Skip shell extension 'powershell' for command environment: Not usable outside of PowerShell
[2.153s] DEBUG:colcon.colcon_core.shell:Skip shell extension 'dsv' for command environment
[2.731s] DEBUG:colcon.colcon_core.event_handler.log_command:Invoking command in '/home/poojit/spot_ws/build/spot_bringup': AMENT_PREFIX_PATH=/home/poojit/spot_ws/install/spot_gz:/home/poojit/spot_ws/install/spot_description:${AMENT_PREFIX_PATH} CMAKE_PREFIX_PATH=/home/poojit/spot_ws/install/spot_gz:/home/poojit/spot_ws/install/spot_description:${CMAKE_PREFIX_PATH} GZ_SIM_PLUGIN_PATH=/home/poojit/spot_ws/install/spot_gz/lib/spot_gz GZ_SIM_RESOURCE_PATH=/home/poojit/spot_ws/install/spot_gz/share/spot_gz/worlds:/home/poojit/spot_ws/install/spot_description/share/spot_description/models:${GZ_SIM_RESOURCE_PATH} PYTHONPATH=/home/poojit/spot_ws/build/spot_bringup/prefix_override:/usr/lib/python3/dist-packages/colcon_core/task/python/colcon_distutils_commands:/home/poojit/spot_ws/install/spot_bringup/lib/python3.12/site-packages:${PYTHONPATH} /usr/bin/python3 -W ignore:setup.py install is deprecated -W ignore:easy_install command is deprecated setup.py develop --editable --build-directory /home/poojit/spot_ws/build/spot_bringup/build --no-deps symlink_data
[3.312s] Level 1:colcon.colcon_core.shell:create_environment_hook('spot_bringup', 'pythonpath_develop')
[3.313s] INFO:colcon.colcon_core.shell:Creating environment hook '/home/poojit/spot_ws/build/spot_bringup/share/spot_bringup/hook/pythonpath_develop.ps1'
[3.313s] DEBUG:colcon.colcon_core.event_handler.log_command:Invoked command in '/home/poojit/spot_ws/build/spot_bringup' returned '0': AMENT_PREFIX_PATH=/home/poojit/spot_ws/install/spot_gz:/home/poojit/spot_ws/install/spot_description:${AMENT_PREFIX_PATH} CMAKE_PREFIX_PATH=/home/poojit/spot_ws/install/spot_gz:/home/poojit/spot_ws/install/spot_description:${CMAKE_PREFIX_PATH} GZ_SIM_PLUGIN_PATH=/home/poojit/spot_ws/install/spot_gz/lib/spot_gz GZ_SIM_RESOURCE_PATH=/home/poojit/spot_ws/install/spot_gz/share/spot_gz/worlds:/home/poojit/spot_ws/install/spot_description/share/spot_description/models:${GZ_SIM_RESOURCE_PATH} PYTHONPATH=/home/poojit/spot_ws/build/spot_bringup/prefix_override:/usr/lib/python3/dist-packages/colcon_core/task/python/colcon_distutils_commands:/home/poojit/spot_ws/install/spot_bringup/lib/python3.12/site-packages:${PYTHONPATH} /usr/bin/python3 -W ignore:setup.py install is deprecated -W ignore:easy_install command is deprecated setup.py develop --editable --build-directory /home/poojit/spot_ws/build/spot_bringup/build --no-deps symlink_data
[3.313s] INFO:colcon.colcon_core.shell:Creating environment descriptor '/home/poojit/spot_ws/build/spot_bringup/share/spot_bringup/hook/pythonpath_develop.dsv'
[3.314s] INFO:colcon.colcon_core.shell:Creating environment hook '/home/poojit/spot_ws/build/spot_bringup/share/spot_bringup/hook/pythonpath_develop.sh'
[3.314s] Level 1:colcon.colcon_core.environment:checking '/home/poojit/spot_ws/install/spot_bringup' for CMake module files
[3.314s] Level 1:colcon.colcon_core.environment:checking '/home/poojit/spot_ws/install/spot_bringup' for CMake config files
[3.315s] Level 1:colcon.colcon_core.environment:checking '/home/poojit/spot_ws/install/spot_bringup/lib'
[3.315s] Level 1:colcon.colcon_core.environment:checking '/home/poojit/spot_ws/install/spot_bringup/bin'
[3.315s] Level 1:colcon.colcon_core.environment:checking '/home/poojit/spot_ws/install/spot_bringup/lib/pkgconfig/spot_bringup.pc'
[3.315s] Level 1:colcon.colcon_core.environment:checking '/home/poojit/spot_ws/install/spot_bringup/lib/python3.12/site-packages'
[3.315s] Level 1:colcon.colcon_core.shell:create_environment_hook('spot_bringup', 'pythonpath')
[3.315s] INFO:colcon.colcon_core.shell:Creating environment hook '/home/poojit/spot_ws/install/spot_bringup/share/spot_bringup/hook/pythonpath.ps1'
[3.316s] INFO:colcon.colcon_core.shell:Creating environment descriptor '/home/poojit/spot_ws/install/spot_bringup/share/spot_bringup/hook/pythonpath.dsv'
[3.316s] INFO:colcon.colcon_core.shell:Creating environment hook '/home/poojit/spot_ws/install/spot_bringup/share/spot_bringup/hook/pythonpath.sh'
[3.316s] Level 1:colcon.colcon_core.environment:checking '/home/poojit/spot_ws/install/spot_bringup/bin'
[3.316s] Level 1:colcon.colcon_core.environment:create_environment_scripts_only(spot_bringup)
[3.316s] INFO:colcon.colcon_core.shell:Creating package script '/home/poojit/spot_ws/install/spot_bringup/share/spot_bringup/package.ps1'
[3.317s] INFO:colcon.colcon_core.shell:Creating package descriptor '/home/poojit/spot_ws/install/spot_bringup/share/spot_bringup/package.dsv'
[3.317s] INFO:colcon.colcon_core.shell:Creating package script '/home/poojit/spot_ws/install/spot_bringup/share/spot_bringup/package.sh'
[3.317s] INFO:colcon.colcon_core.shell:Creating package script '/home/poojit/spot_ws/install/spot_bringup/share/spot_bringup/package.bash'
[3.318s] INFO:colcon.colcon_core.shell:Creating package script '/home/poojit/spot_ws/install/spot_bringup/share/spot_bringup/package.zsh'
[3.318s] Level 1:colcon.colcon_core.environment:create_file_with_runtime_dependencies(/home/poojit/spot_ws/install/spot_bringup/share/colcon-core/packages/spot_bringup)
[3.318s] DEBUG:colcon.colcon_parallel_executor.executor.parallel:closing loop
[3.318s] DEBUG:colcon.colcon_parallel_executor.executor.parallel:loop closed
[3.318s] DEBUG:colcon.colcon_parallel_executor.executor.parallel:run_until_complete finished with '0'
[3.318s] DEBUG:colcon.colcon_core.event_reactor:joining thread
[3.328s] INFO:colcon.colcon_core.plugin_system:Skipping extension 'colcon_notification.desktop_notification.terminal_notifier': Not used on non-Darwin systems
[3.328s] INFO:colcon.colcon_core.plugin_system:Skipping extension 'colcon_notification.desktop_notification.win32': Not used on non-Windows systems
[3.328s] INFO:colcon.colcon_notification.desktop_notification:Sending desktop notification using 'notify2'
[3.351s] DEBUG:colcon.colcon_core.event_reactor:joined thread
[3.351s] INFO:colcon.colcon_core.shell:Creating prefix script '/home/poojit/spot_ws/install/local_setup.ps1'
[3.352s] INFO:colcon.colcon_core.shell:Creating prefix util module '/home/poojit/spot_ws/install/_local_setup_util_ps1.py'
[3.352s] INFO:colcon.colcon_core.shell:Creating prefix chain script '/home/poojit/spot_ws/install/setup.ps1'
[3.353s] INFO:colcon.colcon_core.shell:Creating prefix script '/home/poojit/spot_ws/install/local_setup.sh'
[3.353s] INFO:colcon.colcon_core.shell:Creating prefix util module '/home/poojit/spot_ws/install/_local_setup_util_sh.py'
[3.354s] INFO:colcon.colcon_core.shell:Creating prefix chain script '/home/poojit/spot_ws/install/setup.sh'
[3.354s] INFO:colcon.colcon_core.shell:Creating prefix script '/home/poojit/spot_ws/install/local_setup.bash'
[3.355s] INFO:colcon.colcon_core.shell:Creating prefix chain script '/home/poojit/spot_ws/install/setup.bash'
[3.356s] INFO:colcon.colcon_core.shell:Creating prefix script '/home/poojit/spot_ws/install/local_setup.zsh'
[3.356s] INFO:colcon.colcon_core.shell:Creating prefix chain script '/home/poojit/spot_ws/install/setup.zsh'
